ZdSFdy+fQynz6meUwbeKAlaqxbT+5oRj+Ze6stFbIx+00f6rovxyydR8wawLwEpgtNTZuznl5D1mfN0xZ9qzhaw/vjT6n4KIcFLokE8n0TdMhdKVagEBMS8Om6Wc0r/vDKYBscgK50kImVsI6q/Lneb79zoJDjXuKuzBU3wekVCYbn0Ej8ikW35dYRhLAul/T5OPqaPM
iQfBUd4gpMqk1qOqNg0pyc1T7/sBH7NKCn8zW3ks4YK3FVT1XC6kQPvlVDb6tqFHPRM0atQuk8+6ib8zqs7aue7aSIwsWh9RjZWka2YP6oeNw7ew/88sBEMtROhViyjsy1twh18C+pnX/87VA+BJSHlc8hJl+QyILdIQ4Ol+L25IicYDJVKb9DVdJ/27s6PK
Rg3i5UzUvjKhJEOe5nRzFQDMGXeWwH8TBFOMeIzDnxdsI8KUk56zNBLNAwJ4s7RFzIHizMC6NOlIF9Vd/fOJNFPVpZBW3RHhRPLExBMpJAIHDyPj9T8kvgyyMwuShY/HErIaXea2mBi0Bv9V5dlU3x4z6qPFbyfkp9MMQOuh9Jxtd2iIQ7cgk0femh0/M77h+1zJ7LFw4sa9ZaxMBd4gFFEC74pA5RaXvQ578F0R10nDj6Pu
U+ocDD36T5XcyJjeS81wHBElJB5eNMTxqeYDIph6EXyxMSboY53VAP6vmLD3YoH7ruA6c/ZUGeqQjKFcgSpF50CntvgeKEgqXn8oEw1pQKSF+b6oDYs8eKWJAESquf3iqN38ssAtx6mxq5e2TxOWpCm3IZxlV+lfB+oyEs7jjaOlXz47yLW0o9M=
6B/LrQDhthjHtm+UV/Ct9QUUHjo8Ds1vGtw9SLOjqpBTKXg9VSMrE5xyPVxd+eJYB+xIgGJXfACzKu3bgug+Y9IMZaosVEXMBaIph+xvcgg6EFQqQkcM48mh7MTpcTo46VOAONnRJFSusdHCxJW4AiTVWykt0/MGi9t6hAW/JYxBjxWfu7JWgkprYUMJF3pL7I2oo88=
UpEXLKGe8YHQX1BH7AobHQUUHjo8Ds1vGtw9SLOjqpBTOHAzUywqQZxyPVxd+eJYB+1IgGJXfACzKu3bgug+Y9IMZaosVEXMBaIph+xvcgg6EFQqQkcM48mh7MTpcTo46VOAONnRJFSusdHCxJW4AiTVWykt0/MGi9t6hAW/JYxBjxWfu7JWgkprYUMJF3pL7I2oo88=
poVoudgueB4D+2DdWpw7aJaNYA5p1FndVdiVkUE2zXvWEs8hQWwiOgB2iZ+6RL/uf++FghYgabTd9frReDpxfFHxhmjDVjQAnu84MFci4ftOIFrzVpQ56vBMQdwhamXnYOfWeP7oaCp+v8iTbSlgpKW5HijtS1x4hUmgxMp5HeLInVwyYG2nqVFrNzbv03akSffBHMUXyV/nqlKSbiOto4Wf3ruo9ZSj8w==
ZANC0geTWzT61drsV2we2dio4uyDTuufWLTSbjQYApSX6eSw/w31AYSSxCRTSaSiQS8gw7WfpN5MUjNrUmUPZ9KSGn0mFhj4dGb/taW51H9eE+qDhc+nhOczDCArQXQ8rVdoqIMXoHOHvpr9f1M+Qbt8yczx0GKm/YWsLMU+oLSRIu+qgEWWd31uexAdcVfpg6+jzg==
cEXnxVB82W1dbYgd4mnO8CcvI/V0FH0iOF+5Xw0pBz3pj0QQS1E35oieKhEomuH8IVF2qLNwxADuz8hwJ4IRe96AirMGtCnq4KyRnHGK9WfQB2Y4zghYKk5f+NPdydAkNVlOaD2rTHiVafCEGtmNYjg9LHKQTdepoUtH9h9zBiTZV5HcFTfZX/fKAlK+Qz0jNf9ue5iVpKPD
ZSaY7eqDvUCJYugo1bAtzAu5z6Ti7ocw45WkosIcPzy03P7ExJIb091r2KQ09mcH/JiL6WCB8SFsFPAEY9mGi7c9vjT6n4KIcFLokE8n0TdMhdKVagEBMS8Om6Wc0r/vDKYBscgK50kImVsI6q/Lneb79zoJDjXuKuzBU3wekVCYbn0Ej8ikW35dYRhLAul/T5OPqaPM
762LH3/gC5yakCCrya0Q5DBPwX8l2d99kd/s8Mzr8TRFJbKxQMpZPPlhHsiLYswA5t/wkM+ySTtmUGITnsShamgcCfzZWg2niHdOGDYYUCpGTwDz9bmI5M2J5gilG8T4HRloJPIJNSJgDcSSqF3fqalbf5Z3Q97kYQf5fI3HUd9/epqyFhNFY+0PRlvghayjyw==
mGeBjvRcgKYwbR0ADGjWDSJ6APihBX8KLH8pfQjH9Fk0SgT8YxHEunA2INuFh8SGfIrzs+I9b/9iCprllo54oMS+P22V4bRnbgvqm7XXx9zX68z4mxkUpB3P6DAzj8ArN2ZaJU8LXlmLZMnUwcgC/s1dbPR1ZsAsIbpvMjDd9i/NtrvILSk38bO3o9Y=
79X0CIJB4ljrK8OukYX40/tzN1BvDgowAhjIW9wvhr8rRus7xW2jsgpzI/TooN4Q1OpT3omosYOIfZ5HlLzu7ksmePX+iyPy/LOh9wzPDJnlTFnGhUJ7Qx0bOBS0Bkc3PAgqOGBRUbGsJND042lm+3et3uT6z2IYMKKIIM9X8QcMFXLFalGhoW8+u9UcYt8fTDbh4cjah9nI6bu4al/rrSZrV+oJ3pV+6tzho/yucSBY/h3Uj5hEyz6tAajLcslPDwMv+aOc
evI3u71d4yW9COkRn+2NvtSp7uGaD6LXR6OLY3hHXsaV8KWw/w31AYSSxCRTSaSiRi4gw7WfpN5MUjNrUmUPZ9KSGn0mFhj4dGb/taW51H9eE+qDhc+nhOczDCArQXQ8rVdoqIMXoHOHvpr9f1M+Qbt8yczx0GKm/YWsLMU+oLSRIu+qgEWWd31uexAdcVfpg6+jzg==
O4PhGi8QicDV2Q+TG3IYdDlchw5KU7TZxV9CqbkSyhxxSyQVnStODO0J/ulz/nsSJwL1i02URqdmjUUjOyhg5wn8acSQAqaXXviFjPiu8zsnc3BCIeQY6e+5HTOaOT4Xr6J1Ec0SJoxBWoKQAceASFQafytM1JCk4c3pbdw46OgDNd4nBzFmuDqTWgRAfrB8L8tJm3zJStlqTZl9H6IDSfw+58M8Ktm9CIY/Rbg1A+SKQ9OxVrfvdolCLaKawNm/HPLJ/ChipYhPxHzXTnE59CvucdN/3xflo4A=
hifKv70XgoPU4ming9+bztgtIfvaxIohOxikTx4jNiNDat/q3TkcrmkuJP+phKVxEQTNHZBqKbxpga6I20w9AZb/IFB/0tm7lvAyU64ksWp4PPk8iTq9JxjXPljm+GAqdq/Qs4UZGGR96bbIVTvU+A35WGSiqcWi8G10Unh9r6lZey/Wx6NOZBGnKby9p0Hfb1rq8sbz9eN9r7absOWco/s=
f6qyOM+z9I7cGUKIMN0CKdXtlD4c5W3LJvzuAd8AuF8SKzIjR2LT+sEh+I4NFtjP5UxhMVXMAW0sko3czRkyGFfEuYESd6zA40p9WzKIjqPibHWqPHQ1DPUCWQd8zyJI6vBkKnKn3KOZAXxEmdHK+JlzkDjJsRSUHtFhQlT16ML09Ssp3fOjRls76gS1X5XMcW8Fn6uSpsI6y5HDmbeqi7ztmKP/
Bi5KSAfD6ZO1GrZ/tfGnhVI2VOOgj3PgN5F2d4lUvj3bjamzo8TkTnZGm3EWlphtO2re8IEmeuzxu3g0tGaHV7yoZthhsRERLEQQlONJJlv3TZ7E+u+ieLACSADPt7HnjLWypWoxYQHv3vs1HEIfv8xWIcHI+sc5SEn7mGo/K82myxcKCT7V3mq8IcP8jjGA2B5d9I+4hKu+DcGIy5KJr4+j75mj/A==
FHbAlBq7ZWAOYFhPjbCTvRMvgsF8EX7Bd6McCPwRzTTCVwgvMCNFZsnyuxXqnh/i4qf/aAMRt+hbhRbmXwyfLchQDQB7wdCz9ogZ/i+L4Pw0S7jIlwpe0K9kT/bLl+57WMBwdOaq8CNGK+O17tQLJXCQA9fymCsVTnykpbOSBkESiq4x6WkfN/kOoQ+41GcrryQrS+e/yba8qgA/g9OLg9CDpumao/0=
/kXy3zYc+WQk9xLZrYjaFLWuA7/LpuLgmzrbi7KGoFYBxcz636ttKGns910sdmSIK900XsOpoU8taxRCJPbTh+oxX9saVloxfiLoJFwC35ldrcQDVhfqj527l5gPF2xME5WkAOUTqGRbo9AvL1o6UQfHrr0z+ElAaSTSOpUhTMB9avAIWeav5thxZqtVCls85WVHlYuro8I=
X2OZN0E63YWf2nVon28My311ehWZHWHPIWqi16PY8QVHV2IV3f2qHmtsizXUAEGhiE6kGzpYBeY7a9SEiLs0oMPKivijVLPOvzd648SQvJzSqsTLint/LXp0fx2MoA//Jlh/fcKMGN2HchJZDlpimZ3p65+1Xr0XrLRT0xNUp6Mz/52esJp8B3dzHxtMU+qBrqPJ
9LQt6dMgINUBit7JDaRS9l5oA203DWdpdGm2Jn8M/21o0K1KHM4wc1YIuT7Pi8C8lMtYiPcKfhAP5C+2K5fOOzhAkLTGqtDjpquD9c7U62UQEKMX0phLVa78BOWTkuaBsgoO8Qlpf3dZjgFP2NRH6w+kS4sHv+n2HCrg/+PTq0MwA8apuqPd
NUeOYCeAVtqzsAyehpQW0PSWyoeL6vsDHdu41LRGx/c8SK3/bpHR8azkULTjqeY7d+1eJPqP4tgw4ghgz5dxRwzV8oVqESFhb347FRwiX19M9mGhyBoHmcgpO3hqH2ttJivXKgkeFT7qHGHj/G7x4Fi+nRSP2MQLPu2B6MuySQ8Pw6+5o9w=
J2WnqLNcomnMYQ1pjkm+hFxoA3w1G2NpdGm2Jn8M/21o0K1MHM4wc1YIuT7Pi8C8lMtYiPcKfhAP5C+2K5fOOzhAkLTGqtDjpquD9c7U62UQEKMX0phLVa78BOWTkuaBsgoO8Qlpf3dZjgFP2NRH6w+kS4sHv+n2HCrg/+PTq0MwA8apuqPd
xpUj5mqUMJhaCRCWwM9L8fSWzJGX9/sDHdu41LRGx/c8SKv/bpHR8azkULTjqeY7d+1eJPqP4tgw4ghgz5dxRwzV8oVqESFhb347FRwiX19M9mGhyBoHmcgpO3hqH2ttJivXKgkeFT7qHGHj/G7x4Fi+nRSP2MQLPu2B6MuySQ8Pw6+5o9w=
r6aLvYk9nxyt1Dz/yFrAtfSWzYeF8vsDHdu41LRGx/c8SKj/bpHR8azkULTjqeY7d+1eJPqP4tgw4ghgz5dxRwzV8oVqESFhb347FRwiX19M9mGhyBoHmcgpO3hqH2ttJivXKgkeFT7qHGHj/G7x4Fi+nRSP2MQLPu2B6MuySQ8Pw6+5o9w=
K2uyuDwnc4K083bjlOhn0ur3UKzBuOXljXOVj66A5lABy5ypyaN2O2jr1V0sdmSIK900XsKor08taxRCJPbTh+oxX9saVloxfiLoJFwC35ldrcQDVhfqj527l5gPF2xME5WkAOUTqGRbo9AvL1o6UQfHrr0z+ElAaSTSOpUhTMB9avAIWemv5thxZqtVCls85WVHlYuro8I=
yjzZZTuXc/bEfqxpIdGc0CddvfHYjR7lAyr3tbw/wZaY1vjQ/11weqjSRc2RbgxRfNuw0l6JxlEkYkRU85lk8iYdL/PVz2QO7CKzm/I1T7cyohpNxsZYqNSWf8UFaRQvPiPqs+WfZ1RHQ4zQixE07E1naJhjx+AjJ04ajd+D/hHbTMn8kYCidl31LNxlbuBkcR3vmmCV1ifdnvtgvaGXueOfo/4=
oSqtLAASVjSmOAnGWYdeUxB7zVqrgwS20wMaYed5HlrKQeQd1LOXFnMg/3T0ivzAxKdhABEx4i8Tw7PUalOkuoWA0k8YF98V3Xye3KTW8wxOn5S0szuX7M8nJJHq7tqZrnrILGx6H3HNNSTLJi/qp81jNxC/7ywkA43ESBWrKMyL+/AnHyL6uZdfTnVDwEloOfxysiXZDKhtcpBAqVEvTggpRqNlcpvUdf2nXfuTo+o=
oSqtLAASVjSmOAnGWYdeUxB7zVqrgwS20wMaYed5HlrKQeQd1LOXFnMg/3T0ivzAxKdhABEx4i8Tw7PUalOkuoWA0k8YF98V3Xye3KTW8wxOn5S0szuX7M8nJJHq7tqZrnrILGx6H3HNNSTLJi/qp81jNxC/7ywkA43ESBWrKMyL+/AnHyL6uZdfTnVDwEloOfxysiXZDKhtcpBAqVEvTggpRqNlcpvUdf2nXfuTo+o=
N8ZFktdsrYbPH4zMrv/ivIP9WFGDUuD6DaUSEB9jQwDvcNUjnUBu8a7gVhcjhL5e3wkqHn7XWUKmcHjMVZQ9P9iX9kG78XM5aPv//WmW/qTWHFx/W9M9FrKqJ+adkN7a+Ngfic5xiiquI3jyKVvOnOf/93BX83S94sqaJRbOeGBEfj8tFaG0p+5L6ts1F8ecV6vMOBvZFOSdD+jws8/A67emWmXPS16ZCyTJlEEIAr5NHWw09abAbKF+bvKwnfbvTXa7iK1pNzEz96OW
0OROjN2G1eRCug2AcdaNPaMBoUHR6JM01HodidRHMl8I3nCmCYv3i/I/3101HXCzqXr2tJ12LHVF8vE9nJKdAE79FWw9KCczpSFAyrKesvW4h17SZn9m3/cS65TpBFxBqjkh2EcXrVvBYkWKXZcaINje7fQemIk/WsJzxaoPM+kqECpoRwqOsD8kX5YbFx4bqICAFBaqAEO2axPVHlTbRWDQk7cimPu13jy0hWMStmEiyh6R2Wkvl0nOkS8IVDcLv+S767O+mVYsahDf01P7Y6BD1gnqo40=
zydbo/xaVDlcCLid2OwS6Senu0Bop9al6+WNPIx0uNexfv3FzdznQVAXDfZtig1nXVL4mF8OFGHnDWmt3PhoqAN1XmcHceb4OlPaxEC+MLwvC8nbfInKmWoNGT0f4oOJ/P5nAzzqWX0Ixr8FuHWDpIoDU3FWd2+2iYKtYpoAWf8cskm8KCIlzE4E/BdOsbk0Ky7xk3+fl6WjwA==
+RcGleoInQWjFy/HHS8oFj3aZQhjZXMVtzgFLkBZ25+mYSVJHgCqxy0py0ughWeKy4PsKg7HIJOGyOleXwtwXGQLaOiHCk4w/ySfFlsXXpvogECU1qrAw3ZrU1VeVJvFoNBTN+KYOzWePPQFIxJ24eLK3hEZaW8XCc7Rr0hU94t/5Htr877Z1mxqUF8TUzvjYEOWiaqjzQ==
pGFXj2WLDwyPSkCiDROk/N/4242Yog+Y1FQMv6lj2N23iAxpRuYQl1yK2XQIqlWTztwMn275KQzr1uHbH5cnfaMY
mM91FzqeF5kpgP4QV/33ctApLfPf8Nk7NSXrXwRqVSEQUOPE7CwPvGprYuC/x+9xGRDGPv0zeZpdrLTxrhNnX8r/OUEyz+y/lcU8SKwksWp4PPk8iTq9JxjXPljm+GAqdq/Qs4UZGGR96bbIVTvU+A35WGSiqcWi8G10Unh9r6lZey/Wx6NOZBGnKby9p0Leb1rq8sbz9eN9r7absOWco/s=
VP0Cn9rEkAW8aB4247FD6vdE6EnXTtczpoJQN9sPkNe7LQHlDVueXajTS1yFWT8WGzMDghUKUvcQtaJz1MesnhrcyOT5sjWSYBH/jBMc6/BU8AOg/dwCpea5zezr6vNTj/pkJz+UETOa+X+jyv7a6U4qCJzM6p+BreVk+wY/6tctM/egH3+s1GNdhHg1uyi8a6swl7+yekn3jw5FY9BJGNmssgKFSYxYDaLQcIlOLj7oeYYTxeIbJBUt523bg6Oa
fao9+F4IKiOf0wBe3k3MYJ1fHYLrnJPdFAFrq2itMDeJtGXDDtBhB+7/BlSN5msqCumQcuA+ZGdqhEWAOAxHTLWyZkl2rzJCfG7JtGFY6vLTRjDxOOb98JZSSIiYAFWESv4V5aOkWDZuoLEhWgNclsWRGnZDrg24hUpY3nCDwbf2kCz77jBCXMM2giPc0IDq6yaGfGUYRcoy8BYgIizKYK5Qkjo1901OdYTB0ef2eV/gjEMR7X9CQKtuHsrU79V2NaVvAyG3pt4Zf8JyGJqKwfmUysfd+VPqqoCVE+trXQdZ8/DDxdOSQRS/1iqzbxIVsIH9xjjT9Ov1EqpcGNOfAKcUy4IT8vzuFdze19v3Rlc78vulFKFclOOMHYY8hI7xwLj8VuTEMqFT74vlWjX+xTPbtt5UFkgwqbxuoB4xRLn1UhpafKdgQje2GNyfbBJk2z9nKKp0yPO5bcV5+l0yQ1J7NR2Mq4WAkltAI6jzqbQp/9f1jyR2sNUsZSO/f52349AitRBCcPvRU7lB0yyzoeo6z5kyXiTnLwCZuB6O6dnZV9U/xJRp8/TnvjnPH614d6oF1EzNbOODHB7sB2T53raghK5vG9ov0gAiBThQLfUGRnvpJ4KjDYx3Dsx65zJAUNr4SI9/QT+szaItarlxec8GC/1cCq9nLG6xyUjyVwEoEUtQqndblYYzB4IJtsUmSuRRizxGgdi4Js39DrAUk17VccCLWnl3r9v/EaN0
8nDWdAFSh9QqqO5lPVjnaZzP1f2lgagzshASBjBvxGdWi904ueqjco7WaHn4jbjwAZa0NppqqhzL/uWHfQOT96RXwdFLnGB58Y3qlT+Te3dz8wKgkaPtlrDYf0xtfjLt2nliq9TfVq4Y9zVOLjIZcSHf1QCU36K1D5o9JPkRqtRmKN6pdJqx4mZiMzuJnWj/R7/mF9j/7AVLt8jKpTUmrrfrl0eqKdNaClXzvmdixbIWgjuxrfoh+R1VLH4a6yVdiYxN3CVlLxes5J3cWAD15GPDWHtGGTOJ6lHY5vkbX4Ev0L7UxaiNl/9LdbNztOpBMDZ4HwEX0XVTGNvlOt7H7RKq7IO/BHGMXjoBXckzHctk4OEXJKPWjc+rxTynTo2g7Dmkh5OY9lhHUBHaJsRMWk9v0ssCREoxuGRFsdaic50HdmtpHHPm+DpT2sRAvjC8LwvJ23yJyplqDRk9H+KDifz+ZwM86ll9CMa/Bbh1g6SKA1NxVndvtomCrWKaAFn/HLJJvCgiJclOBPwXTrG5NCsu8ZN/n5elo8A=
xl7vBk1SZZJbiDszbQXkes+rsW81NyEwW2rkY8uZmaX4Is/14i+HAFzazzEFKmtmBSX2Gx19VeQCEDXlnrpkVFvbprtCzMpPl3ps4XrU/BNwmVobzPRxxfgnU/CfMZWxLUBQItYEynA07NuoYKvHorGb/KlAQ/EgpAhQrz1TnQWi+Im+55joMFFrtzZVzRLlvkoSb8DQBszk5gBLsMbTuSYU048EsWbOAilvegItdyshh3/e3W0AWUFLXP2yggemGLfAEQPLXaHutYI8kyM19GOXSYt8LiqSwnnMKpYWv6XIrbxX/1g14cO3Ys9ca7p/t+hMOClubjXs+xBzPzXcRu0VMErlKkJ7TytZjo1/9CWQv6bMH1eGsDhcCE8sS6U73T9dVFYCJnczjO23h0+T6geOFwewBPp2f6AU2ANrSOrRYYAfeW1oGHj87Sqk5K1sXdKRRzQ/CijSAFwqSlfkw7HxNARRAWKYAeMIuFEhjDT2ASkCnMWA4gzFUyklw9tmswuixH0P/Wzp/5weMwI+IpKb2QNRx4JrhJ2go8c=
smRvR+QLNZND3JUwymusbbSBHMhYhkGdIXsHMDeWhEn4wY88u1SnkoZUQy/4MwgAVxS8YZmWh7fdF9sP50VOxIHvkHRNzgVoKC1yjEmtJb+IVBQ14yMiN4Sbck6cXHl5yZDq/3hIN/e6RJguOqWHxw2QzXCqlxWfWTKVEbBKQ5WbASqv3jxphQEDV4fAlcc8K39stxQjrWKhPNY5ZmsQzEP+djIK5XA9OnA2/ShFZw6AHTCkJB1Oqp+kT9f0twlScljZAfur1EWywS6ZV0TKL4bIy0kVyIt5d1H7pkZynuWCMG6US/OY3iHVSR4kEQNPb1GIEXG7EJJZcOvD1f72y8INfnDYq30VwFqoB4VD84khkAoE0gIemN7RN+eZGBGWHer+Gg6Xm7LD42QEhB9kR5oTH0SnxN/q3VsD3o+/fRAT/+Ipk0LdUnwFCBO6inzAREaWC1ZUcu8/Hs7m0OiCi6Mtwjmux+3M30mpE4BvPs9Q1908nmh7uqR9pj/SM/3xlg4nwWIaN/4oU6UPO65vW54Neqs03I1DDLiyWIpPrk8vM1crz0TEFsxfWagPl+VrecJtWsVX4tAwPjVk1pjBrwKiG7XST6u5ArCSWI+KRkDHxLdGg9cmqwCg2IReqkjT7ku7ZSaUQ5WIMGtH6hgzhWacnNX7Us4RSqpGAZFp5weRLnnf8JSv25dEA9v+PtEmVAp4j0sTw9MIYw6ZIqNF
k50xyHhpE0ssynxSoqLuoXR0yHLlZzqupmULxyyDA9uB27Rp0N4lbQjCKAHcTeo4F46NG3yCVos8LZHXbFg2SYgBax+w/PaptMtflhS+n8Oj02Exb1EuwW6EVThkbxFHniu3ASexQ4kGTsnhASAwcqsSRYwOiwqjBiUsfRp4OP0BsGZghfdRZREujN2Ow89wqboRo9bydjL6Z8z4PXQGKMcFgY+0ufdFYnkAPYAzS52cFA1HmkjnsXNJ0gsfDKrfR8CvsNm05rh/HzV4jQ9dPzhgctnZ+xkW6ZIdhyMBTC7pYtCSqSJTuVyVHlvfP2r7DLjR6WPn/wraWj0KwUHfQUFNO+Z2x0CMvDEZFf0Dk/JPe9Jsu8sCsMhNB2b9Gj5w9WPBIcGN1BplefxhurvPgZHiDzwxRrxjQInrujoO59qlpO4WUFy/VZZlmsbmx/gOUa++kI87l+zPJySR6u7ama56yCxseh9xzTUkyyYv6qfNYzcQv+8sJAONxEgVqyjMi/vwJx8i+rmXX051Q8BJaDn8crIl2QyobXKQQKlfLk4IKUajZXKb1HX9p137k6Pq
Jt1ttG6K0CCvW7rvke6Fj6WNAjnSB4wbAwld4GKIaHRNZ04JtTJKV+CvWIfKe8Y1uZVGEJj6UYBb4aQGRZentvgbuf0qbkpmRyt2yfWKAT8iwXDFVIn2higEL/lVisChluz4A1TR5vtQfJV1vP9/8LPp0QHJyMzCakzuYDDUN+jMU0MyVVOAiVxL1dDgULwvUYtZdYbwlZ4b0Iyg1RMb9jn1FvWagq4PXFhifCC+LEucnhcJQpxP77h5Qt4GEQO6rlXzu0XPg/7BZSQphZMwfV7aQ1Y8v9wxfwO5MWpNLnx/GzHkR9/1a+CmziKGoeAqus77FSwlILdDEBHxx4+Oj/CTPu9TIDAYNWZKxaij/PNT7Rg2yR0sahliJuvLU/VO4UfwNbR3GqyD3+IA/AQkTwATYYu5t8E06soCZze0gXcrNxd6Y8brJ6wM3ga7eHhY7zMMGvVpnD8FpYyI/ARBakjcqXx5mi2nqLfumJbYcCpmj6BzVXmo5O1JRogF2+T4/dkIpBLJVSKAzaQSSJ2/qUkbHxaXA77kgUeZ/G2HMN5fOjoytlNlY81P5ttAxYyj6w==
vOt/xsbS4p5uEGOTTLUflMGmxkz6iqcAQNsyF2HRz+Sh/luo/GdGnbzwSRfQgT0UluFSZEblpCBiYACgAVwo4K0XoavYcMZMyz6exQugYXm6lk9wu4PUYMyhQ37236uGRUJ1BjEmO+15pm55cKuFJlNKNpyjjT1oo/smILqIL5GymHla1R/Dh1v1vNWG8Wv7Yx95OrfkI+jgGPVEU3WpLLMqobmLw/w2gqc8V1XP4NPr6UxdhcdxD0ZxL5iKvyTKSu8vokorxgbGe08YOuYvoc5WZRHADSIMJLvnNddCOBghNS6JfCuZkieT/kYy57ojtGoqCsOc36u7h4UfpNXHVNqPYYTImGnV82pCPCwSMlxdae3ta39NMfbMmgmfQL/QsZKzL7Jx1QFEmwixfaq+8R17ytNFl8/L80J66sRYH/HOKupwoI6lAJw72N5HKqBAH/Cq+Kuj37RKKHAvybF9JToBCp8ipw1BbLe9nOJHeD+o75GoWePv6W94Tmyl8F1/fyMla5MMmunw3shnoc8B3VOwCz2apncF0gKcO1/cIeTe0tEFqYvtYySIUe+E+4YlzwOVZAe2PciskVQ/88AmsMc4QQLGfDzyj4dis6Kcmpm4zJVpdtrDdcfeG9H8q7aQursKnCAGwBRvY3kj3NGaMWqlSWW/GjPhvFaXu1yyiZWIru/dWM3zDErr4wn2r78eiSp9ujp46RfcGjkEyPp1oc7sLE8uCUmca0ZBa9/Hxw2jaA==
pcQ4pktwW+sarEP6Kj0wbnWt0+NrTLCCBiovDC52ocLDnL4i5c83WpTNoF1QmYRqENPyUgIr7vpeYzkN8itAMN+5Prjey1uiqeQg4fDliENCkX0qQdXpfDyhmivMrvp2/7INCoZN/3qXjcPmMmlhhvsaC/XNeFd/j/03p2ABgY5E4HoNgQN9fD3tJMQDSl6a0o+uwf+tEpI0T3YK98DRPZoH6wdzIR8g7x9SuNfbQH9FZmTEzE4T7eOYrvYNPHvfWdIZ+lqLmmc0POfx7wJel0s8ZYLyeu9e1ZUHAE4B4SG6U7PKgNt8XQByYOGV4bB4ZnWob8OEwW3EG5fC1Yof/Uxar6G3g3UM/twiqBVJbQCoO0rcpK9LfSKcFM5/jy2z6czJxDKEccoBHOEQui/+tfpaOcnXQ9KZ8fNcdfvyW2ni3hv4D7S7i+vkIuL5q0eGYz8RyNePxiHvYgEa2JWMq1bKUDhAVnJDCrTOZ9uuij786K5T550msRInsYQ7Wa3rrC/Sd9RHeXRCSAeygA1i576zEanS/gPJnjprNozDIbdXbkMjmh0eY+i8MctoCHYApk+CF+uDM6NzJBjeqE9d0CNXidP9UsmSmXce2BTOcTw6GK13xtI/va5vd/GmIBbgY8pquMPUUw7fN5oj5BCcXHKqZAuq+1/tmnQf3Wwgb7/GWN894gw4nSdyshlu2oLZ/ekLX9XeXdcMtPMTM9SHY5L+/V5QGhxHl3N/W2zTysEOo2k=
w44n9VCgf+BcCa5qoDZ0jD3Z8zXrLjh6/rXQFKx93NT1LTCORQCExK0SIrQtCay7LQtWVcSYq8pFLmq0O76WokXtog1aNYDiXzKAmUyJW7TEEzvmKES5c4joB2jN2gfR4Jp+TjMDc4t44RPndFn1MIlmHFGjxkeZajbYeD6lJsv4qgZRsVcBqVLBDk+n2dbAumvqbOCW4CTvExmznOE64Wp16VX/ilORPGa3K5xCaUWI/o+tGF3TPMobA5k2nx9OiXrdivroCedcKhmUiIoV8c48zL/umWms6zYh+5/3Z92juA==
b5nZIp4M7XOWEnoQHdsOHTJ6jpImvLWU/MU2OWsxcV4x31RBv42akZ0touhpMq2z8jNzVVzWk8LH2uS6irjdo4zVS5vNKie1hGGg0bqQRGRwXr1gWnt+VJF1S398/lGwGI69JY7o5Dv+PSF4SyKp388zT0mjLA==
mnJLFswL3L41TSTPTfz4gOnvkQLpo1JW+D1UKGQlNoCJ1rxBY7anyexi98l+tUY7+FpmQfHnIfnSke4/Z8l2cLrbSnygZoD0b8M5A1zx2pFqBQlFPzpzQby219vcUsn1iE4vvdgtM2xKSyMpdo9/vomKvZq6WCm33Hr55EiatUHOjGyvrmkJfGvmAUtf54eto8g=
QkPcg4m/iD88P8W6g9pcXFal0q/785Ve+Ze6stJdIx+00f7EyZJ0tbMCz61Mhh997sHOv3je7jVhU8kdcvWGi7c9vjT6n4KIcFLokE8n0TdMhdKVagEBMS8Om6Wc0r/vDKYBscgK50kImVsI6q/Lneb79zoJDjXuKuzBU3wekVCYbn0FjsikW35dYRhLAul/T5OPqaPM
czosexRiyh0AVQByLFskTvdE6EnXTtczpoJQN9sPkNe7LQHlDVueXajTS1yFWT8WGzMDghUKUvcQtaJz1MesnhrcyOT5sjWSYBH/jBMc6/BU8AOg/dwCpea5zezr6vNTj/pkJz+UETOa+X+jyv7a6U4qCJzM6p+BreVk+wY/6tctM/egH3+s1GNdhHg1uyi8a6swl7+yekn3jw5FY9BJGNmssgKFSYxYDaLQcIlPLj7oeYYTxeIbJBUt523bg6Oa
7WYQ4lmulCLgcmcdo6OcfB9RJGtlG4R1EMA7SqatisBebDV5AQIYL/VlNCQtgZhKXqwemD1IaA30E/TKrug+Y9IMZaosVEXMBaIph+xvcgg6EFQqQkcM48mh7MTpcTo46VOAONnRJFSusdHCxJW4AiTVWykt0/MGi9t6hAW/JYxBjxSeu7JWgkprYUMJF3pL7I2oo88=
EeIyYxFNQ1eGuSRS1ZwLchB7w1Kv3QGxzlRObqgAP3Lwadcy55qXF39hsHOxmeXX2aZhCR544isf/fy/al6p1JiHyzwLB9wQwz/Gz/rFuDhip7mNrReCw/opP5Pq7tqZrnrILGx6H3HNNSTLJi/qp81jNxC/7ywkA43ESBWrKMyL+/AnHyL6uZdfTnVDwEloOfxysiXZDKhtcpBAqV8uTggpRqNlcpvUdf2nXfuTo+o=
b5sEOX4wX08hVcmBYrAFD9uTgXMGJUWMxlA8sdej/8j0QiFZ/shiu7+NPG8KbqnEuHeLbOu3XIBjTwYfmvW4KEJX+d1NpwJTWln/Q4re2omOioh8jMqf4W1F5BtGH+q37ZN3QF9frLSj/QSYdZso3KsLsHf/knopNy+OpSPwSXgZDDLixWmMOM0CUJDJby5eKNkG84XCG0TVjWeNm6Oj+g==
HnFOtaxeslKG9nhGIu8ixNZmBD9Om9geeL3Cp/v7hWbZb4r6kpXTp9RJbkxJGuQtU7q/5YxOLwXO2d63eNb+LUEr+dWyvfYzV6UuvHoXEhAQ6hhYD2/hz2ydwp1qCREpD/ar7dwaT1dsPpE5SIJ30eghK0AqZ/vlxuPnMgkGJfYKlPGbvFbh6Hj27Y0OQDTDHuWR0AtK2Ydvi5+ho8Q=
DgTbxmmLuP15WsJEjIS9qWMQ5RR0jLCcqP3DsQyOvv0tV/SylRAahskgqZfn8cwQXfqwGPk3rjZ4YSY7ddrb7MX1B4Ure6MS
lYuL+4KHtM9rXIgZRq9oIpwFinpShUtEvq4hDSOE/4nRUkElUpK3nMVBh6C58gJnOILtBiBPQPjTQ6t6c0OPXc7Z4sQ9j71sqX/cHnOCfiLSGxkDkUdCa0QdYKMH
4Dflvl+xI4Vl9Gl3EcFlAGAQ5RR0jLCcqP3DsQyOvv0tV/SylRAahskgqZfn8cwQXfqwGPk3rjZ4YSY7ddrb7MX1B4Ure6MS
QSFNWfb/m9D6Zr9NNCe/LjYg+qgJTARsrsDwWOABk2W0Il6ZxctEBg2cmgJBnDkDH51stPUmwOyh+25ysB32b032uwit6TexM3ejFg==
qRVHnCkTdA6uTDPlfnvVJykdibd/8AdiED4MWyvL4NAOT3mBjHjJ3trEDWZhzSvPnMIpDOgyxRlOVJwHDgFZxKse0eM/jzd1oxA=
rkVdX/UutIqGUT5IqbENoSgdibd/8AdiED4MWyvL4NAOT3mBjHjJ3trEDWZhzSvPnMIpDOgyxRlOVJwHDgFZxKse0eM/jzd1oxA=
sKdS+fTnvbN6rsAgLdO6Uikfg7d6/hliED4MWyvL4NAOT3mBjHjJ3trEDWZhzSvPnMIpDOgyxRlOVJwHDgFZxKse0eM/jzd1oxA=
Qw5IUIEBwjqzrctH6YESTygfg7d6/hliED4MWyvL4NAOT3mBjHjJ3trEDWZhzSvPnMIpDOgyxRZOVJwHDgFZxKse0eM/jzd1oxA=
R0xbJpB+o8kxdRKKGuY43CkFhbdm5hhiED4MWyvL4NAOT3mBjHjJ3trEDWZhzSvPnMIpDOgyxRZOVJwHDgFZxKse0eM/jzd1oxA=
AksqK4c5+k4SnduYLgdR7isdibd/8AdiED4MWyvL4NAOT3mBjHjJ3trEDWZhzSvPnMIpDOgyxRZOVJwHDgFZxKse0eM/jzd1oxA=
DDrsb1AFaELHfGRYSPJpdVxwkNNyLxbbG333oImS0qdIYl2GsO8QOOMju3pjo78dHnlyRI3vTSz5n+Meg6Iu4mK76YMBpxIrtD1woxc=
I97jeJMmYYARgx5XRmpBTlxwkNBwJRbeFWP3oImS0qdIYl2GsO8QOOMju3pjo78dHnlyRI3vTSz5n+Meg6Iu4mK76YMBpxIrtD1woxc=
uqHAo1bAk1afY8/AakvixlxwkNFqIxbCDWL3oImS0qdIYl2GsO8QOOMju3pjo78dHnlyRI3vTSz5n+Meg6Iu4mK76YMBpxIrtD1woxc=
VE5mZT7F2xxjNWEH8KIWAa/rH6HWo+Lsj2nBga6AokMP5Zz3muYpfEjf6zQ7fxz4U6cmB4r9uBAyfxkFHe/Cq+oxX9saVloxfiLoJFwC35ldrcQDVhfqj527l5gPF2xME5WkAOUTqGRbo9AvL1o6UQfHrr0z+ElAaSTSOpUhTMB9avAIWeiu5thxZqtVCls85WVHlYuro8I=
mcAaIiuOb0UH5F5rQcKrjCnn+gc8stG+7/iNeMl7op6ycfvzhJ2mCAleLPkD7hcBLCqHkV5NVjP4Una50b9RsRJZXmcHceb4OlPaxEC+MLwvC8nbfInKmWoNGT0f4oOJ/P5nAzzqWX0Ixr8FuHWDpIoDU3FWd2+2iYKtYpoAWf8cskm8KCIlxk4E/BdOsbk0Ky7xk3+fl6WjwA==
mnsfacjbjhHuqHPIYmZBDcyYsMMDR5CReUY5ZX4F1lXoEGMKHl1SYDbcvfmJcrDPLdVMZPVRoCp2vBaYNVhA7cxDrApWWGYDevztKqTkrWxd0pFHND8KKNIAXCpKV+TDsfE0BFEBYpgB4wi4USGMNPYBKQKcxYDiDMVTKSXD22azC6LEfQ/9bOn/kx4zAj4ikpvZA1HHgmuEnaCjxw==
DLyEPdUsalkSnPmu8OdBzA34bkadtzpqb2luBcBN/hwVOuhxRHgQMJuZr56Wl3v5ulSDHXbyMPDQWPMUBjUaD9q6oPQwW9wQS0oCCAv0y35n90KznLBUjNqqzNtiWyd9QrSnrfQApw+u2PfNKmygrd+y6olWOkqJlenjj52+ZUfU9IsjqzTPE7V+Fe4YOoS3LzMny5RzgpGmo8E=
ExK6D4LNsiHxENv0Zj6CfUXqceNGZCD2vidD1J6Mc+C8LFl3zja/ZLHnSTydZ6/ezxqKcuYzFePd79YbkCV8oxs=
uzaAKH1T+mRa5GRYcJ3nB80P9AfaS+ww8qZsc4mcVMixoH5okz8EYm00Y7NjFLdDjf7tPqBazCcH88/73BOaIX6jGQ==
rBCpoJC6A1h2VlJrX1Z305PKjFYSj/dkKjTPYACU7cd6nhPEHU8d7Mm/8x6Twt6istt5A7EHouvk3QCjZw==
g15uEPkA/mOuf7XvfLOxThwcL55eG8DbPSzgcA0gwtAnj7DKwZTPGzfE45vRPrHm9IqYz2sToxOo4+7ZAqNl
pBsWw1S/N0o8+nwQIJdHnUpZP8E862jG7KtOA5X0eDcq0IBZRrYDP0hELHyljmBEMXzu+iC1VscdPvvA/cEXmSN/ox4=
C3aDuVoazOdWxwk9Tp74rkXqcONGZCDrvidD1J6Mc+C8LFl3zja/ZLHnSTydZ6/ezxqKcuYzFePd79YbkCV8oxs=
EsoNog0hTirifIDgbR/iJx+pNiCtq/EbYzqdpadcWUrk0Bet7cwOoVkzMYTlUBhrtcyYoCUg6oDf7zh6mVS3Cz/kO+s5vhlWrGqQ31NTe2MgQ1YJaqMN
FsbkyPh0fl5RHaQw5by2ygm2iBduSYOpt3wWSIYeUryRvb87w2OpPE8F4eNiT8aCwI8qTJux/ObcOnmkSFo1js7M7O+uqYm8ayaBC1+nB22jCA==
Eoiq91L+Fyqm5HUGcaLAwV9cu0BwAn+f0HznjX5p6OU+hXse41mvlNJ2UhlLwaTq1+KywRoAKD5yoioAUYHHBzPf0YCvuZnfknO+PkAzUnBrjYRaPIYBGLhmTbIOcJRTXpXxgIsa+bevG39RozQ=
A8reFKNO7qlVmIL3XrjdVBjah7AqUlmyoS73PBMBMDWwR+Ivu9dwc1D+tlg9IPLw989AqlEUf7tnBJN7wT6hxsTKSK+bkzOzGCO+OXKjFQ==
6aYd7W9gnr7IB9C8/0jILgh+pOR9XagC24OI7eL52k4vQSq47aKncmJuXlTuUjEvO42ruWVCf+f15ZplmkwA/Y7aEwsQuIz4TcJQUEmgLp6oGQYzBQIbhFVNZ00bY6M6
hQXw+xOpAHiHw5lqfguWdHMe0b5aCk5ohobxQ6MJ22WtNl/rjcFKGTLYgFFWniMXGIxstPUmwOyh9G5ysB32b032uwit6TexM3ejFg==
OPNkSKbH1HCGcwwtapILAhMk0ZNgYBLCWka4p46S0e9Ie0mHwqcaNvwc/2AwtL0HCn5jRI3vTSz5n+Meg6Iu4mK76YMBpxIrtD1woxc=
BT9+fNSCycc6OMp9Vj9ve1/80UVlDtG5vXQWG8ZZTLWXofwww2OpPE8F4eNiT8aCwI8qTJux/ObcOnmkSFo1js7M7O+uqYm8ayaBC1+nB22jCA==
QeHxUXIfFKD91nFCcHNj2Dybm7kDSeDvh0gmEi6ehOdyymU/PJPlJy7PjoZo5GPgrMwpt56WD+Qhh7l8TUef3r/62rJWk4VjLY8GW6AFbKML
UzwK82FtL74xJsvjSiQP0gsBZ8FwqnvN/f4fI93pajEi0IBZRrYDP0hELHyljmBEMXzu+iC1VscdPvvA/cEXmSN/ox4=
fSCJFHv9xqniF7KDbfSMl0bTjntljJhP2qiAJrbO40e4POwEVfaAPMEEboLQzba/7UY7uA259+HTB6Nm
E0xT+4SW0VYGWm/Fwx7qAmESwKkYCRNhhsDvReBWxmiqYw7LxdxYHzrYgFZWniMXGIxstPUmwOyh9G5ysB32b032uwit6TexM3ejFg==
k2dBsUFUy9CRX3GLxwagBTybm7kDSeDvh0gmEi6ehOdyyng/PJPlJy7PjoZo5GPgrMwpt56WD+Qhh7l8TUef3r/62rJWk4VjLY8GW6AFbKML
hHl1UnKHccpuDm+4n7qqf5GnnN2DswmMz3UBs6J/5pLAnwp8W+EcllyK2XQIqlWeztwMn275KQzr1uHbH5cnfaMY
QeHxUXIfFKD91nFCcHNj2Dybm7kDSeDvh0gmEi6ehOdyymU/PJPlJy7PjoZo5GPgrMwpt56WD+Qhh7l8TUef3r/62rJWk4VjLY8GW6AFbKML
hHl1UnKHccpuDm+4n7qqf5GnnN2DswmMz3UBs6J/5pLAnwp8W+EcllyK2XQIqlWeztwMn275KQzr1uHbH5cnfaMY
TcaLsPFOZOYxik1kDg5Wgksi9d5xE7npWN1sPnc3PpcfNxTr7G460Lmgdnh7X/wytXTbAzv037MFfmWOCPoUV/+zF6vkM7IxdqMR
Z3KStX/GJsqwAPa5tLhKF1u8/GLadNQU02ehKG/RqScy624WQBuC6Mt1tDL8LnGgWH4dWo4YREs+LQEoy/LJzw+DL3mjHA==
6y/YmAF5rIPBFIa+wxp9NWESwKkYCRNhhsDvReBWxmiqYw7LxdxYHzrYgFFWniMXGIxstPUmwOyh9G5ysB32b032uwit6TexM3ejFg==
A8jGXOAury4nxCsCg78uBF/80UVlDsa+uHNEDtsXUvqPu/xk3m6uaR4lqf5wSc6CwI8qTJux/ObcOnmkSFo1js7M7O+uqYm8ayaBC1+nB22jCA==
rBCpoJC6A1h2VlJrX1Z305PKjFYSj/dkKjTPYACU7cd6nhPEHU8d7Mm/8x6Twt6istt5A7EHouvk3QCjZw==
9CV+RNtpk/zkJLozspa4yGESwKkYCRNhhsDvReBWxmiqYxPLxdxYHzrYgFFWniMXGIxstPUmwOyh9G5ysB32b032uwit6TexM3ejFg==
g15uEPkA/mOuf7XvfLOxThwcL55eG8DbPSzgcA0gwtAnj7DKwZTPGzfE45vRPrHm9IqYz2sToxOo4+7ZAqNl
WVGzonz1lLI2u7H7ohNtvGokPBCydy7n/RgIw1IsAN3OOpOr0NiM2A0i0PCJwC6+6PmGk8ViG6QVreft2wOjGg==
0b0KpBiuTN2QYvzI6VD2BVqu8nzaJpFDyHCifT7x4Tog7WYWQBuC6Mt1tDL8LnGgWH4dWo4YREs+LQEoy/LJzw+DL3mjHA==
rBCpoJC6A1h2VlJrX1Z305PKjFYSj/dkKjTPYACU7cd6nhPEHU8d7Mm/8x6Twt6istt5A7EHouvk3QCjZw==
gsflGm9z4QeoWu6gQmU0U1qu8nzaJpFDyHCifSPx4Tog7WYWQBuC6Mt1tDL8LnGgWH4dWo4YREs+LQEoy/LJzw+DL3mjHA==
9CV+RNtpk/zkJLozspa4yGESwKkYCRNhhsDvReBWxmiqYxPLxdxYHzrYgFFWniMXGIxstPUmwOyh9G5ysB32b032uwit6TexM3ejFg==
i/fiRnn3DdVCSRPJfxDCL2ESwKkYCRNhhsDvReBWxmiqYw7Rw9xEBzvYgFZMmCMLAI1stPUmwOyh9G5ysB32b032uwit6TexM3ejFg==
Qc3ZU/AqAXb9PcKmJB6qw12DqIYnKzH0rW7xOwEcMD64QeIo7oZKPU3wqFE9IPTq8c9cslAUf7tnBJN7wT6hxsTKSK+bkzOzGCO+OXKjFQ==
T6yb5Ofk82guC5nt1LDozkXqcONGZCD2pCFDyIaNc+C6Nl930i6+ZLHnSTydZ6/ezxqKcuYzFePd79YbkCV8oxs=
6zq4L6E2oAn6sIJLO+fgew4bOJheBtrdPTD4cQ0gxMohj6zSwJTPGzfE45vRPrHm9IqYz2sToxOo4+7ZAqNl
1FGZNQZZK1CPWOVb6LOWls0P9AfaS+ww8qZ2dYmATMmxoHhylT8Yemw0Y7NjFLdDjf7tPqBazCcH88/73BOaIX6jGQ==
rKDRh2lxtWeGJi5OUo5svxkg1ohvMgffWlSluprblPNCbBzW+OkHOOIV/2A2rrsHFmZiRI3vTSz5n+Meg6Iu4mK76YMBpxIrtD1woxc=
T6yb5Ofk82guC5nt1LDozkXqcONGZCD2pCFDyIaNc+C6Nl930i6+ZLHnSTydZ6/ezxqKcuYzFePd79YbkCV8oxs=
hvmL+yc0J84rwoA6/rOJlpPKjFYIifd4MjXPYAaO68dmhhLEHU8d7Mm/8x6Twt6istt5A7EHouvk3QCjZw==
dOxnXYFh7Zd6N4SeHkJxiUXqcONGZCDrpCFDyIaNc+C6Nl930i6+ZLHnSTydZ6/ezxqKcuYzFePd79YbkCV8oxs=
gsxHMeAR9JnNzjOGRsK13vfJjylVGardg3w9ksigy2WpDMrphYNdXEEw5tXZQDwpoaBoEmV/yNr8tBNT01RnI33+3R7wmryHt3NfmwxTqgFuowk=
iRscEv2SU7MHsUYTwAE6ak2qsy2WYZ1Rz222dTGz0x142HUWQB2Y7stprDP8LnGgWH4dWo4YREs+LQEoy/LJzw+DL3mjHA==
uNa/xDBGqmiuuw9dudgp9yYc7x4Xj/aP4buXuwLH4e0fZ7CesVQA08Qks5/44cwQXfqwGPk4rjZ4YSY7ddrb7MX1B4Ure6MS
Rmh1nTFoz0gaRlPwEUkvJpPKjFYIifd4MjXPYAeO68dmhhLEHU8d7Mm/8x6Twt6istt5A7EHouvk3QCjZw==
guh3J2hMY1FBZKFyyq0fyEXqcONGZCDrpCFDyIaNc+C7Nl930i6+ZLHnSTydZ6/ezxqKcuYzFePd79YbkCV8oxs=
UlzmxlVa+ll+8ZQa9EmyPPTJjylVGardg3w9ksigy2WpDMrphYNdXEEw5tXZQDwpoaBpEmV/yNr8tBNT01RnI33+3R7wmryHt3NfmwxTqgFuowk=
nMjfWp8ogWnojLZEIhyS1E2qsy2WYZ1Rz222dTKz0x142HUWQByY7stprDP8LnGgWH4dWo4YREs+LQEoy/LJzw+DL3mjHA==
WhxQyiLSQf1R+SktBEwk6yYc7x4Xj/aP4buXuwLH4u0fZ7CesVQA0sQks5/44cwQXfqwGPk4rjZ4YSY7ddrb7MX1B4Ure6MS
Q6AO/jncnmwVDQ9w8mHyUxMk0ZNgYBbFExGnpt3FnfVeLx/aoN0gfM8H/2A3rrsHFmZiRI3vTSz5n+Meg6Iu4mK76YMBpxIrtD1woxc=
rBCpoJC6A1h2VlJrX1Z305PKjFYSj/dkKjTPYACU7cd6nhPEHU8d7Mm/8x6Twt6istt5A7EHouvk3QCjZw==
C3aDuVoazOdWxwk9Tp74rkXqcONGZCDrvidD1J6Mc+C8LFl3zja/ZLHnSTydZ6/ezxqKcuYzFePd79YbkCV8oxs=
gtDTu8R+JXjH99VhhXtD3PfJjChVGardg3w9ksigy2WpDMrphYNdXEEw/NPZXCQooaBuCGN/1ML9tBNT01RnI33+3R7wmryHt3NfmwxTqgFuowk=
ecp8Da7fbHDneBcZFyUQymXelr8OBLTziwY4GmzJyKZmgyAjNoS4eUy2tcxb/2PgrMwpt56WD+Qhh7l8TUef3r/62rJWk4VjLY8GW6AFbKML
FfcWwXszz3fG0wVFKaQ5A6mjpcEUyZMgBm4llFF1gBcmTeMuq+hrknsQG6CP75kfXHV7awJTO+KM09YBxyd2NxGz92OSr6EVLC4QBuF8AO2uqlPb8AgMaO0ykAApkC6OiGlG4+WymxT1vacde1OjKg==
J924MgujezX2pdvajsXEgSYc7x4Xj/aP4buXuwLH4e0cZrCesVQA1d4is4Pg4MwQXfqwGPk4rjZ4YSY7ddrb7MX1B4Ure6MS
KpXJvfcUxYO2EzJf7az2EmwsIRnxdCGlzD5Q9kEsAN3OOpOr0NiM2A0i0PCJwC6+6PmGk8ViG6QVreft2wOjGg==
r3LGZq2yfVHNrB4J26dnuJPKjFYIifd4MjXPYASO68dmhhLEHU8d7Mm/8x6Twt6istt5A7EHouvk3QCjZw==
+gVjZPotQk/k0t8wc9XBe0XqcONGZCDrpCFDyIaNc+C4Nl930i6+ZLHnSTydZ6/ezxqKcuYzFePd79YbkCV8oxs=
PrSEE9n1DlVghEPgDrDbJvXJjylVGardg3w9ksigy2WpDMrphYNdXEEw5tXZQDwpoaBqEmV/yNr8tBNT01RnI33+3R7wmryHt3NfmwxTqgFuowk=
aiqxxiVXfgIQ20bW/qLLj960KQs81oq1NFEAyOrnZSOxgQxmIkvsU+o83JvoLUhc13fnYCxeoyf+FqqExT/ljAEPW577MpaCiuuhQ0mXOkusDWijDw==
GLDZoG2PZ7ZJDIPbSr9SHGZienNbvcKnc3tryZDRKTAXftM9lnF9AQ/d1oWzA3NtuIhVBkAPuL4LGQyDfN4REJgu/UqOCCSbfp3hWEtCaT9PUw9poww=
iRuD29oIY7+6Iw/sJhTOEGXelr8OBLTziwY4GmzJyKZmgyAjNoS4e0y1tMxb/2PgqNYvt4KODuQhh7l8TUef3r/62rJWk4VjLY8GW6AFbKML
Mmi2OVbOkz9pWU7h2He2l2Ixh9AzqrOE7P8tbXExeWs030YAqaPe2MZl9KdYd6uh4QI/cRmZ0Mfjleb5i7TwkZ7PE92WET2hj32WpbPjMw04aJUmQC94Xot5TGN8/lGwGI69Ko7o5Dv+PSF4SyKp388zT0mjLA==
RcMB4lhHXfB6cBAQA0DSQyYc7x4Xj/aP4buXuwLH4+0fZ7CesVQA0cQks5/44cwQXfqwGPk4rjZ4YSY7ddrb7MX1B4Ure6MS
F3UYqDOAhZzS6bU6gJ/3UWwsIRnxdCOlzz9Q9kEsANnUPJO3yNmM2A0i0PCJwC6+6PmGk8ViG6QVreft2wOjGg==
N8+xP3RKuj9ZXcLkRQyDyxNT9K1cOy7SrMRx4x/rEKazrUUr8/sjRVjgZR5AF4jW6zFcezxmwXg4ho3SDpDUM951seCLOrkXL7s/caMU
vogQGxZHSptZB7dkZgDT12/Ppbtza4P1GDAF7kDn6AargfzrvPYhCPjWreIOoPTjnoXRcAuqGafv698Bo2Q=
yR8PDV8rUvupxca0N8GhuYvi2o2etV3akxd7iehM/ZLAmxB6W/0El1yK2XQIqlWeztwMn275KQzr1uHbH5cnfaMY
bdfdxpquRSZu3j4jWMe4z2RmfG1c75CmZHs53NmUKjYNetM9lnF9AQ/d1oWzA3NtuIhVBkAPuL4LGQyDfN4REJgu/UqOCCSbfp3hWEtCaT9PUw9poww=
JjUPT5qDfLAfedoHQQ/nHW/Ppbtxa4D0GDAF7kDj8gCrneTqvPYhCPjWreIOoPTjnoXRcAuqGafv698Bo2Q=
EVWuhCVIHZBwdvAUgkypc4vi2o2etV3akRd4iOhM/ZLAnwp8W+EcllyK2XQIqlWeztwMn275KQzr1uHbH5cnfaMY
Kb4nhEaj9rcGprElrrJf+QqlJDutmvwVajqp67dDGFP/ywvl7sZAr1Y7MIiuSVpak5StsyUg6oDf7zh6mVS3Cz/kO+s5vhlWrGqQ31NTe2MgQ1YJaqMN
QJ90xy/4YhlCLrUkaSBmUgqlJDutmvEVajqp67dDGFP/ywvl7sZAr1Y7MIiuSVpak5StsyUg6oDf7zh6mVS3Cz/kO+s5vhlWrGqQ31NTe2MgQ1YJaqMN
aon/TOFK0xMAkgzfAoguBGkC2/sNRg98z8O2S6lHx2+6awGJ9PoAKinYgFFWniMXGIxstPUmwOyh9G5ysB32b032uwit6TexM3ejFg==
QJ90xy/4YhlCLrUkaSBmUgqlJDutmvEVajqp67dDGFP/ywvl7sZAr1Y7MIiuSVpak5StsyUg6oDf7zh6mVS3Cz/kO+s5vhlWrGqQ31NTe2MgQ1YJaqMN
J+UPHRYpcYYkK/CdMNaVCS+7kB2v6SgLPZn5mChpbCT62p9183lAJu7zuINeVAA5lIbdLGPva+Ck3BHXdqZXJJnXUdzVtxdeN0pCUv7DfSN1fy57WBVkowM=
J924MgujezX2pdvajsXEgSYc7x4Xj/aP4buXuwLH4e0cZrCesVQA1d4is4Pg4MwQXfqwGPk4rjZ4YSY7ddrb7MX1B4Ure6MS
KpXJvfcUxYO2EzJf7az2EmwsIRnxdCGlzD5Q9kEsAN3OOpOr0NiM2A0i0PCJwC6+6PmGk8ViG6QVreft2wOjGg==
JjUPT5qDfLAfedoHQQ/nHW/Ppbtxa4D0GDAF7kDj8gCrneTqvPYhCPjWreIOoPTjnoXRcAuqGafv698Bo2Q=
EVWuhCVIHZBwdvAUgkypc4vi2o2etV3akRd4iOhM/ZLAnwp8W+EcllyK2XQIqlWeztwMn275KQzr1uHbH5cnfaMY
J924MgujezX2pdvajsXEgSYc7x4Xj/aP4buXuwLH4e0cZrCesVQA1d4is4Pg4MwQXfqwGPk4rjZ4YSY7ddrb7MX1B4Ure6MS
CH0Jh57UPbuLIu9zpbubhAvambtlEl2zpmr+OwAdfyH3XfR77YkSCmu0hUM9IPLw989AqlEUf7tnBJN7wT6hxsTKSK+bkzOzGCO+OXKjFQ==
ASvJj9LGwX/YqnZwultPZG1Vp1tO2KnI7bOQuEHM4e0cZrCesVQA1d4is4Pg4MwQXfqwGPk4rjZ4YSY7ddrb7MX1B4Ure6MS
bfgqTkplXiM9BabPytVK6QFh3o9tI0KbWkijud3XnPRBLx/ZoN4hfM8H/2AwtL0HCn5jRI3vTSz5n+Meg6Iu4mK76YMBpxIrtD1woxc=
EVWuhCVIHZBwdvAUgkypc4vi2o2etV3akRd4iOhM/ZLAnwp8W+EcllyK2XQIqlWeztwMn275KQzr1uHbH5cnfaMY
AQkdaHJTB9XfuA/wKUWPwgORv4RWJz+Hx3Ner4cHdhdRE3fD0o+hNWyOkKahXADN7grTe7AoDEitkhCgabAursjJxkOlkps0tR0nvTtzowo=
O+hDz/SjckfTnPtBKvUddAiRv4RWJz+Hx3Ner4cHdhdRE3fD0o+hNWyOkKahXADN7grTe7AoDEitkhCgabAursjJxkOlkps0tR0nvTtzowo=
4qvdupS+0RhRuPiuY9GlDn/4ghOiqCFZN4PrhTt8PzS2m9d++DAPIu7zuINeVAA5lIbdLGPva+Ck3BHXdqZXJJnXUdzVtxdeN0pCUv7DfSN1fy57WBVkowM=
hGS8wy6skEHP+Bkybx7RGwEowIQiY0vOFFi74prblPNCbBTZoN4hfM8H/2AwtL0HCn5jRI3vTSz5n+Meg6Iu4mK76YMBpxIrtD1woxc=
RJdzed5DE6jvYzhR/KSC7KCn2Hha3PKwUkII7biUdOJ/WzbTGd+ntwozwdHEImAyGcCASWaGQ88o1KzsRf6gdBFs7uoAhZa3/a57UJ0xV6kDb6MO
UZauO0Gr+ST3PKUzIYnmpyToI4Eco8IR948/NuqYswx9Hg/Q15COBl0wtZVmRsgfrptYWHYJYqq79LWjLSDikMcPEAqhlO9b10RDW7E+kaYUCjgPCxODU0hjThliowU=
C+PTUYyKo6tXmperXN9n9wZs56PDWbAm3hPIQ+408LkEZo3ss4974LQ8QZemxsek6TfhnCXXJ15HanISDmPNo+Xf/juINXSjEw==
CH0Jh57UPbuLIu9zpbubhAvambtlEl2zpmr+OwAdfyH3XfR77YkSCmu0hUM9IPLw989AqlEUf7tnBJN7wT6hxsTKSK+bkzOzGCO+OXKjFQ==
NzzHCW8os2sA0alRRQ6k2BMk0ZNgYBbFExGnpt3FnfVeLx/ZoN4hfM8H/2AwtL0HCn5jRI3vTSz5n+Meg6Iu4mK76YMBpxIrtD1woxc=
JjUPT5qDfLAfedoHQQ/nHW/Ppbtxa4D0GDAF7kDj8gCrneTqvPYhCPjWreIOoPTjnoXRcAuqGafv698Bo2Q=
NzzHCW8os2sA0alRRQ6k2BMk0ZNgYBbFExGnpt3FnfVeLx/ZoN4hfM8H/2AwtL0HCn5jRI3vTSz5n+Meg6Iu4mK76YMBpxIrtD1woxc=
EVWuhCVIHZBwdvAUgkypc4vi2o2etV3akRd4iOhM/ZLAnwp8W+EcllyK2XQIqlWeztwMn275KQzr1uHbH5cnfaMY
eJeHvDejlYGHWPGzqSEVHDdYmbxaXQlmz8O2S6lHx2+6awGJ9PoAKinYgFFWniMXGIxstPUmwOyh9G5ysB32b032uwit6TexM3ejFg==
a9JXJMs8YFaSWNgCZq6NOEo1JnAIPTojC6iZ71USN/S5re8TbOjNO1I9Jc2/sQ4p0a/oAAgEzYrAhzo0u2mMLhxyyXwo4qUGTkR8V07xOXQrbnFTf18XZaMA
l3S2iiON/HHnyyHoSugxYAOR/cBLMmnXyz0U6sFNchdRE3fD0o+hNWyOkKahXADN7grTe7AoDEitkhCgabAursjJxkOlkps0tR0nvTtzowo=
gbaIJojKwCrOP+kLjrWyrEpkJH2bwH6ZnVKJ9N5L+0LfDXr6+JK0lM/Zk/mlUQdpL3EEhZSQVbt4ghw30qtUQGJpVlJ3pOkL2aCWOBvfXHKVdPtD23S/c+V+RU6oerSXn7P364SzEnFWozE=
y0ivIUSavGwXKu1nKGf0zn0Dg+MsuC0rUi1FHX/B7plRX0iwyFTtmsCXGmR72SzenMIpDOgyxRZOVJwHDgFZxKse0eM/jzd1oxA=
4TDZSR0pL/3GMhs0ud8DxRFX8rNbaXzTu8Qj9lauE6CpqUU28fsgRFjgZR5AE5LQ6y1EejxmwXg4ho3SDpDUM951seCLOrkXL7s/caMU
NzzHCW8os2sA0alRRQ6k2BMk0ZNgYBbFExGnpt3FnfVeLx/ZoN4hfM8H/2AwtL0HCn5jRI3vTSz5n+Meg6Iu4mK76YMBpxIrtD1woxc=
My5btUgsV0LSmcBnH6+K6BEdbYQn5mHbqahBQaTSIAI50IBZRrYDP0hELHyljmBEMXzu+iC1VscdPvvA/cEXmSN/ox4=
EVWuhCVIHZBwdvAUgkypc4vi2o2etV3akRd4iOhM/ZLAnwp8W+EcllyK2XQIqlWeztwMn275KQzr1uHbH5cnfaMY
eJeHvDejlYGHWPGzqSEVHDdYmbxaXQlmz8O2S6lHx2+6awGJ9PoAKinYgFFWniMXGIxstPUmwOyh9G5ysB32b032uwit6TexM3ejFg==
y/wamQDYu3ikCdZkeq9NcVfu11NzW8uu+XpYS4xQXbPStbV132m+YRFnmNgofN2CwI8qTJux/ObcOnmkSFo1js7M7O+uqYm8ayaBC1+nB22jCA==
wkgzJZxAvPGqNJQ+HTfeTOTN4fP1o819RWnf5f98ZgeBhfSCcdXyn8Fr12uiV2F9vLbwTpFEAMX+8vNTQHBMgP0q8MjZKK4mWLFm69VKW3xlJUdVC2ujAg==
pOODi0vfwIpDaXO4pN1n1Vo47Mk0EPX7WIJ8dzIrNIBCaXaS1yQJy7mgdnh7X/wytXTbAzv037MFfmWOCPoUV/+zF6vkM7IxdqMR
s1CIL7xqkBOQjobrxgPFTN60KQs81oq1NFEAyOrnZSOxgQxmIkvsU+o83JnoLklc13fnYChEpSfiDquExT/ljAEPW577MpaCiuuhQ0mXOkusDWijDw==
J924MgujezX2pdvajsXEgSYc7x4Xj/aP4buXuwLH4e0cZrCesVQA1d4is4Pg4MwQXfqwGPk4rjZ4YSY7ddrb7MX1B4Ure6MS
NzzHCW8os2sA0alRRQ6k2BMk0ZNgYBbFExGnpt3FnfVeLx/ZoN4hfM8H/2AwtL0HCn5jRI3vTSz5n+Meg6Iu4mK76YMBpxIrtD1woxc=
EVWuhCVIHZBwdvAUgkypc4vi2o2etV3akRd4iOhM/ZLAnwp8W+EcllyK2XQIqlWeztwMn275KQzr1uHbH5cnfaMY
eJeHvDejlYGHWPGzqSEVHDdYmbxaXQlmz8O2S6lHx2+6awGJ9PoAKinYgFFWniMXGIxstPUmwOyh9G5ysB32b032uwit6TexM3ejFg==
qLYOqukKd7XSLpvA65OJHQLEkLF+BBin6CC5MxxCOD/+W+g45okSCmu0hUM9IPLw989AqlEUf7tnBJN7wT6hxsTKSK+bkzOzGCO+OXKjFQ==
y/wamQDYu3ikCdZkeq9NcVfu11NzW8uu+XpYS4xQXbPStbV132m+YRFnmNgofN2CwI8qTJux/ObcOnmkSFo1js7M7O+uqYm8ayaBC1+nB22jCA==
y0ivIUSavGwXKu1nKGf0zn0Dg+MsuC0rUi1FHX/B7plRX0iwyFTtmsCXGmR72SzenMIpDOgyxRZOVJwHDgFZxKse0eM/jzd1oxA=
JjUPT5qDfLAfedoHQQ/nHW/Ppbtxa4D0GDAF7kDj8gCrneTqvPYhCPjWreIOoPTjnoXRcAuqGafv698Bo2Q=
2SLWzPHnZnr/CUvL9pfiqQtIeM0252bLqahBQaTSIAI50IBZRrYDP0hELHyljmBEMXzu+iC1VscdPvvA/cEXmSN/ox4=
E//1PMHIlNbjWxB6BPOUoSUa+wgXj/aP4buXuwLH4e0cZrCesVQA1d4is4Pg4MwQXfqwGPk4rjZ4YSY7ddrb7MX1B4Ure6MS
s1CIL7xqkBOQjobrxgPFTN60KQs81oq1NFEAyOrnZSOxgQxmIkvsU+o83JnoLklc13fnYChEpSfiDquExT/ljAEPW577MpaCiuuhQ0mXOkusDWijDw==
aon/TOFK0xMAkgzfAoguBGkC2/sNRg98z8O2S6lHx2+6awGJ9PoAKinYgFFWniMXGIxstPUmwOyh9G5ysB32b032uwit6TexM3ejFg==
DuZyg5O003tS3JqNTqz/4m1NgK1g8mthVi1FHX/B7plRX0iwyFTtmsCXGmR72SzenMIpDOgyxRZOVJwHDgFZxKse0eM/jzd1oxA=
s1CIL7xqkBOQjobrxgPFTN60KQs81oq1NFEAyOrnZSOxgQxmIkvsU+o83JnoLklc13fnYChEpSfiDquExT/ljAEPW577MpaCiuuhQ0mXOkusDWijDw==
J924MgujezX2pdvajsXEgSYc7x4Xj/aP4buXuwLH4e0cZrCesVQA1d4is4Pg4MwQXfqwGPk4rjZ4YSY7ddrb7MX1B4Ure6MS
NzzHCW8os2sA0alRRQ6k2BMk0ZNgYBbFExGnpt3FnfVeLx/ZoN4hfM8H/2AwtL0HCn5jRI3vTSz5n+Meg6Iu4mK76YMBpxIrtD1woxc=
My5btUgsV0LSmcBnH6+K6BEdbYQn5mHbqahBQaTSIAI50IBZRrYDP0hELHyljmBEMXzu+iC1VscdPvvA/cEXmSN/ox4=
QFFo0ubxkmW9wuclvunGZjWdgaICSfDzgR8lCG+Zy+ptiCckPcezeUy2tcxb/2PgrMwpt56WD+Qhh7l8TUef3r/62rJWk4VjLY8GW6AFbKML
EVWuhCVIHZBwdvAUgkypc4vi2o2etV3akRd4iOhM/ZLAnwp8W+EcllyK2XQIqlWeztwMn275KQzr1uHbH5cnfaMY
kKHk6QiQ35IZ9QDFITgElZi1MhYphY26LVEVzajxeSKmgQxmIkvsU+o83JnoLklc13fnYChEpSfiDquExT/ljAEPW577MpaCiuuhQ0mXOkusDWijDw==
zZepCsSRhilfdeE5Yu94KQSe37F4Hgenu2LgdVZGOD/+W+g45okSCmu0hUM9IPLw989AqlEUf7tnBJN7wT6hxsTKSK+bkzOzGCO+OXKjFQ==
S/s7AUgbfRkEcOTkzSKCOWMFxqwJWgZ/z8O2S6lHx2+6awGJ9PoAKinYgFFWniMXGIxstPUmwOyh9G5ysB32b032uwit6TexM3ejFg==
E//1PMHIlNbjWxB6BPOUoSUa+wgXj/aP4buXuwLH4e0cZrCesVQA1d4is4Pg4MwQXfqwGPk4rjZ4YSY7ddrb7MX1B4Ure6MS
0W4Bxj6nnczXHkT33s/+kx25KTqtlfEcbTKq6qYRSE2wzBbl7sZAr1Y7MIiuSVpak5StsyUg6oDf7zh6mVS3Cz/kO+s5vhlWrGqQ31NTe2MgQ1YJaqMN
E//1PMHIlNbjWxB6BPOUoSUa+wgXj/aP4buXuwLH4e0cZrCesVQA1d4is4Pg4MwQXfqwGPk4rjZ4YSY7ddrb7MX1B4Ure6MS
J924MgujezX2pdvajsXEgSYc7x4Xj/aP4buXuwLH4e0cZrCesVQA1d4is4Pg4MwQXfqwGPk4rjZ4YSY7ddrb7MX1B4Ure6MS
2SLWzPHnZnr/CUvL9pfiqQtIeM0252bLqahBQaTSIAI50IBZRrYDP0hELHyljmBEMXzu+iC1VscdPvvA/cEXmSN/ox4=
5uiGZaf+IFQsiSQojkd6ZCF0w9QijV0kRTJne1bi06hWElsU2tDYlXrmQ7UW+e2Z72WmTXFLQJSYkEUOQAOyoCv9JMq8FmGoeLZtwg6AtAMeJREQC4pZR29LH2GjBA==
BhYKjjB1r+OWYKsFdwmmUD70L4AL+sQX64l3IbiWoxFvEl+V35KJAkoms5VmRsgfrptYWHYJYqq79LWjLSDikMcPEAqhlO9b10RDW7E+kaYUCjgPCxODU0hjThliowU=
J924MgujezX2pdvajsXEgSYc7x4Xj/aP4buXuwLH4e0cZrCesVQA1d4is4Pg4MwQXfqwGPk4rjZ4YSY7ddrb7MX1B4Ure6MS
My5btUgsV0LSmcBnH6+K6BEdbYQn5mHbqahBQaTSIAI50IBZRrYDP0hELHyljmBEMXzu+iC1VscdPvvA/cEXmSN/ox4=
IeyM9bznRodf5z595ZD8sX4rNh/xdCGlzD5Q9kEsAN3OOpOr0NiM2A0i0PCJwC6+6PmGk8ViG6QVreft2wOjGg==
DuZyg5O003tS3JqNTqz/4m1NgK1g8mthVi1FHX/B7plRX0iwyFTtmsCXGmR72SzenMIpDOgyxRZOVJwHDgFZxKse0eM/jzd1oxA=
0Czl3Iu7M0KWqzIJNwJDMUcS9a5aaWvZtskjpRbpDamvtQY98fsgRFjgZR5AE5LQ6y1EejxmwXg4ho3SDpDUM951seCLOrkXL7s/caMU
ZsEWoakqn8fxNupIZpfoo2UjhAPFptD24fbKN0M71p+AiEVrObDCEaacsluJNwff2vuBGRRKQNoJyIBBdm5jp/gc7CSVlgCcgeRuYpBtNt8tZjuYTVl3QRNnowY=
L5EqbpVGqjEw5NIwVqa+5GXelaIHB/viww84EmCHnv0hkzYiOsezeUy2tcxb/2PgrMwpt56WD+Qhh7l8TUef3r/62rJWk4VjLY8GW6AFbKML
JjUPT5qDfLAfedoHQQ/nHW/Ppbtxa4D0GDAF7kDj8gCrneTqvPYhCPjWreIOoPTjnoXRcAuqGafv698Bo2Q=
8N0a+Y9YnwUXQLMlANwyWGEe27laXQlmz5D2DLdOwXP5YAGJ9PoAKinYgFFWniMXGIxstPUmwOyh9G5ysB32b032uwit6TexM3ejFg==
NzzHCW8os2sA0alRRQ6k2BMk0ZNgYBbFExGnpt3FnfVeLx/ZoN4hfM8H/2AwtL0HCn5jRI3vTSz5n+Meg6Iu4mK76YMBpxIrtD1woxc=
KpXJvfcUxYO2EzJf7az2EmwsIRnxdCGlzD5Q9kEsAN3OOpOr0NiM2A0i0PCJwC6+6PmGk8ViG6QVreft2wOjGg==
JjUPT5qDfLAfedoHQQ/nHW/Ppbtxa4D0GDAF7kDj8gCrneTqvPYhCPjWreIOoPTjnoXRcAuqGafv698Bo2Q=
NzzHCW8os2sA0alRRQ6k2BMk0ZNgYBbFExGnpt3FnfVeLx/ZoN4hfM8H/2AwtL0HCn5jRI3vTSz5n+Meg6Iu4mK76YMBpxIrtD1woxc=
zJpBYDXd6dnUCkSkiNyFTxEdbYQn5mHbqbVBQaTSIAI50IBZRrYDP0hELHyljmBEMXzu+iC1VscdPvvA/cEXmSN/ox4=
JjUPT5qDfLAfedoHQQ/nHW/Ppbtxa4D0GDAF7kDj8gCrneTqvPYhCPjWreIOoPTjnoXRcAuqGafv698Bo2Q=
My5btUgsV0LSmcBnH6+K6BEdbYQn5mHbqahBQaTSIAI50IBZRrYDP0hELHyljmBEMXzu+iC1VscdPvvA/cEXmSN/ox4=
5lcKBKC4KnoEXyLkKi/4OMMDmnpHwHsBoqItCnaf+57XRGIPG422iop0yq6joEcuKM+vWTB+cbz/Z+9gIFSNR9re88Q9j71sqX/THnOCfiLSGxkDkUdCa0QdYKMH
EVWuhCVIHZBwdvAUgkypc4vi2o2etV3akRd4iOhM/ZLAnwp8W+EcllyK2XQIqlWeztwMn275KQzr1uHbH5cnfaMY
ay2nkxOdq7kjibgxPbcf/Ah+pORdEr8UwKPN6qfy1E4uBAX06q6oeTAoBEanF3YnMcO3s3IfIYWM3tBWgUwA/Y7aEwsQuIz4TcJQUEmgLp6oGQYzBQIbhFVNZ00bY6M6
J924MgujezX2pdvajsXEgSYc7x4Xj/aP4buXuwLH4e0cZrCesVQA1d4is4Pg4MwQXfqwGPk4rjZ4YSY7ddrb7MX1B4Ure6MS
My5btUgsV0LSmcBnH6+K6BEdbYQn5mHbqahBQaTSIAI50IBZRrYDP0hELHyljmBEMXzu+iC1VscdPvvA/cEXmSN/ox4=
etUUr5uhWNhw9v6YNg0g85PKjFYSj/dkKjTPYAeU7cd6nhPEHU8d7Mm/8x6Twt6istt5A7EHouvk3QCjZw==
saANFFgMpVbxGRYzENekyx9hwP45f5q9VMJ6cCA2NItKezSj8Xw82LmgcXh7X/wytXTbAzv037MFfmWOCPoUV/+zF6vkM7IxdqMR
pgJmBYAXKvIikYewkxYEu0XqcONGZCDrvidD1J6Mc+C7LFl3zja/ZLHnSTydZ6/ezxqKcuYzFePd79YbkCV8oxs=
Jc5wBHwqPmmieTSpgo5q3vfJjChVD63dg3w9ksigy2WpDMrphYNdXEEw/NPZXCQooaBpCGN/1ML9tBNT01RnI33+3R7wmryHt3NfmwxTqgFuowk=
I5UzPnY5ZSyErMvs2/wDAuTN4fP1o819RWnf5f98ZgeBhbjPN5/2n8Fr12uiV2F9vLbwWJZEAML+8vNTQHBMgP0q8MjZKK4mWLFm69VKW3xlJUdVC2ujAg==
JjUPT5qDfLAfedoHQQ/nHW/Ppbtxa4D0GDAF7kDj8gCrneTqvPYhCPjWreIOoPTjnoXRcAuqGafv698Bo2Q=
injlTQPrB5evM+4mqmf0OIvi2o2etV3HkRd4iOhM/ZLAnwp8W+EcllyK2XQIqlWeztwMn275KQzr1uHbH5cnfaMY
JjUPT5qDfLAfedoHQQ/nHW/Ppbtxa4D0GDAF7kDj8gCrneTqvPYhCPjWreIOoPTjnoXRcAuqGafv698Bo2Q=
EVWuhCVIHZBwdvAUgkypc4vi2o2etV3akRd4iOhM/ZLAnwp8W+EcllyK2XQIqlWeztwMn275KQzr1uHbH5cnfaMY
eJeHvDejlYGHWPGzqSEVHDdYmbxaXQlmz8O2S6lHx2+6awGJ9PoAKinYgFFWniMXGIxstPUmwOyh9G5ysB32b032uwit6TexM3ejFg==
TLehWW6Wr2eMPbfkiJ3BG2aG33mUvFmaxatC0LzqOhfTNnCHxp2LGn1ZHVjb2qmv+zU0shHl8q+hWxfbwufhzdwGMH7xdAD1nsIz4yDAzDCdmjD4uRiuFjiBplu1+tvMBZWHZWtbozI=
ZmNWPZjOiufuGL3sZ1EJCfnGux773CIjp9mgAzAUXMWt8WsoZFAlm2iCDFfia+Qg0unGMidkOSupoGYYS5+MkgX0S6NrNI+T9X5Vblg6xDdvM2dLVHNCEWajAQ==
pOODi0vfwIpDaXO4pN1n1Vo47Mk0EPX7WIJ8dzIrNIBCaXaS1yQJy7mgdnh7X/wytXTbAzv037MFfmWOCPoUV/+zF6vkM7IxdqMR
0bYggK4oN6CPAPcuScMWvgjHkLgqAxW6pmLydVZGOD/+W+g45okSCmu0hUM9IPLw989AqlEUf7tnBJN7wT6hxsTKSK+bkzOzGCO+OXKjFQ==
JjUPT5qDfLAfedoHQQ/nHW/Ppbtxa4D0GDAF7kDj8gCrneTqvPYhCPjWreIOoPTjnoXRcAuqGafv698Bo2Q=
EVWuhCVIHZBwdvAUgkypc4vi2o2etV3akRd4iOhM/ZLAnwp8W+EcllyK2XQIqlWeztwMn275KQzr1uHbH5cnfaMY
ecp8Da7fbHDneBcZFyUQymXelr8OBLTziwY4GmzJyKZmgyAjNoS4eUy2tcxb/2PgrMwpt56WD+Qhh7l8TUef3r/62rJWk4VjLY8GW6AFbKML
H0Awv29MXCJ01jgx/3IQexm8mFNzQc79q3BYBc4bG/nWtbV132m+YRFnmNgofN2CwI8qTJux/ObcOnmkSFo1js7M7O+uqYm8ayaBC1+nB22jCA==
J924MgujezX2pdvajsXEgSYc7x4Xj/aP4buXuwLH4e0cZrCesVQA1d4is4Pg4MwQXfqwGPk4rjZ4YSY7ddrb7MX1B4Ure6MS
KpXJvfcUxYO2EzJf7az2EmwsIRnxdCGlzD5Q9kEsAN3OOpOr0NiM2A0i0PCJwC6+6PmGk8ViG6QVreft2wOjGg==
JjUPT5qDfLAfedoHQQ/nHW/Ppbtxa4D0GDAF7kDj8gCrneTqvPYhCPjWreIOoPTjnoXRcAuqGafv698Bo2Q=
EVWuhCVIHZBwdvAUgkypc4vi2o2etV3akRd4iOhM/ZLAnwp8W+EcllyK2XQIqlWeztwMn275KQzr1uHbH5cnfaMY
tldxXrJ/YNbChxmJcEIMCjyQnahBB+Hzzh85E33JyKZmgyAjNoS4eUy2tcxb/2PgrMwpt56WD+Qhh7l8TUef3r/62rJWk4VjLY8GW6AFbKML
J924MgujezX2pdvajsXEgSYc7x4Xj/aP4buXuwLH4e0cZrCesVQA1d4is4Pg4MwQXfqwGPk4rjZ4YSY7ddrb7MX1B4Ure6MS
F5oQVD0HvTYVdwBVQ3K96kB24biGF+Z9mQ3BRfJ3+7kEZo3ss4974LQ8QZemxsek6TfhnCXXJ15HanISDmPNo+Xf/juINXSjEw==
PQ8xBOMdoL3FOIbAsszVYEk48sJ7UPzzRN07aTstKMNJaXaS1yQJy7mgdnh7X/wytXTbAzv037MFfmWOCPoUV/+zF6vkM7IxdqMR
omn78JqB5Fm3dCbmLIsPQwvambtlElCzpmr+OwAdfyH3XfR77YkSCmu0hUM9IPLw989AqlEUf7tnBJN7wT6hxsTKSK+bkzOzGCO+OXKjFQ==
EVWuhCVIHZBwdvAUgkypc4vi2o2etV3akRd4iOhM/ZLAnwp8W+EcllyK2XQIqlWeztwMn275KQzr1uHbH5cnfaMY
Kb4nhEaj9rcGprElrrJf+QqlJDutmvwVajqp67dDGFP/ywvl7sZAr1Y7MIiuSVpak5StsyUg6oDf7zh6mVS3Cz/kO+s5vhlWrGqQ31NTe2MgQ1YJaqMN
aon/TOFK0xMAkgzfAoguBGkC2/sNRg98z8O2S6lHx2+6awGJ9PoAKinYgFFWniMXGIxstPUmwOyh9G5ysB32b032uwit6TexM3ejFg==
J924MgujezX2pdvajsXEgSYc7x4Xj/aP4buXuwLH4e0cZrCesVQA1d4is4Pg4MwQXfqwGPk4rjZ4YSY7ddrb7MX1B4Ure6MS
My5btUgsV0LSmcBnH6+K6BEdbYQn5mHbqahBQaTSIAI50IBZRrYDP0hELHyljmBEMXzu+iC1VscdPvvA/cEXmSN/ox4=
CH0Jh57UPbuLIu9zpbubhAvambtlEl2zpmr+OwAdfyH3XfR77YkSCmu0hUM9IPLw989AqlEUf7tnBJN7wT6hxsTKSK+bkzOzGCO+OXKjFQ==
Pjlkyb5WfILPqXTUTT8TagBTKIuSjPfDbvxDKxXJyjpDVP1TNSD64A+vaJoJ1Adrz6QLC0m+KXZcKiB/I9Prw/ADhil6ox0=
EVWuhCVIHZBwdvAUgkypc4vi2o2etV3akRd4iOhM/ZLAnwp8W+EcllyK2XQIqlWeztwMn275KQzr1uHbH5cnfaMY
cz3DvsY8eFH4p2biTVbPfFyTmbtlElCxpmr8dVZGOD/+W+g45okSCmu0hUM9IPLw989AqlEUf7tnBJN7wT6hxsTKSK+bkzOzGCO+OXKjFQ==
0Czl3Iu7M0KWqzIJNwJDMUcS9a5aaWvZtskjpRbpDamvtQY98fsgRFjgZR5AE5LQ6y1EejxmwXg4ho3SDpDUM951seCLOrkXL7s/caMU
ZsEWoakqn8fxNupIZpfoo2UjhAPFptD24fbKN0M71p+AiEVrObDCEaacsluJNwff2vuBGRRKQNoJyIBBdm5jp/gc7CSVlgCcgeRuYpBtNt8tZjuYTVl3QRNnowY=
hGS8wy6skEHP+Bkybx7RGwEowIQiY0vOFFi74prblPNCbBTZoN4hfM8H/2AwtL0HCn5jRI3vTSz5n+Meg6Iu4mK76YMBpxIrtD1woxc=
0Czl3Iu7M0KWqzIJNwJDMUcS9a5aaWvZtskjpRbpDamvtQY98fsgRFjgZR5AE5LQ6y1EejxmwXg4ho3SDpDUM951seCLOrkXL7s/caMU
9y7HczmqytuSrEvIesVv+vv11mhHzv7gF0AHo+nYYvk2FDLTGd+ntwozwdHEImAyGcCASWaGQ88o1KzsRf6gdBFs7uoAhZa3/a57UJ0xV6kDb6MO
7e4Ig1cEfscjeaKs6K2NaU38ylRiXYOytzUVQsoXUrbStbV132m+YRFnmNgofN2CwI8qTJux/ObcOnmkSFo1js7M7O+uqYm8ayaBC1+nB22jCA==
JjUPT5qDfLAfedoHQQ/nHW/Ppbtxa4D0GDAF7kDj8gCrneTqvPYhCPjWreIOoPTjnoXRcAuqGafv698Bo2Q=
EVWuhCVIHZBwdvAUgkypc4vi2o2etV3akRd4iOhM/ZLAnwp8W+EcllyK2XQIqlWeztwMn275KQzr1uHbH5cnfaMY
eJeHvDejlYGHWPGzqSEVHDdYmbxaXQlmz8O2S6lHx2+6awGJ9PoAKinYgFFWniMXGIxstPUmwOyh9G5ysB32b032uwit6TexM3ejFg==
QdZdZ6Ng2rbRETacU8NWKgtufTFfZyZjUPDFoENWI/y5sugTbOjNO1I9Jc2/sQ4p0a/oAAgEzYrAhzo0u2mMLhxyyXwo4qUGTkR8V07xOXQrbnFTf18XZaMA
JHgZb5h8FQa+8ev/5eZ3cAARf8XexrDPZvtAaB7JyjpDVP1TNSD64A+vaJoJ1Adrz6QLC0m+KXZcKiB/I9Prw/ADhil6ox0=
J924MgujezX2pdvajsXEgSYc7x4Xj/aP4buXuwLH4e0cZrCesVQA1d4is4Pg4MwQXfqwGPk4rjZ4YSY7ddrb7MX1B4Ure6MS
Z2V9N/H3a0oTXyLStL3LW3PdpaZxa4D0GDAF7kDj8gCrneTqvPYhCPjWreIOoPTjnoXRcAuqGafv698Bo2Q=
ykAK+Rj6l2iD3aSJyGiEEW/Ppbtxa4P1GDAF7kDl6AargfzrvPYhCPjWreIOoPTjnoXRcAuqGafv698Bo2Q=
xJqSPbIb7tYncYmlmc90IWwsIRnxdCGlzz9Q9kEsANvUPJO3yNmM2A0i0PCJwC6+6PmGk8ViG6QVreft2wOjGg==
ykAK+Rj6l2iD3aSJyGiEEW/Ppbtxa4P1GDAF7kDl6AargfzrvPYhCPjWreIOoPTjnoXRcAuqGafv698Bo2Q=
zQ/lHZEQyXkIxVr4V3OMzBMk0ZNgYBbFExGnpt3FnfVeLx/ZoN0gfM8H/2A2rrsHFmZiRI3vTSz5n+Meg6Iu4mK76YMBpxIrtD1woxc=
zQ/lHZEQyXkIxVr4V3OMzBMk0ZNgYBbFExGnpt3FnfVeLx/ZoN0gfM8H/2A2rrsHFmZiRI3vTSz5n+Meg6Iu4mK76YMBpxIrtD1woxc=
kl3xEeF1uzyvNqcsxhzFsQCkd+FfJyP5/BVkjKufc+C6Nl930i6+ZLHnSTydZ6/ezxqKcuYzFePd79YbkCV8oxs=
VWTpTpJjDs9ISuV1CefpGBEJc9Jw/WfBqahBQafTIAI50IBfXLADI1BFLHyljmBEMXzu+iC1VscdPvvA/cEXmSN/ox4=
qA5kowOAOR/tb2H+4E7ZPovi2o2etV3akRd7iehM/ZLAmRB6W/0El1yK2XQIqlWeztwMn275KQzr1uHbH5cnfaMY
PDO1XCK0AfS1KotzI64Th2kWxa1aXQlmz8O2S6lHx2+6awGJ9/sAKinYgFdMmCMLAI1stPUmwOyh9G5ysB32b032uwit6TexM3ejFg==
9B4ug92bZHAIz6IA+IihmUQv2Y10YBbFExH05prblPNCbBTZoN0gfM8H/2A2rrsHFmZiRI3vTSz5n+Meg6Iu4mK76YMBpxIrtD1woxc=
ujnoatr+YnWzKQXfkyw+OFfu11NzW8uu+XpYS4xQXbPStbV132m+YRFnm9kofN2CwIkwSput5OfcOnmkSFo1js7M7O+uqYm8ayaBC1+nB22jCA==
duxAQsFkqj0n1SHc+6DPVmaG33mUvFmaxatC0LzqORfTNnCHxp2LGn1ZHVjb2qmv+zU0shHl8q+hWxfbwufhzd8HMH7xdADzhMQz/zjBzDCdmjD4uRiuFjiBplu1+tvMBZWHZWtbozI=
BCH+SUbCNeRDDqKQxY4safnGux773CIjp9mgAzAUXMWt8WsoZFAlm2iCDFfia+Qg0unGMSZkOSupoGACTZ+QigT0S6NrNI+T9X5Vblg6xDdvM2dLVHNCEWajAQ==
h56gP3GmoDIf7zl2XdRH+Vo47Mk0EPX7WIJ8dzIrNIBCaXaR1iQJy7mgcGJ9X+AqtHTbAzv037MFfmWOCPoUV/+zF6vkM7IxdqMR
Kv5WLqTvny34/0xM7pNsP66piDEMi66+BRZYo62fbud/WzbTGd+ntwozwdHHI2AyGcCAT3yAQ9Mw1azsRf6gdBFs7uoAhZa3/a57UJ0xV6kDb6MO
uNa/xDBGqmiuuw9dudgp9yYc7x4Xj/aP4buXuwLH4e0fZ7CesVQA08Qks5/44cwQXfqwGPk4rjZ4YSY7ddrb7MX1B4Ure6MS
ssMniABXCDJJswm9ow98ODZZmPVCH1Yh3dmuDKdPwHD5YAGJ9/sAKinYgFdMmCMLAI1stPUmwOyh9G5ysB32b032uwit6TexM3ejFg==
JjUPT5qDfLAfedoHQQ/nHW/Ppbtxa4D0GDAF7kDj8gCrneTqvPYhCPjWreIOoPTjnoXRcAuqGafv698Bo2Q=
NzzHCW8os2sA0alRRQ6k2BMk0ZNgYBbFExGnpt3FnfVeLx/ZoN4hfM8H/2AwtL0HCn5jRI3vTSz5n+Meg6Iu4mK76YMBpxIrtD1woxc=
ykAK+Rj6l2iD3aSJyGiEEW/Ppbtxa4P1GDAF7kDl6AargfzrvPYhCPjWreIOoPTjnoXRcAuqGafv698Bo2Q=
zQ/lHZEQyXkIxVr4V3OMzBMk0ZNgYBbFExGnpt3FnfVeLx/ZoN0gfM8H/2A2rrsHFmZiRI3vTSz5n+Meg6Iu4mK76YMBpxIrtD1woxc=
ykAK+Rj6l2iD3aSJyGiEEW/Ppbtxa4P1GDAF7kDl6AargfzrvPYhCPjWreIOoPTjnoXRcAuqGafv698Bo2Q=
qA5kowOAOR/tb2H+4E7ZPovi2o2etV3akRd7iehM/ZLAmRB6W/0El1yK2XQIqlWeztwMn275KQzr1uHbH5cnfaMY
r8IReksdyxUWmo1OFr6aoDZYmb1aXQlmz8O2S6lHx2+6awGJ9/sAKinYgFdMmCMLAI1stPUmwOyh9G5ysB32b032uwit6TexM3ejFg==
h56gP3GmoDIf7zl2XdRH+Vo47Mk0EPX7WIJ8dzIrNIBCaXaR1iQJy7mgcGJ9X+AqtHTbAzv037MFfmWOCPoUV/+zF6vkM7IxdqMR
gsVlvVfYCli8uRgJf9/rNTBYmb1aXQlmz8O2S6lHx2+6awGJ9/sAKinYgFdMmCMLAI1stPUmwOyh9G5ysB32b032uwit6TexM3ejFg==
ujnoatr+YnWzKQXfkyw+OFfu11NzW8uu+XpYS4xQXbPStbV132m+YRFnm9kofN2CwIkwSput5OfcOnmkSFo1js7M7O+uqYm8ayaBC1+nB22jCA==
h56gP3GmoDIf7zl2XdRH+Vo47Mk0EPX7WIJ8dzIrNIBCaXaR1iQJy7mgcGJ9X+AqtHTbAzv037MFfmWOCPoUV/+zF6vkM7IxdqMR
uNa/xDBGqmiuuw9dudgp9yYc7x4Xj/aP4buXuwLH4e0fZ7CesVQA08Qks5/44cwQXfqwGPk4rjZ4YSY7ddrb7MX1B4Ure6MS
dgJcwP5zMbxrphIcv2+pdUficGzz2b5SeHOh4KtDWgTkzRHlvYYHsV89LMulSVpZkpStsyUg7JrZ7yRimFS3Cz/kO+s5vhlWrGqQ31NTe2MgQ1YJaqMN
FLA81YIZ0BL1sq6I1oXSnG/Ppbtya4P1GDAF7kDk6AargfzrvPYhCPjWreIOoPTjnoXRcAuqGafv698Bo2Q=
oGER1HeeNZt9Rjd73gIdsVdU/qhLKy7Dscwj9lauE6CpqUU28vsjRVjgZR5AFIjW6zFcezxmwXg4ho3SDpDUM951seCLOrkXL7s/caMU
79vtjUEkbGQuxGUbDE4yM4vi2o2etV3akhd7iehM/ZLAmBB6W/0El1yK2XQIqlWeztwMn275KQzr1uHbH5cnfaMY
7Vs3LkU3crDMWxh6beh2pBd277fQWbAm3hPIQ+408LoEZYzss4974LMmR5e63sak6TfhnCXXJ15HanISDmPNo+Xf/juINXSjEw==
Otldofj1NBhgsYxnCZFAj0Qv2Y10YBbFExH05prblPNCbBTaoN0gfM8H/2A3rrsHFmZiRI3vTSz5n+Meg6Iu4mK76YMBpxIrtD1woxc=
XwNmcCCpoQgdM/Vd4+YBrmaG33mUvFmaxatC0LzqOBfTNnCHxp2LGn1ZHVjb2qmv+zU0shHl8q+hWxfbwufizd8HMH7xdADyhMQz/zjBzDCdmjD4uRiuFjiBplu1+tvMBZWHZWtbozI=
GVAQOPPux2Mx3PRd669vgVfu11NzW8uu+XpYS4xQXbPStbV132m+YRJnm9kofN2CwIgwSput5OfcOnmkSFo1js7M7O+uqYm8ayaBC1+nB22jCA==
RamXiKffx6lEmBUezlhU0lo47Mk0EPX7WIJ8dzIrNIBCanaR1iQJy7mgcWJ9X+AqtHTbAzv037MFfmWOCPoUV/+zF6vkM7IxdqMR
WhxQyiLSQf1R+SktBEwk6yYc7x4Xj/aP4buXuwLH4u0fZ7CesVQA0sQks5/44cwQXfqwGPk4rjZ4YSY7ddrb7MX1B4Ure6MS
Q6AO/jncnmwVDQ9w8mHyUxMk0ZNgYBbFExGnpt3FnfVeLx/aoN0gfM8H/2A3rrsHFmZiRI3vTSz5n+Meg6Iu4mK76YMBpxIrtD1woxc=
ssMniABXCDJJswm9ow98ODZZmPVCH1Yh3dmuDKdPwHD5YAGJ9/sAKinYgFdMmCMLAI1stPUmwOyh9G5ysB32b032uwit6TexM3ejFg==
vogQGxZHSptZB7dkZgDT12/Ppbtza4P1GDAF7kDn6AargfzrvPYhCPjWreIOoPTjnoXRcAuqGafv698Bo2Q=
yR8PDV8rUvupxca0N8GhuYvi2o2etV3akxd7iehM/ZLAmxB6W/0El1yK2XQIqlWeztwMn275KQzr1uHbH5cnfaMY
MC/h+HBLi6e/GX6dB6x1YeTN4fP1o819RWnf5f98ZgeBhbjPN5/2n8Fr12uiV2N9v7fwTpFEAMHk9PNPWHFMgP0q8MjZKK4mWLFm69VKW3xlJUdVC2ujAg==
Rb6Mk/hpNfkrdcH80vF90kQv2Y10YBbFExH05prblPNCbBTboN0gfM8H/2A0rrsHFmZiRI3vTSz5n+Meg6Iu4mK76YMBpxIrtD1woxc=
R3k4janTE4spg4GkORQW02aG33mUvFmaxatC0LzqPxfTNnqHxp2BGn1ZHVjb2qmv+zU0shHl8q+hWxfbwufjzd8HMH7xdADxhMQz/zjBzDCdmjD4uRiuFjiBplu1+tvMBZWHZWtbozI=
6WGndSxitGS7KKCwvw3Molw47Mk0EPX7WIJ8dzIrNIBCa3aR1iQJy7mgcmJ9X+AqtHTbAzv037MFfmWOCPoUV/+zF6vkM7IxdqMR
otnjYktswjj9pqTAcuDU6Vfu11NzW8uu+XpYS4xQXbPStbV132m+YRNnm9kofN2CwIswSput5OfcOnmkSFo1js7M7O+uqYm8ayaBC1+nB22jCA==
mudEPQ2kdTyS2eIE1/edJfnGux773CIjp9mgAzAUXMWt8WsoZFAlm2iCDFfia+Qg0uvGMSZkOSupoGICTZ+QigT0S6NrNI+T9X5Vblg6xDdvM2dLVHNCEWajAQ==
pDLVyXjkNSmQWfH3twSX7n0Dg+MsuC0rUi1FHX/B7plTX0uxyFTtmsCTAGJ7xTTfnMIpDOgyxRZOVJwHDgFZxKse0eM/jzd1oxA=
Phz3SF4QSl3CaniGCflfAzZZmPVIH1Yh19muDKdPwHD5YAOJ9/sAKinYgFVMmCMLAI1stPUmwOyh9G5ysB32b032uwit6TexM3ejFg==
rT2q1fzyFWXVcYStex1a7TVZmPVIH1Yh19muDKdPwHD5YAOJ9/sAKinYgFVMmCMLAI1stPUmwOyh9G5ysB32b032uwit6TexM3ejFg==
zyRjqGVZ5YBz87r0K99iDm/PpaZza4P1GDAF7kDn6AargfzrvPYhCPjWreIOoPTjnoXRcAuqGafv698Bo2Q=
XRg5HLybIfbTPkUo8G1CKDZZmPVCH1Yh3dmuDKdPwHD5YAOJ9/sAKinYgFVMmCMLAI1stPUmwOyh9G5ysB32b032uwit6TexM3ejFg==
eEsbWWlP28/dJXXgEzlGj0ficGzz2b5SeHOh4KtDWgTkzRHlvYYHsV89LMulS1pZkpStsyUg7prZ7yRimFS3Cz/kO+s5vhlWrGqQ31NTe2MgQ1YJaqMN
O1NKQhVj277niIAdN4c2tRMk0ZNgYBbFExGnpt3FnfVeLx/boN0gfM8H/2A0rrsHFmZiRI3vTSz5n+Meg6Iu4mK76YMBpxIrtD1woxc=
yR8PDV8rUvupxca0N8GhuYvi2o2etV3akxd7iehM/ZLAmxB6W/0El1yK2XQIqlWeztwMn275KQzr1uHbH5cnfaMY
Rb6Mk/hpNfkrdcH80vF90kQv2Y10YBbFExH05prblPNCbBTboN0gfM8H/2A0rrsHFmZiRI3vTSz5n+Meg6Iu4mK76YMBpxIrtD1woxc=
ZQQk8gYu5ApehGoo+fiDeWaG33mUvFmaxatC0LzqPxfTNnCHxp2LGn1ZHVjb2qmv+zU0shHl8q+hWxfbwufjzd8HMH7xdADxhMQz/zjBzDCdmjD4uRiuFjiBplu1+tvMBZWHZWtbozI=
pDLVyXjkNSmQWfH3twSX7n0Dg+MsuC0rUi1FHX/B7plTX0uxyFTtmsCTAGJ7xTTfnMIpDOgyxRZOVJwHDgFZxKse0eM/jzd1oxA=
O1NKQhVj277niIAdN4c2tRMk0ZNgYBbFExGnpt3FnfVeLx/boN0gfM8H/2A0rrsHFmZiRI3vTSz5n+Meg6Iu4mK76YMBpxIrtD1woxc=
XRg5HLybIfbTPkUo8G1CKDZZmPVCH1Yh3dmuDKdPwHD5YAOJ9/sAKinYgFVMmCMLAI1stPUmwOyh9G5ysB32b032uwit6TexM3ejFg==
VQ9G3CCHc1pCiCzFVQkOnUYcqu8Bfz+Z7ZwypkvrCqOkrkU28/sjRVjgZR5AF4jW6zFcezxmwXg4ho3SDpDUM951seCLOrkXL7s/caMU
CFdk39WIi4E33Or/CCTrCvDkynZXna6+BgFRtfvfNa5uWGvRHtWsrEk4w9HHI2AyGcCATXyAQ9Mw1azsRf6gdBFs7uoAhZa3/a57UJ0xV6kDb6MO
VQ9G3CCHc1pCiCzFVQkOnUYcqu8Bfz+Z7ZwypkvrCqOkrkU28/sjRVjgZR5AF4jW6zFcezxmwXg4ho3SDpDUM951seCLOrkXL7s/caMU
ykAK+Rj6l2iD3aSJyGiEEW/Ppbtxa4P1GDAF7kDl6AargfzrvPYhCPjWreIOoPTjnoXRcAuqGafv698Bo2Q=
Y5w7A0Adk1vFlhwRCZddGV2dzvsyR0H6+jqhdVUbOjj0UPN77YkSCWq0hUM9IPTq8c9cslAUf7tnBJN7wT6hxsTKSK+bkzOzGCO+OXKjFQ==
JjUPT5qDfLAfedoHQQ/nHW/Ppbtxa4D0GDAF7kDj8gCrneTqvPYhCPjWreIOoPTjnoXRcAuqGafv698Bo2Q=
My5btUgsV0LSmcBnH6+K6BEdbYQn5mHbqahBQaTSIAI50IBZRrYDP0hELHyljmBEMXzu+iC1VscdPvvA/cEXmSN/ox4=
FLA81YIZ0BL1sq6I1oXSnG/Ppbtya4P1GDAF7kDk6AargfzrvPYhCPjWreIOoPTjnoXRcAuqGafv698Bo2Q=
vuO/Tkd67GWvscZY0OxqykQcqu8Bfz+Z7ZwypkvrCqOkrkU28vsjRVjgZR5AFIjW6zFcezxmwXg4ho3SDpDUM951seCLOrkXL7s/caMU
EVWuhCVIHZBwdvAUgkypc4vi2o2etV3akRd4iOhM/ZLAnwp8W+EcllyK2XQIqlWeztwMn275KQzr1uHbH5cnfaMY
e5BXrCQLUr3HES9wWHOF0EgS4rVPaWvZtskjpRbpDamvtQY98fsgRFjgZR5AE5LQ6y1EejxmwXg4ho3SDpDUM951seCLOrkXL7s/caMU
AQkdaHJTB9XfuA/wKUWPwgORv4RWJz+Hx3Ner4cHdhdRE3fD0o+hNWyOkKahXADN7grTe7AoDEitkhCgabAursjJxkOlkps0tR0nvTtzowo=
O+hDz/SjckfTnPtBKvUddAiRv4RWJz+Hx3Ner4cHdhdRE3fD0o+hNWyOkKahXADN7grTe7AoDEitkhCgabAursjJxkOlkps0tR0nvTtzowo=
qIctd1jaxiVdJ0AWDU4eTCZNxepq/yIuUi1FHX/B7plRX0iwyFTtmsCXGmR72SzenMIpDOgyxRZOVJwHDgFZxKse0eM/jzd1oxA=
LlWHY8UmzQTCwhBFtQx9LjSXlaQNSfvvzkt/HmCAh6JmgyAjNoS4eUy2tcxb/2PgrMwpt56WD+Qhh7l8TUef3r/62rJWk4VjLY8GW6AFbKML
nq91u6rhSYNJvzq+xu/OgWMZzPtZAAJhhoyyS6lHx2+6awGJ9PoAKinYgFFWniMXGIxstPUmwOyh9G5ysB32b032uwit6TexM3ejFg==
KpXJvfcUxYO2EzJf7az2EmwsIRnxdCGlzD5Q9kEsAN3OOpOr0NiM2A0i0PCJwC6+6PmGk8ViG6QVreft2wOjGg==
Y5w7A0Adk1vFlhwRCZddGV2dzvsyR0H6+jqhdVUbOjj0UPN77YkSCWq0hUM9IPTq8c9cslAUf7tnBJN7wT6hxsTKSK+bkzOzGCO+OXKjFQ==
CGisf9p2W8PYQrIIh5oAdxMk0ZNgYBbFExGnpt3FnfVeLwLZoN4hfM8H/2AwtL0HCn5jRI3vTSz5n+Meg6Iu4mK76YMBpxIrtD1woxc=
638kkVaP6Q/xebbGGB9CxmwsIRnxaSGlzD5Q9kEsAN3OOpOr0NiM2A0i0PCJwC6+6PmGk8ViG6QVreft2wOjGg==
kq6veTYkkJJmSB2I03b731V24bLVCvZ8mQ3BRfJ3+7kEZYzss4974LImR5e63sak6TfhnCXXJ15HanISDmPNo+Xf/juINXSjEw==
rxUZBHlaqBfjDR2d9UVKIkMcqu8Bfz+Z7ZwypkvrCqOkrkU28fsjRVjgZR5AFYjW6zFcezxmwXg4ho3SDpDUM951seCLOrkXL7s/caMU
etUUr5uhWNhw9v6YNg0g85PKjFYSj/dkKjTPYAeU7cd6nhPEHU8d7Mm/8x6Twt6istt5A7EHouvk3QCjZw==
pgJmBYAXKvIikYewkxYEu0XqcONGZCDrvidD1J6Mc+C7LFl3zja/ZLHnSTydZ6/ezxqKcuYzFePd79YbkCV8oxs=
etUUr5uhWNhw9v6YNg0g85PKjFYSj/dkKjTPYAeU7cd6nhPEHU8d7Mm/8x6Twt6istt5A7EHouvk3QCjZw==
L/6A51qK9GarxAIkoYghZVde+q9QJHzSq4Vm9ErpDamvtQY147kRYgDVdh5AFJLQ6y1EejxmwXg4ho3SDpDUM951seCLOrkXL7s/caMU
gNeNEpo/7Nx0cI/PR+1gKxFx5slgRrPvEYwyeT0jNYwJcDSj8Xw82LmgcXh7X/wytXTbAzv037MFfmWOCPoUV/+zF6vkM7IxdqMR
CUgz+3FdBDYFF3tEIPA4HAUoysFwJRbeFUP37NTVm/tDYF/A4u8HJPoU/2A3tL0HCn5jRI3vTSz5n+Meg6Iu4mK76YMBpxIrtD1woxc=
0ECAAhtm1bavMHbEAgQ1uYj+cB5+gpCyfR4Ugem5eC621EA9aEXjW+swl4CqH28E4mTnYC9EpSfiDquExT/ljAEPW577MpaCiuuhQ0mXOkusDWijDw==
wJA/cIVxx11Gxud/nZhXYgm2iFAnWs20+TYfGcoNTrWN/7t612iyKgglqf5wSc6CwIgqTJux/ObcOnmkSFo1js7M7O+uqYm8ayaBC1+nB22jCA==
0djhTniPCT7CQYzapUHVJUJ26/uFUPVmlB3HS+84u6BGV6u0hpx74LM8QZemxsek6TfhnCXXJ15HanISDmPNo+Xf/juINXSjEw==
dMM+pulllEIdHxK+xDlcy3xZo+r0WfZi2BTaXu4/+KtGV6u0hpx74LM8QZemxsek6TfhnCXXJ15HanISDmPNo+Xf/juINXSjEw==
pgJmBYAXKvIikYewkxYEu0XqcONGZCDrvidD1J6Mc+C7LFl3zja/ZLHnSTydZ6/ezxqKcuYzFePd79YbkCV8oxs=
jU7KagU4cbrPeBLIhBV38gC/3/ozSfHsjwYiCGGBy6wojS8rN4jzYA6Hk5Ru7GPgq8wpt56WD+Qhh7l8TUef3r/62rJWk4VjLY8GW6AFbKML
8ZnCENHIs4aGftkxEJ8nHRs0ysF1LwrYWl6z796blfRLYVOLuNAyfKQU/2A3tL0HCn5jRI3vTSz5n+Meg6Iu4mK76YMBpxIrtD1woxc=
Mh/+kj2wzWWL6oCa4DeQ/UMSq+FXJm2Xustq6h+tTaiovAt6o+MuV1iLdh5AFJLQ6y1EejxmwXg4ho3SDpDUM951seCLOrkXL7s/caMU
/4nkPB9nCUoUkRzZGbj7flVxmI9tI0LOFFi7796blfRLYVOLuNAyfKQU/2A3tL0HCn5jRI3vTSz5n+Meg6Iu4mK76YMBpxIrtD1woxc=
9OZlrlifd42s8qr+tIPh2b/QpwP3kyQlrZepGTAEXcS5tmsgZFAlmG/GBxPjbO0tlbvePDRkUjipoGEYS5+MkgX0S6NrNI+T9X5Vblg6xDdvM2dLVHNCEWajAQ==
/m53N/gdFakpZMR4KU6+x4ZAjH1NjC8G8L1oFyOUtozKSVtBHYTyyIN0yaah/0U0O4HjCyhwYryUdO9gJ1SNR9re88Q9j71sqX/THnOCfiLSGxkDkUdCa0QdYKMH
TonbvpiClHoT/dxuoTSdkn0Dg+MsuC4sFiYBHHjI494DR0ajyD/+msCQGmR72SzenMIpDOgyxRZOVJwHDgFZxKse0eM/jzd1oxA=
NiuK9naQyHBmblwo9fp5hGxlPxK+NDC2wi1QnVIsANrOOpOr0NiM2A0i0PCJwC6+6PmGk8ViG6QVreft2wOjGg==
GI2RX2cFT9s8o0yjNixFKVOTm6FlHFCmrW3+NBdPfH//XOE1odsKBHi07lA9IPXw989AqlEUf7tnBJN7wT6hxsTKSK+bkzOzGCO+OXKjFQ==
vt7nqq5YL0rC0Q7qfvPDeEmTm6FlHFCmrW3+NBdPfH//XOE1odsKBHi07lA9IPXw989AqlEUf7tnBJN7wT6hxsTKSK+bkzOzGCO+OXKjFQ==
Gto9hQ9l9oFsfjVxKI6ZEku062ufJd1QyGS7MmOr3g94s2YWQByC6Mt1tDL8LnGgWH4dWo4YREs+LQEoy/LJzw+DL3mjHA==
1v8S1qqxCHPdmVbnrsqPoHXD/eBgeI7nGFsW7kDk8gCrneTqvPYhCPjWreIOoPTjnoXRcAuqGafv698Bo2Q=
FdF3Hmie1t2ZdYJamY/rfxeWkDdaucAR2qiAJrbO40e4POwEVfaAPMEEboLQzba/7UY7uA259+HTB6Nm
1v8S1qqxCHPdmVbnrsqPoHXD/eBgeI7nGFsW7kDk8gCrneTqvPYhCPjWreIOoPTjnoXRcAuqGafv698Bo2Q=
6uiRkYPAkRL4URM7u1ikSnS99hi9qnfD3slREP8OK1I09Ctjy7Qv0xV+da44uqT3TzOHC7Tz4tEGo2E=
Vf+0jWpKYBmVOZlZLwMS2RxVMZURW5KdITr7S1pJ1ZhznrfK0JTPGzfE45vRPrHm9IqYz2sToxOo4+7ZAqNl
F4Z6JeWh5MCir7yYZl5YlQ3m3Il9EGnCz3xZt9RLN1AbXH7F18n/ZhC03oiJC2napl7CfLA5DEitkhCgabAursjJxkOlkps0tR0nvTtzowo=
XDSpUaySdVyR0qcluzg4BlUvzZMiNw3DCRG4q92R2/pEaVKH86JCBsZrjRkn/OkWDX5yRI3vTSz5n+Meg6Iu4mK76YMBpxIrtD1woxc=
VWBQ5eUxzsjSmKCUw0N0yR5x+sN3E7nzWMM7PX0iMoUENyXutF4Ap8vZYTAvTvsypHTbAzv037MFfmWOCPoUV/+zF6vkM7IxdqMR
s6WGJSQt36wNYt4yfMvakltoYzFeZHllWv/RvAcRPfz+uulfb+KCNxEzIIa2twtvj/yUY3INofi5kHJgqm6MPxxyyXwo4qUGTkR8V07xOXQrbnFTf18XZaMA
nViMYt3AmwztbvFiV6WiK0J26/uFUPZh0BaDSugxtudXGu6WuuMJmaN0FYahxtak6TfhnCXXJ15HanISDmPNo+Xf/juINXSjEw==
clMB9ITrYsjWn49aGj4jtBEdbYQn5mHbqeQUUdOxWgtVovlODuISOEhVLHyljmBEMXzu+iC1VscdPvvA/cEXmSN/ox4=
AOpHJlR5AiCfZaIjGBNiHV+/ZK1eaGi77GEG9qLzAZmrZA1myTauZLHnSTydZ6/ezxqKcuYzFePd79YbkCV8oxs=
h1R8sxMru0KNHlgeG3JVcnS99hi9qnfD3slREPwOK1I09Ctjy7Qv0xV+da44uqT3TzOHC7Tz4tEGo2E=
lxH/JOkvMN+BFqNTBVN5bRe3llloR9e8q2BRAskXVLnftbJ61Wq0PGJ37+JmUvXVqZhiG4q2/PfcOnmkSFo1js7M7O+uqYm8ayaBC1+nB22jCA==
Tdb0wHPs87AvYMmJlcdBn+zGphX73GF4/8jwUDANXMSqsHY5Ixpqk27MS0rqYPkxj5vWRR0qFwP+yXFQHI6LkhT0S6NrNI+T9X5Vblg6xDdvM2dLVHNCEWajAQ==
5ReiL0hETp/FzDEYgRzG1jYy+vJNGk89wdKuDK5OwHOrJkaZg8BOBAGP6UYeyTIQGJ1stPUmwOyh9G5ysB32b032uwit6TexM3ejFg==
by2aOy2aWupx9yFXLhXr4AR4pOAeV6YYxqXc+OOr3kQwQTyk4qK9ZCcgHkenUTwpLte8rzFYfpX75J54qRtp6saNAgwQqYz4TcJQUEmgLp6oGQYzBQIbhFVNZ00bY6M6
KP8/3g+peykvZQQ+phDmOu/g8NafQr/1z6YyF7QDHEBbzLzHtC5uLC32s7aG3TvPnEuKMRTFnbbO508SJgIV5amogkvKRlxnXKoZFIgKFX7OvMw/7hlpLOu2IXufd2ddozg=
Z6FtGtT8qFRA1milg2RHNwOjKyGygK4Rajbq4bBeT1fjwgjlqIxOsEIwLMvpFkotqdqDm3JJ/ciI/j96iFS3Cz/kO+s5vhlWrGqQ31NTe2MgQ1YJaqMN
CwfYaPl89A0tlWNoISOyWmAixFZl7/+N5byXoBKAuP1rXP6wmQNpwpZ1ooTg8cwQXfqwGPk4rjZ4YSY7ddrb7MX1B4Ure6MS
QIHRSkMBHgBKfH4/e3RECEjC+dQPNi3Izz1SptVQchdWHHfC0NfjJRu03oiJC2napl3CfLA5DEitkhCgabAursjJxkOlkps0tR0nvTtzowo=
Yi9b99f+3MckMhuDz9uhtAi2iENiQNG4sWFzH9wYffqasb11w2OpJ0l37+JmUvXVqZhiG4q2/PfcOnmkSFo1js7M7O+uqYm8ayaBC1+nB22jCA==
PnKSmDz2TdWJZ4JbeTuLDwu2iENiQNG4sWFzH9wYffqasb11w2OpJ0l37+JmUvXVqZhiG4q2/PfcOnmkSFo1js7M7O+uqYm8ayaBC1+nB22jCA==
q8MIqOPYady+s6XEUTZ43Aq2iENiQNG4sWFzH9wYffqasb11w2OpJ0l37+JmUvXVqZhiG4q2/PfcOnmkSFo1js7M7O+uqYm8ayaBC1+nB22jCA==
D8LCTY3gRHosXNBABq81+g22iENiQNG4sWFzH9wYffqasb11w2OpJ0l37+JmUvXVqZhiG4q2/PfcOnmkSFo1js7M7O+uqYm8ayaBC1+nB22jCA==
pdr+kaRMRmHS1qSCMgkeIgy2iENiQNG4sWFzH9wYffqasb11w2OpJ0l37+JmUvXVqZhiG4q2/PfcOnmkSFo1js7M7O+uqYm8ayaBC1+nB22jCA==
qki7MFcoiSeOnKZjRnaZFg+2iENiQNG4sWFzH9wYffqasb11w2OpJ0l37+JmUvXVqZhiG4q2/PfcOnmkSFo1js7M7O+uqYm8ayaBC1+nB22jCA==
auZumZghGjZgokY8ctRbxQ62iENiQNG4sWFzH9wYffqasb11w2OpJ0l37+JmUvXVqZhiG4q2/PfcOnmkSFo1js7M7O+uqYm8ayaBC1+nB22jCA==
JcnHdO0DLAEBNrGOzHb+ngG2iENiQNG4sWFzH9wYffqasb11w2OpJ0l37+JmUvXVqZhiG4q2/PfcOnmkSFo1js7M7O+uqYm8ayaBC1+nB22jCA==
+G/vAyBAchvtgLLGCL3fhwC2iENiQNG4sWFzH9wYffqasb11w2OpJ0l37+JmUvXVqZhiG4q2/PfcOnmkSFo1js7M7O+uqYm8ayaBC1+nB22jCA==
WisQrWzYLpNviukMkU6cyvbI90oMJoWPg3koucigxUupSoDvipdWR0xxrpXFSj8T9sl5QDRu08LstBNT01RnI33+3R7wmryHt3NfmwxTqgFuowk=
ojhR5s4Z5Gp8PgLPpQhYmvfI90oMJoWPg3koucigxUupSoDvipdWR0xxrpXFSj8T9sl5QDRu08LstBNT01RnI33+3R7wmryHt3NfmwxTqgFuowk=
U3S6cioGji7fYHc+Zo0OyfTI90oMJoWPg3koucigxUupSoDvipdWR0xxrpXFSj8T9sl5QDRu08LstBNT01RnI33+3R7wmryHt3NfmwxTqgFuowk=
sYPHE3z/5phFhXA5dVJCdvXI90oMJoWPg3koucigxUupSoDvipdWR0xxrpXFSj8T9sl5QDRu08LstBNT01RnI33+3R7wmryHt3NfmwxTqgFuowk=
CjXsbQYw67BbAwiMnQy+OPLI90oMJoWPg3koucigxUupSoDvipdWR0xxrpXFSj8T9sl5QDRu08LstBNT01RnI33+3R7wmryHt3NfmwxTqgFuowk=
AMa/IDRPYS3e6VV4Mny0IfPI90oMJoWPg3koucigxUupSoDvipdWR0xxrpXFSj8T9sl5QDRu08LstBNT01RnI33+3R7wmryHt3NfmwxTqgFuowk=
nGMNQXgbJ2vEbqn6Ai3jSfDI90oMJoWPg3koucigxUupSoDvipdWR0xxrpXFSj8T9sl5QDRu08LstBNT01RnI33+3R7wmryHt3NfmwxTqgFuowk=
IhVKBMkdZtgdRIgUPYhciPHI90oMJoWPg3koucigxUupSoDvipdWR0xxrpXFSj8T9sl5QDRu08LstBNT01RnI33+3R7wmryHt3NfmwxTqgFuowk=
QVjY6JgPK9Pub9gHvZcK7v7I90oMJoWPg3koucigxUupSoDvipdWR0xxrpXFSj8T9sl5QDRu08LstBNT01RnI33+3R7wmryHt3NfmwxTqgFuowk=
aRckFgmxP7l5a+mMJ4rLsv/I90oMJoWPg3koucigxUupSoDvipdWR0xxrpXFSj8T9sl5QDRu08LstBNT01RnI33+3R7wmryHt3NfmwxTqgFuowk=
mNraXfYzizZ+KlWmQOJxNfbL90oMJoWPg3koucigxUupSoDvipdWR0xxrpXFSj8T9sl5QDRu08LstBNT01RnI33+3R7wmryHt3NfmwxTqgFuowk=
Ok4YOC2PNkbePyDB7uuj0/fL90oMJoWPg3koucigxUupSoDvipdWR0xxrpXFSj8T9sl5QDRu08LstBNT01RnI33+3R7wmryHt3NfmwxTqgFuowk=
Z7RZGRiKi6LDwhIgSVfgL/TL90oMJoWPg3koucigxUupSoDvipdWR0xxrpXFSj8T9sl5QDRu08LstBNT01RnI33+3R7wmryHt3NfmwxTqgFuowk=
VQkOxuko0e12VI2aDj5AMPXL90oMJoWPg3koucigxUupSoDvipdWR0xxrpXFSj8T9sl5QDRu08LstBNT01RnI33+3R7wmryHt3NfmwxTqgFuowk=
R5YxEn6ohEMMO8yHvZRcE/LL90oMJoWPg3koucigxUupSoDvipdWR0xxrpXFSj8T9sl5QDRu08LstBNT01RnI33+3R7wmryHt3NfmwxTqgFuowk=
keNcoZmIpZGHV9mYhwumPon+cA07mIy+NQU11aPyayyr5g8qJkPsT+ArmsH4WXMS+V+wCT8M8jblDrqExT/ljAEPW577MpaCiuuhQ0mXOkusDWijDw==
UY/1INELb13W5uprd5n7/Ir+cA07mIy+NQU11aPyayyr5g8qJkPsT+ArmsH4WXMS+V+wCT8M8jblDrqExT/ljAEPW577MpaCiuuhQ0mXOkusDWijDw==
H+a4Cg2SC49aKfhAWWMD2WMb9hdhjLqL6buLsRWBuf1rXP6wmQNpwpZ1ooTg8cwQXfqwGPk4rjZ4YSY7ddrb7MX1B4Ure6MS
5/cnZsq9W8FSuVceP1ryTEyu9nzbYpUX0Wv1Mm6jpyY29l1BKQzKv9pytCP8LnGgWH4dWo4YREs+LQEoy/LJzw+DL3mjHA==
hSKfVFZmAY4P/cJsYd00A1+9eeldcmi77GFfwoW3JImrZA5myTauZLHnSTydZ6/ezxqKcuYzFePd79YbkCV8oxs=
SVhoYe9EppOipuHcnegl1xxVMZURW5KdITr7S1pJ1ZhwnrfK0JTPGzfE45vRPrHm9IqYz2sToxOo4+7ZAqNl
lXCK9+eK3GShJvNsFb60WA7m3Il9EGnCz3xZt9RLN1AbXH7F18n/ZhC03oiJC2napl3CfLA5DEitkhCgabAursjJxkOlkps0tR0nvTtzowo=
xpQ2tsjy9eDb/G/OKsAG2h5x+sN3E7nzWMM7PX0iMoUENyXut14Ap8vZYTAsTvsypHTbAzv037MFfmWOCPoUV/+zF6vkM7IxdqMR
qSMFrTz+Yz2XYel9TbFsiDOtjBqjuyQaPJf5yy53JSbx15I7tXAGYeD284pYUUZnx/q9VmqDGZmzlEbGcaZGJJnXUdzVtxdeN0pCUv7DfSN1fy57WBVkowM=
WA53jR1jY8TnVTVxEbHRnbXGvAX13DRtstm+H2JDRMK2oiQjIFMv1GTBAlKpYuIllLeVTkceMEfb2XFQHI6LkhT0S6NrNI+T9X5Vblg6xDdvM2dLVHNCEWajAQ==
33uDTqfO7xP3xH2cmyGMaEJ26/uFUPZh0BaDSugxtudXGu2WuuMJmaN0Foahxtak6TfhnCXXJ15HanISDmPNo+Xf/juINXSjEw==
4gem1YK8TCAWV2kuZOKi8wYQd8UWW8bXPgqvGBxNptExnqbG0pTPGzfE45vRPrHm9IqYz2sToxOo4+7ZAqNl
ptaO9DI928vNva3tuPHlzc0P9QDTRqNwuvtqf4q6G6CgzRpphS4Sbn40Y7NjFLdDjf7tPqBazCcH88/73BOaIX6jGQ==
DFv4iImL8g1pexui/WkKE67Q6jJ3/L/1Wk4H97meb7d8UXjdFtemu0Fzk5X5Bx5IYtHtLWeQUtkkx6zsRf6gdBFs7uoAhZa3/a57UJ0xV6kDb6MO
8wkxLY4F7JDV443v6Hb/6lyTkbppURW6oW+wdlwINjD2WuRz/+9xc3rY/zgsTZbx4d5WpkIUf7tnBJN7wT6hxsTKSK+bkzOzGCO+OXKjFQ==
B++m33hRy64fVbseD6/Qb98Vhn1LkmcHvrg7WTGI/5zCTkRBUcm3hcN9iqiktEwyPse9P1MHYNCFHP4NRFWbVszS4MQ9j71sqX/THnOCfiLSGxkDkUdCa0QdYKMH
FdF3Hmie1t2ZdYJamY/rfxeWkDdaucAR2qiAJrbO40e4POwEVfaAPMEEboLQzba/7UY7uA259+HTB6Nm
rtTjDb7HM6sUxniNw5kGrUg0/d52E6jzWI9rd3QyNIsZeGWcxCRi2LmgcXh7X/wytXTbAzv037MFfmWOCPoUV/+zF6vkM7IxdqMR
NiuK9naQyHBmblwo9fp5hGxlPxK+NDC2wi1QnVIsANrOOpOr0NiM2A0i0PCJwC6+6PmGk8ViG6QVreft2wOjGg==
i5YAdp3R2cKkj2clDvIMeylC1qQv5SUrX2kFHHjI494DR0ajyD/+msCQGmR72SzenMIpDOgyxRZOVJwHDgFZxKse0eM/jzd1oxA=
u+KqMbpIcly9aHZ0fQClqLLEdwX+735a3V3PTamHX0zxGUsHCIPiyuZqWU0dAN7/1l3wx9kPGfBIhHtSY4uer/jTpjZAPEKIS9X0EvxOsUDY3t06jvgE675NQcjL0glvj2NvWaM8
VwQoOqBvyTmgyuOO4N/z6DYb8lsUhbmBpbqQsg+As/USdbD1olQA0t4is4Pg4MwQXfqwGPk4rjZ4YSY7ddrb7MX1B4Ure6MS
rtTjDb7HM6sUxniNw5kGrUg0/d52E6jzWI9rd3QyNIsZeGWcxCRi2LmgcXh7X/wytXTbAzv037MFfmWOCPoUV/+zF6vkM7IxdqMR
C5CWJQwho05k0oqU2tqcXBG+NutHaGPo7xh2jMCMc+C7LFl3zja/ZLHnSTydZ6/ezxqKcuYzFePd79YbkCV8oxs=
i5YAdp3R2cKkj2clDvIMeylC1qQv5SUrX2kFHHjI494DR0ajyD/+msCQGmR72SzenMIpDOgyxRZOVJwHDgFZxKse0eM/jzd1oxA=
BJjhl7wFCZng5P4ksAGNQVLG4MBbJiHUgnJZ44QNORkVEnDK38jzLWKdkM2yXADK7grTe7AoDEitkhCgabAursjJxkOlkps0tR0nvTtzowo=
rtTjDb7HM6sUxniNw5kGrUg0/d52E6jzWI9rd3QyNIsZeGWcxCRi2LmgcXh7X/wytXTbAzv037MFfmWOCPoUV/+zF6vkM7IxdqMR
hhC9+hOv4Oq8meF21Z3opnS99hjknlCH+9lREP8OK1I09Ctjy7Qv0xV+da44uqT3TzOHC7Tz4tEGo2E=
W9ruoX9OZxy39bVIlfL68xxVMZURW5KdeA7cD39Z1ZhznrfK0JTPGzfE45vRPrHm9IqYz2sToxOo4+7ZAqNl
H/zo2nY3R2e7riD1xe6iNygDh695sT8sFmoPUnbH698PDDTTsl2B6LmAUjBq3izPnMIpDOgyxRZOVJwHDgFZxKse0eM/jzd1oxA=
ucb8cDHkpA5NNTsR8DtV/XWetKmgs5dmNp6UZt4wFSrZH0hPXzicorzxkkVeUVr7W6EcZjMrl5pcWSpHKzL65o47ZRlPLCF2te4qBHXfVcwx70ue6xLmwnpL0cPZN2qLfG1Yoz8=
ip+pGN3yr2cNrz4t2kCquALEkLF+BBin6Gz+dVZGOT+1Uu49oNdBdgjOjC9PWeW4o95HqkAUf7tnBJN7wT6hxsTKSK+bkzOzGCO+OXKjFQ==
wzG7JkzLbej4Yq1Y/h3/OEQNbcXexrHPLfJGbViXmUYgLvQ/R1ntqFu+b5oY1Adrz6QLC0m+KXZcKiB/I9Prw/ADhil6ox0=
GNCydMNdUkOEzVloOym0+nS99hjnnlCH+9lREPwOK1I09Ctjy7Qv0xV+da44uqT3TzOHC7Tz4tEGo2E=
wOqlEULLzjYRQDfZqKeMCRxVMZURW5Kdew7cD39Z1ZhwnrfK0JTPGzfE45vRPrHm9IqYz2sToxOo4+7ZAqNl
5NAu37hZTir5xXJ+biqs0N74GVYd/zLsVMAeYOjMa4POmYEZZUNt+ab/2J0LTTHnyyZ2pLPA7mGvBR9yGBLa6xWC+W5OAZKYiDUsnOUu4CTxXO7a4NXWZ13e+6A9YZd5Y1+jPg==
1gnQV5/KfD4dieSuJbW9sRfSAUQ25acpZc2vqYO8XZPH19CsGS0pZKegov2AZbQZ90bTjTXCCvXc911+Lz7Id6PZiWBkrmOiXDSD8wOUFwNt/s3+wNpsZyfzrzt8k3phXqM5
dQdkYjA/1IIlFb9+BhlIcygDh695sT8sFmoPUnbH698PDDTQsl2B6LmAUjNq3izPnMIpDOgyxRZOVJwHDgFZxKse0eM/jzd1oxA=
x3sHdI1Ex5E400NoEkzRPHWetKmgs5dmNp6UZt4wFCrZH0hPXzicorzxkkVeUVr7W6EcZjMrl5pcWSpHKzL55o47ZRlPLCJ2te4qBHXfVcwx70ue6xLmwnpL0cPZN2qLfG1Yoz8=
37Y6VlwpPpoIHF4/a9mbTQLEkLF+BBin6Gz+dVZGOT+1Uu49oNdBdgvOjC9PWeW4oN5HqkAUf7tnBJN7wT6hxsTKSK+bkzOzGCO+OXKjFQ==
r5IEcAB/Ql++1IRW0wkRM0QNbcXexrHPLfJGbViXmUYjLvQ/R1ntqFi+b5oY1Adrz6QLC0m+KXZcKiB/I9Prw/ADhil6ox0=
mBq04WFdUYUkmJQzWhJ7xwYQd8VPb+GTChivGBxNptExnqbG0pTPGzfE45vRPrHm9IqYz2sToxOo4+7ZAqNl
SkBNJc1C2rS0TBzEkSnMb80P9QDTRqNw489NO76oG6CgzRpphS4Sbn40Y7NjFLdDjf7tPqBazCcH88/73BOaIX6jGQ==
pvDzCBRwdDzb908UyZm7c2ZienNbvcStfjo70NmGMTcMLdA32H9yCQ7RnZzXYAl91PIuFy1vo64aExiRfN4REJgu/UqOCCSbfp3hWEtCaT9PUw9poww=
zmfQmDz+0ykjBAgusJbK2lJx9r6GWrpo0BzAQuJ/6d9nH5yAyfRqjdA9V4awytSk6TfhnCXXJ15HanISDmPNo+Xf/juINXSjEw==
3N8bhuN0jYZ1wuLOZIGncBFX8rNbaXrZtoVz7x/5C6ey+kYkl5hZVTSaHg8td5PG+jtIaTxmwXg4ho3SDpDUM951seCLOrkXL7s/caMU
SkBNJc1C2rS0TBzEkSnMb80P9QDTRqNw489NO76oG6CgzRpphS4Sbn40Y7NjFLdDjf7tPqBazCcH88/73BOaIX6jGQ==
a7OXixwYdbDCydsvPWiecUZc+q1PaXrZtoUgr1jnAqGuuU0kl5hZVTSaHg8td5PG+jtIaTxmwXg4ho3SDpDUM951seCLOrkXL7s/caMU
z2GQNftXKDXkgKZoNvWBYdPSxrPDZnjp7ItjtmL4qZ3BFmsCzQdOQFMuyM+dmNyxb3gNcqDQXmjw3GDCAr+J34dfPABptIqNsP33BhAKtKQJd4EchZcHXicqkpKuo+2jxR+eu2h1VKMz
kGjETmFz4YqdNC28weQGhqiOtx4MNoOOxn4y3J/6wmSkSIrogopQGxNP3ZvuaGtAsM0KCXVuws7utBNT01RnI33+3R7wmryHt3NfmwxTqgFuowk=
renZA7olUOPedaORwB/glEo/8Yw3Grr0HMhyeDoqOMtbDxXrxkhzsKjNEnltTuo+pnTbAzv037MFfmWOCPoUV/+zF6vkM7IxdqMR
EfHk0NCEvWOMw1FfTy5xDl2dzvsyR0H6+jqhdQEKMTr9Qad4/+9xc3rY/zgsTZbx4d5WpkIUf7tnBJN7wT6hxsTKSK+bkzOzGCO+OXKjFQ==
sVe/mZSOeYuBNN6gCR/FdkRvic86dlOFSAjm75rcm+0NLA2/w6cwELV87g1UtasWHHJwRI3vTSz5n+Meg6Iu4mK76YMBpxIrtD1woxc=
+/7oRBIRhfl67q2/jnbqlRI2v/WeT6Ihi0OfDeY5sfgUEe6WuuMJmaN0FYahxtak6TfhnCXXJ15HanISDmPNo+Xf/juINXSjEw==
OWZix8Wo3J6V1DvVffsqjhc2v/WeT6Ihi0OfDeY5sfgUEe6WuuMJmaN0FYahxtak6TfhnCXXJ15HanISDmPNo+Xf/juINXSjEw==
+/7oRBIRhfl67q2/jnbqlRI2v/WeT6Ihi0OfDeY5sfgUEe6WuuMJmaN0FYahxtak6TfhnCXXJ15HanISDmPNo+Xf/juINXSjEw==
RcCoAwHkzcNTs4EeseKEbJPKjFYSj/dkKjTPYAaU7cd6nhPEHU8d7Mm/8x6Twt6istt5A7EHouvk3QCjZw==
UD+YXiD39mEHWKgVWxbxV0XqcONGZCDrvidD1J6Mc+C6LFl3zja/ZLHnSTydZ6/ezxqKcuYzFePd79YbkCV8oxs=
yQ6Gb/B7u8UYlIWBhGU6nwyw3/kzSfHsjwYiCGGBy6wojS8rN4jzYA6Hk5Ru7GPgqswpt56WD+Qhh7l8TUef3r/62rJWk4VjLY8GW6AFbKML
N+kQgFEO9aqFnW3+izBc52ZienNbvcStfjo70NmGMTcMLZx6nzU9AAjU28LjG3JwuOBGBkANorgLBRSCfN4REJgu/UqOCCSbfp3hWEtCaT9PUw9poww=
56Okp6jMiuArbv8mNj9EPilC1qQv5SUrX2kFHHjI494DR0qsyDz+msCRGmR72SzenMIpDOgyxRZOVJwHDgFZxKse0eM/jzd1oxA=
4LyhtZtz9MJIegaFW9T5K7LEdwX+735a3V3PTamHX0zyGUsHCIPiyuZqWU0dAN7/1l3wx9kPGfBIhHtSY4uSoPjQpjZAPUKIS9X0EvxOsUDY3t06jvgE675NQcjL0glvj2NvWaM8
GVoAcBetZ8ee6R7ukJICP1LG4MBbJiHUgnJZ44QNORkVEnDK38jzLW6SkM6yXADL7grTe7AoDEitkhCgabAursjJxkOlkps0tR0nvTtzowo=
9qJNL1p+eIV4QlFkCUpkIjYb8lsUhbmBpbqQsg+As/UeerD2olQA094is4Pg4MwQXfqwGPk4rjZ4YSY7ddrb7MX1B4Ure6MS
Rmh1nTFoz0gaRlPwEUkvJpPKjFYIifd4MjXPYAeO68dmhhLEHU8d7Mm/8x6Twt6istt5A7EHouvk3QCjZw==
guh3J2hMY1FBZKFyyq0fyEXqcONGZCDrpCFDyIaNc+C7Nl930i6+ZLHnSTydZ6/ezxqKcuYzFePd79YbkCV8oxs=
LH5rRbnjwfrCeYE/wuEOjEs89cJgQLP1EYwyeT0jNYwJcC6l8WAk2bmgcWJ9X+AqtHTbAzv037MFfmWOCPoUV/+zF6vkM7IxdqMR
pSpzMmx/PL+0TrJyFC9SgvfJjylVFaXdg3w9ksigy2WpDMrphYNdXEEw5tXZQDwpoaBpEmV/yNr8tBNT01RnI33+3R7wmryHt3NfmwxTqgFuowk=
U0NrWeqR5AXyG1sjlSV7u0Qv2Y10YBbFExH05prblPNCbBTZoN0gfMMI/2A3rrsHFmZiRI3vTSz5n+Meg6Iu4mK76YMBpxIrtD1woxc=
oNRR40+OeXWx+PyLXbv7N2aG33mUvFmaxatC0LzqORfQNnCHxp2LGn1ZHVjb2qmv+zU0shHl8q+hWxfbwufhzd8HMHL+dADyhMQz/zjBzDCdmjD4uRiuFjiBplu1+tvMBZWHZWtbozI=
5Opq1DLPGpp9CdYre8lB4Ffu11NzW8uu+XpYS4xQXbPStbV132m+YRFnm9kocNKCwIgwSput5OfcOnmkSFo1js7M7O+uqYm8ayaBC1+nB22jCA==
pNbLrBO5hVZtlWMv1R5UOH0Dg+MsuC0rUi1FHX/B7plRX0uxyFjimsCQAGJ7xTTfnMIpDOgyxRZOVJwHDgFZxKse0eM/jzd1oxA=
pR+WjIcOEXDs52MCocTBL2wsIRnxdCGlzz9Q+k4sANrUPJO3yNmM2A0i0PCJwC6+6PmGk8ViG6QVreft2wOjGg==
RRA0TYvvtgD9GaUtCXaItm/Ppbtxa4P1GDwK7kDk6AargfzrvPYhCPjWreIOoPTjnoXRcAuqGafv698Bo2Q=
ykGKNqq0GWe8opTZc/fr/jZZm/VCH1Yh3dmuDKdPwHD5YAGJ9/sAJibYgFZMmCMLAI1stPUmwOyh9G5ysB32b032uwit6TexM3ejFg==
Zj/A0mW6JGgYgC85L8BHcXYgeUKjMmTg9z5dlik9EtvOOpOr0NiM2A0i0PCJwC6+6PmGk8ViG6QVreft2wOjGg==
m2EWyzHOEhD1mTuqmo7NxQtIeco/6imL++4EBJ/SLWJRwZJfRrYDP0hELHyljmBEMXzu+iC1VscdPvvA/cEXmSN/ox4=
I7BH5B9jxY9ukcbImcryINPBlCxmnfr9VkEd8KWZJ7R2H3bSHtaq8Bt+hJT/Im1ScdGST2aGQ88o1KzsRf6gdBFs7uoAhZa3/a57UJ0xV6kDb6MO
w3idtfLhMnLVYg2oeq+XxkVuiIYiNAzCWhL+qJTUnPJOJ3Cuvbkhca9v7nI2tL0HCn5jRI3vTSz5n+Meg6Iu4mK76YMBpxIrtD1woxc=
AO4ICPAITOlQl7eCJ6cc9tPSxrPDZnjp7ItjtmL4rJ3DFmsCzQdOQFMuyM+dmNyxb3gNcqDQXmjw3GDCAr/0zvlBLWFzp4ry0vzhFwYGp6QJd4EchZcHXicqkpKuo+2jxR+eu2h1VKMz
MvitOgWz5cPdg3ygAFEZy6iOtx4MNoOOxn4y3J/6wmSkSIrogopQG25eo4X/CXFTsLJoCGN/1ML9tBNT01RnI33+3R7wmryHt3NfmwxTqgFuowk=
jQQpwOtZfBT5uYUDM0Ay/Eo/8Yw3Grr0HMhyeDoqOMsmHmv11ylpo6iycHh7X/wytXTbAzv037MFfmWOCPoUV/+zF6vkM7IxdqMR
Nbb6JCkSA2pizXnenxlly3YgeUK5NGT87z9dlik9EtrUPJO3yNmM2A0i0PCJwC6+6PmGk8ViG6QVreft2wOjGg==
+3+vA9Hi2+InuZ0rc4m0WwtIeco/6imL4egEGIfTLWJRwZJeXLADI1BFLHyljmBEMXzu+iC1VscdPvvA/cEXmSN/ox4=
DonGIohRnw1c2p6fZNiUlzE3RFIU0fbjcncq142CMTdfLtp51nB6CAKa3c70WlNtteg9F1IMuL4LGQyDfN4REJgu/UqOCCSbfp3hWEtCaT9PUw9poww=
1bEU3uxCBPxMLOyY6in0Ng3f7shZcz3Jyz0U6sBNOR5XFjGdgfDDKHSancbJTRLK9AzTZ6gpDEitkhCgabAursjJxkOlkps0tR0nvTtzowo=
JD3ptuaZ9mylo9eH/1l8+UpkJH2bwH6ZnVKJ9N5L+0LcDXr6+JK0lM/Zku6kQkN9J3FXxdLaUbp4yRUx1+0KEx0LS0pjqYljyLKRIh3fQGqUdPtD23S/c+V+RU6oerSXn7P364SzEnFWozE=
T43KCMsmdqt/0k2WuR5rLtamLx0qg5aofR4egem5bCLvxkYpK03pFbRvo/v1Nl1Rtx/2ci9eoyf+FqqExT/ljAEPW577MpaCiuuhQ0mXOkusDWijDw==
ORqpcU77XpeN2K3oUEl5T0pkJH2bwH6ZnVKJ9N5L+ELcDXr6+JK0lM/Zku6kQkN9J3FXxdLaUbp4yRUx1+0KEx0LS0pjqYljyLKRIh3fQGqUdPtD23S/c+V+RU6oerSXn7P364SzEnFWozE=
T43KCMsmdqt/0k2WuR5rLtamLx0qg5aofR4egem5bCLvxkYpK03pFbRvo/v1Nl1Rtx/2ci9eoyf+FqqExT/ljAEPW577MpaCiuuhQ0mXOkusDWijDw==
RL0dn1sIMGDLVyDaOI42ExEv3cEhaQTCV1a+qZPdkbUcP2u7vcY1ca9v7nI3rrsHFmZiRI3vTSz5n+Meg6Iu4mK76YMBpxIrtD1woxc=
ZFuwIWrO1iXgIImhb1178qjG6e3ho8UzSizG/r0rfQGbhafCN8uwkNstmjXxKANgpKL9LvlVEsLk9PNPWHFMgP0q8MjZKK4mWLFm69VKW3xlJUdVC2ujAg==
jKHQJlwOGVAOOSiU/XbN42rpjRWgv2wFcojvgjt7bDX40d5r/3kUYOHp/s4AB39biZ7JIQOHevKjxhfXar5WJJnXUdzVtxdeN0pCUv7DfSN1fy57WBVkowM=
xJODeARc81svWI0hi5um0FrU5tZNcz3Jyz1HqodTMBhLVTqdgfDDKHSancbJTRLK9AzTZ6gpDEitkhCgabAursjJxkOlkps0tR0nvTtzowo=
3oTG/Ji2xUFj7kPdTKOg6F2dzPsyR0H6+jqhdRIBNia4FrZrmesPEn+55SssMvXq8c9cslAUf7tnBJN7wT6hxsTKSK+bkzOzGCO+OXKjFQ==
XHNUHnbXMn1TR7oCQu1Vu80P9QDTRqNwnt4zJa/JAbOgsnhokz8EYm00Y7NjFLdDjf7tPqBazCcH88/73BOaIX6jGQ==
w3idtfLhMnLVYg2oeq+XxkVuiIYiNAzCWhL+qJTUnPJOJ3Cuvbkhca9v7nI2tL0HCn5jRI3vTSz5n+Meg6Iu4mK76YMBpxIrtD1woxc=
9k3iNzsSSSGN0zsjq6BZggm51lhkDsazsHkWSIYfUveYu7p93mX1BWZ6/9glHLWT0okqTJux/ObcOnmkSFo1js7M7O+uqYm8ayaBC1+nB22jCA==
GpPMdMtCi9GKC37hY4vm+G9o3881kEwiQ3F6ehnyzrJQBRQdmZqHgnH8D7tY9+KR7mntKQZWJ5SV8C0fUgWyoCv9JMq8FmGoeLZtwg6AtAMeJREQC4pZR29LH2GjBA==
ZFsLfz+mfVovRf2deFAj1xEv3cEhaQfFE136qJTUnPJOJ3Cuvbkhca9v7nI2tL0HCn5jRI3vTSz5n+Meg6Iu4mK76YMBpxIrtD1woxc=
TD5XEaug6co3gCI6DOb1omxlPxK+NDC2ziJQnlIsANvOOpOr0NiM2A0i0PCJwC6+6PmGk8ViG6QVreft2wOjGg==
56Okp6jMiuArbv8mNj9EPilC1qQv5SUrX2kFHHjI494DR0qsyDz+msCRGmR72SzenMIpDOgyxRZOVJwHDgFZxKse0eM/jzd1oxA=
v7TO0TGO98Uy6Mpyugdyu1yTkbppURW6oW+wdlwJNnv/XOE1odsKCHe07VA9IPTw989AqlEUf7tnBJN7wT6hxsTKSK+bkzOzGCO+OXKjFQ==
CAbDdDCJ601E/l0B2CIR0r/QpwP3kyQlrZepGTAEXcS5tmsgZFAlmG/GBxPjbO0tlbveMDtkUTipoGAYS5+MkgX0S6NrNI+T9X5Vblg6xDdvM2dLVHNCEWajAQ==
UUBUKxSx5E+H9S3t/qz+F30Dg+MsuC4sFiYBHHjI494DR0qsyDz+msCRGmR72SzenMIpDOgyxRZOVJwHDgFZxKse0eM/jzd1oxA=
FdF3Hmie1t2ZdYJamY/rfxeWkDdaucAR2qiAJrbO40e4POwEVfaAPMEEboLQzba/7UY7uA259+HTB6Nm
NiuK9naQyHBmblwo9fp5hGxlPxK+NDC2wi1QnVIsANrOOpOr0NiM2A0i0PCJwC6+6PmGk8ViG6QVreft2wOjGg==
Gto9hQ9l9oFsfjVxKI6ZEku062ufJd1QyGS7MmOr3g94s2YWQByC6Mt1tDL8LnGgWH4dWo4YREs+LQEoy/LJzw+DL3mjHA==
rtTjDb7HM6sUxniNw5kGrUg0/d52E6jzWI9rd3QyNIsZeGWcxCRi2LmgcXh7X/wytXTbAzv037MFfmWOCPoUV/+zF6vkM7IxdqMR
NiuK9naQyHBmblwo9fp5hGxlPxK+NDC2wi1QnVIsANrOOpOr0NiM2A0i0PCJwC6+6PmGk8ViG6QVreft2wOjGg==
qZklEulZNDGRLw61kQZRoChC1qQv5SUrX2kFHHjI494DR0ajyD/+msCQGmR72SzenMIpDOgyxRZOVJwHDgFZxKse0eM/jzd1oxA=
t7RUMdripxRp2OMRW12NaXWetKmgs5dmNp6UZt4wFirYH0ZIQCSZqq2jhEVbEAriEqIWKTxv3ZRTUStLYECKnOxEF2BfZHVnsu47BHXfVcwx70ue6xLmwnpL0cPZN2qLfG1Yoz8=
BJjhl7wFCZng5P4ksAGNQVLG4MBbJiHUgnJZ44QNORkVEnDK38jzLWKdkM2yXADK7grTe7AoDEitkhCgabAursjJxkOlkps0tR0nvTtzowo=
VwQoOqBvyTmgyuOO4N/z6DYb8lsUhbmBpbqQsg+As/USdbD1olQA0t4is4Pg4MwQXfqwGPk4rjZ4YSY7ddrb7MX1B4Ure6MS
GwElUS9HqYJcC8Zx2zkLv38ElKEv5SUrXzpFW2bB5cJATEqsyDz+msCRGmR72SzenMIpDOgyxRZOVJwHDgFZxKse0eM/jzd1oxA=
jMH+rrCK2mqCG1jIdkTpjycRzLIIS0d7gYm/XKkB3m+xMBCa9uYAQjrYgFdWniMXGIxstPUmwOyh9G5ysB32b032uwit6TexM3ejFg==
TD5XEaug6co3gCI6DOb1omxlPxK+NDC2ziJQnlIsANvOOpOr0NiM2A0i0PCJwC6+6PmGk8ViG6QVreft2wOjGg==
Oe95pjPorSw+pqQ47A+e9ChC1qQv5SUrX2kFHHjI494DR0qsyDz+msCRGmR72SzenMIpDOgyxRZOVJwHDgFZxKse0eM/jzd1oxA=
/9l1674Nl8UUwiKj3bHoTHWetKmgs5dmNp6UZt4wFSrYH0ZIQCSZqq2jhEVbEAriEqIWKTxv3ZRTUStLYEyFnO9EF2BeZHVnsu47BHXfVcwx70ue6xLmwnpL0cPZN2qLfG1Yoz8=
GVoAcBetZ8ee6R7ukJICP1LG4MBbJiHUgnJZ44QNORkVEnDK38jzLW6SkM6yXADL7grTe7AoDEitkhCgabAursjJxkOlkps0tR0nvTtzowo=
9qJNL1p+eIV4QlFkCUpkIjYb8lsUhbmBpbqQsg+As/UeerD2olQA094is4Pg4MwQXfqwGPk4rjZ4YSY7ddrb7MX1B4Ure6MS
WRJieNnnO1nVECkkprq8HwYQd8Uyfp+NG3m1CxwyxNAnj7DKwZTPGzfE45vRPrHm9IqYz2sToxOo4+7ZAqNl
XHNUHnbXMn1TR7oCQu1Vu80P9QDTRqNwnt4zJa/JAbOgsnhokz8EYm00Y7NjFLdDjf7tPqBazCcH88/73BOaIX6jGQ==
pN6zJ+dcBaouTvkvzcxa0kRuiIYiNAzCWhL+qJTUnPJOJ3Cuvbkhca9v7nI2tL0HCn5jRI3vTSz5n+Meg6Iu4mK76YMBpxIrtD1woxc=
JpZRxHnNAsIpGyJrvncfYWaG33mUvFmaxatC0LzqOBfSNn6A2YGOEmwLC1jem/m2sjY+/R6huKGuUxbXiYOW0LsGPR6ZZRLznsIz4yDAzDCdmjD4uRiuFjiBplu1+tvMBZWHZWtbozI=
MvitOgWz5cPdg3ygAFEZy6iOtx4MNoOOxn4y3J/6wmSkSIrogopQG25eo4X/CXFTsLJoCGN/1ML9tBNT01RnI33+3R7wmryHt3NfmwxTqgFuowk=
jQQpwOtZfBT5uYUDM0Ay/Eo/8Yw3Grr0HMhyeDoqOMsmHmv11ylpo6iycHh7X/wytXTbAzv037MFfmWOCPoUV/+zF6vkM7IxdqMR
pvStooqK/iOz1AbgvA2CEUzVmrx4E1CgpmqwJRxPKDnwRqd4gv4PbWu55SssMvTw989AqlEUf7tnBJN7wT6hxsTKSK+bkzOzGCO+OXKjFQ==
XHNUHnbXMn1TR7oCQu1Vu80P9QDTRqNwnt4zJa/JAbOgsnhokz8EYm00Y7NjFLdDjf7tPqBazCcH88/73BOaIX6jGQ==
opHBRh/sqMQrcgT19InR5fLd4+7475R9RSjC47sreQbSyrmLNJW4kc5j1mfpMxZg27b9LvlVEsP+8vNTQHBMgP0q8MjZKK4mWLFm69VKW3xlJUdVC2ujAg==
+HTE52uXHVSBlMgT2UKduU7clL8oURe6oXOwdlwINjD2WuRzgv4PbWu55SssMvTw989AqlEUf7tnBJN7wT6hxsTKSK+bkzOzGCO+OXKjFQ==
q/gMpX60ESj9BxWTujUTqTYb8lsUhbiB7rOWt0mjlvB7Zr3+2UUS094is4Pg4MwQXfqwGPk4rjZ4YSY7ddrb7MX1B4Ure6MS
L0S3djJxf0nxFAAPQ+fVUXAR5BFQjv+P5rSJ9EKjlvB7Zr3+2UUS094is4Pg4MwQXfqwGPk4rjZ4YSY7ddrb7MX1B4Ure6MS
jMH+rrCK2mqCG1jIdkTpjycRzLIIS0d7gYm/XKkB3m+xMBCa9uYAQjrYgFdWniMXGIxstPUmwOyh9G5ysB32b032uwit6TexM3ejFg==
znzJIm9mtHwUn8QIydvCFww8+886VrD6XsB8PHQiNYoaeGWQyyRh2LmgcHh7X/wytXTbAzv037MFfmWOCPoUV/+zF6vkM7IxdqMR
TD5XEaug6co3gCI6DOb1omxlPxK+NDC2ziJQnlIsANvOOpOr0NiM2A0i0PCJwC6+6PmGk8ViG6QVreft2wOjGg==
cedoHoYuOwLaqkO+rKw17MikKxYxmtO1NBAdzq6weiLizkFvZgvtVOMxm8vwLFVcv2TnYC5EpSfiDquExT/ljAEPW577MpaCiuuhQ0mXOkusDWijDw==
hr4+uWVhaWviz5Hu2TNqEvYvOm9WKz0UM5ELS4CM5RxPBPdgPqTV51KuWwRVn7VMUS9rngtSRkLaCzHD+ffKC5wteKMf
L0S3djJxf0nxFAAPQ+fVUXAR5BFQjv+P5rSJ9EKjlvB7Zr3+2UUS094is4Pg4MwQXfqwGPk4rjZ4YSY7ddrb7MX1B4Ure6MS
NiuK9naQyHBmblwo9fp5hGxlPxK+NDC2wi1QnVIsANrOOpOr0NiM2A0i0PCJwC6+6PmGk8ViG6QVreft2wOjGg==
z90n29LmiY7sQkPv1X/dpcikKxYxmtO1NBAdzq6weiLizkFvZgvtVOMxm8vwIFpcvGTnYC9EpSfiDquExT/ljAEPW577MpaCiuuhQ0mXOkusDWijDw==
VZZPAwCimLg2CEohqq6xEPYvOm9WKz0UM5ELS4CA6hxMBPdgP6TV51KuWwRVn7VMUS9rngtSRkLaCzHD+ffKC5wteKMf
uWuEOt8fjANXmc0MlZXyBptL4EycQu06org9TLzECsixoHlokz8EYm00Y7NjFLdDjf7tPqBazCcH88/73BOaIX6jGQ==
30ftFVs03b/H/PtEOo8n1RU2vvWQSL09jkuOSu8+qKgXZJHs25x74LI8QZemxsek6TfhnCXXJ15HanISDmPNo+Xf/juINXSjEw==
FdF3Hmie1t2ZdYJamY/rfxeWkDdaucAR2qiAJrbO40e4POwEVfaAPMEEboLQzba/7UY7uA259+HTB6Nm
NiuK9naQyHBmblwo9fp5hGxlPxK+NDC2wi1QnVIsANrOOpOr0NiM2A0i0PCJwC6+6PmGk8ViG6QVreft2wOjGg==
Gto9hQ9l9oFsfjVxKI6ZEku062ufJd1QyGS7MmOr3g94s2YWQByC6Mt1tDL8LnGgWH4dWo4YREs+LQEoy/LJzw+DL3mjHA==
rlzvMGT0jWkSBG8vc6Jn51nd7cVbfjrUx29Tp8YEPBFVVW7D2dSwJmKdkM2yXADK7grTe7AoDEitkhCgabAursjJxkOlkps0tR0nvTtzowo=
hhC9+hOv4Oq8meF21Z3opnS99hjknlCH+9lREP8OK1I09Ctjy7Qv0xV+da44uqT3TzOHC7Tz4tEGo2E=
slVSNJiyRqC3X7lBF5zccQnfnbR+XAOnrXH0MRRPPDf1FfA0pssCfQjOjC9PWeW4o95HqkAUf7tnBJN7wT6hxsTKSK+bkzOzGCO+OXKjFQ==
mBq04WFdUYUkmJQzWhJ7xwYQd8VPb+GTChivGBxNptExnqbG0pTPGzfE45vRPrHm9IqYz2sToxOo4+7ZAqNl
u0eFzc/ULiAorqjoajKDuFnd7cVbfjvDxnwXoMZJfwdXHWqMkpbHVhWf/NzaTW2p7xzCbbw7DEitkhCgabAursjJxkOlkps0tR0nvTtzowo=
EKHkk4O3svMnMSrV0cvsgaOVuhsMbpiOg2M4mN3zx2zkD5ThhJYTEBNP3ZvuaGtAsM0KCXVuws7utBNT01RnI33+3R7wmryHt3NfmwxTqgFuowk=
53SFdmCsh19rVXup+VSQdmeKprQXCPnldEp+/y2H8xa6i+j5vPYhCPjWreIOoPTjnoXRcAuqGafv698Bo2Q=
KAEy9FZXctnM87oeyORNC0dvic86dlOFSAjm75rcm+0NLA2/w6cwELV87g1UtasWHHJwRI3vTSz5n+Meg6Iu4mK76YMBpxIrtD1woxc=
v6V2+9JjQ1Y+phmJxsv1PtgCsx7ORKNw489NO76oG6CgzRpphS4Sbn40Y7NjFLdDjf7tPqBazCcH88/73BOaIX6jGQ==
2sjvzEIVns2imV+GVGekJGm0tQbrlTnpiaBAWqEfKVw79Ctjy7Qv0xV+da44uqT3TzOHC7Tz4tEGo2E=
hhC9+hOv4Oq8meF21Z3opnS99hjknlCH+9lREP8OK1I09Ctjy7Qv0xV+da44uqT3TzOHC7Tz4tEGo2E=
slVSNJiyRqC3X7lBF5zccQnfnbR+XAOnrXH0MRRPPDf1FfA0pssCfQjOjC9PWeW4o95HqkAUf7tnBJN7wT6hxsTKSK+bkzOzGCO+OXKjFQ==
hhC9+hOv4Oq8meF21Z3opnS99hjknlCH+9lREP8OK1I09Ctjy7Qv0xV+da44uqT3TzOHC7Tz4tEGo2E=
qCYz3d4pfbP2vlYgbwYch+YvNm8FZjldIpAMW4j5mmYue4UZL+yB9lWuSgRVn7VMUS9rngtSRkLaCzHD+ffKC5wteKMf
eO/+vzDi+vxBiMuJGovop10j+858VLX4X49rejdlLIwCK2bltF4Ap8vZYTAvTvsypHTbAzv037MFfmWOCPoUV/+zF6vkM7IxdqMR
fQOSLcnZgRLre9FdEfzmxVXw2UNiSoOuq3pUA8gQXrTforhwkXGyIVN377tSdbHwuZhiGIq2/PfcOnmkSFo1js7M7O+uqYm8ayaBC1+nB22jCA==
zuAyAaDv7fLejHmkXEv8jhx/poIsBe2zA5YqPiAgNY8PLGbltF4Ap8vZYTAvTvsypHTbAzv037MFfmWOCPoUV/+zF6vkM7IxdqMR
jNDJvjJzN6/2L8zdOhfLfXQFxrkSTg5qgcDvSKxNiXe2K0OZg5l6I0Wq+UYeyjIQGJ1stPUmwOyh9G5ysB32b032uwit6TexM3ejFg==
FdF3Hmie1t2ZdYJamY/rfxeWkDdaucAR2qiAJrbO40e4POwEVfaAPMEEboLQzba/7UY7uA259+HTB6Nm
WJ1IHYz59GNHEhOitK3Eylt+dT9Wbn9jULHNo0UXJ7jqruNBK6XKchw7IYumsQVywLzmEwhv3orAgDo0u2mMLhxyyXwo4qUGTkR8V07xOXQrbnFTf18XZaMA
hhC9+hOv4Oq8meF21Z3opnS99hjknlCH+9lREP8OK1I09Ctjy7Qv0xV+da44uqT3TzOHC7Tz4tEGo2E=
eE4mtWV4bVN+H9/YS9gDFn8Ij7FtsT8sFmpcEjHZ4tkTTz/Tsl2B6LmAUjBq3izPnMIpDOgyxRZOVJwHDgFZxKse0eM/jzd1oxA=
e6INdRW7rhZRdeBSYEouQYn+cBg41pu3PxAEjLnjbzmmxU5vJkPnHfIwnNv4WSom3huVGT8M8TblDrqExT/ljAEPW577MpaCiuuhQ0mXOkusDWijDw==
4+AonevzMA091zjwTdbbuGG0dpUdo9MQ8IA5K6PZqEJ5H03UztyTB10xpNEkT8wXpdVAVDZLct3YjrzPX1n12JMeFwqwlO9b10RDW7E+kaYUCjgPCxODU0hjThliowU=
q1AzaDOuHhjV8Ir6PxH/V2Xel6cDCOCsnRszCWqNiq9iiyttLoj4O1zB1rZSkxGZu4R9ppmWHuQhh7l8TUef3r/62rJWk4VjLY8GW6AFbKML
5WH7AXp7XPWXO8hg3fF5xWG0dpNb8NMX5IooIL6XvUJ5H03UztyTB10xpNEkT8wXpdVAVDZLct3YjrzPX1n12JMeFwqwlO9b10RDW7E+kaYUCjgPCxODU0hjThliowU=
PNmXOD0A70u5a40TaEd4dr/Qtw/4miQoupe5SnUPUcyq/Hc/IQFomWCPCF/pJfwskqvWRUQeMEfb2XFQH46LkhT0S6NrNI+T9X5Vblg6xDdvM2dLVHNCEWajAQ==
KozVLjs7JC2a3b1eTatLRCl2mAjJtd7n6vvXfgQw05qGkwQ4afzVG6uRv1+BPEnH1rvDCWMpOtNluvlWPjpyoPgN7CSVlgCcgeRuYpBtNt8tZjuYTVl3QRNnowY=
SZJzDgYV5daEItN7kSxw+lYy5+xYErgU0aHO6+L/10J8BCO27rfkZDEoBVfjVX8jOcj5q35fY5X7vapf7T556saOAgwQqYz4TcJQUEmgLp6oGQYzBQIbhFVNZ00bY6M6
Om62jAZ/AxHV3Bm63vSHPBc2v/WeT6Ihi0OfDeY5sfgUDO2WuuMJmaN0Foahxtak6TfhnCXXJ15HanISDmPNo+Xf/juINXSjEw==
GNCydMNdUkOEzVloOym0+nS99hjnnlCH+9lREPwOK1I09Ctjy7Qv0xV+da44uqT3TzOHC7Tz4tEGo2E=
ZvcsxwufMpuYlH8+/BPCgxc2v/WeT6Ihi0OfDeY5sfgUEe2WuuMJmaN0Foahxtak6TfhnCXXJ15HanISDmPNo+Xf/juINXSjEw==
SZJzDgYV5daEItN7kSxw+lYy5+xYErgU0aHO6+L/10J8BCO27rfkZDEoBVfjVX8jOcj5q35fY5X7vapf7T556saOAgwQqYz4TcJQUEmgLp6oGQYzBQIbhFVNZ00bY6M6
1HgVjaiN6ltRPorsuOGYn1Uy5+xYErgU0aHO6+L/10J8BCO27rfkZDEoBVfjVX8jOcj5q35fY5X7vapf7T556saOAgwQqYz4TcJQUEmgLp6oGQYzBQIbhFVNZ00bY6M6
1/E1z9NKhfKfxHBQWyy1KX0rn8J7mlo/THxtYBnpgL5bABoFlMrdgm3xB/cf/eWSoX2qDTNbN/fimSl8ORT69Dr6JNu8FmGoeLZtwg6AtAMeJREQC4pZR29LH2GjBA==
50osXJsB5us1vxGNKtR4e55Q3DNBhHoIs68hWSrG85fHQFxMAZO3mc51xu+us099KoDkGyAJEsb2C50ZNxzZVt3e4sQ9j71sqX/THnOCfiLSGxkDkUdCa0QdYKMH
CJ9vOo4MZwlpuqvsmbCQ2n0rn4p7mlo/THxtYBnpgL5bABoFlMrdgm3xB/cf/eWSoX2qDTNbN/fimSl8ORT69Dr6JNu8FmGoeLZtwg6AtAMeJREQC4pZR29LH2GjBA==
cihgyHc+2YPl4spm4X2xqNHMxqzRLSmpssY46nCkvcCVWzJSjkwIFwsu38ebmIjsdStLKaLdEi/622ONFvjQ+/RRThYao+mZw7S1BgEGtqQJd4EchZcHXicqkpKuo+2jxR+eu2h1VKMz
ix0mcXISo0l9pNGWKudRaNHMxuTRLSmpssY46nCkvcCVWzJSjkwIFwsu38ebmIjsdStLKaLdEi/622ONFvjQ+/RRThYao+mZw7S1BgEGtqQJd4EchZcHXicqkpKuo+2jxR+eu2h1VKMz
u9OGrFUoIleIl0Y9VR9IJUw7KkL+z5GFmf1pDUvA2LuPa3fy63BDt5TK+MCOl42iqV89dF5cI2cN8VTxNE/c95WVEPTGy+K9aE5s7y9ZBfjDXqfqIBSf+weEczuhPoGGZEro77uTE/O4ox55UqM1
rOqHmMNItCg8zDxNDiyjd+dEmZhnQXtDwWNndTpfJcMdZlngsSMeQnJEDBcPJiPXt+CszJHzZ1n+FdbvvpM/PfogdJuQ6aKGpittGUc8CZZtvlJErS/trFlfwx5jYk5igvuJg+HnsqsUfVCjNw==
hhC9+hOv4Oq8meF21Z3opnS99hjknlCH+9lREP8OK1I09Ctjy7Qv0xV+da44uqT3TzOHC7Tz4tEGo2E=
4eLFb+fo50EH/3px/0zCMRFMOISbz6PIabVYZF6L2k0gLvQ/R1ntqFu+b5oY1Adrz6QLC0m+KXZcKiB/I9Prw/ADhil6ox0=
WYEQCVpnA64XgBKuoMXhoBJMOISbz6PIabVYZF6L2k0gLvQ/R1ntqFu+b5oY1Adrz6QLC0m+KXZcKiB/I9Prw/ADhil6ox0=
D6To+ea0cAWYR88+x81jI1qx+kifPJNZyHKlMnTwpCs591BZNwyE/dZyuDP8LnGgWH4dWo4YREs+LQEoy/LJzw+DL3mjHA==
/WrCGq+xe7KgI+7cELe2X1qx+kifPJNZyHanPHTwpCs591BZNwyE/dZyuDP8LnGgWH4dWo4YREs+LQEoy/LJzw+DL3mjHA==
QYRwW6OeSid/Pl21H9jNbdApLfPf8Nk7NSXrXwRqVSEQUOPE7CwPvGprYuC/x+9xGRDGPv0zeZpdrLTxrhNnX8r/OUEyz+y/lcU8SKwksWp4PPk8iTq9JxjXPljm+GAqdq/Qs4UZGGR96bbIVTvU+A35WGSiqcWi8G10Unh9r6lZey/Wx6NOZBGnKby9p0/eb1rq8sbz9eN9r7absOWco/s=
mu+U+tjlZCan2XnvnQK0pZdW/wLJQ/Agt/t9Y47JX////zl11i4dZHk0Y7NjFLdDjf7tPqBazCcH88/73BOaIX6jGQ==
k4W0bmmjGu/5fm2+syapwuX9GLvNrOXvzHSElo/Jo04J75z3muYpfEjf6zQ7fxz4U6cmB4r9uBAyfxkFHe/Cq+oxX9saVloxfiLoJFwC35ldrcQDVhfqj527l5gPF2xME5WkAOUTqGRbo9AvL1o6UQfHrr0z+ElAaSTSOpUhTMB9avAIWeiu5thxZqtVCls85WVHlYuro8I=
1euBRnE9tet8JbYRAxImBh5hpJUnE6jvXt87ajVlP4YeKiey9ikh7+/oJFluRv0NpHTbAzv037MFfmWOCPoUV/+zF6vkM7IxdqMR
bD/Y0bdqTz9rijsF8R+0HzfV4vL36NM2V8nVOpp5U2epHx8aHX/Ntemwg0BOVRSlRuRRb28l1JRBTSVcOzqu3ahyWBdPYmB6teI6BHXfVcwx70ue6xLmwnpL0cPZN2qLfG1Yoz8=
fP5urQV7Qcg1j0ZU/GMRyfaEJ1eNrSoBhh6IHc/VDwesVF1eWt65kPkuSkoYFZvhkQm2gJ9cU/lIlmdcdNDki7mXkHk3LESdVtL4E/xOsUDY3t06jvgE675NQcjL0glvj2NvWaM8
WPEWFJisUBzLu9rwFExWYxd+YCxRRiViWuLBrAkSMvb4qeNdYbXOPF9gK8W4qh9glOycN0kr6MW3kDwhpm6ALxxyyXwo4qUGTkR8V07xOXQrbnFTf18XZaMA
cCmf/5rdqX9QrhV+HGxbBCppy9cvmVEZQ08tZlrmybgZBhoS2M3LiTHhBvgfpOOR6H63BDQINKPZv2BBNxS0tTb6KMu8FmGoeLZtwg6AtAMeJREQC4pZR29LH2GjBA==
XAGG4s3R/3TC5e6skqHDlANa5PIeq3ADdE8tZlrmybgZBhoS2M3LiTHhBvgfpOOR6H63BDQINKPZv2BBNxS0tTb6KMu8FmGoeLZtwg6AtAMeJREQC4pZR29LH2GjBA==
ehawHVK627iqSnnvyx6/U3M1mRjFp93noeDaZE02kZyGhEg/f/eJC6qevwaHPwDEy7LEWmB9AfUsh/dWcHt+oPQd7CSVlgCcgeVuYpBtNt8tZjuYTVl3QRNnowY=
JdkKVY+uRjcnbCGW9KtthBB7zVqrgwS20wMaYed5HlrKQeQd1LOXFnMg/3T0ivzAxKdhABEx4i8Tw7PUalOkuoWA0k8YF98V3Xye3KTW8wxOn5S0szuX7M8nJJHq7tqZrnrILGx6H3HNNSTLJi/qp81jNxC/7ywkA43ESBWrKMyL+/AnHyL6uZdfTnVDwEloOfxysiXZDKhtcpBAqVEuTggpRqNlcpvUdf2nXfuTo+o=
HtcHbzGVfIt6TmsUQN+DhKWNAjnSB4wbAwld4GKIaHRNZ04JtTJKV+CvWIfKe8Y1uZVGEJj6UYBb4aQGRZentvgbuf0qbkpmRyt2yfWKAT8iwXDFVIn2higEL/lVisChluz4A1TR5vtQfJV1vP9/8LPp0QHJyMzCakzuYDDUN+jMU0MyVVOAiVxL1dDgULwvUYtZdYbwlZ4b0Iyg1RMb9jn1FvWagq4PXFhifCC+LEucnhcJQpxP77h5Qt4GEQO6rlXzu0XPg/7BZSQphZMwfV7aQ1Y8v9wxfwO5MWpNLnx/GzHkR9/1a+CmziKGoeAqus77FSwlILdDEBHxx4+Oj/CTPu9TIDAYNWZKxaij/PNT7Rg2yR0sahliJuvLU/VO4UfwNbR3GqyD3+IA/AQkTwATYYu5t8E06soCZze0gXcrNxd6Y8brJ6wM3ga7eHhY7zMMGvVpnD8FpYyI/ARBakjcqXx5mi2nqLfumJbYcCpmj6BzVXmo5O1JRogF2+T4/dkIpBLJVSKAzaQSSJ2/qUkbHxaXA77kgUeZ/G2HPt5fOjoytlNlY81P5ttAxYyj6w==
nrnnoHYlCSNsWWCja+7SnHWt0+NrTLCCBiovDC52ocLDnL4i5c83WpTNoF1QmYRqENPyUgIr7vpeYzkN8itAMN+5Prjey1uiqeQg4fDliENCkX0qQdXpfDyhmivMrvp2/7INCoZN/3qXjcPmMmlhhvsaC/XNeFd/j/03p2ABgY5E4HoNgQN9fD3tJMQDSl6a0o+uwf+tEpI0T3YK98DRPZoH6wdzIR8g7x9SuNfbQH9FZmTEzE4T7eOYrvYNPHvfWdIZ+lqLmmc0POfx7wJel0s8ZYLyeu9e1ZUHAE4B4SG6U7PKgNt8XQByYOGV4bB4ZnWob8OEwW3EG5fC1Yof/Uxar6G3g3UM/twiqBVJbQCoO0rcpK9LfSKcFM5/jy2z6czJxDKEccoBHOEQui/+tfpaOcnXQ9KZ8fNcdfvyW2ni3hv4D7S7i+vkIuL5q0eGYz8RyNePxiHvYgEa2JWMq1bKUDhAVnJDCrTOZ9uuij786K5T550msRInsYQ7Wa3rrC/Sd9RHeXRCSAeygA1i576zEanS/gPJnjprNozDIbdXbkMjmh0eY+i8MctoCHYApk+CF+uDM6NzJBjeqE9d0CNXidP9UsmSmXce2BTOcTw6GK13xtI/va5vd/GmIBbgY8pquMPUUw7fN5oj5BCcXHKqZAuq+1/tmnQf3Wwgb7/GWN894gw4nSdyshlu2oLZ/ekLX9XeXdcMtPMTM9SHY5z+/V5QGhxHl3N/W2zTysEOo2k=
Z22abJaHj4H0415/QNcOu2ZpaBfsBcHszdhQXqfsvWJp33xXjWP65qBMrWZFJeXdQNfeajbBLYvxfgVI8HoAblXfMfJc5HxllmnodWB932abYgcFFMyE4sUbYr0AyxawIy1aU+lwJUU3WX8EivKMINh4NtghiBqfBerjP2Y52sdjSAb86u8Hp79tsPyTrv28uniT382Wr3mQbSzuSL8alFQkxpI6S4qy8VF0UAlfXhX0RoCdldp4mbVjc6NlzsdpEjFjv2a9CHalzoozWoGZbw/pLIH4HGkXN/xxsxNbpmp4emANdqosYh1Nmulmh6V8J+nBg5jvJl94N+VM1qiz6vxdTg+qMwXB/i7/ESpa/w4QM42fIy53y3atAhv8HMUT1FgaKDJPFj+H0497h4QMprT/sTgXF/37UaJVqg0XqgDoHl1ULpi5n+qCQ+Uaj+PJOlC6yJcKXtCvZE/2y5fue1jAcHTmqvAjRivjte7UCyVwkAPX8pgrFU58pKWzkgZBEoquMelpHzf5DqEPuNRnK68kK0vovsm2vKoAP4PTi4PQg6bpmqP9
IqQ8NV8Cqu1Ws50vwFnLumd0+5DTcHaUi5tdv6BzWGDIJCKM0wZHVnRanXeWDfrIRhqh0AHEclXRoPF1WcX7Iwpafa7RXtbbY++28dQ4blO71kb+0Z2t62OFK5rSAvC/PHHo6mbK83vkuh5XbP/Vrn+BK6yaL94haQUbzq4NRLikGE/RzRdTLeDcNDK78fYEOkIvaSebdQwx624UBlQwUz6Cit39I0gHoIn5lYSTofTcqcatWnyQ8kHtNn9GbjWGrH3C9T/7A3Pf8t1sThVATjyezTZETGntLTmxF5q5oBmIiPmQ2600ABdLSx13Dy5xd0r42C7Ock62wcc6K2eieqen3IqosOoeURr4HZVdZuhOgHQCxt4zfA++RolvvMZVdd+PMLOwF4spmFND4FaKbcVHpED9Oz5SbW2DqPJaJN7sLgmRJ5S9/3t34pijDhAWfoG/hNHE/6o926Me77+dULN/gumzQj0S3IVo05qKnIDkxvbLdlSSr5+eribw6KJLw61ieU7HzQy/yQlTYG8eDzBXfXx+aFt6xP0GfzIznTE2jseBQhpXPojTRU8brg+bPo2a6xTc7YOsOFIYqk+OD8+z9+uvRORWLN/5aG+XxSuZQs2apVfCkNC+laS2mCHvoiJ7dfJPS/miMPKYr4qmAGdE14aj18broCC4RH6qaBOOyxslxpRjVeiwywcKGBNFBhw8lRtS7tEqKuZBcWmHxzGumZ/QlM8bN8Tjm9A+seb0ipjPaxOjE6jj7tkCo2U=
qWBjmgJ1Z1ASQ1sbjClnFk8QLkdnGIK/qEh85YiP0L6m0abvkneIr7wzJoNizKWYupeYWVCHf37u5saDJCXRj/3mW8YPqqfWQu2jAmti4z2daNVdojOsJhaKrW8bogylp7wSn9iGOfvP2yVMZspi7mxpjR1XqFboR+Cx6mZUbIrPv7JbQrQqwbiUJUGWMhNNh6ZL+VxDRkg643r0gC4Q7K9bKUu8+Srpan35Td9yY9l8rkeT/Nr5zQh2HzX45aN0CtMz4RaHD0aJcs2S2pA5L5xiaSxoEoV3TrRcJ44hmWSrfhEDv+931aOw
h4N97r/kuxSNXN4jBdfKvj0yKF+CEo71CFcZQd+q8mwyNevWMBJuaTljQq4Pp/u9WneTHuyeowNcgN3dngck1PGzcqgGwnfiDgVnB90JpCUDS/BWpD5Xhhlb2octtiwvB5wCXAG7ek9Yo8nqVehX9OIzkMMfpHn3kyd/mvv242ckXOYm04ggWDdD5DrNuRT/DZUU6BQU+eowzIHc4eol5yBnlng+aKgqvj8Iky2pIKTlOd4oLcuceEXJ4MSK+V3iCB2cMqDtZ6kR63c2r1M2pIl3ARwFl4ZepyoSki6jbaNFHx676HXUo7M=
ZofsQKOppL/+1YbrWvh0oO70EOfQdPtXu1bJdeGOn6KlhkEOr48o9h+VbnXggupWk2+BvHmekdxe6mHNiQP9u+RQwedkM3bdz/tlrOaqog5sSUa40AiWiEcA8Urm9Cyqz9/yu8LU6uG4tOUhFtJTLYeGC1nc4waoOoO6VACO0Myvu+krPBlqyWpdua1fEqM5fI6HM3x6Oa0Ill+VeEXjVAqzcwGW589miVIN8lpweU+cQimM6LLFl07UnIcOgVlEq57RYz8PN/WjkA==
rDnGGODg6Ho9yJFIBIUK+YZkHMNMgG59Ilp4dreVI2DrjMT9v8KghVlKQZ2zrqWmISGvVmJESXSUh1X7wCEr8DLFm1d8+eIaHfg+iPQkmA1DFSCrOIGe6DGbR7Lx5r/3LF9r+nof0XAkRHe3fE9er7/zZwufxLR21xvpCN+XNYuJAn16ddeysEB+pcTmmPEPkmLrVQLPG5kS8OI434oW4HcEp6ZzV/aLMOBI5C6qOLN+C4tF9hSzdZjw2+e6GGPlFtyM9UvSHvG6atahoWnXpwFuCb+gFB/7h4TzOyA+AYbkSmjvO5OT8zijnnnSo7U=
zz3tkNV7NPEsd+ZGyLzVs4ZkHMNMgG59Ilp4dreVI2DrjMT9v8KghVlKQZ2zrqWmISGvVmJESXSThVX7wCEr8DLFmld8+eIaHfg+iPQkmA1DFSCrOIGe6DGbR7Lx5r/3LF9r+nof0XAkRHe3fE9er7/zZwufxLR21xvpCN+XNYuJAn16ddeysEB+pcTmmPEPkmLrVQLPG5kS8OI434oW4HcEp6ZzV/aLMOBI5C6qOLN+C4tF9hSzdZjw2+e6GGPlFtyM9UvSHvG6atahoWnXpwFuCb+gFB/7h4TzOyA+AYbkSmjvO5OT8zijnnnSo7U=
6eNCQvKUoZWoGVc7s6+vU4ZkHMNMgG59Ilp4dreVI2DrjMT9v8KghVlKQZ2zrqWmISGvVmJESXSUh1X7wCEr8DLFlVd8+eIaHfg+iPQkmA1DFSCrOIGe6DGbR7Lx5r/3LF9r+nof0XAkRHe3fE9er7/zZwufxLR21xvpCN+XNYuJAn16ddeysEB+pcTmmPEPkmLrVQLPG5kS8OI434oW4HcEp6ZzV/aLMOBI5C6qOLN+C4tF9hSzdZjw2+e6GGPlFtyM9UvSHvG6atahoWnXpwFuCb+gFB/7h4TzOyA+AYbkSmjvO5OT8zijnnnSo7U=
TUZSYpBwjw0oJxxRF0+U8oZkHMNMgG59Ilp4dreVI2DrjMT9v8KghVlKQZ2zrqWmISGvVmJESXSThVX7wCEr8DLFlFd8+eIaHfg+iPQkmA1DFSCrOIGe6DGbR7Lx5r/3LF9r+nof0XAkRHe3fE9er7/zZwufxLR21xvpCN+XNYuJAn16ddeysEB+pcTmmPEPkmLrVQLPG5kS8OI434oW4HcEp6ZzV/aLMOBI5C6qOLN+C4tF9hSzdZjw2+e6GGPlFtyM9UvSHvG6atahoWnXpwFuCb+gFB/7h4TzOyA+AYbkSmjvO5OT8zijnnnSo7U=
+eTExCdiiSCzi+w3Ww2qA4ZkHMNMgG59Ilp4dreVI2DrjMT9v8KghVlKQZ2zrqWmISGvVmJESXSUh1X7wCEr8DLFl1d8+eIaHfg+iPQkmA1DFSCrOIGe6DGbR7Lx5r/3LF9r+nof0XAkRHe3fE9er7/zZwufxLR21xvpCN+XNYuJAn16ddeysEB+pcTmmPEPkmLrVQLPG5kS8OI434oW4HcEp6ZzV/aLMOBI5C6qOLN+C4tF9hSzdZjw2+e6GGPlFtyM9UvSHvG6atahoWnXpwFuCb+gFB/7h4TzOyA+AYbkSmjvO5OT8zijnnnSo7U=
6ocLxFf6vORVccAkTigA9YZkHMNMgG59Ilp4dreVI2DrjMT9v8KghVlKQZ2zrqWmISGvVmJESXSThVX7wCEr8DLFlld8+eIaHfg+iPQkmA1DFSCrOIGe6DGbR7Lx5r/3LF9r+nof0XAkRHe3fE9er7/zZwufxLR21xvpCN+XNYuJAn16ddeysEB+pcTmmPEPkmLrVQLPG5kS8OI434oW4HcEp6ZzV/aLMOBI5C6qOLN+C4tF9hSzdZjw2+e6GGPlFtyM9UvSHvG6atahoWnXpwFuCb+gFB/7h4TzOyA+AYbkSmjvO5OT8zijnnnSo7U=
dWLlzu9e5YwrUjiRXpW2FIZkHMNMgG59Ilp4dreVI2DrjMT9v8KghVlKQZ2zrqWmISGvVmJESXSUh1X7wCEr8DLFkVd8+eIaHfg+iPQkmA1DFSCrOIGe6DGbR7Lx5r/3LF9r+nof0XAkRHe3fE9er7/zZwufxLR21xvpCN+XNYuJAn16ddeysEB+pcTmmPEPkmLrVQLPG5kS8OI434oW4HcEp6ZzV/aLMOBI5C6qOLN+C4tF9hSzdZjw2+e6GGPlFtyM9UvSHvG6atahoWnXpwFuCb+gFB/7h4TzOyA+AYbkSmjvO5OT8zijnnnSo7U=
VJdXBdeFdLXneYwoD6CuKoZkHMNMgG59Ilp4dreVI2DrjMT9v8KghVlKQZ2zrqWmISGvVmJESXSThVX7wCEr8DLFkFd8+eIaHfg+iPQkmA1DFSCrOIGe6DGbR7Lx5r/3LF9r+nof0XAkRHe3fE9er7/zZwufxLR21xvpCN+XNYuJAn16ddeysEB+pcTmmPEPkmLrVQLPG5kS8OI434oW4HcEp6ZzV/aLMOBI5C6qOLN+C4tF9hSzdZjw2+e6GGPlFtyM9UvSHvG6atahoWnXpwFuCb+gFB/7h4TzOyA+AYbkSmjvO5OT8zijnnnSo7U=
nrjQcRPgDsyQdY+fK901UoZkHMNMgG59Ilp4dreVI2DrjMT9v8KghVlKQZ2zrqWmISGvVmJESXSUh1X7wCEr8DLFk1d8+eIaHfg+iPQkmA1DFSCrOIGe6DGbR7Lx5r/3LF9r+nof0XAkRHe3fE9er7/zZwufxLR21xvpCN+XNYuJAn16ddeysEB+pcTmmPEPkmLrVQLPG5kS8OI434oW4HcEp6ZzV/aLMOBI5C6qOLN+C4tF9hSzdZjw2+e6GGPlFtyM9UvSHvG6atahoWnXpwFuCb+gFB/7h4TzOyA+AYbkSmjvO5OT8zijnnnSo7U=
CkyMK20GqhbPFxWPNeipYIZkHMNMgG59Ilp4dreVI2DrjMT9v8KghVlKQZ2zrqWmISGvVmJESXSThVX7wCEr8DLFkld8+eIaHfg+iPQkmA1DFSCrOIGe6DGbR7Lx5r/3LF9r+nof0XAkRHe3fE9er7/zZwufxLR21xvpCN+XNYuJAn16ddeysEB+pcTmmPEPkmLrVQLPG5kS8OI434oW4HcEp6ZzV/aLMOBI5C6qOLN+C4tF9hSzdZjw2+e6GGPlFtyM9UvSHvG6atahoWnXpwFuCb+gFB/7h4TzOyA+AYbkSmjvO5OT8zijnnnSo7U=
02zVv4FtoDthzKUyLtU2zoZkHMNMgG59Ilp4dreVI2DrjMT9v8KghVlKQZ2zrqWmISGvVmJESXSUh1X7wCEr8DLFm1Z8+eIaHfg+iPQkmA1DFSCrOIGe6DGbR7Lx5r/3LF9r+nof0XAkRHe3fE9er7/zZwufxLR21xvpCN+XNYuJAn16ddeysEB+pcTmmPEPkmLrVQLPG5kS8OI434oW4HcEp6ZzV/aLMOBI5C6qOLN+C4tF9hSzdZjw2+e6GGPlFtyM9UvSHvG6atahoWnXpwFuCb+gFB/7h4TzOyA+AYbkSmjvO5OT8zijnnnSo7U=
SXuhiLVsY8djKJ8k6TegDYZkHMNMgG59Ilp4dreVI2DrjMT9v8KghVlKQZ2zrqWmISGvVmJESXSThVX7wCEr8DLFmlZ8+eIaHfg+iPQkmA1DFSCrOIGe6DGbR7Lx5r/3LF9r+nof0XAkRHe3fE9er7/zZwufxLR21xvpCN+XNYuJAn16ddeysEB+pcTmmPEPkmLrVQLPG5kS8OI434oW4HcEp6ZzV/aLMOBI5C6qOLN+C4tF9hSzdZjw2+e6GGPlFtyM9UvSHvG6atahoWnXpwFuCb+gFB/7h4TzOyA+AYbkSmjvO5OT8zijnnnSo7U=
8wDAPV4kIXjvKl8YkXtmmYZkHMNMgG59Ilp4dreVI2DrjMT9v8KghVlKQZ2zrqWmISGvVmJESXSUh1X7wCEr8DLFlVZ8+eIaHfg+iPQkmA1DFSCrOIGe6DGbR7Lx5r/3LF9r+nof0XAkRHe3fE9er7/zZwufxLR21xvpCN+XNYuJAn16ddeysEB+pcTmmPEPkmLrVQLPG5kS8OI434oW4HcEp6ZzV/aLMOBI5C6qOLN+C4tF9hSzdZjw2+e6GGPlFtyM9UvSHvG6atahoWnXpwFuCb+gFB/7h4TzOyA+AYbkSmjvO5OT8zijnnnSo7U=
UiqtLvWvMGf7UrfT0tuyOYZkHMNMgG59Ilp4dreVI2DrjMT9v8KghVlKQZ2zrqWmISGvVmJESXSThVX7wCEr8DLFlFZ8+eIaHfg+iPQkmA1DFSCrOIGe6DGbR7Lx5r/3LF9r+nof0XAkRHe3fE9er7/zZwufxLR21xvpCN+XNYuJAn16ddeysEB+pcTmmPEPkmLrVQLPG5kS8OI434oW4HcEp6ZzV/aLMOBI5C6qOLN+C4tF9hSzdZjw2+e6GGPlFtyM9UvSHvG6atahoWnXpwFuCb+gFB/7h4TzOyA+AYbkSmjvO5OT8zijnnnSo7U=
yKNvYWXdkchwD78shEgk/IZkHMNMgG59Ilp4dreVI2DrjMT9v8KghVlKQZ2zrqWmISGvVmJESXSUh1X7wCEr8DLFl1Z8+eIaHfg+iPQkmA1DFSCrOIGe6DGbR7Lx5r/3LF9r+nof0XAkRHe3fE9er7/zZwufxLR21xvpCN+XNYuJAn16ddeysEB+pcTmmPEPkmLrVQLPG5kS8OI434oW4HcEp6ZzV/aLMOBI5C6qOLN+C4tF9hSzdZjw2+e6GGPlFtyM9UvSHvG6atahoWnXpwFuCb+gFB/7h4TzOyA+AYbkSmjvO5OT8zijnnnSo7U=
rRFyavx9eOrZxn97TZ4SB4ZkHMNMgG59Ilp4dreVI2DrjMT9v8KghVlKQZ2zrqWmISGvVmJESXSThVX7wCEr8DLFllZ8+eIaHfg+iPQkmA1DFSCrOIGe6DGbR7Lx5r/3LF9r+nof0XAkRHe3fE9er7/zZwufxLR21xvpCN+XNYuJAn16ddeysEB+pcTmmPEPkmLrVQLPG5kS8OI434oW4HcEp6ZzV/aLMOBI5C6qOLN+C4tF9hSzdZjw2+e6GGPlFtyM9UvSHvG6atahoWnXpwFuCb+gFB/7h4TzOyA+AYbkSmjvO5OT8zijnnnSo7U=
VXd1YH7kmXvKx2hQ9jwiqYZkHMNMgG59Ilp4dreVI2DrjMT9v8KghVlKQZ2zrqWmISGvVmJESXSUh1X7wCEr8DLFkVZ8+eIaHfg+iPQkmA1DFSCrOIGe6DGbR7Lx5r/3LF9r+nof0XAkRHe3fE9er7/zZwufxLR21xvpCN+XNYuJAn16ddeysEB+pcTmmPEPkmLrVQLPG5kS8OI434oW4HcEp6ZzV/aLMOBI5C6qOLN+C4tF9hSzdZjw2+e6GGPlFtyM9UvSHvG6atahoWnXpwFuCb+gFB/7h4TzOyA+AYbkSmjvO5OT8zijnnnSo7U=
uBHTkIdrOa++2fLKsL9ZmIZkHMNMgG59Ilp4dreVI2DrjMT9v8KghVlKQZ2zrqWmISGvVmJESXSThVX7wCEr8DLFkFZ8+eIaHfg+iPQkmA1DFSCrOIGe6DGbR7Lx5r/3LF9r+nof0XAkRHe3fE9er7/zZwufxLR21xvpCN+XNYuJAn16ddeysEB+pcTmmPEPkmLrVQLPG5kS8OI434oW4HcEp6ZzV/aLMOBI5C6qOLN+C4tF9hSzdZjw2+e6GGPlFtyM9UvSHvG6atahoWnXpwFuCb+gFB/7h4TzOyA+AYbkSmjvO5OT8zijnnnSo7U=
/T5vCrLpl1JUzwGbk4GVD4ZkHMNMgG59Ilp4dreVI2DrjMT9v8KghVlKQZ2zrqWmISGvVmJESXSUh1X7wCEr8DLFk1Z8+eIaHfg+iPQkmA1DFSCrOIGe6DGbR7Lx5r/3LF9r+nof0XAkRHe3fE9er7/zZwufxLR21xvpCN+XNYuJAn16ddeysEB+pcTmmPEPkmLrVQLPG5kS8OI434oW4HcEp6ZzV/aLMOBI5C6qOLN+C4tF9hSzdZjw2+e6GGPlFtyM9UvSHvG6atahoWnXpwFuCb+gFB/7h4TzOyA+AYbkSmjvO5OT8zijnnnSo7U=
D3pCWV+a6FWt7l2UIIe4+oZkHMNMgG59Ilp4dreVI2DrjMT9v8KghVlKQZ2zrqWmISGvVmJESXSThVX7wCEr8DLFklZ8+eIaHfg+iPQkmA1DFSCrOIGe6DGbR7Lx5r/3LF9r+nof0XAkRHe3fE9er7/zZwufxLR21xvpCN+XNYuJAn16ddeysEB+pcTmmPEPkmLrVQLPG5kS8OI434oW4HcEp6ZzV/aLMOBI5C6qOLN+C4tF9hSzdZjw2+e6GGPlFtyM9UvSHvG6atahoWnXpwFuCb+gFB/7h4TzOyA+AYbkSmjvO5OT8zijnnnSo7U=
6DJ3ZeUlpKvC9ZhRRGd1yheWkDdaucAR2qiAJrbO40e4POwEVfaAPMEFaYLTzba/7UY7uA259+HTB6Nm
yTl8Gn17ODs7zoKAk7xMhGxlPxK+NDC2wi1QnVIsANrOOpOr0NiM2A0i0PCJyyi+6/mGk8ViG6QVreft2wOjGg==
pWCp8KdFgeqbZG52WYJ6i/rk2HlG2Ov+Xg8C4KuTd/gwFD+XWd6gvgd0k8nKMWBZCsCATmaGQ88o1KzsRf6gdBFl7uoDhZa3/a57UJ0xV6kDb6MO
Rj5UYXqL9xVAGOYCeJZjQhxR+qNJJmHb/9Ft7x+tTaiovAt6o+MuV1iLdh5AFJLQ6y1EejxmwXg4ho3ZC5DWM951seCLOrkXL7s/caMU
hYW+XlmCu6socDHacDRg+/Tk2H1E0vD8F0oK4qyDYuMxET+XWd6gvgd0k8nKMWBZCsCATmaGQ88o1KzsRf6gdBFi6eoNhZa3/a57UJ0xV6kDb6MO
wlmWR1brt/A8rg/mDHtjnz8neGJY/8CseHZr3JqQOC0aeZ13nzU9AAjU28LjG35/uONGBkAMorgLBRSCfN4REJgu/UaICCmbfp3hWEtCaT9PUw9poww=
havHzadiIVQ6OUHGXkuF0D8neGJY/8CseHZr3JqQOC0aeZ13nzU9AAjU28LjG35/uONGBkAMorgLBRSCfN4REJgu/UWICCmbfp3hWEtCaT9PUw9poww=
aXGDpISHPKIIEEAQU6np3jAneGJY/8CseHZr3JqQOC0aeZ13nzU9AAjU28LjG35/uONGBkAMorgLBRSCfN4REJgu/UCKCCibfp3hWEtCaT9PUw9poww=
UD48OjsfASJPBoUmFQTag7EbhTktzBgTJhsdwCZaDXqcy1/E6Q0wKTnBL9Szc9Q0PHySr9PJzIDEocOhgxEuEkBKuCaEiW4r97xZRQkbIhQgFGbgRSANQH9vmLp5VNdL32SbqxG++RHP6jAfc1Nbo8DDNklKoy0=
EInuWjDfTYg4oU0YXT0rZzvIR23HrAcC7HVpTQ8M9hFSCHifx0bK1j0tQ0KlTvKUSwHmz4BbcRwJgdqP1bL31LmLsKOmQcgbGdOhbDjYw46Dl6aziI8eqsCg+tQ7ycwOHJIJHKhCZe1OJDr0zhF5FCtOsfP/P1dFoyA=
wY4v25sjWQRKS/UrzqIXqVJx9r6GWrpp0FfJROc5t+scaJ7s2Jx74LM8QZemxsek6TfhnCXXJl5HbHESDmPNo+Xf/juINXSjEw==
5mnQXXf2f/ps5Svw6WTZ5hzF4c0PZT/Xyz1ArM9Xf1MREnDK38jzLWKdkM2yXADK7grTe7AoDEitkhCgab4rrsnKxkOlkps0tR0nvTtzowo=
bs+AdFAkEgFs9h9JH9FnFku062ufJd1QyGS7MmOr3g94s2YWQByC6Mt1tDL8LnGgWH4dVooYRUg+LQEoy/LJzw+DL3mjHA==
v2f50qAqFCncS2PiQ36ATVFf/vlKC+Li7uSfuGOa2aWFndx99a1dkeX7D5VcP+jIMBwolbLI2lI8CUAPbEJKYEE9L64ls6yqjR5syzsccFdNaDQSsCtO8quZbrCOUUygPcpwqJkDqgYb1OYMF2paXKXFxzVLWq4h
7ty4q5vsbNa7sBGIGKAAZVMpE77IHn2JzJCG9UJIeir/F5fG5leX9SsIQzaPdIGS7fCY6j0NHWi2XRfmoQQGYIm2fKHj1mcp7EI3af4Vhhv4eqbhcUfh2dJxLl/nKbYQujsKHCCGwJRv43mj3FGasWolSeW/mjNhvNaXO1wyiRWILu9dWE3zjEpr44n2L7+eiap9Ojr46ZfcmjmEyHp1JcpsL8oujkscasZB699Hx5yu6w==
+j15JLkyLUi6KoKci4VRj9BMKShvm2QX8ZQaI/CPuj2tAvYxElOd8aVz7T8NbW0iccmcq//euLVFTW2oz9l7Nuonl6HutLdlWiJsWCTYh7zaZTb37tp0LFzrILgfitZgNwTnJrNXNgtw4Ahk7qr4Mz4Ly8U2FHP12PCbZ3oYo2XW3Mx1C9LecXpqliHhaRcnwW5JP+AU33tHhLO7ajpBBSFKr217ktNz+KNe+YOu9g==
xKECUl9yqVJGfXSSybyS5f/fxHS+IgUe63kEerLXrqepdHKzSA9CrQWirsFak1WhXRPFDxVtdRJZqWT7Nx7wRR3txTg3WcOmgsfPESb0fzViAgSoPNifzDJFDiemGjychIvIKKcKrvCfpD9Wexd+2wgAIFT2quADFuuzFX5Uu4UAUDP3Apgb9T68FMVDEpahQkp+UflpD9epTnFvKFQXyx9k2yvSurmVier3nTNSGyMAw3bJm67u
MyWJlR1ZnibYVxeP3VWaluMQMGOPs+LYDuLsRfNpdKpm+4dMXG8m7yyxK5qA3bTjW71TK8sTG217DleRauc5bh5ZM9XrJFm5rXqs/+FNyISxaaw6SnRyGNEQfP3Ae2hq0sAqM2b0yerAbDEckcqVZ/BHhriuyHgqbp+YUz2J8CRVGa7onWtseHUpkAS6ma1iWP2M8jCNt6lBC+d2vzPmJPmXMVz197xa14mn0tmB3SIVPw77eNWVruA=
Wx8/jdCAATvNDsVf9gWpdQjvEi3kGCdnOSsv7MQfrm+kAbN66A0Mo4PNuwvzAxNtcx5vsYKX4S6miVs1c5TROSUKNF9JnbBE6VmEWrJkehjZAAQd6EuwKiqQgpP+BEFqSNypfHmaLaeot+6YlthwKmaPoHNVeajk7UlGiAXb5Pj92QikEslVIoDNpBJInb+pSRsfFpcDvuSBR5n8bYc02l85PzKxUWVizU/m20DFna7o
SYm6+IEkq5Mm8QEzbwwx6hggGbmYCniS1YbVslhTbT//F5fG5leX9SsIQzaPdIGS7fCY6j0NHWi2XRfmoQQGYIm2fKHj1mcp7EI3af4Vhhv4eqbhcUfh2dJxLl/nKbYQujsKHCCGwJRv43mj3FGasWolSeW/mjNhvNaXO1wyiRWILu9dWE3zjEpr44n2L7+eiap9Ojr46ZfcmjmEyHp1JcpsL8oujkscasZB699Hx5yu6w==
EYNM9p3FnlMBqVVE1HXsewjvDyHiCjxuCSsv7MQfrm+kAbN66A0Mo4PNuwvzAxNtcx5vsYKX4S6miVs1c5TROSUKNF9JnbBE6VmEWrJkehjZAAQd6EuwKiqQgpP+BEFqSNypfHmaLaeot+6YlthwKmaPoHNVeajk7UlGiAXb5Pj92QikEslVIoDNpBJInb+pSRsfFpcDvuSBR5n8bYc02l85PzKxUWVizU/m20DFna7o
ui1K4mgDQCq7qhyagTBDKcaI/K6IN0nxKqHMpD4P7Q46ejAP/aQGSwTPDpUx8nqppvNJiWkj0RcZbXkKTZlQ0yt+DC3JvfEAe5mPXvYXm7maVONdlnKQMLBYE1SmtXrPOrqANFDbPFBrSmLIq3Rrvgf3YvM8MDRM+qrsGwLbhz1itMdtVIAHz87Y143K7MBt/7IKSTa66sl16YNPPT6FB7T0q2NLtK/Tnnr1rb26I/XPMgcLNPNi0Zeu4g==
Z5EA2OkSsDuZcayxMwrpo2kzfnLNedGgWojfAb2TcxyI12ovYEl/SrT1aIOn1Ucb/wsXbXcWY6F+j8UOwnEHBb/cFXnhwnivFSUUJA3BOMo+7P6YXYiIjVTT1MqOKF7jMkwFqgwU5Uyl4smHjK+SiJrQdCpih6xjKWGMxAkxmrhJE6A4uZHE1M5x8cLkVRiCxBU7Kc2Tk4Yrm1qEJf/FDCFP8JqbcfMC7akBQulXGstMzZmu7A==
KJJ3YN40YNstso3pGJ6kzmg6Y2XLepiyCobDC7jSR1KEzWI6YEl/SrT1aIOn1Ucb/wsXbXcWY6F+j8UOwnEHBb/cFXnhwnivFSUUJA3BOMo+7P6YXYiIjVTT1MqOKF7jMkwFqgwU5Uyl4smHjK+SiJrQdCpih6xjKWGMxAkxmrhJE6A4uZHE1M5x8cLkVRiCxBU7Kc2Tk4Yrm1qEJf/FDCFP8JqbcfMC7akBQulXGstMzZmu7A==
dCZkPeajqIsQ5OHaJDMMNjT2+FW7pmre2fVRTaACL1wk9Ctjy7Qv0x56da09uqP1TzKHC7Tz4tEXrmI=
4WDrl8mFh2Rae9twmnp0BoYgOMJxdxrhIlhu8h+NTGC9inBoGUOqRpsU5kyXqlqcJYXH9csarmE=
EnianLoZ6BspRK4nftLZK9G70I+EsA6KxURPr7Y22NeMyQs5SvgaglyK2XQIqlWVytwPmm7+Kwzq1uHbH5cnbK4b
UA1khhB1TpJOQxf9eJKLY1FGMdc+5mDc+eRQFIbhfjcMhdtOU70ePEZFLHyljmBEMXfq+iOwVsAfPvrA/cEXmSNurh0=
aI0wvGRPMjVjBqfZiz24IB+uc/tIdCC7oi1e1YGxc7/9P09szyysZLHnSTydZ6TazxmPcuExFeLd79YbkCVtrhg=
dCZkPeajqIsQ5OHaJDMMNjT2+FW7pmre2fVRTaACL1wk9Ctjy7Qv0x56da09uqP1TzKHC7Tz4tEXrmI=
4WDrl8mFh2Rae9twmnp0BoYgOMJxdxrhIlhu8h+NTGC9inBoGUOqRpsU5kyXqlqcJYXH9csarmE=
dSppAotyZQqZakrylzMe4IZkHMNMgG59Ilp4dreVI2DrjMT9v8KghVlKQZ2zrqWmISGvVmJESXSUh1X7wCEr8DLFm1l8+eIaHfg+iPQkmA1DFSCrOIGe6DGbR7Lx5r/3LF9r+nof0XAkRHe3fE9er7/zZwufxLR21xvpCN+XNYuJAn16ddeysEB+pcTmmPEPkmLrVQLPG5kS8OI434oW4HcEp6ZzV/aLMOBI5C6qOLN+C4tF9hSzdZjw2+e6GGPlFtyM9UvSHvG6atahoWnXpwFuCb+gFB/7h4TzOyo6AYXhSm/tO5KT8zijnnnDrrY=
gI1KsYRlJfg0UQpBluBbJ4ZkHMNMgG59Ilp4dreVI2DrjMT9v8KghVlKQZ2zrqWmISGvVmJESXSThVX7wCEr8DLFmll8+eIaHfg+iPQkmA1DFSCrOIGe6DGbR7Lx5r/3LF9r+nof0XAkRHe3fE9er7/zZwufxLR21xvpCN+XNYuJAn16ddeysEB+pcTmmPEPkmLrVQLPG5kS8OI434oW4HcEp6ZzV/aLMOBI5C6qOLN+C4tF9hSzdZjw2+e6GGPlFtyM9UvSHvG6atahoWnXpwFuCb+gFB/7h4TzOyo6AYXhSm/tO5KT8zijnnnDrrY=
8jih7SkeBzS7B+qtSXQB6s+rsW81NyEwW2rkY8uZmaX4Is/14i+HAFzazzEFKmtmBSX2Gx19VeQCEDXln7pkVFvbprtCzMpPl3ps4XrU/BNwmVobzPRxxfgnU/CfMZWxLUBQItYEynA07NuoYKvHorGb/KlAQ/EgpAhQrz1TnQWi+Im+55joMFFrtzZVzRLlvkoSb8DQBszk5gBLsMbTuSYU048EsWbOAilvegItdyshh3/e3W0AWUFLXP2yggemGLfAEQPLXaHutYI8kyM19GOXSYt8LiqSwnnMKpYWv6XIrbxX/1g14cO3Ys9ca7p/t+hMOClubjXs+xBzPzXcRu0VMErlKkJ7TytZjo1/9CWQv6bMH1eGsDhcCE8sS6U73T9dVFYCJnczjO23h0+T6geOFwewBPp2f6AU2ANrSOrRYYAfeW1oGHj87Sqk5K1sXdKRRzQ/CijSAFwqSlfkw7HxNARRAWKYAeMIuFEhjDT2ASkCnMWA4gzFUyklw9tmswuixH0P/Wzp/5gaMwE7IpWZ2QJRx4JrhJ2xrsQ=
yrxROI+cN4kOvrtEcvFivy6PBYwejS1sEj0vk4Bb/dDZcvAR99H8F6ls1BanfWt+AaWgxjItkhNInOdWG28Jj8aznpNO6IbcSGr8HQBafu9/rGjn9fpfUa/aWZ3n7kIVeTj4j6Fg7vFCxAZcNyE8Ly6l58bHSBNwTJuuWhISQE1xTk4KLherNDupEeTHDZwRGqk2Z5Iq4zScbzVgRJNO9ygiGb41MlAPlYtTYIUx5i3bdmIcgi2A7YUW5/8YwrUY3NVpqdeaDjJDPOHgqcA7e6GKzgoA6P3CfTrF9AgwFuuxAdlmW0IYKaT1F7rk9Qf+YMEi7tkya0QQU4fx8RRPXjbsG+MvijtpxGB2Z4CYzYl/FsohQ7OZxTfz3B9clRf18BRXhMio+8zaJakq0mbqLfWQ9ZQMPpcTyRrN/z/U2beo/UESj4aWrWK3WCoeZK7u/J/ExOB7tZZEYlJoAA8ppUitPFd/WLXhQ7fiz9xrOn836Mw4qW7uNWz7kHO/NVxGbRWwSmUqwnvPK9mODX90JRC/JsyfVwawuFyIT6xLJTtdP91U1gKmd7OMbbcHTxPqh46XBzAEenb/oJTYg2vI6lFhAB/5begY+PxtKiTkLWzd0hFHtD+KKFIA3CrKV2TDMfG0BNEB4piB44i40SEMNHYBqQIcxQDijMXTKaXDW2YzCyLE/Q99bGn/GBqzAbsiFZlZAtHHAmsEnTGuRA==
zUFDVOps1gQqPqB9NoNNnJ3jyIf2SHdWkYy3dwwHggdz9w1Sb/IWFS3zQhToqwjaR6lFZnIxmDAPhPRVet8LWojGH5qKb4KAoXiSZzTI/GkvmXEnIlRMnjkHyt2+AOfU11TQLtvV9KZKZIvRCwZcK6sHTPrmxeVD+Krhj4djZJpmO2tZusTO9RYJhs9fTO8s0IsQZdKfn4I5AUtsLU2vl32I/KVGxajw2rxxOCVZ4l7PvCWcabuGo6HB1umTezIF/Juf2l675J7gQyZV7P7DJgml4cEhRrciqQBc37QL+pBelfYy1g/dZ1EXpkr4cbcvDkohIy9Z3x/JKvbFZk9C7e9YP2aIi2jQVIC7yYuv3wIRvA06WV7cnW3sGvWYGAIThnB9AVY2ld9bLPOwFZq9lp7uuvw0W8dA5g2wVrBM9XaSM6OmC4IIUn2SoQkMdX8dQ8a1RlcqJrJsjop5jFX905wA36gM9l/KnvaD8QPS2qKUUTHTcTPaW94xqhWxh1yduYK6hRTJKBXlZjHx888/surSHVKRKV85MQVbfmZvALQMObnNLeuTCr+zMnQr48II+MUnPq1yvgiFK6G50SWUItVxXLlqU895YSrvJKFufNtwAcviamZnotXsjo5A9P9tJm06HjYv+PahZ16IHxNXVP+vBMm6hlrh3jKotHzSX0l9PYQT9sfqXz2r1wgvx+ycMwXkEEXDqLT7s5C/D4q6gSdX7q2TKEmQyTSSqrXxzBBd+rAY+TOqNntkJjx32trsxfUHhStqrhE=
zrCzRteXD6Nso0Yc2oC8nU7IlHrxPBdeSY4nJH4g75EH/5hHt3huM9VRu4i0ePjPSwDFw1HoRx9dqs2Fv/3RiWqhgb1PGcBgkJSxh0Nxsve7oBhFMTGSKc8vA8uTT3qcYZ+VqrDkB3CdQkpROsUaFyRjLhLYy01y3g5hTcHjrbxkY9oJjyZFmAmt0uiGFKaVhKbJ3qbeS4d5IRBDpwOeKyjDlDlLi7D2VQleEldX7/talavmymmLgpdevY72vkMNXUZZRZ3pVMLqV11habA14NVZVytsWOVgqLyNWIN/IEe2JUu16m2g2gknJz3PbMZoNRT1Kz93DY+DiJJ90AoAo/GrqcnTpKNZymK/0fKWlL9POAmwnoZ54TmPZXeEXJkr1J+usc+XvQBXcvUcDIXcO2MkjuSHbGnm1vg0Zq9Tqnfy+DKNONg9DSYeC6HnShNV7E+exPrvoniwAkgAz7ex54y1sqVqMWEB7977NRxCH7/MViHByPrHOUhJ+5hqPyvNpssXCgk+1d5qvCHD/I4xgNgeXfGKuIeuvgrDiMqSia+Po++Irv8=
5CYPNolx0hLMPr1FXdyGs4ZkHMNMgG59Ilp4dreVI2DrjMT9v8KghVlKQZ2zrqWmISGvVmJESXSUh1X7wCEr8DLFlVl8+eIaHfg+iPQkmA1DFSCrOIGe6DGbR7Lx5r/3LF9r+nof0XAkRHe3fE9er7/zZwufxLR21xvpCN+XNYuJAn16ddeysEB+pcTmmPEPkmLrVQLPG5kS8OI434oW4HcEp6ZzV/aLMOBI5C6qOLN+C4tF9hSzdZjw2+e6GGPlFtyM9UvSHvG6atahoWnXpwFuCb+gFB/7h4TzOyo6AYXhSm/tO5KT8zijnnnDrrY=
venoMUuAZNJ5OQZhJGgp/oZkHMNMgG59Ilp4dreVI2DrjMT9v8KghVlKQZ2zrqWmISGvVmJESXSThVX7wCEr8DLFlFl8+eIaHfg+iPQkmA1DFSCrOIGe6DGbR7Lx5r/3LF9r+nof0XAkRHe3fE9er7/zZwufxLR21xvpCN+XNYuJAn16ddeysEB+pcTmmPEPkmLrVQLPG5kS8OI434oW4HcEp6ZzV/aLMOBI5C6qOLN+C4tF9hSzdZjw2+e6GGPlFtyM9UvSHvG6atahoWnXpwFuCb+gFB/7h4TzOyo6AYXhSm/tO5KT8zijnnnDrrY=
Dmc/iPF/FqIKtDfekY9pCVqx+kifPJNZyHKlMnTwpCs591BZNwyE/dZyuDP8LnGgWH4dUokYR04+KgMoyvLJzw+DL2iuHw==
9SwvUm1v5keDPjjuayZG20RCDCB4FcuBQd/C1SVeIYvuCF2EcjcMQAOKHVsSSG4jgixVqty0lYxVwrkHXI+CyAowRCpSZzwjOUFcRHkRang5s3A46fF0FP4RQUI0NQhCVLVLKT0zA8Y7ewoElR/1TJGvI5nL0QNCnYnxwrl3Cgvcramu3A==
LLh8N4SwozevfqPyDHuJHXM1mRjFp93noeDaZE02kZyGhEg/f/eJC6qevwaHPwDAybzEWmB9AfUsh/dWcHt+oPQd7CSVlgCcgexpYpNoNtgvZjqYTVl3QRN2rgU=
vNDy8COm2DwCd3YEJzzaLwNa5PIeq3ADdE8tZlrmybgZBhoS2M3LiTHhBvgfpOOR6Hq1CjQINKPZv2BBNxS0tTb6KMu8FmGoeLZtygmAtwYeIhMQCopZR29LH3CuBw==
pRJOEaPC6DkSq6Unw3FmmSppy9cvmVEZQ08tZlrmybgZBhoS2M3LiTHhBvgfpOOR6Hq1CjQINKPZv2BBNxS0tTb6KMu8FmGoeLZtygmAtwYeIhMQCopZR29LH3CuBw==
wf54sUkt8yZSE4Km0t1mTBd+YCxRRiViWuLBrAkSMvb4qeNdYbXOPF9gK8W4rh1ulOycN0kr6MW3kDwhpm6ALxxyyXwo4qUOSUR/Uk72O3QqbnFTf18XdK4D
bp3dE/veWciC/81b8S4mhvaEJ1eNrSoBhh6IHc/VDwesVF1eWt65kPkuSkoYFZvhkQm2gJ9cU/lIkmVSdNDki7mXkHk3LESdVtL4E/xOsUDY3t0yifgH7r5KQ8jK0glvj2NvSK4/
d3Tk5mbpV1P6UetcWFe1bDfV4vL36NM2V8nVOpp5U2epHx8aHX/Ntemwg0BOVRSlRuRRb28l1JRFTytcOzqu3ahyWBdPYmB6teI6BHXfVcwx70OZ6xHjwn1J0cLZN2qLfG1Jrjw=
Y28f22ixAHl75+0TTljmMdg7T3IHg9ITLLfToeD/kGnZbYzn1pPSgoAFIAUJSM4/Pd6lg/02UAzPmZjkZInhOUxswMyjkfYzV6UuvHoXEhAQ6hhYD2/hz2ydwp1qCREpD/ar7dwaT1dsPpE5SIJ30eghK0AqZ/vlxuPnMgkGJfYKlPGbvFbh6Hj27YoJQDfGHuKT0ApK2Ydvi5+wrsc=
uvSaSTllhJD3yKhhkyMJ7u3Gqw31jDM+uon+BXMQWs7wtWUvJQdpky/bDlCkP+wtk6yVAxsnDAn68zVKXpu4hRL0S6NrNI+T/HlVbV06wzVvMmdLVHNCEXeuAg==
