OfR0HY2AKI87ffMaEzCW21aqxbT+5oRj+Ze6stFbIx+00f6rovxyydR8wawLwEpgtNTZuznl5D1mfN0xZ9qzhaw/vjT6n4KIcFLokE8n0TdMhdKVagEBMS8Om6Wc0r/vDKYBscgK50kImVsI6q/Lneb79zoJDjXuKuzBU3wekVCYbn0FiMioWX5cYxhPAul/T5OPo7PI
sfK6IMshrlexTKDAMXGas81T7/sBH7NKCn8zW3ks4YK3FVT1XC6kQPvlVDb6tqFHPRM0atQuk8+6ib8zqs7aue7aSIwsWh9RjZWka2YP6oeNw7ew/88sBEMtROhViyjsy1twh18C+pnX/87VA+BJSHlc8hJl+QyILdIQ4Ol/KG5Ei8YCJ1Kf9DVdJ/27ubPO
SOHdaJx3wW6faqwoZJLZ/ADMGXeWwH8TBFOMeIzDnxdsI8KUk56zNBLNAwJ4s7RFzIHizMC6NOlIF9Vd/fOJNFPVpZBW3RHhRPLExBMpJAIHDyPj9T8kvgyyMwuShY/HErIaXea2mBi0Bv9V5dlU3x4z6qPFbyfkp9MMQOuh9Jxtd2iIQ7cgk0femh0/M77h+1zJ7LFw4sa9ZaxMBd4gFFED6IpM5xaWvw5/8F0R10nDhbPq
1qVl+xOj1gyP3qyIo3ijSxElJB5eNMTxqeYDIph6EXyxMSboY53VAP6vmLD3YoH7ruA6c/ZUGeqQjKFcgSpF50CntvgeKEgqXn8oEw1pQKSF+b6oDYs8eKWJAESquf3iqN38ssAtx6mxq5e2TxOWpCm3IZxlV+hYB+YwEs/hjaelXz47yLW+s9c=
/i1yXHfQFB0xG9OoCCcGEQUUHjo8Ds1vGtw9SLOjqpBTKXg9VSMrE5xyPVxd+eJYB+xIgGJXfACzKu3bgug+Y9IMZaosVEXMBaIph+xvcgg6EFQqQkcM48mh7MTpcTo46VOAONnRJFSusdHCxJW4AiTVWykt0/MGi9t6hAW/JYxBjxSYu75UgktpYUcJF3pL7I2is8s=
4Fw/+elElvOmiqOPEu4r0AUUHjo8Ds1vGtw9SLOjqpBTOHAzUywqQZxyPVxd+eJYB+1IgGJXfACzKu3bgug+Y9IMZaosVEXMBaIph+xvcgg6EFQqQkcM48mh7MTpcTo46VOAONnRJFSusdHCxJW4AiTVWykt0/MGi9t6hAW/JYxBjxSYu75UgktpYUcJF3pL7I2is8s=
Naa+JVTMwSLPxRt2zHELF5aNYA5p1FndVdiVkUE2zXvWEs8hQWwiOgB2iZ+6RL/uf++FghYgabTd9frReDpxfFHxhmjDVjQAnu84MFci4ftOIFrzVpQ56vBMQdwhamXnYOfWeP7oaCp+v8iTbSlgpKW5HijtS1x4hUmgxMp5HeLInVwyYG2nqVFrNzbv03akSffBHMUXyFjnplCSbyGtp4Wf3ruo9Z6z9w==
x44wiEimiWKKX0TCNl5dn9io4uyDTuufWLTSbjQYApSX6eSw/w31AYSSxCRTSaSiQS8gw7WfpN5MUjNrUmUPZ9KSGn0mFhj4dGb/taW51H9eE+qDhc+nhOczDCArQXQ8rVdoqIMXoHOHvpr9f1M+Qbt8yczx0GKm/YWsLMU+oLSRI+iqjEeWdn9ufxAdcVfpg6Wzyg==
KkPvKz/vPtT5Sec1/UvPeycvI/V0FH0iOF+5Xw0pBz3pj0QQS1E35oieKhEomuH8IVF2qLNwxADuz8hwJ4IRe96AirMGtCnq4KyRnHGK9WfQB2Y4zghYKk5f+NPdydAkNVlOaD2rTHiVafCEGtmNYjg9LHKQTdepoUtH9h9zBiTZV5HcFTfYWPfGAFK/QT0nNf9ue5iVrrPH
1jqSP48ZLshtdBhVrw6vMAu5z6Ti7ocw45WkosIcPzy03P7ExJIb091r2KQ09mcH/JiL6WCB8SFsFPAEY9mGi7c9vjT6n4KIcFLokE8n0TdMhdKVagEBMS8Om6Wc0r/vDKYBscgK50kImVsI6q/Lneb79zoJDjXuKuzBU3wekVCYbn0FiMioWX5cYxhPAul/T5OPo7PI
7fwJCcsDfdo0c8kZsE24lDBPwX8l2d99kd/s8Mzr8TRFJbKxQMpZPPlhHsiLYswA5t/wkM+ySTtmUGITnsShamgcCfzZWg2niHdOGDYYUCpGTwDz9bmI5M2J5gilG8T4HRloJPIJNSJgDcSSqF3fqalbf5Z3Q97kYQf5fI3HUNh/dpiyFxFFZ+0PRlvghaazzw==
M+H2o+J8Z45WpzaiPZ7AVCJ6APihBX8KLH8pfQjH9Fk0SgT8YxHEunA2INuFh8SGfIrzs+I9b/9iCprllo54oMS+P22V4bRnbgvqm7XXx9zX68z4mxkUpB3P6DAzj8ArN2ZaJU8LXlmLZMnUwcgC/s1dbPR1ZsAsIbtoMjzf9i7Ptr/ILSk38bO9s9I=
5a4H3mpx3pqOwLU+LEEgHftzN1BvDgowAhjIW9wvhr8rRus7xW2jsgpzI/TooN4Q1OpT3omosYOIfZ5HlLzu7ksmePX+iyPy/LOh9wzPDJnlTFnGhUJ7Qx0bOBS0Bkc3PAgqOGBRUbGsJND042lm+3et3uT6z2IYMKKIIM9X8QcMFXLFalGhoW8+u9UcYt8fTDbh4cjah9nI6bu4al/rrSZrV+oJ3pV+6tzho/yucSBY/h3ViJhIyT6sA6jPcslPDwMv87OY
qlOgPsPbQcDy952X2alj2tSp7uGaD6LXR6OLY3hHXsaV8KWw/w31AYSSxCRTSaSiRi4gw7WfpN5MUjNrUmUPZ9KSGn0mFhj4dGb/taW51H9eE+qDhc+nhOczDCArQXQ8rVdoqIMXoHOHvpr9f1M+Qbt8yczx0GKm/YWsLMU+oLSRI+iqjEeWdn9ufxAdcVfpg6Wzyg==
TywuzKQy/VpGj83S0Pp9eDlchw5KU7TZxV9CqbkSyhxxSyQVnStODO0J/ulz/nsSJwL1i02URqdmjUUjOyhg5wn8acSQAqaXXviFjPiu8zsnc3BCIeQY6e+5HTOaOT4Xr6J1Ec0SJoxBWoKQAceASFQafytM1JCk4c3pbdw46OgDNd4nBzFmuDqTWgRAfrB8L8tJm3zJStlqTZl9H6IDSfw+58M8Ktm9CIY/Rbg1A+SKQ9OxVrfvdolCLaKawNm/HPLJ/ChipYlIxHDVTnA79C/ucdN/3xfvs4Q=
FZ3PEsqcylQPmVV8yGC7WdgtIfvaxIohOxikTx4jNiNDat/q3TkcrmkuJP+phKVxEQTNHZBqKbxpga6I20w9AZb/IFB/0tm7lvAyU64ksWp4PPk8iTq9JxjXPljm+GAqdq/Qs4UZGGR96bbIVTvU+A35WGSiqcWi8G10Unh9r6lZey/Wx6NOZBGnKby9p0DYb1bo8sfx9ed9r7absOWWs/8=
4AVmY5nGqrx/ti6p5VTuetXtlD4c5W3LJvzuAd8AuF8SKzIjR2LT+sEh+I4NFtjP5UxhMVXMAW0sko3czRkyGFfEuYESd6zA40p9WzKIjqPibHWqPHQ1DPUCWQd8zyJI6vBkKnKn3KOZAXxEmdHK+JlzkDjJsRSUHtFhQlT16ML09Ssp3fOjRls76gS1X5XMcW8EmKuepMI7yZHHmbeqi7ztkrP7
nWUxyjtroVjSvtx2TTN61FI2VOOgj3PgN5F2d4lUvj3bjamzo8TkTnZGm3EWlphtO2re8IEmeuzxu3g0tGaHV7yoZthhsRERLEQQlONJJlv3TZ7E+u+ieLACSADPt7HnjLWypWoxYQHv3vs1HEIfv8xWIcHI+sc5SEn7mGo/K82myxcKCT7V3mq8IcP8jjGA2B5d9Yi4iKm+DMOIz5KJr4+j75Oz+A==
iinuU4W9xQClKKk1s/cRMRMvgsF8EX7Bd6McCPwRzTTCVwgvMCNFZsnyuxXqnh/i4qf/aAMRt+hbhRbmXwyfLchQDQB7wdCz9ogZ/i+L4Pw0S7jIlwpe0K9kT/bLl+57WMBwdOaq8CNGK+O17tQLJXCQA9fymCsVTnykpbOSBkESiq4x6WkfN/kOoQ+41GcrryQrS+a4ybq+qgE9g9eLg9CDpumQs/k=
NvqmgEA3mjnUhscHtuy1xbWuA7/LpuLgmzrbi7KGoFYBxcz636ttKGns910sdmSIK900XsOpoU8taxRCJPbTh+oxX9saVloxfiLoJFwC35ldrcQDVhfqj527l5gPF2xME5WkAOUTqGRbo9AvL1o6UQfHrr0z+ElAaSTSOpUhTMB9avAIWeeo5tRzZqpXCl885WVHlYuhs8Y=
E7Yo3yALa2Lf01qhbx1l3n11ehWZHWHPIWqi16PY8QVHV2IV3f2qHmtsizXUAEGhiE6kGzpYBeY7a9SEiLs0oMPKivijVLPOvzd648SQvJzSqsTLint/LXp0fx2MoA//Jlh/fcKMGN2HchJZDlpimZ3p65+1Xr0XrLRT0xNUp6My+J2Sspp9BXd3HxtMU+qBpLPN
qaK5v+Mr5DdOb6HLaLfYqF5oA203DWdpdGm2Jn8M/21o0K1KHM4wc1YIuT7Pi8C8lMtYiPcKfhAP5C+2K5fOOzhAkLTGqtDjpquD9c7U62UQEKMX0phLVa78BOWTkuaBsgoO8Qlpf3dZjgFP2NRH6w+kS4sGuOn6Hirh/ePXq0MwA8apsLPZ
+zrHNxfvW2LDqojacv0uQfSWyoeL6vsDHdu41LRGx/c8SK3/bpHR8azkULTjqeY7d+1eJPqP4tgw4ghgz5dxRwzV8oVqESFhb347FRwiX19M9mGhyBoHmcgpO3hqH2ttJivXKgkeFT7qHGHj/G7x4Fi+nRWI2MgJPuyD6M+ySQ8Pw6+zs9g=
iYzSSlUHCPmcaNU0Q2plv1xoA3w1G2NpdGm2Jn8M/21o0K1MHM4wc1YIuT7Pi8C8lMtYiPcKfhAP5C+2K5fOOzhAkLTGqtDjpquD9c7U62UQEKMX0phLVa78BOWTkuaBsgoO8Qlpf3dZjgFP2NRH6w+kS4sGuOn6Hirh/ePXq0MwA8apsLPZ
G6TM7qsN4o8klqnJv6/25fSWzJGX9/sDHdu41LRGx/c8SKv/bpHR8azkULTjqeY7d+1eJPqP4tgw4ghgz5dxRwzV8oVqESFhb347FRwiX19M9mGhyBoHmcgpO3hqH2ttJivXKgkeFT7qHGHj/G7x4Fi+nRWI2MgJPuyD6M+ySQ8Pw6+zs9g=
rEDbfXNcZi5bRJwpiCTCq/SWzYeF8vsDHdu41LRGx/c8SKj/bpHR8azkULTjqeY7d+1eJPqP4tgw4ghgz5dxRwzV8oVqESFhb347FRwiX19M9mGhyBoHmcgpO3hqH2ttJivXKgkeFT7qHGHj/G7x4Fi+nRWI2MgJPuyD6M+ySQ8Pw6+zs9g=
MtCNFvihINqx/+9c1PVYmOr3UKzBuOXljXOVj66A5lABy5ypyaN2O2jr1V0sdmSIK900XsKor08taxRCJPbTh+oxX9saVloxfiLoJFwC35ldrcQDVhfqj527l5gPF2xME5WkAOUTqGRbo9AvL1o6UQfHrr0z+ElAaSTSOpUhTMB9avAIWeGv5tRzZqpXCl885WVHlYuhs8Y=
lcYJrMrvqYzWhO3HeHZJPSddvfHYjR7lAyr3tbw/wZaY1vjQ/11weqjSRc2RbgxRfNuw0l6JxlEkYkRU85lk8iYdL/PVz2QO7CKzm/I1T7cyohpNxsZYqNSWf8UFaRQvPiPqs+WfZ1RHQ4zQixE07E1naJhjx+AjJ04ajd+D/hHbTMn8kYCidl31LNxlbuBkcRXvmmyX1ibfnv9gvaGXueOVs/o=
pvp0QF/DbaEatcG+VP77NRB7zVqrgwS20wMaYed5HlrKQeQd1LOXFnMg/3T0ivzAxKdhABEx4i8Tw7PUalOkuoWA0k8YF98V3Xye3KTW8wxOn5S0szuX7M8nJJHq7tqZrnrILGx6H3HNNSTLJi/qp81jNxC/7ywkA43ESBWrKMyL+/AnHyL6uZdfTnVDwEloOfxysiXZDKhtcpBAqVovTgQrRqJncp/Udf2nXfuZs+4=
pvp0QF/DbaEatcG+VP77NRB7zVqrgwS20wMaYed5HlrKQeQd1LOXFnMg/3T0ivzAxKdhABEx4i8Tw7PUalOkuoWA0k8YF98V3Xye3KTW8wxOn5S0szuX7M8nJJHq7tqZrnrILGx6H3HNNSTLJi/qp81jNxC/7ywkA43ESBWrKMyL+/AnHyL6uZdfTnVDwEloOfxysiXZDKhtcpBAqVovTgQrRqJncp/Udf2nXfuZs+4=
ROcU10XfyxVyis7yRDG2+IP9WFGDUuD6DaUSEB9jQwDvcNUjnUBu8a7gVhcjhL5e3wkqHn7XWUKmcHjMVZQ9P9iX9kG78XM5aPv//WmW/qTWHFx/W9M9FrKqJ+adkN7a+Ngfic5xiiquI3jyKVvOnOf/93BX83S94sqaJRbOeGBEfj8tFaG0p+5L6ts1F8ecV6vMOBvZFOSdD+jws8/A67emWmXPS16ZCyTJlEEIAr5NHWw09abAbKF0b/K8n/buT3a/iK1pNzEz/bOS
cyiq8KiBA7I5EB+c2Xj226MBoUHR6JM01HodidRHMl8I3nCmCYv3i/I/3101HXCzqXr2tJ12LHVF8vE9nJKdAE79FWw9KCczpSFAyrKesvW4h17SZn9m3/cS65TpBFxBqjkh2EcXrVvBYkWKXZcaINje7fQemIk/WsJzxaoPM+kqECpoRwqOsD8kX5YbFx4bqICAFBaqAEO2axPVHlTbRWDQk7cimPu13jy0hWMStmEiyh6R2Wkvl0nOkS8IVDcLv+S767m/mVouahHd01f7Y6BD1gngs4k=
wm+hHjTSwtduh14vgO+7UCenu0Bop9al6+WNPIx0uNexfv3FzdznQVAXDfZtig1nXVL4mF8OFGHnDWmt3PhoqAN1XmcHceb4OlPaxEC+MLwvC8nbfInKmWoNGT0f4oOJ/P5nAzzqWX0Ixr8FuHWDpIoDU3FWd2+2iYKtYpoAWf8cskm8KCIlxk8E8BVOsLs0Ly7xk3+fl6+zxA==
4EfjOlTJ1dD/2Gdy9ZdS4j3aZQhjZXMVtzgFLkBZ25+mYSVJHgCqxy0py0ughWeKy4PsKg7HIJOGyOleXwtwXGQLaOiHCk4w/ySfFlsXXpvogECU1qrAw3ZrU1VeVJvFoNBTN+KYOzWePPQFIxJ24eLK3hEZaW8XCc7Rr0hU94t/5Htr+b/Z2m5qUV0TVzvjYEOWiaCzyQ==
3UQytDyA+NKDJIqaYcRJl9/4242Yog+Y1FQMv6lj2N23iAxpRuYQl1yK2XQIqlWSztwAnW74Kwzv1uHbH5cnd7Mc
P+b8q8XgdHCKd5fwgPn3qtApLfPf8Nk7NSXrXwRqVSEQUOPE7CwPvGprYuC/x+9xGRDGPv0zeZpdrLTxrhNnX8r/OUEyz+y/lcU8SKwksWp4PPk8iTq9JxjXPljm+GAqdq/Qs4UZGGR96bbIVTvU+A35WGSiqcWi8G10Unh9r6lZey/Wx6NOZBGnKby9p0Peb1bo8sfx9ed9r7absOWWs/8=
ksTnyNVuOsX7AtW/vJ7wh/dE6EnXTtczpoJQN9sPkNe7LQHlDVueXajTS1yFWT8WGzMDghUKUvcQtaJz1MesnhrcyOT5sjWSYBH/jBMc6/BU8AOg/dwCpea5zezr6vNTj/pkJz+UETOa+X+jyv7a6U4qCJzM6p+BreVk+wY/6tctM/egH3+s1GNdhHg1uyi8a6swl7+yekn3jw5FY9BJGNmssgKFSYxYDaLQcIlNLj7ke4YSx+IfJBUt523bibOe
hH6im4OfoZRpn+6Ga31X2j3Z8zXrLjh6/rXQFKx93NT1LTCORQCExK0SIrQtCay7LQtWVcSYq8pFLmq0O76WokXtog1aNYDiXzKAmUyJW7TEEzvmKES5c4joB2jN2gfR4Jp+TjMDc4t44RPndFn1MIlmHFGjxkeZajbYeD6lJsv4qgZRsVcBqVLBDk+n2dbAumvqbOCW4CTvExmznOE64Wp16VX/ilORPGa3K5xCaUWI/o+tGF3TPMobA5k2nx9OiXrdivroCedcKhmUiIoV8M48wL3umGus7zYh+5/3Z9ezvA==
V3/GF+bptb0Qkf4D/FyiazJ6jpImvLWU/MU2OWsxcV4x31RBv42akZ0touhpMq2z8jNzVVzWk8LH2uS6irjdo4zVS5vNKie1hGGg0bqQRGRwXr1gWnt+VJF1S398/lGwGI69JI7o6Dn+PCN4TyKp388zT0OzKA==
Qf0Dr0b6V3lNFfja6oZyIunvkQLpo1JW+D1UKGQlNoCJ1rxBY7anyexi98l+tUY7+FpmQfHnIfnSke4/Z8l2cLrbSnygZoD0b8M5A1zx2pFqBQlFPzpzQby219vcUsn1iE4vvdgtM2xKSyMpdo9/vomKvZq6WCm33Hr55EiatUDOjGCtrmgLfG/mAUtf54ens8w=
t8kd9HzG3jnXPPEpoYa0K1al0q/785Ve+Ze6stJdIx+00f7EyZJ0tbMCz61Mhh997sHOv3je7jVhU8kdcvWGi7c9vjT6n4KIcFLokE8n0TdMhdKVagEBMS8Om6Wc0r/vDKYBscgK50kImVsI6q/Lneb79zoJDjXuKuzBU3wekVCYbn0EjsioWX5cYxhPAul/T5OPo7PI
2VxZqDN1p08PNv0bZjjAO/dE6EnXTtczpoJQN9sPkNe7LQHlDVueXajTS1yFWT8WGzMDghUKUvcQtaJz1MesnhrcyOT5sjWSYBH/jBMc6/BU8AOg/dwCpea5zezr6vNTj/pkJz+UETOa+X+jyv7a6U4qCJzM6p+BreVk+wY/6tctM/egH3+s1GNdhHg1uyi8a6swl7+yekn3jw5FY9BJGNmssgKFSYxYDaLQcIlOLj7ke4YSx+IfJBUt523bibOe
sa4YwqX7pQnssIXYx3aggB9RJGtlG4R1EMA7SqatisBebDV5AQIYL/VlNCQtgZhKXqwemD1IaA30E/TKrug+Y9IMZaosVEXMBaIph+xvcgg6EFQqQkcM48mh7MTpcTo46VOAONnRJFSusdHCxJW4AiTVWykt0/MGi9t6hAW/JYxBjxWeu75UgktpYUcJF3pL7I2is8s=
CH3lOgKtTuS02KZ3Ir+pJBB7w1Kv3QGxzlRObqgAP3Lwadcy55qXF39hsHOxmeXX2aZhCR544isf/fy/al6p1JiHyzwLB9wQwz/Gz/rFuDhip7mNrReCw/opP5Pq7tqZrnrILGx6H3HNNSTLJi/qp81jNxC/7ywkA43ESBWrKMyL+/AnHyL6uZdfTnVDwEloOfxysiXZDKhtcpBAqV4uTgQrRqJncp/Udf2nXfuZs+4=
rwZtIwv+E5TqUR90bW/17duTgXMGJUWMxlA8sdej/8j0QiFZ/shiu7+NPG8KbqnEuHeLbOu3XIBjTwYfmvW4KEJX+d1NpwJTWln/Q4re2omOioh8jMqf4W1F5BtGH+q37ZN3QF9frLSj/QSYdZso3KsLsHf/knopNy+OpSPwSXgZDDLixWmMOM0CUJDJbi5eJNsG8ofCH0TVjWeNm6mz/g==
7HHl6aswAUVDhwgq7cvgl9ZmBD9Om9geeL3Cp/v7hWbZb4r6kpXTp9RJbkxJGuQtU7q/5YxOLwXO2d63eNb+LUEr+dWyvfYzV6UuvHoXEhAQ6hhYD2/hz2ydwp1qCREpD/ar7dwaT1dsPpE5SIJ30eghK0AqZ/vlxuPnMgkGJfYKlPGbvFbh6Hj27Y0OQDjBHuST0A9K2Ydvi5+rs8A=
gDCphCJZz/NjfcK3obUdVWMQ5RR0jLCcqP3DsQyOvv0tV/SylRAahskgqZfn8cwQXfqwGPk3rjZ0YyY6d9rf7MX1B4UrcbMW
NA7LTxYBNYy494qdgFiK35wFinpShUtEvq4hDSOE/4nRUkElUpK3nMVBh6C58gJnOILtBiBPQPjTQ6t6c0OPXc7Z4sQ9j71sqX/cHnOOfCLTGRkHkUdCa0QdarMD
8O3GsNbCrY0nO+9yjqYKbWAQ5RR0jLCcqP3DsQyOvv0tV/SylRAahskgqZfn8cwQXfqwGPk3rjZ0YyY6d9rf7MX1B4UrcbMW
cNGYtaRsTNpF+ZsNhoAc5jYg+qgJTARsrsDwWOABk2W0Il6ZxctEBg2cmgJBnDkDH51stPUmwOyh+25yvB/2bk/2vwit6TexM32zEg==
HkZJNlUvI288o4D7h6ShRSkdibd/8AdiED4MWyvL4NAOT3mBjHjJ3trEDWZhzSvPnMIpDOgyxRlOVJAFDgBbxK8e0eM/jzd/sxQ=
1IVWIfGOZ+AMnlpE8KVw6Sgdibd/8AdiED4MWyvL4NAOT3mBjHjJ3trEDWZhzSvPnMIpDOgyxRlOVJAFDgBbxK8e0eM/jzd/sxQ=
9TbXLMegTwYtBcyoulCqrCkfg7d6/hliED4MWyvL4NAOT3mBjHjJ3trEDWZhzSvPnMIpDOgyxRlOVJAFDgBbxK8e0eM/jzd/sxQ=
Cuh8ftxk5Bs25DuAlYx1eygfg7d6/hliED4MWyvL4NAOT3mBjHjJ3trEDWZhzSvPnMIpDOgyxRlOVJAFDgBbxK8e0eM/jzd/sxQ=
ZaGE3Xjvg0vfMYL7JSDq1ykFhbdm5hhiED4MWyvL4NAOT3mBjHjJ3trEDWZhzSvPnMIpDOgyxRlOVJAFDgBbxK8e0eM/jzd/sxQ=
eahc4vGtUD982dZMwa8pHSsdibd/8AdiED4MWyvL4NAOT3mBjHjJ3trEDWZhzSvPnMIpDOgyxRlOVJAFDgBbxK8e0eM/jzd/sxQ=
9s6qApsVCCfGb7TQ1MKz+VxwkNNyLxbbG333oImS0qdIYl2GsO8QOOMju3pjo78dHnlyRI3vTSz5n+weg64s4mO56YcBpxIrtD16sxM=
BBzrtiLQmRVZggRXpJrVSlxwkNBwJRbeFWP3oImS0qdIYl2GsO8QOOMju3pjo78dHnlyRI3vTSz5n+weg64s4mO56YcBpxIrtD16sxM=
HQWiIgIabrPbfreEK7RbcVxwkNFqIxbCDWL3oImS0qdIYl2GsO8QOOMju3pjo78dHnlyRI3vTSz5n+weg64s4mO56YcBpxIrtD16sxM=
HinxnmJ1g8kWkJbiSb238q/rH6HWo+Lsj2nBga6AokMP5Zz3muYpfEjf6zQ7fxz4U6cmB4r9uBAyfxkFHe/Cq+oxX9saVloxfiLoJFwC35ldrcQDVhfqj527l5gPF2xME5WkAOUTqGRbo9AvL1o6UQfHrr0z+ElAaSTSOpUhTMB9avAIWeeu5tRzZqpXCl885WVHlYuhs8Y=
pnHcqHHMz5Xp/VvIxKzNNinn+gc8stG+7/iNeMl7op6ycfvzhJ2mCAleLPkD7hcBLCqHkV5NVjP4Una50b9RsRJZXmcHceb4OlPaxEC+MLwvC8nbfInKmWoNGT0f4oOJ/P5nAzzqWX0Ixr8FuHWDpIoDU3FWd2+2iYKtYpoAWf8cskm8KCIlyU4E8BVOsLs0Ly7xk3+fl6+zxA==
6Eg1/4EzZ6GB2a8dabiFAcyYsMMDR5CReUY5ZX4F1lXoEGMKHl1SYDbcvfmJcrDPLdVMZPVRoCp2vBaYNVhA7cxDrApWWGYDevztKqTkrWxd0pFHND8KKNIAXCpKV+TDsfE0BFEBYpgB4wi4USGMNPYBKQKcxYDiDMVTKSXD22azC6LEfQ/9bOn/nB4zDjwik5nZB1HHgmuEnaqzww==
53i9XgkMeCI2/3BpK3TcdQ34bkadtzpqb2luBcBN/hwVOuhxRHgQMJuZr56Wl3v5ulSDHXbyMPDQWPMUBjUaD9q6oPQwW9wQS0oCCAv0y35n90KznLBUjNqqzNtiWyd9QrSnrfQApw+u2PfNKmygrd+y6olWOkqJlenjj52+ZUfU9IsjqzTPE7p+FeIaOoW1Lzcny5RzgpGss8U=
FDUF6dklshjt18WjBhkSjkXqceNGZCD2vidD1J6Mc+C8LFl3zja/ZLHnSTydZ6DezxaIcucxFefd79YbkCV2sx8=
BPvgPCTLOuisdvIBIUNin80P9AfaS+ww8qZsc4mcVMixoH5okz8EYm00Y7NjFLdDgv7tMqJazSUH98/73BOaIXSzHQ==
acSU4jGsXexEn3/zuBGxcJPKjFYSj/dkKjTPYACU7cd6nhPEHU8d7Mm//B6Tztyis9l5B7EHouvk3QqzYw==
amkj+t9D6b6wnFz6tT0ulxwcL55eG8DbPSzgcA0gwtAnj7DKwZTPGzfE45vePrHq9oqZzWsXoxOo4+7ZCLNh
+2KUPj9IZ6GoJ7EVZnA8TEpZP8E862jG7KtOA5X0eDcq0IBZRrYDP0hELHyljmBEMXPu+iy3VsYfPv/A/cEXmSN1sxo=
opx/I31vDUz3l/vQa5UDNUXqcONGZCDrvidD1J6Mc+C8LFl3zja/ZLHnSTydZ6DezxaIcucxFefd79YbkCV2sx8=
SgPr5OAMkD+G0IE6KFqVdR+pNiCtq/EbYzqdpadcWUrk0Bet7cwOoVkzMYTlUBhrtcyYoCUg6oDf7zh6mVS3Cz/kO+s2vhlarmqR3VNXe2MgQ1YJYLMJ
PXPFQUciBsSuphTi5GXJaQm2iBduSYOpt3wWSIYeUryRvb87w2OpPE8F4eNiT8aCwI8qTJux/ObcOnmkSFo1gc7M4O2uqIu8byaBC1+nB2ezDA==
AGmEcPTTq8rpFH8T3J5X+l9cu0BwAn+f0HznjX5p6OU+hXse41mvlNJ2UhlLwaTq1+KywRoAKD5yoioAUYHHBzPf0YCvuZnfknO+PkAzUnBrjYRaPIYBGLhmTb0OcJhRXpTzgI8a+bevG39bszA=
/EjbWmDgrKbE/ktzqbv7HRjah7AqUlmyoS73PBMBMDWwR+Ivu9dwc1D+tlg9IPLw989AqlEUf7tnBJN7zj6hysbKSa2blzOzGCO+OXizEQ==
7s9XtsiZZPfGdTOgoEO4hgh+pOR9XagC24OI7eL52k4vQSq47aKncmJuXlTuUjEvO42ruWVCf+f15ZplmkwA/Y7aEwsQuIz4TcJQUEmvLp6kGwYyBwIfhFVNZ00babM+
4kc1ZVo+S1az9NphINgvpXMe0b5aCk5ohobxQ6MJ22WtNl/rjcFKGTLYgFFWniMXGIxstPUmwOyh+25yvB/2bk/2vwit6TexM32zEg==
ep2WXERl6XouX90qTZPYTxMk0ZNgYBLCWka4p46S0e9Ie0mHwqcaNvwc/2AwtL0HCn5jRI3vTSz5n+weg64s4mO56YcBpxIrtD16sxM=
mX2smDroJQzuDcivLvhXGV/80UVlDtG5vXQWG8ZZTLWXofwww2OpPE8F4eNiT8aCwI8qTJux/ObcOnmkSFo1gc7M4O2uqIu8byaBC1+nB2ezDA==
AuYbQBBspN8a+No70OkoxTybm7kDSeDvh0gmEi6ehOdyymU/PJPlJy7PjoZo5GPgrMwpt56WD+Qhh7l8TUeQ3r/22LJXkYVnLY8GW6AFZrMP
KoAANh48CwGO/DTgwmoIQAsBZ8FwqnvN/f4fI93pajEi0IBZRrYDP0hELHyljmBEMXPu+iy3VsYfPv/A/cEXmSN1sxo=
zZnplPBuzKxl459ADFBxR0bTjntljJhP2qiAJrbO40e4POwEVfaAPMELboLcz7a+70Y/uA259+HTDbNi
Qa0ZJ2Lql4BS+rXTGOHGiGESwKkYCRNhhsDvReBWxmiqYw7LxdxYHzrYgFZWniMXGIxstPUmwOyh+25yvB/2bk/2vwit6TexM32zEg==
h2QjOQIRP+p0Yk9OVUUCTDybm7kDSeDvh0gmEi6ehOdyyng/PJPlJy7PjoZo5GPgrMwpt56WD+Qhh7l8TUeQ3r/22LJXkYVnLY8GW6AFZrMP
sIThOSgicutLM9HXp/GDApGnnN2DswmMz3UBs6J/5pLAnwp8W+EcllyK2XQIqlWRztwAnW74Kwzv1uHbH5cnd7Mc
AuYbQBBspN8a+No70OkoxTybm7kDSeDvh0gmEi6ehOdyymU/PJPlJy7PjoZo5GPgrMwpt56WD+Qhh7l8TUeQ3r/22LJXkYVnLY8GW6AFZrMP
sIThOSgicutLM9HXp/GDApGnnN2DswmMz3UBs6J/5pLAnwp8W+EcllyK2XQIqlWRztwAnW74Kwzv1uHbH5cnd7Mc
yaE75wjuVFOf87g6thLCVUsi9d5xE7npWN1sPnc3PpcfNxTr7G460Lmgdnh7X/wytXTbAzv037MKfmWCCvoVVf+3F6vkM7IxfLMV
jN2dwMOEWw0mAOYbpWnuLVu8/GLadNQU02ehKG/RqScy624WQBuC6Mt1tDL8LnGgWH4dVY4YSEk+LAMoz/LJzw+DL3OzGA==
9PQb8mZkOfK/i5Da+6+iVGESwKkYCRNhhsDvReBWxmiqYw7LxdxYHzrYgFFWniMXGIxstPUmwOyh+25yvB/2bk/2vwit6TexM32zEg==
FqDo38irnD8rKdnWs0v8YF/80UVlDsa+uHNEDtsXUvqPu/xk3m6uaR4lqf5wSc6CwI8qTJux/ObcOnmkSFo1gc7M4O2uqIu8byaBC1+nB2ezDA==
acSU4jGsXexEn3/zuBGxcJPKjFYSj/dkKjTPYACU7cd6nhPEHU8d7Mm//B6Tztyis9l5B7EHouvk3QqzYw==
EaaraYQlElVy3hlw1FXsCWESwKkYCRNhhsDvReBWxmiqYxPLxdxYHzrYgFFWniMXGIxstPUmwOyh+25yvB/2bk/2vwit6TexM32zEg==
amkj+t9D6b6wnFz6tT0ulxwcL55eG8DbPSzgcA0gwtAnj7DKwZTPGzfE45vePrHq9oqZzWsXoxOo4+7ZCLNh
zJG3iTt7oiILVmnLpb2JQGokPBCydy7n/RgIw1IsAN3OOpOr0NiM2A0i0PCJzy6+5PuGksdiH6QVreft2wmzHg==
TO3bpZQSWpX3idQupvrYDVqu8nzaJpFDyHCifT7x4Tog7WYWQBuC6Mt1tDL8LnGgWH4dVY4YSEk+LAMoz/LJzw+DL3OzGA==
acSU4jGsXexEn3/zuBGxcJPKjFYSj/dkKjTPYACU7cd6nhPEHU8d7Mm//B6Tztyis9l5B7EHouvk3QqzYw==
oUFTmCELLc+y8lcPA8ir3lqu8nzaJpFDyHCifSPx4Tog7WYWQBuC6Mt1tDL8LnGgWH4dVY4YSEk+LAMoz/LJzw+DL3OzGA==
EaaraYQlElVy3hlw1FXsCWESwKkYCRNhhsDvReBWxmiqYxPLxdxYHzrYgFFWniMXGIxstPUmwOyh+25yvB/2bk/2vwit6TexM32zEg==
5CF/nhcrQUjLmH5v4j9SiGESwKkYCRNhhsDvReBWxmiqYw7Rw9xEBzvYgFZMmCMLAI1stPUmwOyh+25yvB/2bk/2vwit6TexM32zEg==
WyhTRxEDhCYRZ/ewYKntzV2DqIYnKzH0rW7xOwEcMD64QeIo7oZKPU3wqFE9IPTq8c9cslAUf7tnBJN7zj6hysbKSa2blzOzGCO+OXizEQ==
aFsplr60Wsl93EX9jZxkXEXqcONGZCD2pCFDyIaNc+C6Nl930i6+ZLHnSTydZ6DezxaIcucxFefd79YbkCV2sx8=
aGLEKdj5eygTIITAy2b3CQ4bOJheBtrdPTD4cQ0gxMohj6zSwJTPGzfE45vePrHq9oqZzWsXoxOo4+7ZCLNh
SK8glyCcH4MuQItQ/SyzPs0P9AfaS+ww8qZ2dYmATMmxoHhylT8Yemw0Y7NjFLdDgv7tMqJazSUH98/73BOaIXSzHQ==
wRLPT/Edw2qQFhnj8Ja6DRkg1ohvMgffWlSluprblPNCbBzW+OkHOOIV/2A2rrsHFmZiRI3vTSz5n+weg64s4mO56YcBpxIrtD16sxM=
aFsplr60Wsl93EX9jZxkXEXqcONGZCD2pCFDyIaNc+C6Nl930i6+ZLHnSTydZ6DezxaIcucxFefd79YbkCV2sx8=
Nhg1EMgjlxeZBIuH7VDqU5PKjFYIifd4MjXPYAaO68dmhhLEHU8d7Mm//B6Tztyis9l5B7EHouvk3QqzYw==
/ys6dS/Z3sNnamBGwKfECkXqcONGZCDrpCFDyIaNc+C6Nl930i6+ZLHnSTydZ6DezxaIcucxFefd79YbkCV2sx8=
8uBphFUUNbzTMPdSoOfkwvfJjylVGardg3w9ksigy2WpDMrphYNdXEEw5tXZQDwpoaBoEmV/yNr8tBNT01RnI3L+3RLymr2Ft3dfmwxTqgFksw0=
cNRcwaNOZf0RoVitSBTd1k2qsy2WYZ1Rz222dTGz0x142HUWQB2Y7stprDP8LnGgWH4dVY4YSEk+LAMoz/LJzw+DL3OzGA==
OEl9H+TSUD1apj8Ve8wzxSYc7x4Xj/aP4buXuwLH4e0fZ7CesVQA08Qks5/44cwQXfqwGPk3rjZ0YyY6d9rf7MX1B4UrcbMW
dVIHkdCFYS2XOrfhSOtzyZPKjFYIifd4MjXPYAeO68dmhhLEHU8d7Mm//B6Tztyis9l5B7EHouvk3QqzYw==
fI426qF3it+S0so0Dtwl10XqcONGZCDrpCFDyIaNc+C7Nl930i6+ZLHnSTydZ6DezxaIcucxFefd79YbkCV2sx8=
wHBNfK9MTeimGtQKrCjmt/TJjylVGardg3w9ksigy2WpDMrphYNdXEEw5tXZQDwpoaBpEmV/yNr8tBNT01RnI3L+3RLymr2Ft3dfmwxTqgFksw0=
inAkVjPEk4JADuZZAG7Rek2qsy2WYZ1Rz222dTKz0x142HUWQByY7stprDP8LnGgWH4dVY4YSEk+LAMoz/LJzw+DL3OzGA==
ewOA1Mus6n3op9bxcGEGnyYc7x4Xj/aP4buXuwLH4u0fZ7CesVQA0sQks5/44cwQXfqwGPk3rjZ0YyY6d9rf7MX1B4UrcbMW
sO7bGN1+fZI1AB9HayD/RhMk0ZNgYBbFExGnpt3FnfVeLx/aoN0gfM8H/2A3rrsHFmZiRI3vTSz5n+weg64s4mO56YcBpxIrtD16sxM=
acSU4jGsXexEn3/zuBGxcJPKjFYSj/dkKjTPYACU7cd6nhPEHU8d7Mm//B6Tztyis9l5B7EHouvk3QqzYw==
opx/I31vDUz3l/vQa5UDNUXqcONGZCDrvidD1J6Mc+C8LFl3zja/ZLHnSTydZ6DezxaIcucxFefd79YbkCV2sx8=
68n4w24EQmLSAGk/ykXyqPfJjChVGardg3w9ksigy2WpDMrphYNdXEEw/NPZXCQooaBuCGN/1ML9tBNT01RnI3L+3RLymr2Ft3dfmwxTqgFksw0=
9wvMKatHPA3IclO23MKqOGXelr8OBLTziwY4GmzJyKZmgyAjNoS4eUy2tcxb/2PgrMwpt56WD+Qhh7l8TUeQ3r/22LJXkYVnLY8GW6AFZrMP
UVXwcKjxx4KicA/7jja8mKmjpcEUyZMgBm4llFF1gBcmTeMuq+hrknsQG6CP75kfXHV7awJTO+KM09YBxyd2NxGz92OSr6EVLC4QBuF8AO2uqlPb8AgMaO0ykAApny6OhGtG4ueynxT1vacde1mzLg==
9qBPkjz1dx27GQBi7idi7iYc7x4Xj/aP4buXuwLH4e0cZrCesVQA1d4is4Pg4MwQXfqwGPk3rjZ0YyY6d9rf7MX1B4UrcbMW
g6o2idNuGkc2KB/DYHeMbGwsIRnxdCGlzD5Q9kEsAN3OOpOr0NiM2A0i0PCJzy6+5PuGksdiH6QVreft2wmzHg==
TxdrztY5TEcdvaHIvd8mApPKjFYIifd4MjXPYASO68dmhhLEHU8d7Mm//B6Tztyis9l5B7EHouvk3QqzYw==
iw60qAJ/ml9ON3gdT8+gXUXqcONGZCDrpCFDyIaNc+C4Nl930i6+ZLHnSTydZ6DezxaIcucxFefd79YbkCV2sx8=
b3RwcPee1H55vxeu3Gc7XPXJjylVGardg3w9ksigy2WpDMrphYNdXEEw5tXZQDwpoaBqEmV/yNr8tBNT01RnI3L+3RLymr2Ft3dfmwxTqgFksw0=
mO4DFymQZJKWleDtfQ69Yt60KQs81oq1NFEAyOrnZSOxgQxmIkvsU+o83JvoLUhc13fnYCxeoyf+FqqExT/ljAEPVJ77PpSCi+mhR0mXOkusDWKzCw==
PHWbKCnwzmkARNCgm0swtmZienNbvcKnc3tryZDRKTAXftM9lnF9AQ/d1oWzA3NtuIhVBkAPuL4LGQyDfN4REJgu/UWOCCiZfpzjWE9CaT9PUw9jswg=
pm8q0j27NuvrJWeP/x+qJmXelr8OBLTziwY4GmzJyKZmgyAjNoS4e0y1tMxb/2PgqNYvt4KODuQhh7l8TUeQ3r/22LJXkYVnLY8GW6AFZrMP
rPTEer7t5BWetns0Q1Y9jWIxh9AzqrOE7P8tbXExeWs030YAqaPe2MZl9KdYd6uh4QI/cRmZ0Mfjleb5i7TwkZ7PE92WET2hj32WpbPjMw04aJUmQC94Xot5TGN8/lGwGI69JY7o6Dn+PCN4TyKp388zT0OzKA==
Q8oJpMEK44t6WbGsj1pLqyYc7x4Xj/aP4buXuwLH4+0fZ7CesVQA0cQks5/44cwQXfqwGPk3rjZ0YyY6d9rf7MX1B4UrcbMW
j0LwYuI7vFTOxBCe2X2VAmwsIRnxdCOlzz9Q9kEsANnUPJO3yNmM2A0i0PCJzy6+5PuGksdiH6QVreft2wmzHg==
PfdQ+zD5snKrvPZBmSYZVBNT9K1cOy7SrMRx4x/rEKazrUUr8/sjRVjgZR5AF4jW6zFcezxmwXg4ho3dDpDYMd50s+CPOrkXL7s/e7MQ
nYIBs3/rjO127dcV4tzigW/Ppbtza4P1GDAF7kDn6AargfzrvPYhCPjWre0OoPjhnoTTcA+qGafv698Ls2A=
7SFCDn4qHRs22POZBsOHeovi2o2etV3akxd7iehM/ZLAmxB6W/0El1yK2XQIqlWRztwAnW74Kwzv1uHbH5cnd7Mc
iPVXJxFuAC1Pyb7ZWvUrZ2RmfG1c75CmZHs53NmUKjYNetM9lnF9AQ/d1oWzA3NtuIhVBkAPuL4LGQyDfN4REJgu/UWOCCiZfpzjWE9CaT9PUw9jswg=
D6qaW70AZUzIMYo2h2Oy3m/Ppbtxa4D0GDAF7kDj8gCrneTqvPYhCPjWre0OoPjhnoTTcA+qGafv698Ls2A=
qGOeFyBhrNq3/PupvKvYDYvi2o2etV3akRd4iOhM/ZLAnwp8W+EcllyK2XQIqlWRztwAnW74Kwzv1uHbH5cnd7Mc
PmJ+WeO1KMIBOdm0PSaWSQqlJDutmvwVajqp67dDGFP/ywvl7sZAr1Y7MIiuSVpak5StsyUg6oDf7zh6mVS3Cz/kO+s2vhlarmqR3VNXe2MgQ1YJYLMJ
xVaWpK4ZRzzNLEAhoxJtewqlJDutmvEVajqp67dDGFP/ywvl7sZAr1Y7MIiuSVpak5StsyUg6oDf7zh6mVS3Cz/kO+s2vhlarmqR3VNXe2MgQ1YJYLMJ
Ze6/9Gc5pNmtNI4WrLh/kWkC2/sNRg98z8O2S6lHx2+6awGJ9PoAKinYgFFWniMXGIxstPUmwOyh+25yvB/2bk/2vwit6TexM32zEg==
xVaWpK4ZRzzNLEAhoxJtewqlJDutmvEVajqp67dDGFP/ywvl7sZAr1Y7MIiuSVpak5StsyUg6oDf7zh6mVS3Cz/kO+s2vhlarmqR3VNXe2MgQ1YJYLMJ
rgJYiv0VW3b+MvoksYZgSC+7kB2v6SgLPZn5mChpbCT62p9183lAJu7zuINeVAA5lIbdLGPva+Ck3BHXdqZXJJnXUdzVtxheN0ZAUv/BfSd1fy57WBVuswc=
9qBPkjz1dx27GQBi7idi7iYc7x4Xj/aP4buXuwLH4e0cZrCesVQA1d4is4Pg4MwQXfqwGPk3rjZ0YyY6d9rf7MX1B4UrcbMW
g6o2idNuGkc2KB/DYHeMbGwsIRnxdCGlzD5Q9kEsAN3OOpOr0NiM2A0i0PCJzy6+5PuGksdiH6QVreft2wmzHg==
D6qaW70AZUzIMYo2h2Oy3m/Ppbtxa4D0GDAF7kDj8gCrneTqvPYhCPjWre0OoPjhnoTTcA+qGafv698Ls2A=
qGOeFyBhrNq3/PupvKvYDYvi2o2etV3akRd4iOhM/ZLAnwp8W+EcllyK2XQIqlWRztwAnW74Kwzv1uHbH5cnd7Mc
9qBPkjz1dx27GQBi7idi7iYc7x4Xj/aP4buXuwLH4e0cZrCesVQA1d4is4Pg4MwQXfqwGPk3rjZ0YyY6d9rf7MX1B4UrcbMW
7/YqqU/QSdWhq8qQdQbKPAvambtlEl2zpmr+OwAdfyH3XfR77YkSCmu0hUM9IPLw989AqlEUf7tnBJN7zj6hysbKSa2blzOzGCO+OXizEQ==
xLbPXpLxsUxrqGhylYb1621Vp1tO2KnI7bOQuEHM4e0cZrCesVQA1d4is4Pg4MwQXfqwGPk3rjZ0YyY6d9rf7MX1B4UrcbMW
TKMC6+gaUz3mSKGdT3teywFh3o9tI0KbWkijud3XnPRBLx/ZoN4hfM8H/2AwtL0HCn5jRI3vTSz5n+weg64s4mO56YcBpxIrtD16sxM=
qGOeFyBhrNq3/PupvKvYDYvi2o2etV3akRd4iOhM/ZLAnwp8W+EcllyK2XQIqlWRztwAnW74Kwzv1uHbH5cnd7Mc
EUoQzQU/UFZnMD0efkJHmgORv4RWJz+Hx3Ner4cHdhdRE3fD0o+hNWyOkKahXADN7grTe7AoDEitkhCgab8ursTLxkKnkp80tR0nvTt5sw4=
EsABa8iRuru0LoaKRh5r2wiRv4RWJz+Hx3Ner4cHdhdRE3fD0o+hNWyOkKahXADN7grTe7AoDEitkhCgab8ursTLxkKnkp80tR0nvTt5sw4=
riZO9WI0UvQXitEojwm9Wn/4ghOiqCFZN4PrhTt8PzS2m9d++DAPIu7zuINeVAA5lIbdLGPva+Ck3BHXdqZXJJnXUdzVtxheN0ZAUv/BfSd1fy57WBVuswc=
+SOU779uWItuWLOTE7PTeQEowIQiY0vOFFi74prblPNCbBTZoN4hfM8H/2AwtL0HCn5jRI3vTSz5n+weg64s4mO56YcBpxIrtD16sxM=
IrscK/3b/LHgr0X6RFfnc6Cn2Hha3PKwUkII7biUdOJ/WzbTGd+ntwozwdHEImAyGcCASWaGQ88o1KzsRf6gdBFj7uoMh5a2/65/UJ0xV6kDZbMK
EFTM5+1gK7Ccdfs41UFkdSToI4Eco8IR948/NuqYswx9Hg/Q15COBl0wtZVmRsgfrptYWHYJYqq79LWjLSDikMcPEAqhlO9b10RDW74+kaoWCjkNCxeDU0hjThloswE=
NHijo2OEkqsXpvaQxZUsBwZs56PDWbAm3hPIQ+408LkEZo3ss4974LQ8QZemxsek6TfhnCXXKF5HZnASD2HNp+Xf/juINX6zFw==
7/YqqU/QSdWhq8qQdQbKPAvambtlEl2zpmr+OwAdfyH3XfR77YkSCmu0hUM9IPLw989AqlEUf7tnBJN7zj6hysbKSa2blzOzGCO+OXizEQ==
p1pf5U/vk0caM93HOL7bNhMk0ZNgYBbFExGnpt3FnfVeLx/ZoN4hfM8H/2AwtL0HCn5jRI3vTSz5n+weg64s4mO56YcBpxIrtD16sxM=
D6qaW70AZUzIMYo2h2Oy3m/Ppbtxa4D0GDAF7kDj8gCrneTqvPYhCPjWre0OoPjhnoTTcA+qGafv698Ls2A=
p1pf5U/vk0caM93HOL7bNhMk0ZNgYBbFExGnpt3FnfVeLx/ZoN4hfM8H/2AwtL0HCn5jRI3vTSz5n+weg64s4mO56YcBpxIrtD16sxM=
qGOeFyBhrNq3/PupvKvYDYvi2o2etV3akRd4iOhM/ZLAnwp8W+EcllyK2XQIqlWRztwAnW74Kwzv1uHbH5cnd7Mc
SDj/TmpH6bbntQLt4GD/DzdYmbxaXQlmz8O2S6lHx2+6awGJ9PoAKinYgFFWniMXGIxstPUmwOyh+25yvB/2bk/2vwit6TexM32zEg==
hUsw2G7H4Vm3HtcLHk+rmUo1JnAIPTojC6iZ71USN/S5re8TbOjNO1I9Jc2/sQ4p0a/oAAgEzYrAhzo0u2mMLhxyyXwo4qUJTkRwVU7wO3QvbnFTf18Xb7ME
ayhVZjmi76MSPjaUqgvClAOR/cBLMmnXyz0U6sFNchdRE3fD0o+hNWyOkKahXADN7grTe7AoDEitkhCgab8ursTLxkKnkp80tR0nvTt5sw4=
5YbGteFAqzgGLofpLOQmA0pkJH2bwH6ZnVKJ9N5L+0LfDXr6+JK0lM/Zk/mlUQdpL3EEhZSQVbt4ghw30qtUQGJpVlJ3pOkL2aCWOBvfXHKVdPtD23S/c+p+RUKqerWVn7f364SzEnFcszU=
1LB888pU38yVEAMi7qC2F30Dg+MsuC0rUi1FHX/B7plRX0iwyFTtmsCXGmR72SzenMIpDOgyxRlOVJAFDgBbxK8e0eM/jzd/sxQ=
itJ8eCiQFWCmECBCSAGNaBFX8rNbaXzTu8Qj9lauE6CpqUU28fsgRFjgZR5AE5LQ6y1EejxmwXg4ho3dDpDYMd50s+CPOrkXL7s/e7MQ
p1pf5U/vk0caM93HOL7bNhMk0ZNgYBbFExGnpt3FnfVeLx/ZoN4hfM8H/2AwtL0HCn5jRI3vTSz5n+weg64s4mO56YcBpxIrtD16sxM=
4vL+vdbsL4gJg7XMvcK+9xEdbYQn5mHbqahBQaTSIAI50IBZRrYDP0hELHyljmBEMXPu+iy3VsYfPv/A/cEXmSN1sxo=
qGOeFyBhrNq3/PupvKvYDYvi2o2etV3akRd4iOhM/ZLAnwp8W+EcllyK2XQIqlWRztwAnW74Kwzv1uHbH5cnd7Mc
SDj/TmpH6bbntQLt4GD/DzdYmbxaXQlmz8O2S6lHx2+6awGJ9PoAKinYgFFWniMXGIxstPUmwOyh+25yvB/2bk/2vwit6TexM32zEg==
UeuPWAhcmX07zYv+PqXKbFfu11NzW8uu+XpYS4xQXbPStbV132m+YRFnmNgofN2CwI8qTJux/ObcOnmkSFo1gc7M4O2uqIu8byaBC1+nB2ezDA==
LF1DZeY3ZGjJkZt74RoSQOTN4fP1o819RWnf5f98ZgeBhfSCcdXyn8Fr12uiV2F9vLbwTpFEAMX+8vNTQHBMgP0q8MjZJ64mVLNm6tdKX3xlJUdVC2GzBg==
yBcozyWaSVKuTByLEYBtKlo47Mk0EPX7WIJ8dzIrNIBCaXaS1yQJy7mgdnh7X/wytXTbAzv037MKfmWCCvoVVf+3F6vkM7IxfLMV
hneQgBG7+BFbNtgSO7n5It60KQs81oq1NFEAyOrnZSOxgQxmIkvsU+o83JnoLklc13fnYChEpSfiDquExT/ljAEPVJ77PpSCi+mhR0mXOkusDWKzCw==
9qBPkjz1dx27GQBi7idi7iYc7x4Xj/aP4buXuwLH4e0cZrCesVQA1d4is4Pg4MwQXfqwGPk3rjZ0YyY6d9rf7MX1B4UrcbMW
p1pf5U/vk0caM93HOL7bNhMk0ZNgYBbFExGnpt3FnfVeLx/ZoN4hfM8H/2AwtL0HCn5jRI3vTSz5n+weg64s4mO56YcBpxIrtD16sxM=
qGOeFyBhrNq3/PupvKvYDYvi2o2etV3akRd4iOhM/ZLAnwp8W+EcllyK2XQIqlWRztwAnW74Kwzv1uHbH5cnd7Mc
SDj/TmpH6bbntQLt4GD/DzdYmbxaXQlmz8O2S6lHx2+6awGJ9PoAKinYgFFWniMXGIxstPUmwOyh+25yvB/2bk/2vwit6TexM32zEg==
3H1SJcDZm4SsskpThsUxRgLEkLF+BBin6CC5MxxCOD/+W+g45okSCmu0hUM9IPLw989AqlEUf7tnBJN7zj6hysbKSa2blzOzGCO+OXizEQ==
UeuPWAhcmX07zYv+PqXKbFfu11NzW8uu+XpYS4xQXbPStbV132m+YRFnmNgofN2CwI8qTJux/ObcOnmkSFo1gc7M4O2uqIu8byaBC1+nB2ezDA==
1LB888pU38yVEAMi7qC2F30Dg+MsuC0rUi1FHX/B7plRX0iwyFTtmsCXGmR72SzenMIpDOgyxRlOVJAFDgBbxK8e0eM/jzd/sxQ=
D6qaW70AZUzIMYo2h2Oy3m/Ppbtxa4D0GDAF7kDj8gCrneTqvPYhCPjWre0OoPjhnoTTcA+qGafv698Ls2A=
FoT5TqJL+9JI6m0dMmvzBwtIeM0252bLqahBQaTSIAI50IBZRrYDP0hELHyljmBEMXPu+iy3VsYfPv/A/cEXmSN1sxo=
nxJ7wNkkAo4vDmSoPWxHQiUa+wgXj/aP4buXuwLH4e0cZrCesVQA1d4is4Pg4MwQXfqwGPk3rjZ0YyY6d9rf7MX1B4UrcbMW
hneQgBG7+BFbNtgSO7n5It60KQs81oq1NFEAyOrnZSOxgQxmIkvsU+o83JnoLklc13fnYChEpSfiDquExT/ljAEPVJ77PpSCi+mhR0mXOkusDWKzCw==
Ze6/9Gc5pNmtNI4WrLh/kWkC2/sNRg98z8O2S6lHx2+6awGJ9PoAKinYgFFWniMXGIxstPUmwOyh+25yvB/2bk/2vwit6TexM32zEg==
BQlbnWJJ8v1ETHDxYyX9V21NgK1g8mthVi1FHX/B7plRX0iwyFTtmsCXGmR72SzenMIpDOgyxRlOVJAFDgBbxK8e0eM/jzd/sxQ=
hneQgBG7+BFbNtgSO7n5It60KQs81oq1NFEAyOrnZSOxgQxmIkvsU+o83JnoLklc13fnYChEpSfiDquExT/ljAEPVJ77PpSCi+mhR0mXOkusDWKzCw==
9qBPkjz1dx27GQBi7idi7iYc7x4Xj/aP4buXuwLH4e0cZrCesVQA1d4is4Pg4MwQXfqwGPk3rjZ0YyY6d9rf7MX1B4UrcbMW
p1pf5U/vk0caM93HOL7bNhMk0ZNgYBbFExGnpt3FnfVeLx/ZoN4hfM8H/2AwtL0HCn5jRI3vTSz5n+weg64s4mO56YcBpxIrtD16sxM=
4vL+vdbsL4gJg7XMvcK+9xEdbYQn5mHbqahBQaTSIAI50IBZRrYDP0hELHyljmBEMXPu+iy3VsYfPv/A/cEXmSN1sxo=
1fIgNEtt1x9NgxLM+4GIVDWdgaICSfDzgR8lCG+Zy+ptiCckPcezeUy2tcxb/2PgrMwpt56WD+Qhh7l8TUeQ3r/22LJXkYVnLY8GW6AFZrMP
qGOeFyBhrNq3/PupvKvYDYvi2o2etV3akRd4iOhM/ZLAnwp8W+EcllyK2XQIqlWRztwAnW74Kwzv1uHbH5cnd7Mc
JhyC0xxM9+XJ+j7HXJfgMZi1MhYphY26LVEVzajxeSKmgQxmIkvsU+o83JnoLklc13fnYChEpSfiDquExT/ljAEPVJ77PpSCi+mhR0mXOkusDWKzCw==
uO1cE1h1XkKXgaRkl0MpZASe37F4Hgenu2LgdVZGOD/+W+g45okSCmu0hUM9IPLw989AqlEUf7tnBJN7zj6hysbKSa2blzOzGCO+OXizEQ==
Y3O0I6bxZtTZQ9+NHsq0YmMFxqwJWgZ/z8O2S6lHx2+6awGJ9PoAKinYgFFWniMXGIxstPUmwOyh+25yvB/2bk/2vwit6TexM32zEg==
nxJ7wNkkAo4vDmSoPWxHQiUa+wgXj/aP4buXuwLH4e0cZrCesVQA1d4is4Pg4MwQXfqwGPk3rjZ0YyY6d9rf7MX1B4UrcbMW
0DEeMThxxROeKkiseKHssh25KTqtlfEcbTKq6qYRSE2wzBbl7sZAr1Y7MIiuSVpak5StsyUg6oDf7zh6mVS3Cz/kO+s2vhlarmqR3VNXe2MgQ1YJYLMJ
nxJ7wNkkAo4vDmSoPWxHQiUa+wgXj/aP4buXuwLH4e0cZrCesVQA1d4is4Pg4MwQXfqwGPk3rjZ0YyY6d9rf7MX1B4UrcbMW
9qBPkjz1dx27GQBi7idi7iYc7x4Xj/aP4buXuwLH4e0cZrCesVQA1d4is4Pg4MwQXfqwGPk3rjZ0YyY6d9rf7MX1B4UrcbMW
FoT5TqJL+9JI6m0dMmvzBwtIeM0252bLqahBQaTSIAI50IBZRrYDP0hELHyljmBEMXPu+iy3VsYfPv/A/cEXmSN1sxo=
FqhN4rxFkKWJ6PGzlbej6CF0w9QijV0kRTJne1bi06hWElsU2tDYlXrmQ7UW+e2Z72WmTXFLQJSYkEUOQAOyoCv9JMq8FmGoeLZtzQ6AuAEeJBMQD4pZR29LH2uzAA==
TPXs+D34iAViWr45cpaKjD70L4AL+sQX64l3IbiWoxFvEl+V35KJAkoms5VmRsgfrptYWHYJYqq79LWjLSDikMcPEAqhlO9b10RDW74+kaoWCjkNCxeDU0hjThloswE=
9qBPkjz1dx27GQBi7idi7iYc7x4Xj/aP4buXuwLH4e0cZrCesVQA1d4is4Pg4MwQXfqwGPk3rjZ0YyY6d9rf7MX1B4UrcbMW
4vL+vdbsL4gJg7XMvcK+9xEdbYQn5mHbqahBQaTSIAI50IBZRrYDP0hELHyljmBEMXPu+iy3VsYfPv/A/cEXmSN1sxo=
17mjdybWdUsz+pXhB7k2334rNh/xdCGlzD5Q9kEsAN3OOpOr0NiM2A0i0PCJzy6+5PuGksdiH6QVreft2wmzHg==
BQlbnWJJ8v1ETHDxYyX9V21NgK1g8mthVi1FHX/B7plRX0iwyFTtmsCXGmR72SzenMIpDOgyxRlOVJAFDgBbxK8e0eM/jzd/sxQ=
e7W3yDgmThJq/Oeh5foahEcS9a5aaWvZtskjpRbpDamvtQY98fsgRFjgZR5AE5LQ6y1EejxmwXg4ho3dDpDYMd50s+CPOrkXL7s/e7MQ
BePhm90auvLoI1daJoGIcWUjhAPFptD24fbKN0M71p+AiEVrObDCEaacsluJNwff2vuBGRRKQNoJyIBBdm5jp/gc7CSVlgCcgetuYpxvNt4vZj+YTVl3QRNtswI=
LKBInXh9tLtlaRYZxfQ1uGXelaIHB/viww84EmCHnv0hkzYiOsezeUy2tcxb/2PgrMwpt56WD+Qhh7l8TUeQ3r/22LJXkYVnLY8GW6AFZrMP
D6qaW70AZUzIMYo2h2Oy3m/Ppbtxa4D0GDAF7kDj8gCrneTqvPYhCPjWre0OoPjhnoTTcA+qGafv698Ls2A=
AIu7Jr/vDOu/zDy/T6gWvWEe27laXQlmz5D2DLdOwXP5YAGJ9PoAKinYgFFWniMXGIxstPUmwOyh+25yvB/2bk/2vwit6TexM32zEg==
p1pf5U/vk0caM93HOL7bNhMk0ZNgYBbFExGnpt3FnfVeLx/ZoN4hfM8H/2AwtL0HCn5jRI3vTSz5n+weg64s4mO56YcBpxIrtD16sxM=
g6o2idNuGkc2KB/DYHeMbGwsIRnxdCGlzD5Q9kEsAN3OOpOr0NiM2A0i0PCJzy6+5PuGksdiH6QVreft2wmzHg==
D6qaW70AZUzIMYo2h2Oy3m/Ppbtxa4D0GDAF7kDj8gCrneTqvPYhCPjWre0OoPjhnoTTcA+qGafv698Ls2A=
p1pf5U/vk0caM93HOL7bNhMk0ZNgYBbFExGnpt3FnfVeLx/ZoN4hfM8H/2AwtL0HCn5jRI3vTSz5n+weg64s4mO56YcBpxIrtD16sxM=
ZHUE3qoA1hbBltLDOULAUhEdbYQn5mHbqbVBQaTSIAI50IBZRrYDP0hELHyljmBEMXPu+iy3VsYfPv/A/cEXmSN1sxo=
D6qaW70AZUzIMYo2h2Oy3m/Ppbtxa4D0GDAF7kDj8gCrneTqvPYhCPjWre0OoPjhnoTTcA+qGafv698Ls2A=
4vL+vdbsL4gJg7XMvcK+9xEdbYQn5mHbqahBQaTSIAI50IBZRrYDP0hELHyljmBEMXPu+iy3VsYfPv/A/cEXmSN1sxo=
glmQtW1baTIPZFIkkN3FCMMDmnpHwHsBoqItCnaf+57XRGIPG422iop0yq6joEcuKM+vWTB+cbz/Z+9gIFSNR9re88Q9j71sqX/cHnOOfCLTGRkHkUdCa0QdarMD
qGOeFyBhrNq3/PupvKvYDYvi2o2etV3akRd4iOhM/ZLAnwp8W+EcllyK2XQIqlWRztwAnW74Kwzv1uHbH5cnd7Mc
MXoFWbynDChw0VxUuLKOHAh+pORdEr8UwKPN6qfy1E4uBAX06q6oeTAoBEanF3YnMcO3s3IfIYWM3tBWgUwA/Y7aEwsQuIz4TcJQUEmvLp6kGwYyBwIfhFVNZ00babM+
9qBPkjz1dx27GQBi7idi7iYc7x4Xj/aP4buXuwLH4e0cZrCesVQA1d4is4Pg4MwQXfqwGPk3rjZ0YyY6d9rf7MX1B4UrcbMW
4vL+vdbsL4gJg7XMvcK+9xEdbYQn5mHbqahBQaTSIAI50IBZRrYDP0hELHyljmBEMXPu+iy3VsYfPv/A/cEXmSN1sxo=
l7V6k8ppO6I1P7MMXw2JUpPKjFYSj/dkKjTPYAeU7cd6nhPEHU8d7Mm//B6Tztyis9l5B7EHouvk3QqzYw==
n7COeXGbHYSDIKm9g2DO5x9hwP45f5q9VMJ6cCA2NItKezSj8Xw82LmgcXh7X/wytXTbAzv037MKfmWCCvoVVf+3F6vkM7IxfLMV
9wibhZbWNRlNielRG+R040XqcONGZCDrvidD1J6Mc+C7LFl3zja/ZLHnSTydZ6DezxaIcucxFefd79YbkCV2sx8=
bHt4y8/MaJAcDSWAXGQi1vfJjChVD63dg3w9ksigy2WpDMrphYNdXEEw/NPZXCQooaBpCGN/1ML9tBNT01RnI3L+3RLymr2Ft3dfmwxTqgFksw0=
tyn7cTrNpDAYzVqzRydkTOTN4fP1o819RWnf5f98ZgeBhbjPN5/2n8Fr12uiV2F9vLbwWJZEAML+8vNTQHBMgP0q8MjZJ64mVLNm6tdKX3xlJUdVC2GzBg==
D6qaW70AZUzIMYo2h2Oy3m/Ppbtxa4D0GDAF7kDj8gCrneTqvPYhCPjWre0OoPjhnoTTcA+qGafv698Ls2A=
4l96xBP+jfjP3jTlHcYIlYvi2o2etV3HkRd4iOhM/ZLAnwp8W+EcllyK2XQIqlWRztwAnW74Kwzv1uHbH5cnd7Mc
D6qaW70AZUzIMYo2h2Oy3m/Ppbtxa4D0GDAF7kDj8gCrneTqvPYhCPjWre0OoPjhnoTTcA+qGafv698Ls2A=
qGOeFyBhrNq3/PupvKvYDYvi2o2etV3akRd4iOhM/ZLAnwp8W+EcllyK2XQIqlWRztwAnW74Kwzv1uHbH5cnd7Mc
SDj/TmpH6bbntQLt4GD/DzdYmbxaXQlmz8O2S6lHx2+6awGJ9PoAKinYgFFWniMXGIxstPUmwOyh+25yvB/2bk/2vwit6TexM32zEg==
37Skar/0EnP9U+8MMO6TRmaG33mUvFmaxatC0LzqOhfTNnCHxp2LGn1ZHVjb2qmv+zU0shHl8q+hWxfbwufhzdwGMH7xdAD1nsIz4yDAzDCdmjD4uReuFjSDplq3+t/MBZWHZWtRszY=
JQa3+iwATRy6FjDZExvShPnGux773CIjp9mgAzAUXMWt8WsoZFAlm2iCDFfia+Qg0unGMidkOSupoGYYS5+MkgX0S6NrNI+T+n5VYlo6xTVvN2dLVHNCEWyzBQ==
yBcozyWaSVKuTByLEYBtKlo47Mk0EPX7WIJ8dzIrNIBCaXaS1yQJy7mgdnh7X/wytXTbAzv037MKfmWCCvoVVf+3F6vkM7IxfLMV
1gFDVHnnD0qEDtPYkmDOngjHkLgqAxW6pmLydVZGOD/+W+g45okSCmu0hUM9IPLw989AqlEUf7tnBJN7zj6hysbKSa2blzOzGCO+OXizEQ==
D6qaW70AZUzIMYo2h2Oy3m/Ppbtxa4D0GDAF7kDj8gCrneTqvPYhCPjWre0OoPjhnoTTcA+qGafv698Ls2A=
qGOeFyBhrNq3/PupvKvYDYvi2o2etV3akRd4iOhM/ZLAnwp8W+EcllyK2XQIqlWRztwAnW74Kwzv1uHbH5cnd7Mc
9wvMKatHPA3IclO23MKqOGXelr8OBLTziwY4GmzJyKZmgyAjNoS4eUy2tcxb/2PgrMwpt56WD+Qhh7l8TUeQ3r/22LJXkYVnLY8GW6AFZrMP
W4RzNTAoOkRoUNw8E1zUHxm8mFNzQc79q3BYBc4bG/nWtbV132m+YRFnmNgofN2CwI8qTJux/ObcOnmkSFo1gc7M4O2uqIu8byaBC1+nB2ezDA==
9qBPkjz1dx27GQBi7idi7iYc7x4Xj/aP4buXuwLH4e0cZrCesVQA1d4is4Pg4MwQXfqwGPk3rjZ0YyY6d9rf7MX1B4UrcbMW
g6o2idNuGkc2KB/DYHeMbGwsIRnxdCGlzD5Q9kEsAN3OOpOr0NiM2A0i0PCJzy6+5PuGksdiH6QVreft2wmzHg==
D6qaW70AZUzIMYo2h2Oy3m/Ppbtxa4D0GDAF7kDj8gCrneTqvPYhCPjWre0OoPjhnoTTcA+qGafv698Ls2A=
qGOeFyBhrNq3/PupvKvYDYvi2o2etV3akRd4iOhM/ZLAnwp8W+EcllyK2XQIqlWRztwAnW74Kwzv1uHbH5cnd7Mc
j/36HkIdVAL0IbLVNexBATyQnahBB+Hzzh85E33JyKZmgyAjNoS4eUy2tcxb/2PgrMwpt56WD+Qhh7l8TUeQ3r/22LJXkYVnLY8GW6AFZrMP
9qBPkjz1dx27GQBi7idi7iYc7x4Xj/aP4buXuwLH4e0cZrCesVQA1d4is4Pg4MwQXfqwGPk3rjZ0YyY6d9rf7MX1B4UrcbMW
vqXqioeSjCt7VVV3m6Q0pUB24biGF+Z9mQ3BRfJ3+7kEZo3ss4974LQ8QZemxsek6TfhnCXXKF5HZnASD2HNp+Xf/juINX6zFw==
QgpzSVSAV90eJY501cBaTEk48sJ7UPzzRN07aTstKMNJaXaS1yQJy7mgdnh7X/wytXTbAzv037MKfmWCCvoVVf+3F6vkM7IxfLMV
rMd++v6e42fM61pwmAas0AvambtlElCzpmr+OwAdfyH3XfR77YkSCmu0hUM9IPLw989AqlEUf7tnBJN7zj6hysbKSa2blzOzGCO+OXizEQ==
qGOeFyBhrNq3/PupvKvYDYvi2o2etV3akRd4iOhM/ZLAnwp8W+EcllyK2XQIqlWRztwAnW74Kwzv1uHbH5cnd7Mc
PmJ+WeO1KMIBOdm0PSaWSQqlJDutmvwVajqp67dDGFP/ywvl7sZAr1Y7MIiuSVpak5StsyUg6oDf7zh6mVS3Cz/kO+s2vhlarmqR3VNXe2MgQ1YJYLMJ
Ze6/9Gc5pNmtNI4WrLh/kWkC2/sNRg98z8O2S6lHx2+6awGJ9PoAKinYgFFWniMXGIxstPUmwOyh+25yvB/2bk/2vwit6TexM32zEg==
9qBPkjz1dx27GQBi7idi7iYc7x4Xj/aP4buXuwLH4e0cZrCesVQA1d4is4Pg4MwQXfqwGPk3rjZ0YyY6d9rf7MX1B4UrcbMW
4vL+vdbsL4gJg7XMvcK+9xEdbYQn5mHbqahBQaTSIAI50IBZRrYDP0hELHyljmBEMXPu+iy3VsYfPv/A/cEXmSN1sxo=
7/YqqU/QSdWhq8qQdQbKPAvambtlEl2zpmr+OwAdfyH3XfR77YkSCmu0hUM9IPLw989AqlEUf7tnBJN7zj6hysbKSa2blzOzGCO+OXizEQ==
eqCyxsAiHuXNx7qvaunRqwBTKIuSjPfDbvxDKxXJyjpDVP1TNSD64A+vaJoJ1Adrz6QLC0a+KXpeKiF9I9frw/ADhilwsxk=
qGOeFyBhrNq3/PupvKvYDYvi2o2etV3akRd4iOhM/ZLAnwp8W+EcllyK2XQIqlWRztwAnW74Kwzv1uHbH5cnd7Mc
QAtUFGn2SFwZkciUHAeNMVyTmbtlElCxpmr8dVZGOD/+W+g45okSCmu0hUM9IPLw989AqlEUf7tnBJN7zj6hysbKSa2blzOzGCO+OXizEQ==
e7W3yDgmThJq/Oeh5foahEcS9a5aaWvZtskjpRbpDamvtQY98fsgRFjgZR5AE5LQ6y1EejxmwXg4ho3dDpDYMd50s+CPOrkXL7s/e7MQ
BePhm90auvLoI1daJoGIcWUjhAPFptD24fbKN0M71p+AiEVrObDCEaacsluJNwff2vuBGRRKQNoJyIBBdm5jp/gc7CSVlgCcgetuYpxvNt4vZj+YTVl3QRNtswI=
+SOU779uWItuWLOTE7PTeQEowIQiY0vOFFi74prblPNCbBTZoN4hfM8H/2AwtL0HCn5jRI3vTSz5n+weg64s4mO56YcBpxIrtD16sxM=
e7W3yDgmThJq/Oeh5foahEcS9a5aaWvZtskjpRbpDamvtQY98fsgRFjgZR5AE5LQ6y1EejxmwXg4ho3dDpDYMd50s+CPOrkXL7s/e7MQ
KSRqXMDk+2/WTUuqExYRcfv11mhHzv7gF0AHo+nYYvk2FDLTGd+ntwozwdHEImAyGcCASWaGQ88o1KzsRf6gdBFj7uoMh5a2/65/UJ0xV6kDZbMK
psIsGz+715aQCnLZWh4nA038ylRiXYOytzUVQsoXUrbStbV132m+YRFnmNgofN2CwI8qTJux/ObcOnmkSFo1gc7M4O2uqIu8byaBC1+nB2ezDA==
D6qaW70AZUzIMYo2h2Oy3m/Ppbtxa4D0GDAF7kDj8gCrneTqvPYhCPjWre0OoPjhnoTTcA+qGafv698Ls2A=
qGOeFyBhrNq3/PupvKvYDYvi2o2etV3akRd4iOhM/ZLAnwp8W+EcllyK2XQIqlWRztwAnW74Kwzv1uHbH5cnd7Mc
SDj/TmpH6bbntQLt4GD/DzdYmbxaXQlmz8O2S6lHx2+6awGJ9PoAKinYgFFWniMXGIxstPUmwOyh+25yvB/2bk/2vwit6TexM32zEg==
OYscnxpLbdqV5ma01ffaKwtufTFfZyZjUPDFoENWI/y5sugTbOjNO1I9Jc2/sQ4p0a/oAAgEzYrAhzo0u2mMLhxyyXwo4qUJTkRwVU7wO3QvbnFTf18Xb7ME
nalc+ejmjWFYDoAKEA7ZtwARf8XexrDPZvtAaB7JyjpDVP1TNSD64A+vaJoJ1Adrz6QLC0a+KXpeKiF9I9frw/ADhilwsxk=
9qBPkjz1dx27GQBi7idi7iYc7x4Xj/aP4buXuwLH4e0cZrCesVQA1d4is4Pg4MwQXfqwGPk3rjZ0YyY6d9rf7MX1B4UrcbMW
sU+Xlk26socPKXciKwwHD3PdpaZxa4D0GDAF7kDj8gCrneTqvPYhCPjWre0OoPjhnoTTcA+qGafv698Ls2A=
z7YuEYOVH0wNQxoQD6mEXG/Ppbtxa4P1GDAF7kDl6AargfzrvPYhCPjWre0OoPjhnoTTcA+qGafv698Ls2A=
0sYAbVu9lnkQfZg2fjyhOGwsIRnxdCGlzz9Q9kEsANvUPJO3yNmM2A0i0PCJzy6+5PuGksdiH6QVreft2wmzHg==
z7YuEYOVH0wNQxoQD6mEXG/Ppbtxa4P1GDAF7kDl6AargfzrvPYhCPjWre0OoPjhnoTTcA+qGafv698Ls2A=
ntswvMc1B80Ny/T5+j2fzxMk0ZNgYBbFExGnpt3FnfVeLx/ZoN0gfM8H/2A2rrsHFmZiRI3vTSz5n+weg64s4mO56YcBpxIrtD16sxM=
ntswvMc1B80Ny/T5+j2fzxMk0ZNgYBbFExGnpt3FnfVeLx/ZoN0gfM8H/2A2rrsHFmZiRI3vTSz5n+weg64s4mO56YcBpxIrtD16sxM=
0z/aMTGP1KNdRXHv4tJrcgCkd+FfJyP5/BVkjKufc+C6Nl930i6+ZLHnSTydZ6DezxaIcucxFefd79YbkCV2sx8=
JD5zf1f5apxjGj9tBocY8hEJc9Jw/WfBqahBQafTIAI50IBfXLADI1BFLHyljmBEMXPu+iy3VsYfPv/A/cEXmSN1sxo=
wjjQG9Zuv0D9FEk4rG9fRovi2o2etV3akRd7iehM/ZLAmRB6W/0El1yK2XQIqlWRztwAnW74Kwzv1uHbH5cnd7Mc
JSX1w44PSVv6BItK1A/8TGkWxa1aXQlmz8O2S6lHx2+6awGJ9/sAKinYgFdMmCMLAI1stPUmwOyh+25yvB/2bk/2vwit6TexM32zEg==
4YSpEFnA748EaERdOBWIj0Qv2Y10YBbFExH05prblPNCbBTZoN0gfM8H/2A2rrsHFmZiRI3vTSz5n+weg64s4mO56YcBpxIrtD16sxM=
HKJn5zgDKQwi8x4zQqNWwlfu11NzW8uu+XpYS4xQXbPStbV132m+YRFnm9kofN2CwIkwSput5OfcOnmkSFo1gc7M4O2uqIu8byaBC1+nB2ezDA==
q4W4U728Tnrpe12DuzZpSWaG33mUvFmaxatC0LzqORfTNnCHxp2LGn1ZHVjb2qmv+zU0shHl8q+hWxfbwufhzd8HMH7xdADzhMQz/zjBzDCdmjD4uReuFjSDplq3+t/MBZWHZWtRszY=
fTMclJniVD7uJpD+NJnw2fnGux773CIjp9mgAzAUXMWt8WsoZFAlm2iCDFfia+Qg0unGMSZkOSupoGACTZ+QigT0S6NrNI+T+n5VYlo6xTVvN2dLVHNCEWyzBQ==
G2NtZiK17eErseJ+eNObZlo47Mk0EPX7WIJ8dzIrNIBCaXaR1iQJy7mgcGJ9X+AqtHTbAzv037MKfmWCCvoVVf+3F6vkM7IxfLMV
IyKXsXuXe/nVbn9JFhk1pK6piDEMi66+BRZYo62fbud/WzbTGd+ntwozwdHHI2AyGcCAT3yAQ9Mw1azsRf6gdBFj7uoMh5a2/65/UJ0xV6kDZbMK
OEl9H+TSUD1apj8Ve8wzxSYc7x4Xj/aP4buXuwLH4e0fZ7CesVQA08Qks5/44cwQXfqwGPk3rjZ0YyY6d9rf7MX1B4UrcbMW
4FXJhUhyO2NcIefbA/LOXDZZmPVCH1Yh3dmuDKdPwHD5YAGJ9/sAKinYgFdMmCMLAI1stPUmwOyh+25yvB/2bk/2vwit6TexM32zEg==
D6qaW70AZUzIMYo2h2Oy3m/Ppbtxa4D0GDAF7kDj8gCrneTqvPYhCPjWre0OoPjhnoTTcA+qGafv698Ls2A=
p1pf5U/vk0caM93HOL7bNhMk0ZNgYBbFExGnpt3FnfVeLx/ZoN4hfM8H/2AwtL0HCn5jRI3vTSz5n+weg64s4mO56YcBpxIrtD16sxM=
z7YuEYOVH0wNQxoQD6mEXG/Ppbtxa4P1GDAF7kDl6AargfzrvPYhCPjWre0OoPjhnoTTcA+qGafv698Ls2A=
ntswvMc1B80Ny/T5+j2fzxMk0ZNgYBbFExGnpt3FnfVeLx/ZoN0gfM8H/2A2rrsHFmZiRI3vTSz5n+weg64s4mO56YcBpxIrtD16sxM=
z7YuEYOVH0wNQxoQD6mEXG/Ppbtxa4P1GDAF7kDl6AargfzrvPYhCPjWre0OoPjhnoTTcA+qGafv698Ls2A=
wjjQG9Zuv0D9FEk4rG9fRovi2o2etV3akRd7iehM/ZLAmRB6W/0El1yK2XQIqlWRztwAnW74Kwzv1uHbH5cnd7Mc
j5K0vMJZH6F17eQ1w4kc1DZYmb1aXQlmz8O2S6lHx2+6awGJ9/sAKinYgFdMmCMLAI1stPUmwOyh+25yvB/2bk/2vwit6TexM32zEg==
G2NtZiK17eErseJ+eNObZlo47Mk0EPX7WIJ8dzIrNIBCaXaR1iQJy7mgcGJ9X+AqtHTbAzv037MKfmWCCvoVVf+3F6vkM7IxfLMV
5x7098ZzSd83v5dVhCeo6TBYmb1aXQlmz8O2S6lHx2+6awGJ9/sAKinYgFdMmCMLAI1stPUmwOyh+25yvB/2bk/2vwit6TexM32zEg==
HKJn5zgDKQwi8x4zQqNWwlfu11NzW8uu+XpYS4xQXbPStbV132m+YRFnm9kofN2CwIkwSput5OfcOnmkSFo1gc7M4O2uqIu8byaBC1+nB2ezDA==
G2NtZiK17eErseJ+eNObZlo47Mk0EPX7WIJ8dzIrNIBCaXaR1iQJy7mgcGJ9X+AqtHTbAzv037MKfmWCCvoVVf+3F6vkM7IxfLMV
OEl9H+TSUD1apj8Ve8wzxSYc7x4Xj/aP4buXuwLH4e0fZ7CesVQA08Qks5/44cwQXfqwGPk3rjZ0YyY6d9rf7MX1B4UrcbMW
AK6WXVmuqS0m6227QCw/W0ficGzz2b5SeHOh4KtDWgTkzRHlvYYHsV89LMulSVpZkpStsyUg7JrZ7yRimFS3Cz/kO+s2vhlarmqR3VNXe2MgQ1YJYLMJ
xVvObR1EJgSYqD/cLl1AAG/Ppbtya4P1GDAF7kDk6AargfzrvPYhCPjWre0OoPjhnoTTcA+qGafv698Ls2A=
dQWqG9QlOQXTdbDWXx5LtldU/qhLKy7Dscwj9lauE6CpqUU28vsjRVjgZR5AFIjW6zFcezxmwXg4ho3dDpDYMd50s+CPOrkXL7s/e7MQ
L6e3iCbN3Vs3JcUWe2EOj4vi2o2etV3akhd7iehM/ZLAmBB6W/0El1yK2XQIqlWRztwAnW74Kwzv1uHbH5cnd7Mc
Chx3rE0r8i6dEwefvkg9iBd277fQWbAm3hPIQ+408LoEZYzss4974LMmR5e63sak6TfhnCXXKF5HZnASD2HNp+Xf/juINX6zFw==
M+7w5Zpn1CzVctQvDBOjqUQv2Y10YBbFExH05prblPNCbBTaoN0gfM8H/2A3rrsHFmZiRI3vTSz5n+weg64s4mO56YcBpxIrtD16sxM=
lwhXqNrfLoY7cnlMYnhC2WaG33mUvFmaxatC0LzqOBfTNnCHxp2LGn1ZHVjb2qmv+zU0shHl8q+hWxfbwufizd8HMH7xdADyhMQz/zjBzDCdmjD4uReuFjSDplq3+t/MBZWHZWtRszY=
saGel1W4sIbXBLK9+11J0lfu11NzW8uu+XpYS4xQXbPStbV132m+YRJnm9kofN2CwIgwSput5OfcOnmkSFo1gc7M4O2uqIu8byaBC1+nB2ezDA==
mX+lTTeTycNYonM1Qic2oFo47Mk0EPX7WIJ8dzIrNIBCanaR1iQJy7mgcWJ9X+AqtHTbAzv037MKfmWCCvoVVf+3F6vkM7IxfLMV
ewOA1Mus6n3op9bxcGEGnyYc7x4Xj/aP4buXuwLH4u0fZ7CesVQA0sQks5/44cwQXfqwGPk3rjZ0YyY6d9rf7MX1B4UrcbMW
sO7bGN1+fZI1AB9HayD/RhMk0ZNgYBbFExGnpt3FnfVeLx/aoN0gfM8H/2A3rrsHFmZiRI3vTSz5n+weg64s4mO56YcBpxIrtD16sxM=
4FXJhUhyO2NcIefbA/LOXDZZmPVCH1Yh3dmuDKdPwHD5YAGJ9/sAKinYgFdMmCMLAI1stPUmwOyh+25yvB/2bk/2vwit6TexM32zEg==
nYIBs3/rjO127dcV4tzigW/Ppbtza4P1GDAF7kDn6AargfzrvPYhCPjWre0OoPjhnoTTcA+qGafv698Ls2A=
7SFCDn4qHRs22POZBsOHeovi2o2etV3akxd7iehM/ZLAmxB6W/0El1yK2XQIqlWRztwAnW74Kwzv1uHbH5cnd7Mc
LfFU4zuR7NmDQusWXXXmPuTN4fP1o819RWnf5f98ZgeBhbjPN5/2n8Fr12uiV2N9v7fwTpFEAMHk9PNPWHFMgP0q8MjZJ64mVLNm6tdKX3xlJUdVC2GzBg==
2+F7GQ0MgLQGNeqCVTXZaEQv2Y10YBbFExH05prblPNCbBTboN0gfM8H/2A0rrsHFmZiRI3vTSz5n+weg64s4mO56YcBpxIrtD16sxM=
8YZufCHuf35mPUtjzJ4532aG33mUvFmaxatC0LzqPxfTNnqHxp2BGn1ZHVjb2qmv+zU0shHl8q+hWxfbwufjzd8HMH7xdADxhMQz/zjBzDCdmjD4uReuFjSDplq3+t/MBZWHZWtRszY=
IvLnNYnZ06k6esTy0jDyW1w47Mk0EPX7WIJ8dzIrNIBCa3aR1iQJy7mgcmJ9X+AqtHTbAzv037MKfmWCCvoVVf+3F6vkM7IxfLMV
ok0ivi+Ys3tuVTs40SYxtVfu11NzW8uu+XpYS4xQXbPStbV132m+YRNnm9kofN2CwIswSput5OfcOnmkSFo1gc7M4O2uqIu8byaBC1+nB2ezDA==
+JruerErW0jiiXlVtEBBh/nGux773CIjp9mgAzAUXMWt8WsoZFAlm2iCDFfia+Qg0uvGMSZkOSupoGICTZ+QigT0S6NrNI+T+n5VYlo6xTVvN2dLVHNCEWyzBQ==
U9EyI/WtFJwdoHt9hu4+Y30Dg+MsuC0rUi1FHX/B7plTX0uxyFTtmsCTAGJ7xTTfnMIpDOgyxRlOVJAFDgBbxK8e0eM/jzd/sxQ=
GZTAoGNPhpVVxPbrK83ZHjZZmPVIH1Yh19muDKdPwHD5YAOJ9/sAKinYgFVMmCMLAI1stPUmwOyh+25yvB/2bk/2vwit6TexM32zEg==
ymKkrv5jqCfsvvV2NM93RjVZmPVIH1Yh19muDKdPwHD5YAOJ9/sAKinYgFVMmCMLAI1stPUmwOyh+25yvB/2bk/2vwit6TexM32zEg==
Mzp+vc0zGSfzkmuMAF1kyG/PpaZza4P1GDAF7kDn6AargfzrvPYhCPjWre0OoPjhnoTTcA+qGafv698Ls2A=
PltpyPlbKVuolfAfDB3K4jZZmPVCH1Yh3dmuDKdPwHD5YAOJ9/sAKinYgFVMmCMLAI1stPUmwOyh+25yvB/2bk/2vwit6TexM32zEg==
2tFRyK3Ducni4FnZ6oHL3UficGzz2b5SeHOh4KtDWgTkzRHlvYYHsV89LMulS1pZkpStsyUg7prZ7yRimFS3Cz/kO+s2vhlarmqR3VNXe2MgQ1YJYLMJ
Fvol6KdyXIOHUDApQy70VhMk0ZNgYBbFExGnpt3FnfVeLx/boN0gfM8H/2A0rrsHFmZiRI3vTSz5n+weg64s4mO56YcBpxIrtD16sxM=
7SFCDn4qHRs22POZBsOHeovi2o2etV3akxd7iehM/ZLAmxB6W/0El1yK2XQIqlWRztwAnW74Kwzv1uHbH5cnd7Mc
2+F7GQ0MgLQGNeqCVTXZaEQv2Y10YBbFExH05prblPNCbBTboN0gfM8H/2A0rrsHFmZiRI3vTSz5n+weg64s4mO56YcBpxIrtD16sxM=
uQPSZc1vQyeMjNgoXZk6NmaG33mUvFmaxatC0LzqPxfTNnCHxp2LGn1ZHVjb2qmv+zU0shHl8q+hWxfbwufjzd8HMH7xdADxhMQz/zjBzDCdmjD4uReuFjSDplq3+t/MBZWHZWtRszY=
U9EyI/WtFJwdoHt9hu4+Y30Dg+MsuC0rUi1FHX/B7plTX0uxyFTtmsCTAGJ7xTTfnMIpDOgyxRlOVJAFDgBbxK8e0eM/jzd/sxQ=
Fvol6KdyXIOHUDApQy70VhMk0ZNgYBbFExGnpt3FnfVeLx/boN0gfM8H/2A0rrsHFmZiRI3vTSz5n+weg64s4mO56YcBpxIrtD16sxM=
PltpyPlbKVuolfAfDB3K4jZZmPVCH1Yh3dmuDKdPwHD5YAOJ9/sAKinYgFVMmCMLAI1stPUmwOyh+25yvB/2bk/2vwit6TexM32zEg==
VEB3GHnoPlnc9huoJtHLzkYcqu8Bfz+Z7ZwypkvrCqOkrkU28/sjRVjgZR5AF4jW6zFcezxmwXg4ho3dDpDYMd50s+CPOrkXL7s/e7MQ
vWLskaMg0a27jQF2Aw9pivDkynZXna6+BgFRtfvfNa5uWGvRHtWsrEk4w9HHI2AyGcCATXyAQ9Mw1azsRf6gdBFj7uoMh5a2/65/UJ0xV6kDZbMK
VEB3GHnoPlnc9huoJtHLzkYcqu8Bfz+Z7ZwypkvrCqOkrkU28/sjRVjgZR5AF4jW6zFcezxmwXg4ho3dDpDYMd50s+CPOrkXL7s/e7MQ
z7YuEYOVH0wNQxoQD6mEXG/Ppbtxa4P1GDAF7kDl6AargfzrvPYhCPjWre0OoPjhnoTTcA+qGafv698Ls2A=
uLe+pp8nZtuhROsyZb1RMF2dzvsyR0H6+jqhdVUbOjj0UPN77YkSCWq0hUM9IPTq8c9cslAUf7tnBJN7zj6hysbKSa2blzOzGCO+OXizEQ==
D6qaW70AZUzIMYo2h2Oy3m/Ppbtxa4D0GDAF7kDj8gCrneTqvPYhCPjWre0OoPjhnoTTcA+qGafv698Ls2A=
4vL+vdbsL4gJg7XMvcK+9xEdbYQn5mHbqahBQaTSIAI50IBZRrYDP0hELHyljmBEMXPu+iy3VsYfPv/A/cEXmSN1sxo=
xVvObR1EJgSYqD/cLl1AAG/Ppbtya4P1GDAF7kDk6AargfzrvPYhCPjWre0OoPjhnoTTcA+qGafv698Ls2A=
6O9hEyk3KNBJ1kfM6Ea/6UQcqu8Bfz+Z7ZwypkvrCqOkrkU28vsjRVjgZR5AFIjW6zFcezxmwXg4ho3dDpDYMd50s+CPOrkXL7s/e7MQ
qGOeFyBhrNq3/PupvKvYDYvi2o2etV3akRd4iOhM/ZLAnwp8W+EcllyK2XQIqlWRztwAnW74Kwzv1uHbH5cnd7Mc
oMa0yqRcnW7W79Hy23MHiUgS4rVPaWvZtskjpRbpDamvtQY98fsgRFjgZR5AE5LQ6y1EejxmwXg4ho3dDpDYMd50s+CPOrkXL7s/e7MQ
EUoQzQU/UFZnMD0efkJHmgORv4RWJz+Hx3Ner4cHdhdRE3fD0o+hNWyOkKahXADN7grTe7AoDEitkhCgab8ursTLxkKnkp80tR0nvTt5sw4=
EsABa8iRuru0LoaKRh5r2wiRv4RWJz+Hx3Ner4cHdhdRE3fD0o+hNWyOkKahXADN7grTe7AoDEitkhCgab8ursTLxkKnkp80tR0nvTt5sw4=
UdbIBUvvn/uyV8ZYEH7D4CZNxepq/yIuUi1FHX/B7plRX0iwyFTtmsCXGmR72SzenMIpDOgyxRlOVJAFDgBbxK8e0eM/jzd/sxQ=
2eGC6VS2oLM6lL5ox2q2cDSXlaQNSfvvzkt/HmCAh6JmgyAjNoS4eUy2tcxb/2PgrMwpt56WD+Qhh7l8TUeQ3r/22LJXkYVnLY8GW6AFZrMP
doPL6WiA270Z+iQtzL4q5WMZzPtZAAJhhoyyS6lHx2+6awGJ9PoAKinYgFFWniMXGIxstPUmwOyh+25yvB/2bk/2vwit6TexM32zEg==
g6o2idNuGkc2KB/DYHeMbGwsIRnxdCGlzD5Q9kEsAN3OOpOr0NiM2A0i0PCJzy6+5PuGksdiH6QVreft2wmzHg==
uLe+pp8nZtuhROsyZb1RMF2dzvsyR0H6+jqhdVUbOjj0UPN77YkSCWq0hUM9IPTq8c9cslAUf7tnBJN7zj6hysbKSa2blzOzGCO+OXizEQ==
dVIV1Fu9ypULHq+Qz8JzbhMk0ZNgYBbFExGnpt3FnfVeLwLZoN4hfM8H/2AwtL0HCn5jRI3vTSz5n+weg64s4mO56YcBpxIrtD16sxM=
scoO1FDGKYwecEPrBY0ODGwsIRnxaSGlzD5Q9kEsAN3OOpOr0NiM2A0i0PCJzy6+5PuGksdiH6QVreft2wmzHg==
QZ4r3pquMp6Vp0DDobOD4lV24bLVCvZ8mQ3BRfJ3+7kEZYzss4974LImR5e63sak6TfhnCXXKF5HZnASD2HNp+Xf/juINX6zFw==
zBK2LY4rswf7dGoPgk0MSUMcqu8Bfz+Z7ZwypkvrCqOkrkU28fsjRVjgZR5AFYjW6zFcezxmwXg4ho3dDpDYMd50s+CPOrkXL7s/e7MQ
l7V6k8ppO6I1P7MMXw2JUpPKjFYSj/dkKjTPYAeU7cd6nhPEHU8d7Mm//B6Tztyis9l5B7EHouvk3QqzYw==
9wibhZbWNRlNielRG+R040XqcONGZCDrvidD1J6Mc+C7LFl3zja/ZLHnSTydZ6DezxaIcucxFefd79YbkCV2sx8=
l7V6k8ppO6I1P7MMXw2JUpPKjFYSj/dkKjTPYAeU7cd6nhPEHU8d7Mm//B6Tztyis9l5B7EHouvk3QqzYw==
gOII5c7JIkGNiA4NVFukMFde+q9QJHzSq4Vm9ErpDamvtQY147kRYgDVdh5AFJLQ6y1EejxmwXg4ho3dDpDYMd50s+CPOrkXL7s/e7MQ
PvwMSKlq0Hj4SvAz6u5quxFx5slgRrPvEYwyeT0jNYwJcDSj8Xw82LmgcXh7X/wytXTbAzv037MKfmWCCvoVVf+3F6vkM7IxfLMV
vdCf98RZzSJtvIEwANAbHgUoysFwJRbeFUP37NTVm/tDYF/A4u8HJPoU/2A3tL0HCn5jRI3vTSz5n+weg64s4mO56YcBpxIrtD16sxM=
O+jwCMrAywcblfYgs7E40Ij+cB5+gpCyfR4Ugem5eC621EA9aEXjW+swl4CqH28E4mTnYC9EpSfiDquExT/ljAEPVJ77PpSCi+mhR0mXOkusDWKzCw==
5zAo2/cLg9CfHEu/KgKw1Qm2iFAnWs20+TYfGcoNTrWN/7t612iyKgglqf5wSc6CwIgqTJux/ObcOnmkSFo1gc7M4O2uqIu8byaBC1+nB2ezDA==
LtThBjAMKGPctIPITfpljkJ26/uFUPVmlB3HS+84u6BGV6u0hpx74LM8QZemxsek6TfhnCXXJ15HZnASD2HNp+Xf/juINX6zFw==
rl8ohms5VnMXM57QLmYp3XxZo+r0WfZi2BTaXu4/+KtGV6u0hpx74LM8QZemxsek6TfhnCXXJ15HZnASD2HNp+Xf/juINX6zFw==
pTOMRPGsa+Rot/eNYZWBZ0XqcONGZCDrvidD1J6Mc+C7LFl3zja/ZLHnSTydZ6/ezxaIcucxFefd79YbkCV2sx8=
0ApzslJ+iNGspVgzNefzvgC/3/ozSfHsjwYiCGGBy6wojS8rN4jzYA6Hk5Ru7GPgq8wpt56WD+Qhh7l8TUef3r/22LJXkYVnLY8GW6AFZrMP
nVCaH1qpkD6veq5Kh7YKjxs0ysF1LwrYWl6z796blfRLYVOLuNAyfKQU/2A3tL0HCn5jRI3vTSz5n+Meg64s4mO56YcBpxIrtD16sxM=
qVhDwU81S9Cva+VesoMJHEMSq+FXJm2Xustq6h+tTaiovAt6o+MuV1iLdh5AFJLQ6y1EejxmwXg4ho3SDpDYMd50s+CPOrkXL7s/e7MQ
dB8Nmk/bWaoSPjRnKiMKKFVxmI9tI0LOFFi7796blfRLYVOLuNAyfKQU/2A3tL0HCn5jRI3vTSz5n+Meg64s4mO56YcBpxIrtD16sxM=
edNL/As+/UA7NTEb6NXrB7/QpwP3kyQlrZepGTAEXcS5tmsgZFAlmG/GBxPjbO0tlbvePDRkUjipoGEYS5+MkgX0S6NrNI+T9X5VYlo6xTVvN2dLVHNCEWyzBQ==
1u8jV8R5QBTusifQ+fYTGYZAjH1NjC8G8L1oFyOUtozKSVtBHYTyyIN0yaah/0U0O4HjCyhwYryUdO9gJ1SNR9re88Q9j71sqX/THnOOfCLTGRkHkUdCa0QdarMD
DFnlB/PfN/0E3dLTyPLcq30Dg+MsuC4sFiYBHHjI494DR0ajyD/+msCQGmR72SzenMIpDOgyxRZOVJAFDgBbxK8e0eM/jzd/sxQ=
CMvwQGC5/aoWylXVVjbmamxlPxK+NDC2wi1QnVIsANrOOpOr0NiM2A0i0PCJwC6+5PuGksdiH6QVreft2wmzHg==
0w9IDfdqVLn/bLWTLqYAb1OTm6FlHFCmrW3+NBdPfH//XOE1odsKBHi07lA9IPXw989AqlEUf7tnBJN7wT6hysbKSa2blzOzGCO+OXizEQ==
OAN9aSnZPrWGUaq75hCamUmTm6FlHFCmrW3+NBdPfH//XOE1odsKBHi07lA9IPXw989AqlEUf7tnBJN7wT6hysbKSa2blzOzGCO+OXizEQ==
AC8hrMaZe+M8F1ccifMyV0u062ufJd1QyGS7MmOr3g94s2YWQByC6Mt1tDL8LnGgWH4dWo4YSEk+LAMoz/LJzw+DL3OzGA==
LJRiDQnVWsHLm+kth8QNqnXD/eBgeI7nGFsW7kDk8gCrneTqvPYhCPjWreIOoPjhnoTTcA+qGafv698Ls2A=
p0+LedGqoa/6cW34js6bOBeWkDdaucAR2qiAJrbO40e4POwEVfaAPMEEboLcz7a+70Y/uA259+HTDbNi
LJRiDQnVWsHLm+kth8QNqnXD/eBgeI7nGFsW7kDk8gCrneTqvPYhCPjWreIOoPjhnoTTcA+qGafv698Ls2A=
y+GdWZQSwRy24n0q6gsU1HS99hi9qnfD3slREP8OK1I09Ctjy7Qv0xV+daI6uqX1TzeHC7Tz4tEMs2U=
vWtikCxPU3KXsXG9k0+qjhxVMZURW5KdITr7S1pJ1ZhznrfK0JTPGzfE45vRPrHq9oqZzWsXoxOo4+7ZCLNh
42IrEXo6EuepJV++5Ki5kg3m3Il9EGnCz3xZt9RLN1AbXH7F18n/ZhC03oiJC2napl7CfLA5DEitkhCgabAursTLxkKnkp80tR0nvTt5sw4=
JFX+qPR15iYrlBuj6vMMG1UvzZMiNw3DCRG4q92R2/pEaVKH86JCBsZrjRkn/OkWDX5yRI3vTSz5n+Meg64s4mO56YcBpxIrtD16sxM=
ANWP0JsAP/4YD1OjSFSuch5x+sN3E7nzWMM7PX0iMoUENyXutF4Ap8vZYTAvTvsypHTbAzv037MFfmWCCvoVVf+3F6vkM7IxfLMV
Q6zfBo1cPTaO4kYn6ayiSFtoYzFeZHllWv/RvAcRPfz+uulfb+KCNxEzIIa2twtvj/yUY3INofi5kHJgqm6MPxxyyXwo4qUGTkRwVU7wO3QvbnFTf18Xb7ME
k+URkaG2mh9KHzBdQJt1+EJ26/uFUPZh0BaDSugxtudXGu6WuuMJmaN0FYahxtak6TfhnCXXJ15HZnASD2HNp+Xf/juINX6zFw==
Ywb35sw1lDM3xuV6lxlHnBEdbYQn5mHbqeQUUdOxWgtVovlODuISOEhVLHyljmBEMXzu+iy3VsYfPv/A/cEXmSN1sxo=
QPL9OD6mCK5rSrItAoWhFF+/ZK1eaGi77GEG9qLzAZmrZA1myTauZLHnSTydZ6/ezxaIcucxFefd79YbkCV2sx8=
jLPq7RLvUS49uB421uv84XS99hi9qnfD3slREPwOK1I09Ctjy7Qv0xV+daI6uqX1TzeHC7Tz4tEMs2U=
CL5/PBonVrIlsFhadRHhtxe3llloR9e8q2BRAskXVLnftbJ61Wq0PGJ37+JmUvXVqZhiG4q2/PfcOnmkSFo1js7M4O2uqIu8byaBC1+nB2ezDA==
45aaFC8Kc6MP4ekTHQzz1+zGphX73GF4/8jwUDANXMSqsHY5Ixpqk27MS0rqYPkxj5vWRR0qFwP+yXFQHI6LkhT0S6NrNI+T9X5VYlo6xTVvN2dLVHNCEWyzBQ==
4SzMya2VtqiF4DcST1w6nzYy+vJNGk89wdKuDK5OwHOrJkaZg8BOBAGP6UYeyTIQGJ1stPUmwOyh9G5yvB/2bk/2vwit6TexM32zEg==
1CfEIE/jhGigjrFajOcb/gR4pOAeV6YYxqXc+OOr3kQwQTyk4qK9ZCcgHkenUTwpLte8rzFYfpX75J54qRtp6saNAgwQqYz4TcJQUEmgLp6kGwYyBwIfhFVNZ00babM+
VGpBfBgzmq4Uf/7nsZECIe/g8NafQr/1z6YyF7QDHEBbzLzHtC5uLC32s7aG3TvPnEuKMRTFnbbO508SJgIV5amogkvKRlxnXKoZFIgKFX7OvMA97hhrLO+2IXufd2dXszw=
H8IBCaiaPnG8X+/qF8cq4QOjKyGygK4Rajbq4bBeT1fjwgjlqIxOsEIwLMvpFkotqdqDm3JJ/ciI/j96iFS3Cz/kO+s5vhlarmqR3VNXe2MgQ1YJYLMJ
FqKleyXMhq8QxEYykf06CWAixFZl7/+N5byXoBKAuP1rXP6wmQNpwpZ1ooTg8cwQXfqwGPk4rjZ0YyY6d9rf7MX1B4UrcbMW
5fnPKQ4BsHt1+JDsrZ3gi0jC+dQPNi3Izz1SptVQchdWHHfC0NfjJRu03oiJC2napl3CfLA5DEitkhCgabAursTLxkKnkp80tR0nvTt5sw4=
2P2pv04EOJdVNEk7XpBkvgi2iENiQNG4sWFzH9wYffqasb11w2OpJ0l37+JmUvXVqZhiG4q2/PfcOnmkSFo1js7M4O2uqIu8byaBC1+nB2ezDA==
LcmU+LdeDp1CncU7V4U7Swu2iENiQNG4sWFzH9wYffqasb11w2OpJ0l37+JmUvXVqZhiG4q2/PfcOnmkSFo1js7M4O2uqIu8byaBC1+nB2ezDA==
QUEVyWAZuSgE+z1Mzo6/TQq2iENiQNG4sWFzH9wYffqasb11w2OpJ0l37+JmUvXVqZhiG4q2/PfcOnmkSFo1js7M4O2uqIu8byaBC1+nB2ezDA==
SkvTAmCZZA2OzrGIR3gFzw22iENiQNG4sWFzH9wYffqasb11w2OpJ0l37+JmUvXVqZhiG4q2/PfcOnmkSFo1js7M4O2uqIu8byaBC1+nB2ezDA==
kHS50nLwqMxutJr8BOG39Ay2iENiQNG4sWFzH9wYffqasb11w2OpJ0l37+JmUvXVqZhiG4q2/PfcOnmkSFo1js7M4O2uqIu8byaBC1+nB2ezDA==
mECPZas7/k7S/XMdEaYWJA+2iENiQNG4sWFzH9wYffqasb11w2OpJ0l37+JmUvXVqZhiG4q2/PfcOnmkSFo1js7M4O2uqIu8byaBC1+nB2ezDA==
QfytnTpJC2p4ug6g4D+Y4w62iENiQNG4sWFzH9wYffqasb11w2OpJ0l37+JmUvXVqZhiG4q2/PfcOnmkSFo1js7M4O2uqIu8byaBC1+nB2ezDA==
SLSWj/6HlnFouKipvjGC9QG2iENiQNG4sWFzH9wYffqasb11w2OpJ0l37+JmUvXVqZhiG4q2/PfcOnmkSFo1js7M4O2uqIu8byaBC1+nB2ezDA==
+wKlrn+TNG0O5xN++EYmWAC2iENiQNG4sWFzH9wYffqasb11w2OpJ0l37+JmUvXVqZhiG4q2/PfcOnmkSFo1js7M4O2uqIu8byaBC1+nB2ezDA==
f9kTKTxE82tGDXEkO48mD/bI90oMJoWPg3koucigxUupSoDvipdWR0xxrpXFSj8T9sl5QDRu08LstBNT01RnI33+3RLymr2Ft3dfmwxTqgFksw0=
dJq5ul7m5CMnuG++YbkmcPfI90oMJoWPg3koucigxUupSoDvipdWR0xxrpXFSj8T9sl5QDRu08LstBNT01RnI33+3RLymr2Ft3dfmwxTqgFksw0=
8mBFxhyGE2xHwcpUbrKGUPTI90oMJoWPg3koucigxUupSoDvipdWR0xxrpXFSj8T9sl5QDRu08LstBNT01RnI33+3RLymr2Ft3dfmwxTqgFksw0=
mVy4/O/kOUXwHfpuQ7cwHPXI90oMJoWPg3koucigxUupSoDvipdWR0xxrpXFSj8T9sl5QDRu08LstBNT01RnI33+3RLymr2Ft3dfmwxTqgFksw0=
oKIGU+IfBk1au4BiWrEsP/LI90oMJoWPg3koucigxUupSoDvipdWR0xxrpXFSj8T9sl5QDRu08LstBNT01RnI33+3RLymr2Ft3dfmwxTqgFksw0=
NpCJ40l1QJfXo7Jrfj2PafPI90oMJoWPg3koucigxUupSoDvipdWR0xxrpXFSj8T9sl5QDRu08LstBNT01RnI33+3RLymr2Ft3dfmwxTqgFksw0=
z6OA9pa+W+h3yAJDZ44a8PDI90oMJoWPg3koucigxUupSoDvipdWR0xxrpXFSj8T9sl5QDRu08LstBNT01RnI33+3RLymr2Ft3dfmwxTqgFksw0=
0LlipHE3l18RTBYSJzyEkPHI90oMJoWPg3koucigxUupSoDvipdWR0xxrpXFSj8T9sl5QDRu08LstBNT01RnI33+3RLymr2Ft3dfmwxTqgFksw0=
Jl/WaMVCg16Cg7RFp1xXLP7I90oMJoWPg3koucigxUupSoDvipdWR0xxrpXFSj8T9sl5QDRu08LstBNT01RnI33+3RLymr2Ft3dfmwxTqgFksw0=
dC7ZrYxvfIgMdDdC2CNCoP/I90oMJoWPg3koucigxUupSoDvipdWR0xxrpXFSj8T9sl5QDRu08LstBNT01RnI33+3RLymr2Ft3dfmwxTqgFksw0=
SLtngtw9FkTAFZgzxl4qSvbL90oMJoWPg3koucigxUupSoDvipdWR0xxrpXFSj8T9sl5QDRu08LstBNT01RnI33+3RLymr2Ft3dfmwxTqgFksw0=
RtL8oIIadxb6yqXbA4ExSvfL90oMJoWPg3koucigxUupSoDvipdWR0xxrpXFSj8T9sl5QDRu08LstBNT01RnI33+3RLymr2Ft3dfmwxTqgFksw0=
yzwoWXGTtcZaAFNJdwtElfTL90oMJoWPg3koucigxUupSoDvipdWR0xxrpXFSj8T9sl5QDRu08LstBNT01RnI33+3RLymr2Ft3dfmwxTqgFksw0=
XdKw3RH1RO3YrGAdz3N20/XL90oMJoWPg3koucigxUupSoDvipdWR0xxrpXFSj8T9sl5QDRu08LstBNT01RnI33+3RLymr2Ft3dfmwxTqgFksw0=
amQC95p3lj9mFcxq21aFQ/LL90oMJoWPg3koucigxUupSoDvipdWR0xxrpXFSj8T9sl5QDRu08LstBNT01RnI33+3RLymr2Ft3dfmwxTqgFksw0=
gvjSvEvXuIqNAUAQ+386pYn+cA07mIy+NQU11aPyayyr5g8qJkPsT+ArmsH4WXMS+V+wCT8M8jblDrqExT/ljAEPW577PpSCi+mhR0mXOkusDWKzCw==
2cJLuIc1XMRiofrtsSAkKIr+cA07mIy+NQU11aPyayyr5g8qJkPsT+ArmsH4WXMS+V+wCT8M8jblDrqExT/ljAEPW577PpSCi+mhR0mXOkusDWKzCw==
iDU65K/BUHourWdv0xCMVGMb9hdhjLqL6buLsRWBuf1rXP6wmQNpwpZ1ooTg8cwQXfqwGPk4rjZ0YyY6d9rf7MX1B4UrcbMW
scAzp1E2+EeEZTT+qefeeEyu9nzbYpUX0Wv1Mm6jpyY29l1BKQzKv9pytCP8LnGgWH4dWo4YSEk+LAMoz/LJzw+DL3OzGA==
eqLpB+DbGpJKf1sG+MTER1+9eeldcmi77GFfwoW3JImrZA5myTauZLHnSTydZ6/ezxaIcucxFefd79YbkCV2sx8=
jFyz9IfJndu9CCqckNn+XxxVMZURW5KdITr7S1pJ1ZhwnrfK0JTPGzfE45vRPrHq9oqZzWsXoxOo4+7ZCLNh
Q+d8iMNq1yroe/M3/ONcAg7m3Il9EGnCz3xZt9RLN1AbXH7F18n/ZhC03oiJC2napl3CfLA5DEitkhCgabAursTLxkKnkp80tR0nvTt5sw4=
W463KAvyCzcE4AiTBeLLEx5x+sN3E7nzWMM7PX0iMoUENyXut14Ap8vZYTAsTvsypHTbAzv037MFfmWCCvoVVf+3F6vkM7IxfLMV
ePxpi9genghSUPpngoRzVjOtjBqjuyQaPJf5yy53JSbx15I7tXAGYeD284pYUUZnx/q9VmqDGZmzlEbGcaZGJJnXUdzVtxdeN0ZAUv/BfSd1fy57WBVuswc=
tYUwuqa2sHz/aQKoJjk647XGvAX13DRtstm+H2JDRMK2oiQjIFMv1GTBAlKpYuIllLeVTkceMEfb2XFQHI6LkhT0S6NrNI+T9X5VYlo6xTVvN2dLVHNCEWyzBQ==
VvOHA2Ojg8oc8yXDaS3+LEJ26/uFUPZh0BaDSugxtudXGu2WuuMJmaN0Foahxtak6TfhnCXXJ15HZnASD2HNp+Xf/juINX6zFw==
k0A2O1UW3epZ7QuVgiaOVQYQd8UWW8bXPgqvGBxNptExnqbG0pTPGzfE45vRPrHq9oqZzWsXoxOo4+7ZCLNh
PybSlQ3qFigQV4O2zNnY7M0P9QDTRqNwuvtqf4q6G6CgzRpphS4Sbn40Y7NjFLdDjf7tMqJazSUH98/73BOaIXSzHQ==
xlV6Ck34WKsFAolgawRyzK7Q6jJ3/L/1Wk4H97meb7d8UXjdFtemu0Fzk5X5Bx5IYtHtLWeQUtkkx6zsRf6gdBFs7uoMh5a2/65/UJ0xV6kDZbMK
rXbBbzQ3mAn1wlsfEVEbi1yTkbppURW6oW+wdlwINjD2WuRz/+9xc3rY/zgsTZbx4d5WpkIUf7tnBJN7wT6hysbKSa2blzOzGCO+OXizEQ==
LaI3eWmV+mpM7j05VXQIXd8Vhn1LkmcHvrg7WTGI/5zCTkRBUcm3hcN9iqiktEwyPse9P1MHYNCFHP4NRFWbVszS4MQ9j71sqX/THnOOfCLTGRkHkUdCa0QdarMD
p0+LedGqoa/6cW34js6bOBeWkDdaucAR2qiAJrbO40e4POwEVfaAPMEEboLcz7a+70Y/uA259+HTDbNi
X4DlEoij2M5CfVY3FpGHlUg0/d52E6jzWI9rd3QyNIsZeGWcxCRi2LmgcXh7X/wytXTbAzv037MFfmWCCvoVVf+3F6vkM7IxfLMV
CMvwQGC5/aoWylXVVjbmamxlPxK+NDC2wi1QnVIsANrOOpOr0NiM2A0i0PCJwC6+5PuGksdiH6QVreft2wmzHg==
M6ecpIKZs0mu/SgwCic8CilC1qQv5SUrX2kFHHjI494DR0ajyD/+msCQGmR72SzenMIpDOgyxRZOVJAFDgBbxK8e0eM/jzd/sxQ=
el2l9CzgxJtP+tacGYUVx7LEdwX+735a3V3PTamHX0zxGUsHCIPiyuZqWU0dAN7/1l3wx9kPGfBIhHtSY4uer/jTpjZAPEKIS9X0EvxOsUDY3t06jvgI6b5MQ8jP0glvj2NvU7M4
VorisEOtaUSy0SR+JQPOkDYb8lsUhbmBpbqQsg+As/USdbD1olQA0t4is4Pg4MwQXfqwGPk4rjZ0YyY6d9rf7MX1B4UrcbMW
X4DlEoij2M5CfVY3FpGHlUg0/d52E6jzWI9rd3QyNIsZeGWcxCRi2LmgcXh7X/wytXTbAzv037MFfmWCCvoVVf+3F6vkM7IxfLMV
h+kJi/prNdIZR5tmdTupThG+NutHaGPo7xh2jMCMc+C7LFl3zja/ZLHnSTydZ6/ezxaIcucxFefd79YbkCV2sx8=
M6ecpIKZs0mu/SgwCic8CilC1qQv5SUrX2kFHHjI494DR0ajyD/+msCQGmR72SzenMIpDOgyxRZOVJAFDgBbxK8e0eM/jzd/sxQ=
rNu/AH46XZzlHhoK/zk5BFLG4MBbJiHUgnJZ44QNORkVEnDK38jzLWKdkM2yXADK7grTe7AoDEitkhCgabAursTLxkKnkp80tR0nvTt5sw4=
X4DlEoij2M5CfVY3FpGHlUg0/d52E6jzWI9rd3QyNIsZeGWcxCRi2LmgcXh7X/wytXTbAzv037MFfmWCCvoVVf+3F6vkM7IxfLMV
L5qOf1sfhgTCR64zM1wa/nS99hjknlCH+9lREP8OK1I09Ctjy7Qv0xV+daI6uqX1TzeHC7Tz4tEMs2U=
s+uKScbFsbNozl28YsBEMRxVMZURW5KdeA7cD39Z1ZhznrfK0JTPGzfE45vRPrHq9oqZzWsXoxOo4+7ZCLNh
bqRDr400X2q3aIbIRplS2igDh695sT8sFmoPUnbH698PDDTTsl2B6LmAUjBq3izPnMIpDOgyxRZOVJAFDgBbxK8e0eM/jzd/sxQ=
bidFMFza8cWChUy+P4C3P3WetKmgs5dmNp6UZt4wFSrZH0hPXzicorzxkkVeUVr7W6EcZjMrl5pcWSpHKzL65o47ZRlPLCF2te4qBHXfVcwx70ue6x7kwntJ0cfZN2qLfG1Sszs=
J0RS9nrwqCmeuDfo5349wQLEkLF+BBin6Gz+dVZGOT+1Uu49oNdBdgjOjC9PWeW4o95HqkAUf7tnBJN7wT6hysbKSa2blzOzGCO+OXizEQ==
HA2+xWhEqojBP9XTkZDtA0QNbcXexrHPLfJGbViXmUYgLvQ/R1ntqFu+b5oY1Adrz6QLC0m+KXpeKiF9I9frw/ADhilwsxk=
KxVtXJNtzcGdl3A4ec14oHS99hjnnlCH+9lREPwOK1I09Ctjy7Qv0xV+daI6uqX1TzeHC7Tz4tEMs2U=
W6gcNC/3ytczkWtOkdDiXBxVMZURW5Kdew7cD39Z1ZhwnrfK0JTPGzfE45vRPrHq9oqZzWsXoxOo4+7ZCLNh
E71N9Zu1juLiyuEMy+gCfd74GVYd/zLsVMAeYOjMa4POmYEZZUNt+ab/2J0LTTHnyyZ2pLPA7mGvBR9yGBLa6xWC+W5OAZKYiDUsnOUu4CTxXO7a7NfWZl/e/6A9YZd5Y1WzOg==
G61E3Qy5J5xl9gm272AXXhfSAUQ25acpZc2vqYO8XZPH19CsGS0pZKegov2AZbQZ90bTjTXCCvXc911+Lz7Id6PZiWBkrmOiXDSD8wOUFwNt/s3ywtptZSf3rzt8k3phVLM9
f9o1PLvckhYS/G81f89NWCgDh695sT8sFmoPUnbH698PDDTQsl2B6LmAUjNq3izPnMIpDOgyxRZOVJAFDgBbxK8e0eM/jzd/sxQ=
KC24yTvMAQ9VhAxrKpU3k3WetKmgs5dmNp6UZt4wFCrZH0hPXzicorzxkkVeUVr7W6EcZjMrl5pcWSpHKzL55o47ZRlPLCJ2te4qBHXfVcwx70ue6x7kwntJ0cfZN2qLfG1Sszs=
nLYmawpr9cmH1YJWv5zlPgLEkLF+BBin6Gz+dVZGOT+1Uu49oNdBdgvOjC9PWeW4oN5HqkAUf7tnBJN7wT6hysbKSa2blzOzGCO+OXizEQ==
AuVVNxmc0Amq35moBwnMY0QNbcXexrHPLfJGbViXmUYjLvQ/R1ntqFi+b5oY1Adrz6QLC0m+KXpeKiF9I9frw/ADhilwsxk=
GBEGoVhn9hf5PT2vuNoMTAYQd8VPb+GTChivGBxNptExnqbG0pTPGzfE45vRPrHq9oqZzWsXoxOo4+7ZCLNh
Gj9mhJI174+/OYSk+aSpVM0P9QDTRqNw489NO76oG6CgzRpphS4Sbn40Y7NjFLdDjf7tMqJazSUH98/73BOaIXSzHQ==
D+ED8x132jCONP/DewUpz2ZienNbvcStfjo70NmGMTcMLdA32H9yCQ7RnZzXYAl91PIuFy1vo64aExiRfN4REJgu/UqOCCiZfpzjWE9CaT9PUw9jswg=
mDfCym7TzZieiWC5U8t1X1Jx9r6GWrpo0BzAQuJ/6d9nH5yAyfRqjdA9V4awytSk6TfhnCXXJ15HZnASD2HNp+Xf/juINX6zFw==
YX+sreZ7jFMpXw0/jvw8FRFX8rNbaXrZtoVz7x/5C6ey+kYkl5hZVTSaHg8td5PG+jtIaTxmwXg4ho3SDpDYMd50s+CPOrkXL7s/e7MQ
Gj9mhJI174+/OYSk+aSpVM0P9QDTRqNw489NO76oG6CgzRpphS4Sbn40Y7NjFLdDjf7tMqJazSUH98/73BOaIXSzHQ==
3sXQUl2edvdIYv5YNVm6cUZc+q1PaXrZtoUgr1jnAqGuuU0kl5hZVTSaHg8td5PG+jtIaTxmwXg4ho3SDpDYMd50s+CPOrkXL7s/e7MQ
YBgGfsJfCKD0gJxvhGmx4NPSxrPDZnjp7ItjtmL4qZ3BFmsCzQdOQFMuyM+dmNyxb3gNcqDQXmjw3GDCAr+J34dfPABptIqNsP33BhAKtKQJd4EchZcHXicmkJKvoe2nxR+eu2h1XrM3
CAEiM9xtKqGKZzjA7oDbLqiOtx4MNoOOxn4y3J/6wmSkSIrogopQGxNP3ZvuaGtAsM0KCXVuws7utBNT01RnI33+3RLymr2Ft3dfmwxTqgFksw0=
GHCFs9NTfhuqKbI6GGCiaUo/8Yw3Grr0HMhyeDoqOMtbDxXrxkhzsKjNEnltTuo+pnTbAzv037MFfmWCCvoVVf+3F6vkM7IxfLMV
o7+uLHcv1hOpShZmewFsDF2dzvsyR0H6+jqhdQEKMTr9Qad4/+9xc3rY/zgsTZbx4d5WpkIUf7tnBJN7wT6hysbKSa2blzOzGCO+OXizEQ==
EHlErgGfLnzVIlv3ketmJ0Rvic86dlOFSAjm75rcm+0NLA2/w6cwELV87g1UtasWHHJwRI3vTSz5n+Meg64s4mO56YcBpxIrtD16sxM=
MRTYpf8luH99I4wI7/QnEBI2v/WeT6Ihi0OfDeY5sfgUEe6WuuMJmaN0FYahxtak6TfhnCXXJ15HZnASD2HNp+Xf/juINX6zFw==
QJ7zeNt/hJfLSAc1lzPwJBc2v/WeT6Ihi0OfDeY5sfgUEe6WuuMJmaN0FYahxtak6TfhnCXXJ15HZnASD2HNp+Xf/juINX6zFw==
MRTYpf8luH99I4wI7/QnEBI2v/WeT6Ihi0OfDeY5sfgUEe6WuuMJmaN0FYahxtak6TfhnCXXJ15HZnASD2HNp+Xf/juINX6zFw==
J4rjze8wly8q0cXt/s06gZPKjFYSj/dkKjTPYAaU7cd6nhPEHU8d7Mm/8x6Tztyis9l5B7EHouvk3QqzYw==
BNj2o8AN97U/30KZKKarSEXqcONGZCDrvidD1J6Mc+C6LFl3zja/ZLHnSTydZ6/ezxaIcucxFefd79YbkCV2sx8=
TkwtcLPhVc1kqrU6sQPv5Ayw3/kzSfHsjwYiCGGBy6wojS8rN4jzYA6Hk5Ru7GPgqswpt56WD+Qhh7l8TUef3r/22LJXkYVnLY8GW6AFZrMP
PWIx6fhVEBI/j/oP9XksqWZienNbvcStfjo70NmGMTcMLZx6nzU9AAjU28LjG3JwuOBGBkANorgLBRSCfN4REJgu/UqOCCiZfpzjWE9CaT9PUw9jswg=
jVMRksL6QMtOtSSGzd5N4ylC1qQv5SUrX2kFHHjI494DR0qsyDz+msCRGmR72SzenMIpDOgyxRZOVJAFDgBbxK8e0eM/jzd/sxQ=
2l9Z9u/XmKSH3SKks+m5GrLEdwX+735a3V3PTamHX0zyGUsHCIPiyuZqWU0dAN7/1l3wx9kPGfBIhHtSY4uSoPjQpjZAPUKIS9X0EvxOsUDY3t06jvgI6b5MQ8jP0glvj2NvU7M4
iorF7P0x+gfF7Dij400c81LG4MBbJiHUgnJZ44QNORkVEnDK38jzLW6SkM6yXADL7grTe7AoDEitkhCgabAursTLxkKnkp80tR0nvTt5sw4=
4BbXTHUZ+/EO6wFwn3q3tjYb8lsUhbmBpbqQsg+As/UeerD2olQA094is4Pg4MwQXfqwGPk4rjZ0YyY6d9rf7MX1B4UrcbMW
OsDCl2rkYGx4tgUKOQyAFZPKjFYIifd4MjXPYAeO68dmhhLEHU8d7Mm/8x6Tztyis9l5B7EHouvk3QqzYw==
fVmFBBFOL6PS3PHoi8vVV0XqcONGZCDrpCFDyIaNc+C7Nl930i6+ZLHnSTydZ6/ezxaIcucxFefd79YbkCV2sx8=
e2i1MprNEEgidhkoEHzrfks89cJgQLP1EYwyeT0jNYwJcC6l8WAk2bmgcWJ9X+AqtHTbAzv037MFfmWCCvoVVf+3F6vkM7IxfLMV
P/gpD84BihnnKB5UwEzFB/fJjylVFaXdg3w9ksigy2WpDMrphYNdXEEw5tXZQDwpoaBpEmV/yNr8tBNT01RnI33+3RLymr2Ft3dfmwxTqgFksw0=
YwNf5HAMrylqfp82TJ6WsUQv2Y10YBbFExH05prblPNCbBTZoN0gfMMI/2A3rrsHFmZiRI3vTSz5n+Meg64s4mO56YcBpxIrtD16sxM=
rEzZ9W2RxNZQMVpBwKlK42aG33mUvFmaxatC0LzqORfQNnCHxp2LGn1ZHVjb2qmv+zU0shHl8q+hWxfbwufhzd8HMHL+dADyhMQz/zjBzDCdmjD4uRiuFjSDplq3+t/MBZWHZWtRszY=
NUhc1Rk9sW8Ek0hYAskdglfu11NzW8uu+XpYS4xQXbPStbV132m+YRFnm9kocNKCwIgwSput5OfcOnmkSFo1js7M4O2uqIu8byaBC1+nB2ezDA==
5rUXwg2lB9a2Xna4C8FUwH0Dg+MsuC0rUi1FHX/B7plRX0uxyFjimsCQAGJ7xTTfnMIpDOgyxRZOVJAFDgBbxK8e0eM/jzd/sxQ=
jTho7m9Ur3MNTC+2IRz9AmwsIRnxdCGlzz9Q+k4sANrUPJO3yNmM2A0i0PCJwC6+5PuGksdiH6QVreft2wmzHg==
xqsjxgUkHyCKI1jeiT4YCm/Ppbtxa4P1GDwK7kDk6AargfzrvPYhCPjWreIOoPjhnoTTcA+qGafv698Ls2A=
VriK7qNp/fm78NnTRmgyRTZZm/VCH1Yh3dmuDKdPwHD5YAGJ9/sAJibYgFZMmCMLAI1stPUmwOyh9G5yvB/2bk/2vwit6TexM32zEg==
PnQjEj0r24vhw5WB7xTYMXYgeUKjMmTg9z5dlik9EtvOOpOr0NiM2A0i0PCJwC6+5PuGksdiH6QVreft2wmzHg==
AGQ0NwGiyV5kIv1NTEAV7wtIeco/6imL++4EBJ/SLWJRwZJfRrYDP0hELHyljmBEMXzu+iy3VsYfPv/A/cEXmSN1sxo=
8wPDgis+Yz9mTYi+kcWsDtPBlCxmnfr9VkEd8KWZJ7R2H3bSHtaq8Bt+hJT/Im1ScdGST2aGQ88o1KzsRf6gdBFs7uoMh5a2/65/UJ0xV6kDZbMK
K0UloOME+Oys9UjRPcBBMUVuiIYiNAzCWhL+qJTUnPJOJ3Cuvbkhca9v7nI2tL0HCn5jRI3vTSz5n+Meg64s4mO56YcBpxIrtD16sxM=
5Qa0es9foPL8/tK9RLisadPSxrPDZnjp7ItjtmL4rJ3DFmsCzQdOQFMuyM+dmNyxb3gNcqDQXmjw3GDCAr/0zvlBLWFzp4ry0vzhFwYGp6QJd4EchZcHXicmkJKvoe2nxR+eu2h1XrM3
sfyStKt+ZDIUkC8luSlo2KiOtx4MNoOOxn4y3J/6wmSkSIrogopQG25eo4X/CXFTsLJoCGN/1ML9tBNT01RnI33+3RLymr2Ft3dfmwxTqgFksw0=
0TBsWmSyDEvL3lEGgFfrbko/8Yw3Grr0HMhyeDoqOMsmHmv11ylpo6iycHh7X/wytXTbAzv037MFfmWCCvoVVf+3F6vkM7IxfLMV
Iu+1gOTp5Mgsguyr8foWvXYgeUK5NGT87z9dlik9EtrUPJO3yNmM2A0i0PCJwC6+5PuGksdiH6QVreft2wmzHg==
7xcvv4ffsT/rjHu92J6gQAtIeco/6imL4egEGIfTLWJRwZJeXLADI1BFLHyljmBEMXzu+iy3VsYfPv/A/cEXmSN1sxo=
JgQo4cBqueCg9BzdEFINqDE3RFIU0fbjcncq142CMTdfLtp51nB6CAKa3c70WlNtteg9F1IMuL4LGQyDfN4REJgu/UqOCCiZfpzjWE9CaT9PUw9jswg=
oWCxIBNz/qzQr/xfut1dTA3f7shZcz3Jyz0U6sBNOR5XFjGdgfDDKHSancbJTRLK9AzTZ6gpDEitkhCgabAursTLxkKnkp80tR0nvTt5sw4=
V/fn58Yle2Km7GPRB5Fs60pkJH2bwH6ZnVKJ9N5L+0LcDXr6+JK0lM/Zku6kQkN9J3FXxdLaUbp4yRUx1+0KEx0LS0pjqYljyLKRIh3fQGqUdPtD23S/c+V+RUKqerWVn7f364SzEnFcszU=
6fdDu8A8shF6dOJzEUSzC9amLx0qg5aofR4egem5bCLvxkYpK03pFbRvo/v1Nl1Rtx/2ci9eoyf+FqqExT/ljAEPW577PpSCi+mhR0mXOkusDWKzCw==
DUX9AvUVDyjkRnn/DHDKZUpkJH2bwH6ZnVKJ9N5L+ELcDXr6+JK0lM/Zku6kQkN9J3FXxdLaUbp4yRUx1+0KEx0LS0pjqYljyLKRIh3fQGqUdPtD23S/c+V+RUKqerWVn7f364SzEnFcszU=
6fdDu8A8shF6dOJzEUSzC9amLx0qg5aofR4egem5bCLvxkYpK03pFbRvo/v1Nl1Rtx/2ci9eoyf+FqqExT/ljAEPW577PpSCi+mhR0mXOkusDWKzCw==
Rt1Eym/tOCH2Eks3xWtQgxEv3cEhaQTCV1a+qZPdkbUcP2u7vcY1ca9v7nI3rrsHFmZiRI3vTSz5n+Meg64s4mO56YcBpxIrtD16sxM=
5VYbTkbjwgpRivjgyk13rajG6e3ho8UzSizG/r0rfQGbhafCN8uwkNstmjXxKANgpKL9LvlVEsLk9PNPWHFMgP0q8MjZKK4mVLNm6tdKX3xlJUdVC2GzBg==
YFWiuMD0EBPcny1/msmZ5mrpjRWgv2wFcojvgjt7bDX40d5r/3kUYOHp/s4AB39biZ7JIQOHevKjxhfXar5WJJnXUdzVtxdeN0ZAUv/BfSd1fy57WBVuswc=
0MbYHFViLJQzRWEtTUNkNVrU5tZNcz3Jyz1HqodTMBhLVTqdgfDDKHSancbJTRLK9AzTZ6gpDEitkhCgabAursTLxkKnkp80tR0nvTt5sw4=
fWKH8VCiutIpY961x53utF2dzPsyR0H6+jqhdRIBNia4FrZrmesPEn+55SssMvXq8c9cslAUf7tnBJN7wT6hysbKSa2blzOzGCO+OXizEQ==
Dnm/eCfBFLGzZI9BP/jdy80P9QDTRqNwnt4zJa/JAbOgsnhokz8EYm00Y7NjFLdDjf7tMqJazSUH98/73BOaIXSzHQ==
K0UloOME+Oys9UjRPcBBMUVuiIYiNAzCWhL+qJTUnPJOJ3Cuvbkhca9v7nI2tL0HCn5jRI3vTSz5n+Meg64s4mO56YcBpxIrtD16sxM=
V8BYfKOKpVrTxnCf0Hgk/Am51lhkDsazsHkWSIYfUveYu7p93mX1BWZ6/9glHLWT0okqTJux/ObcOnmkSFo1js7M4O2uqIu8byaBC1+nB2ezDA==
DlmJbvz2eCjfWRLf6M/+a29o3881kEwiQ3F6ehnyzrJQBRQdmZqHgnH8D7tY9+KR7mntKQZWJ5SV8C0fUgWyoCv9JMq8FmGoeLZtwg6AuAEeJBMQD4pZR29LH2uzAA==
ffzVlTTJzb0uLJwxFHgqXBEv3cEhaQfFE136qJTUnPJOJ3Cuvbkhca9v7nI2tL0HCn5jRI3vTSz5n+Meg64s4mO56YcBpxIrtD16sxM=
/D38aO3Nhu0YmOm51py1cmxlPxK+NDC2ziJQnlIsANvOOpOr0NiM2A0i0PCJwC6+5PuGksdiH6QVreft2wmzHg==
jVMRksL6QMtOtSSGzd5N4ylC1qQv5SUrX2kFHHjI494DR0qsyDz+msCRGmR72SzenMIpDOgyxRZOVJAFDgBbxK8e0eM/jzd/sxQ=
IH0cUvFbBbT7i1Eqd/3sEFyTkbppURW6oW+wdlwJNnv/XOE1odsKCHe07VA9IPTw989AqlEUf7tnBJN7wT6hysbKSa2blzOzGCO+OXizEQ==
dZanu8hk2Tl2l6GGtM7mhr/QpwP3kyQlrZepGTAEXcS5tmsgZFAlmG/GBxPjbO0tlbveMDtkUTipoGAYS5+MkgX0S6NrNI+T9X5VYlo6xTVvN2dLVHNCEWyzBQ==
jEAew/0Q5FvIVHxWqzODH30Dg+MsuC4sFiYBHHjI494DR0qsyDz+msCRGmR72SzenMIpDOgyxRZOVJAFDgBbxK8e0eM/jzd/sxQ=
p0+LedGqoa/6cW34js6bOBeWkDdaucAR2qiAJrbO40e4POwEVfaAPMEEboLcz7a+70Y/uA259+HTDbNi
CMvwQGC5/aoWylXVVjbmamxlPxK+NDC2wi1QnVIsANrOOpOr0NiM2A0i0PCJwC6+5PuGksdiH6QVreft2wmzHg==
AC8hrMaZe+M8F1ccifMyV0u062ufJd1QyGS7MmOr3g94s2YWQByC6Mt1tDL8LnGgWH4dWo4YSEk+LAMoz/LJzw+DL3OzGA==
X4DlEoij2M5CfVY3FpGHlUg0/d52E6jzWI9rd3QyNIsZeGWcxCRi2LmgcXh7X/wytXTbAzv037MFfmWCCvoVVf+3F6vkM7IxfLMV
CMvwQGC5/aoWylXVVjbmamxlPxK+NDC2wi1QnVIsANrOOpOr0NiM2A0i0PCJwC6+5PuGksdiH6QVreft2wmzHg==
Z4m8TcoWWp/Q7mFnz7mbmihC1qQv5SUrX2kFHHjI494DR0ajyD/+msCQGmR72SzenMIpDOgyxRZOVJAFDgBbxK8e0eM/jzd/sxQ=
oBFRKi63ir62HcjfBqNJOnWetKmgs5dmNp6UZt4wFirYH0ZIQCSZqq2jhEVbEAriEqIWKTxv3ZRTUStLYECKnOxEF2BfZHVnsu47BHXfVcwx70ue6x7kwntJ0cfZN2qLfG1Sszs=
rNu/AH46XZzlHhoK/zk5BFLG4MBbJiHUgnJZ44QNORkVEnDK38jzLWKdkM2yXADK7grTe7AoDEitkhCgabAursTLxkKnkp80tR0nvTt5sw4=
VorisEOtaUSy0SR+JQPOkDYb8lsUhbmBpbqQsg+As/USdbD1olQA0t4is4Pg4MwQXfqwGPk4rjZ0YyY6d9rf7MX1B4UrcbMW
A9eYgm4/lBZulhn0SzvxVn8ElKEv5SUrXzpFW2bB5cJATEqsyDz+msCRGmR72SzenMIpDOgyxRZOVJAFDgBbxK8e0eM/jzd/sxQ=
aeGdFUxqDGPvhR77XxVCvicRzLIIS0d7gYm/XKkB3m+xMBCa9uYAQjrYgFdWniMXGIxstPUmwOyh9G5yvB/2bk/2vwit6TexM32zEg==
/D38aO3Nhu0YmOm51py1cmxlPxK+NDC2ziJQnlIsANvOOpOr0NiM2A0i0PCJwC6+5PuGksdiH6QVreft2wmzHg==
TsPaGALJ9cfkXLle+Q3pYChC1qQv5SUrX2kFHHjI494DR0qsyDz+msCRGmR72SzenMIpDOgyxRZOVJAFDgBbxK8e0eM/jzd/sxQ=
LvoTx99j1RdTCewtNDUCI3WetKmgs5dmNp6UZt4wFSrYH0ZIQCSZqq2jhEVbEAriEqIWKTxv3ZRTUStLYEyFnO9EF2BeZHVnsu47BHXfVcwx70ue6x7kwntJ0cfZN2qLfG1Sszs=
iorF7P0x+gfF7Dij400c81LG4MBbJiHUgnJZ44QNORkVEnDK38jzLW6SkM6yXADL7grTe7AoDEitkhCgabAursTLxkKnkp80tR0nvTt5sw4=
4BbXTHUZ+/EO6wFwn3q3tjYb8lsUhbmBpbqQsg+As/UeerD2olQA094is4Pg4MwQXfqwGPk4rjZ0YyY6d9rf7MX1B4UrcbMW
GKUH4gpbwI1w5FH2v61NKQYQd8Uyfp+NG3m1CxwyxNAnj7DKwZTPGzfE45vRPrHq9oqZzWsXoxOo4+7ZCLNh
Dnm/eCfBFLGzZI9BP/jdy80P9QDTRqNwnt4zJa/JAbOgsnhokz8EYm00Y7NjFLdDjf7tMqJazSUH98/73BOaIXSzHQ==
1V+o1hbaQ3/YK5EEpBJcTkRuiIYiNAzCWhL+qJTUnPJOJ3Cuvbkhca9v7nI2tL0HCn5jRI3vTSz5n+Meg64s4mO56YcBpxIrtD16sxM=
w0JDc5pqlGR/MtmAx6jximaG33mUvFmaxatC0LzqOBfSNn6A2YGOEmwLC1jem/m2sjY+/R6huKGuUxbXiYOW0LsGPR6ZZRLznsIz4yDAzDCdmjD4uRiuFjSDplq3+t/MBZWHZWtRszY=
sfyStKt+ZDIUkC8luSlo2KiOtx4MNoOOxn4y3J/6wmSkSIrogopQG25eo4X/CXFTsLJoCGN/1ML9tBNT01RnI33+3RLymr2Ft3dfmwxTqgFksw0=
0TBsWmSyDEvL3lEGgFfrbko/8Yw3Grr0HMhyeDoqOMsmHmv11ylpo6iycHh7X/wytXTbAzv037MFfmWCCvoVVf+3F6vkM7IxfLMV
BYKhhlXKzKVjAnG/J0Wp1UzVmrx4E1CgpmqwJRxPKDnwRqd4gv4PbWu55SssMvTw989AqlEUf7tnBJN7wT6hysbKSa2blzOzGCO+OXizEQ==
Dnm/eCfBFLGzZI9BP/jdy80P9QDTRqNwnt4zJa/JAbOgsnhokz8EYm00Y7NjFLdDjf7tMqJazSUH98/73BOaIXSzHQ==
T9ZU9ta64WU5Wvfmh6//qvLd4+7475R9RSjC47sreQbSyrmLNJW4kc5j1mfpMxZg27b9LvlVEsP+8vNTQHBMgP0q8MjZKK4mVLNm6tdKX3xlJUdVC2GzBg==
nRLPxw/vCV4eeV/dmoEPZE7clL8oURe6oXOwdlwINjD2WuRzgv4PbWu55SssMvTw989AqlEUf7tnBJN7wT6hysbKSa2blzOzGCO+OXizEQ==
WL7NJcGyLHIGI7XZODMVrDYb8lsUhbiB7rOWt0mjlvB7Zr3+2UUS094is4Pg4MwQXfqwGPk4rjZ0YyY6d9rf7MX1B4UrcbMW
LYN52BlL/9CWojiEze6Bu3AR5BFQjv+P5rSJ9EKjlvB7Zr3+2UUS094is4Pg4MwQXfqwGPk4rjZ0YyY6d9rf7MX1B4UrcbMW
aeGdFUxqDGPvhR77XxVCvicRzLIIS0d7gYm/XKkB3m+xMBCa9uYAQjrYgFdWniMXGIxstPUmwOyh9G5yvB/2bk/2vwit6TexM32zEg==
wgi2df+vp45cd9Fn1qsyIAw8+886VrD6XsB8PHQiNYoaeGWQyyRh2LmgcHh7X/wytXTbAzv037MFfmWCCvoVVf+3F6vkM7IxfLMV
/D38aO3Nhu0YmOm51py1cmxlPxK+NDC2ziJQnlIsANvOOpOr0NiM2A0i0PCJwC6+5PuGksdiH6QVreft2wmzHg==
PJCZ/sYVih7+qYTaziZg8cikKxYxmtO1NBAdzq6weiLizkFvZgvtVOMxm8vwLFVcv2TnYC5EpSfiDquExT/ljAEPW577PpSCi+mhR0mXOkusDWKzCw==
Wcgfq7WQ7H3ESete60VIwPYvOm9WKz0UM5ELS4CM5RxPBPdgPqTV51KuWwRVn7VMUS9rngteRELbCTHH+ffKC5wtcrMb
LYN52BlL/9CWojiEze6Bu3AR5BFQjv+P5rSJ9EKjlvB7Zr3+2UUS094is4Pg4MwQXfqwGPk4rjZ0YyY6d9rf7MX1B4UrcbMW
CMvwQGC5/aoWylXVVjbmamxlPxK+NDC2wi1QnVIsANrOOpOr0NiM2A0i0PCJwC6+5PuGksdiH6QVreft2wmzHg==
+9dWm7yFvh+LlBCAyWOITMikKxYxmtO1NBAdzq6weiLizkFvZgvtVOMxm8vwIFpcvGTnYC9EpSfiDquExT/ljAEPW577PpSCi+mhR0mXOkusDWKzCw==
XQMguAPGcAw5N5tAy+xx7/YvOm9WKz0UM5ELS4CA6hxMBPdgP6TV51KuWwRVn7VMUS9rngteRELbCTHH+ffKC5wtcrMb
MWKlhPlMzsIn2iq6HXUErJtL4EycQu06org9TLzECsixoHlokz8EYm00Y7NjFLdDjf7tMqJazSUH98/73BOaIXSzHQ==
A9+aAIPAoZMTDnfz3lxvHRU2vvWQSL09jkuOSu8+qKgXZJHs25x74LI8QZemxsek6TfhnCXXJ15HZnASD2HNp+Xf/juINX6zFw==
p0+LedGqoa/6cW34js6bOBeWkDdaucAR2qiAJrbO40e4POwEVfaAPMEEboLcz7a+70Y/uA259+HTDbNi
CMvwQGC5/aoWylXVVjbmamxlPxK+NDC2wi1QnVIsANrOOpOr0NiM2A0i0PCJwC6+5PuGksdiH6QVreft2wmzHg==
AC8hrMaZe+M8F1ccifMyV0u062ufJd1QyGS7MmOr3g94s2YWQByC6Mt1tDL8LnGgWH4dWo4YSEk+LAMoz/LJzw+DL3OzGA==
I3/Tyg7TBhqr6yLkbLS+4Vnd7cVbfjrUx29Tp8YEPBFVVW7D2dSwJmKdkM2yXADK7grTe7AoDEitkhCgabAursTLxkKnkp80tR0nvTt5sw4=
L5qOf1sfhgTCR64zM1wa/nS99hjknlCH+9lREP8OK1I09Ctjy7Qv0xV+daI6uqX1TzeHC7Tz4tEMs2U=
3/pmKpfSzl19ss/TtoRPJAnfnbR+XAOnrXH0MRRPPDf1FfA0pssCfQjOjC9PWeW4o95HqkAUf7tnBJN7wT6hysbKSa2blzOzGCO+OXizEQ==
GBEGoVhn9hf5PT2vuNoMTAYQd8VPb+GTChivGBxNptExnqbG0pTPGzfE45vRPrHq9oqZzWsXoxOo4+7ZCLNh
vj6wDHae3JiPV4RmYK6G3lnd7cVbfjvDxnwXoMZJfwdXHWqMkpbHVhWf/NzaTW2p7xzCbbw7DEitkhCgabAursTLxkKnkp80tR0nvTt5sw4=
zcUz6rEVU5aD8hqvP4eryaOVuhsMbpiOg2M4mN3zx2zkD5ThhJYTEBNP3ZvuaGtAsM0KCXVuws7utBNT01RnI33+3RLymr2Ft3dfmwxTqgFksw0=
rxU5H6J/7BAC/9rIkSadUmeKprQXCPnldEp+/y2H8xa6i+j5vPYhCPjWreIOoPjhnoTTcA+qGafv698Ls2A=
DlH5sSd5WNBoYQ4wBVyxz0dvic86dlOFSAjm75rcm+0NLA2/w6cwELV87g1UtasWHHJwRI3vTSz5n+Meg64s4mO56YcBpxIrtD16sxM=
bWk0iYLVnDpCOHaXHN8pYdgCsx7ORKNw489NO76oG6CgzRpphS4Sbn40Y7NjFLdDjf7tMqJazSUH98/73BOaIXSzHQ==
lnRGBnZn1gEn+GexkW3JvWm0tQbrlTnpiaBAWqEfKVw79Ctjy7Qv0xV+daI6uqX1TzeHC7Tz4tEMs2U=
L5qOf1sfhgTCR64zM1wa/nS99hjknlCH+9lREP8OK1I09Ctjy7Qv0xV+daI6uqX1TzeHC7Tz4tEMs2U=
3/pmKpfSzl19ss/TtoRPJAnfnbR+XAOnrXH0MRRPPDf1FfA0pssCfQjOjC9PWeW4o95HqkAUf7tnBJN7wT6hysbKSa2blzOzGCO+OXizEQ==
L5qOf1sfhgTCR64zM1wa/nS99hjknlCH+9lREP8OK1I09Ctjy7Qv0xV+daI6uqX1TzeHC7Tz4tEMs2U=
qbCoiTgahorWuFXF43S8qOYvNm8FZjldIpAMW4j5mmYue4UZL+yB9lWuSgRVn7VMUS9rngteRELbCTHH+ffKC5wtcrMb
WsLCGP86VlO5lkA9UJAwIV0j+858VLX4X49rejdlLIwCK2bltF4Ap8vZYTAvTvsypHTbAzv037MFfmWCCvoVVf+3F6vkM7IxfLMV
wQagLcjKJfD3pObRPYPU8VXw2UNiSoOuq3pUA8gQXrTforhwkXGyIVN377tSdbHwuZhiGIq2/PfcOnmkSFo1js7M4O2uqIu8byaBC1+nB2ezDA==
rgqP/K4DpKIyHkCMRnjTSxx/poIsBe2zA5YqPiAgNY8PLGbltF4Ap8vZYTAvTvsypHTbAzv037MFfmWCCvoVVf+3F6vkM7IxfLMV
frr9UslRQ2aKQZDryJoO1nQFxrkSTg5qgcDvSKxNiXe2K0OZg5l6I0Wq+UYeyjIQGJ1stPUmwOyh9G5yvB/2bk/2vwit6TexM32zEg==
p0+LedGqoa/6cW34js6bOBeWkDdaucAR2qiAJrbO40e4POwEVfaAPMEEboLcz7a+70Y/uA259+HTDbNi
BvMTSz4AVV0h+CrV9uttbVt+dT9Wbn9jULHNo0UXJ7jqruNBK6XKchw7IYumsQVywLzmEwhv3orAgDo0u2mMLhxyyXwo4qUGTkRwVU7wO3QvbnFTf18Xb7ME
L5qOf1sfhgTCR64zM1wa/nS99hjknlCH+9lREP8OK1I09Ctjy7Qv0xV+daI6uqX1TzeHC7Tz4tEMs2U=
ZLkhzZHZkF0/tXYq3E+zjn8Ij7FtsT8sFmpcEjHZ4tkTTz/Tsl2B6LmAUjBq3izPnMIpDOgyxRZOVJAFDgBbxK8e0eM/jzd/sxQ=
IB8pzcMMr83Y1XQ2RNu4tIn+cBg41pu3PxAEjLnjbzmmxU5vJkPnHfIwnNv4WSom3huVGT8M8TblDrqExT/ljAEPW577PpSCi+mhR0mXOkusDWKzCw==
mL/Hb2Y42HkbrWQ46+fqvmG0dpUdo9MQ8IA5K6PZqEJ5H03UztyTB10xpNEkT8wXpdVAVDZLct3YjrzPX1n12JMeFwqwlO9b10RDW7E+kaoWCjkNCxeDU0hjThloswE=
UMrG8UuclUEYo3HAi0FNHWXel6cDCOCsnRszCWqNiq9iiyttLoj4O1zB1rZSkxGZu4R9ppmWHuQhh7l8TUef3r/22LJXkYVnLY8GW6AFZrMP
v3YK0+2hVpf+2N9Ezr3NEWG0dpNb8NMX5IooIL6XvUJ5H03UztyTB10xpNEkT8wXpdVAVDZLct3YjrzPX1n12JMeFwqwlO9b10RDW7E+kaoWCjkNCxeDU0hjThloswE=
rr/0Hn9OwAj7hRlJhYKjw7/Qtw/4miQoupe5SnUPUcyq/Hc/IQFomWCPCF/pJfwskqvWRUQeMEfb2XFQH46LkhT0S6NrNI+T9X5VYlo6xTVvN2dLVHNCEWyzBQ==
0XCsZgvUe2T6XSJjDkVRIyl2mAjJtd7n6vvXfgQw05qGkwQ4afzVG6uRv1+BPEnH1rvDCWMpOtNluvlWPjpyoPgN7CSVlgCcgeRuYpxvNt4vZj+YTVl3QRNtswI=
LlWBnsVO5N5aR8Ga3V/k9VYy5+xYErgU0aHO6+L/10J8BCO27rfkZDEoBVfjVX8jOcj5q35fY5X7vapf7T556saOAgwQqYz4TcJQUEmgLp6kGwYyBwIfhFVNZ00babM+
/vGpY0zO4qcKQ5rXE/KRHRc2v/WeT6Ihi0OfDeY5sfgUDO2WuuMJmaN0Foahxtak6TfhnCXXJ15HZnASD2HNp+Xf/juINX6zFw==
KxVtXJNtzcGdl3A4ec14oHS99hjnnlCH+9lREPwOK1I09Ctjy7Qv0xV+daI6uqX1TzeHC7Tz4tEMs2U=
WovlC4KA30c17DBsLIxT6hc2v/WeT6Ihi0OfDeY5sfgUEe2WuuMJmaN0Foahxtak6TfhnCXXJ15HZnASD2HNp+Xf/juINX6zFw==
LlWBnsVO5N5aR8Ga3V/k9VYy5+xYErgU0aHO6+L/10J8BCO27rfkZDEoBVfjVX8jOcj5q35fY5X7vapf7T556saOAgwQqYz4TcJQUEmgLp6kGwYyBwIfhFVNZ00babM+
fApw3jGWFGekgGenHD94TlUy5+xYErgU0aHO6+L/10J8BCO27rfkZDEoBVfjVX8jOcj5q35fY5X7vapf7T556saOAgwQqYz4TcJQUEmgLp6kGwYyBwIfhFVNZ00babM+
3JCj5PM/zdFk7LnaVB+hCH0rn8J7mlo/THxtYBnpgL5bABoFlMrdgm3xB/cf/eWSoX2qDTNbN/fimSl8ORT69Dr6JNu8FmGoeLZtwg6AuAEeJBMQD4pZR29LH2uzAA==
P5OPL8Cw64C8yORi0H2G055Q3DNBhHoIs68hWSrG85fHQFxMAZO3mc51xu+us099KoDkGyAJEsb2C50ZNxzZVt3e4sQ9j71sqX/THnOOfCLTGRkHkUdCa0QdarMD
VwV1VC2eB7/Z5REt7al9ZX0rn4p7mlo/THxtYBnpgL5bABoFlMrdgm3xB/cf/eWSoX2qDTNbN/fimSl8ORT69Dr6JNu8FmGoeLZtwg6AuAEeJBMQD4pZR29LH2uzAA==
1Xk4lY62VKTKCnK+OE7q9dHMxqzRLSmpssY46nCkvcCVWzJSjkwIFwsu38ebmIjsdStLKaLdEi/622ONFvjQ+/RRThYao+mZw7S1BgEGtqQJd4EchZcHXicmkJKvoe2nxR+eu2h1XrM3
4WKintPsnXZa7vX2+jnGS9HMxuTRLSmpssY46nCkvcCVWzJSjkwIFwsu38ebmIjsdStLKaLdEi/622ONFvjQ+/RRThYao+mZw7S1BgEGtqQJd4EchZcHXicmkJKvoe2nxR+eu2h1XrM3
MSWeVg0OIi4VOJCZQQG5iUw7KkL+z5GFmf1pDUvA2LuPa3fy63BDt5TK+MCOl42iqV89dF5cI2cN8VTxNE/c95WVEPTGy+K9aE5s7y9ZBfjDXqfqIBSf+weEczuhPoGKZkrp7buXE/O4ox55WLMx
9foKO8lEQDcg4BkZKpCh1edEmZhnQXtDwWNndTpfJcMdZlngsSMeQnJEDBcPJiPXt+CszJHzZ1n+FdbvvpM/PfogdJuQ6aKGpittGUc8CZZtvlJErS/trFlfwx5jbkxig/mJh+HnsqsUfVqzMw==
L5qOf1sfhgTCR64zM1wa/nS99hjknlCH+9lREP8OK1I09Ctjy7Qv0xV+daI6uqX1TzeHC7Tz4tEMs2U=
bps+3UM5WOsuh5VpVlmqjhFMOISbz6PIabVYZF6L2k0gLvQ/R1ntqFu+b5oY1Adrz6QLC0m+KXpeKiF9I9frw/ADhilwsxk=
sVmuY8lPsYhin1sXaSyZcRJMOISbz6PIabVYZF6L2k0gLvQ/R1ntqFu+b5oY1Adrz6QLC0m+KXpeKiF9I9frw/ADhilwsxk=
p0+LedGqoa/6cW34js6bOBeWkDdaucAR2qiAJrbO40e4POwEVfaAPMEEboLcz7a+70Y/uA259+HTDbNi
CMvwQGC5/aoWylXVVjbmamxlPxK+NDC2wi1QnVIsANrOOpOr0NiM2A0i0PCJwC6+5PuGksdiH6QVreft2wmzHg==
wf5MS3T/ZMHZV6uSRKnyrvrk2HlG2Ov+Xg8C4KuTd/gwFD+XWd6gvgd0k8nKMWBZCsCATmaGQ88o1KzsRf6gdBFs7uoMh5a2/65/UJ0xV6kDZbMK
ziCraiauSM8qHB1pIbbNaRxR+qNJJmHb/9Ft7x+tTaiovAt6o+MuV1iLdh5AFJLQ6y1EejxmwXg4ho3SDpDYMd50s+CPOrkXL7s/e7MQ
D8FE2BxUmzmotoeIuJuX3fTk2H1E0vD8F0oK4qyDYuMxET+XWd6gvgd0k8nKMWBZCsCATmaGQ88o1KzsRf6gdBFs7uoMh5a2/65/UJ0xV6kDZbMK
fzjWWneyPVbKwBiy2M/K0z8neGJY/8CseHZr3JqQOC0aeZ13nzU9AAjU28LjG35/uONGBkAMorgLBRSCfN4REJgu/UqOCCiZfpzjWE9CaT9PUw9jswg=
fzjWWneyPVbKwBiy2M/K0z8neGJY/8CseHZr3JqQOC0aeZ13nzU9AAjU28LjG35/uONGBkAMorgLBRSCfN4REJgu/UqOCCiZfpzjWE9CaT9PUw9jswg=
ZpbEJ5K4PekpqegivBLr/TAneGJY/8CseHZr3JqQOC0aeZ13nzU9AAjU28LjG35/uONGBkAMorgLBRSCfN4REJgu/UqOCCiZfpzjWE9CaT9PUw9jswg=
RyUF7314tsVP2JEDfceNgbEbhTktzBgTJhsdwCZaDXqcy1/E6Q0wKTnBL9Szc9Q0PHySr9PJzIDEocOhgxEuEkBKuCaEiW4r97xZRQkbIhQgFGbgRSANQH9vmLp5VNdL32Sbqxm++RrO6jEdc1dbo8DDNklAsyk=
72vqtk/f5cWHxpdx0+D2pzvIR23HrAcC7HVpTQ8M9hFSCHifx0bK1j0tQ0KlTvKUSwHmz4BbcRwJgdqP1bL31LmLsKOmQcgbGdOhbDjYw46Dl6aziI8eqsCg+tQ7ycwOHJIJHKhCZeZOJDD1zhB7FC9OsfP/P1dPsyQ=
Cqka1x/YF4ibyPrlC3drw1Jx9r6GWrpp0FfJROc5t+scaJ7s2Jx74LM8QZemxsek6TfhnCXXJ15HZnASD2HNp+Xf/juINX6zFw==
T/3XVCiLZjEQz5evAnUGQxzF4c0PZT/Xyz1ArM9Xf1MREnDK38jzLWKdkM2yXADK7grTe7AoDEitkhCgabAursTLxkKnkp80tR0nvTt5sw4=
AC8hrMaZe+M8F1ccifMyV0u062ufJd1QyGS7MmOr3g94s2YWQByC6Mt1tDL8LnGgWH4dWo4YSEk+LAMoz/LJzw+DL3OzGA==
XU9ITzHX7UKy9Mp98YoKqFqx+kifPJNZyHKlMnTwpCs591BZNwyE/dZyuDP8LnGgWH4dWo4YSEk+LAMoz/LJzw+DL3OzGA==
67y4sSNb3Xg+lL9AAfQd7Vqx+kifPJNZyHanPHTwpCs591BZNwyE/dZyuDP8LnGgWH4dWo4YSEk+LAMoz/LJzw+DL3OzGA==
IwH+o4FxmYAq96NmqBLOMdApLfPf8Nk7NSXrXwRqVSEQUOPE7CwPvGprYuC/x+9xGRDGPv0zeZpdrLTxrhNnX8r/OUEyz+y/lcU8SKwksWp4PPk8iTq9JxjXPljm+GAqdq/Qs4UZGGR96bbIVTvU+A35WGSiqcWi8G10Unh9r6lZey/Wx6NOZBGnKby9p0/eb1bo8sfx9ed9r7absOWWs/8=
0IB6U8vgWW7F20kP4hzqsZdW/wLJQ/Agt/t9Y47JX////zl11i4dZHk0Y7NjFLdDjf7tMqJazSUH98/73BOaIXSzHQ==
Zs5aQKp236jinFKVk6f9heX9GLvNrOXvzHSElo/Jo04J75z3muYpfEjf6zQ7fxz4U6cmB4r9uBAyfxkFHe/Cq+oxX9saVloxfiLoJFwC35ldrcQDVhfqj527l5gPF2xME5WkAOUTqGRbo9AvL1o6UQfHrr0z+ElAaSTSOpUhTMB9avAIWeiu5tRzZqpXCl885WVHlYuhs8Y=
Vg/LJsZDVEbjvIa5rdVxth5hpJUnE6jvXt87ajVlP4YeKiey9ikh7+/oJFluRv0NpHTbAzv037MFfmWCCvoVVf+3F6vkM7IxfLMV
er0C1dgq9liY0haeYE3STjfV4vL36NM2V8nVOpp5U2epHx8aHX/Ntemwg0BOVRSlRuRRb28l1JRBTSVcOzqu3ahyWBdPYmB6teI6BHXfVcwx70ue6x7kwntJ0cfZN2qLfG1Sszs=
UQNHNiR3DGkY0tqfWEp4HvaEJ1eNrSoBhh6IHc/VDwesVF1eWt65kPkuSkoYFZvhkQm2gJ9cU/lIlmdcdNDki7mXkHk3LESdVtL4E/xOsUDY3t06jvgI6b5MQ8jP0glvj2NvU7M4
ArvWpvVjd6Rmk5U44Mk/ABd+YCxRRiViWuLBrAkSMvb4qeNdYbXOPF9gK8W4qh9glOycN0kr6MW3kDwhpm6ALxxyyXwo4qUGTkRwVU7wO3QvbnFTf18Xb7ME
PU1274naqqtqnL9H0cC9Myppy9cvmVEZQ08tZlrmybgZBhoS2M3LiTHhBvgfpOOR6H63BDQINKPZv2BBNxS0tTb6KMu8FmGoeLZtwg6AuAEeJBMQD4pZR29LH2uzAA==
9sU7RmavFo3hTgvzKJkyVANa5PIeq3ADdE8tZlrmybgZBhoS2M3LiTHhBvgfpOOR6H63BDQINKPZv2BBNxS0tTb6KMu8FmGoeLZtwg6AuAEeJBMQD4pZR29LH2uzAA==
v0mwORXh1Bz/1bsrvKQYBnM1mRjFp93noeDaZE02kZyGhEg/f/eJC6qevwaHPwDEy7LEWmB9AfUsh/dWcHt+oPQd7CSVlgCcgeVuYpxvNt4vZj+YTVl3QRNtswI=
z8KysGpLn01Lmzq3sbkVehB7zVqrgwS20wMaYed5HlrKQeQd1LOXFnMg/3T0ivzAxKdhABEx4i8Tw7PUalOkuoWA0k8YF98V3Xye3KTW8wxOn5S0szuX7M8nJJHq7tqZrnrILGx6H3HNNSTLJi/qp81jNxC/7ywkA43ESBWrKMyL+/AnHyL6uZdfTnVDwEloOfxysiXZDKhtcpBAqVEuTgQrRqJncp/Udf2nXfuZs+4=
77oY7XHczXqGWSA8OMKPsU8QLkdnGIK/qEh85YiP0L6m0abvkneIr7wzJoNizKWYupeYWVCHf37u5saDJCXRj/3mW8YPqqfWQu2jAmti4z2daNVdojOsJhaKrW8bogylp7wSn9iGOfvP2yVMZspi7mxpjR1XqFboR+Cx6mZUbIrPv7JbQrQqwbiUJUGWMhNNh6ZL+VxDRkg643r0gC4Q7K9bKUu8+Srpan35Td9yY9l8rkeT/Nr5zQh2HzX45aN0CtMz4RaHD0aJcs2S2pA5L5xiaSxoEoV+S7RZIo4gm2SvfhEDv+9337O0
TsbqnQkGabtqnPfTdQo0WT0yKF+CEo71CFcZQd+q8mwyNevWMBJuaTljQq4Pp/u9WneTHuyeowNcgN3dngck1PGzcqgGwnfiDgVnB90JpCUDS/BWpD5Xhhlb2octtiwvB5wCXAG7ek9Yo8nqVehX9OIzkMMfpHn3kyd/mvv242ckXOYm04ggWDdD5DrNuRT/DZUU6BQU+eowzIHc4eol5yBnlng+aKgqvj8Iky2pIKTlOd4oLcuceEXJ4MSK+V3iCB2cMqDtZ6kR63c2r1M2pIl3ARwFl49bpy8Xki+hbadFHx676HXes7c=
AyX5bzbVPKgOuqlI68zlhpzP1f2lgagzshASBjBvxGdWi904ueqjco7WaHn4jbjwAZa0NppqqhzL/uWHfQOT96RXwdFLnGB58Y3qlT+Te3dz8wKgkaPtlrDYf0xtfjLt2nliq9TfVq4Y9zVOLjIZcSHf1QCU36K1D5o9JPkRqtRmKN6pdJqx4mZiMzuJnWj/R7/mF9j/7AVLt8jKpTUmrrfrl0eqKdNaClXzvmdixbIWgjuxrfoh+R1VLH4a6yVdiYxN3CVlLxes5J3cWAD15GPDWHtGGTOJ6lHY5vkbX4Ev0L7UxaiNl/9LcLNztOpBMDZ4HwEX0XVTGNvlOt7H7RKq7IO/BHGMXjoBXckzHctk4OEXJKPWjc+rxTynTo2g7Dmkh5OY9lhHUBHaJsRMWk9v0ssCREoxuGRFsdaic50HdmtpHHPm+DpT2sRAvjC8LwvJ23yJyplqDRk9H+KDifz+ZwM86ll9CMa/Bbh1g6SKA1NxVndvtomCrWKaAFn/HLJJvCgiJc5LBPkSTrC7NC8u8ZN/n5evs8Q=
ZmIVFD3C9UeNuY/3fOyKO8+rsW81NyEwW2rkY8uZmaX4Is/14i+HAFzazzEFKmtmBSX2Gx19VeQCEDXlnrpkVFvbprtCzMpPl3ps4XrU/BNwmVobzPRxxfgnU/CfMZWxLUBQItYEynA07NuoYKvHorGb/KlAQ/EgpAhQrz1TnQWi+Im+55joMFFrtzZVzRLlvkoSb8DQBszk5gBLsMbTuSYU048EsWbOAilvegItdyshh3/e3W0AWUFLXP2yggemGLfAEQPLXaHutYI8kyM19GOXSYt8LiqSwnnMKpYWv6XIrbxX/1g14cO3Ys9cbrp/t+hMOClubjXs+xBzPzXcRu0VMErlKkJ7TytZjo1/9CWQv6bMH1eGsDhcCE8sS6U73T9dVFYCJnczjO23h0+T6geOFwewBPp2f6AU2ANrSOrRYYAfeW1oGHj87Sqk5K1sXdKRRzQ/CijSAFwqSlfkw7HxNARRAWKYAeMIuFEhjDT2ASkCnMWA4gzFUyklw9tmswuixH0P/Wzp/5sbMwc7IpOZ2QdRx4JrhJ2qs8M=
0BnN6VinXJAlgLN09k9YGHR0yHLlZzqupmULxyyDA9uB27Rp0N4lbQjCKAHcTeo4F46NG3yCVos8LZHXbFg2SYgBax+w/PaptMtflhS+n8Oj02Exb1EuwW6EVThkbxFHniu3ASexQ4kGTsnhASAwcqsSRYwOiwqjBiUsfRp4OP0BsGZghfdRZREujN2Ow89wqboRo9bydjL6Z8z4PXQGKMcFgY+0ufdFYnkAPYAzS52cFA1HmkjnsXNJ0gsfDKrfR8CvsNm05rh/HzV4jQ9dPzhgctnZ+xkW6ZIdhyMBTC7pYtCSqSJTuVyVHlvfP2r7DLjR6WPn/wraWj0KwUHfQURNO+Z2x0CMvDEZFf0Dk/JPe9Jsu8sCsMhNB2b9Gj5w9WPBIcGN1BplefxhurvPgZHiDzwxRrxjQInrujoO59qlpO4WUFy/VZZlmsbmx/gOUa++kI87l+zPJySR6u7ama56yCxseh9xzTUkyyYv6qfNYzcQv+8sJAONxEgVqyjMi/vwJx8i+rmXX051Q8BJaDn8crIl2QyobXKQQKlYK04NLEaiZ3Kf1HX9p137mbPu
XewEX0x+ibWodRT81w4E4qWNAjnSB4wbAwld4GKIaHRNZ04JtTJKV+CvWIfKe8Y1uZVGEJj6UYBb4aQGRZentvgbuf0qbkpmRyt2yfWKAT8iwXDFVIn2higEL/lVisChluz4A1TR5vtQfJV1vP9/8LPp0QHJyMzCakzuYDDUN+jMU0MyVVOAiVxL1dDgULwvUYtZdYbwlZ4b0Iyg1RMb9jn1FvWagq4PXFhifCC+LEucnhcJQpxP77h5Qt4GEQO6rlXzu0XPg/7BZSQphZMwfV7aQ1Y8v9wxfwO5MWpNLnx/GzHkR9/1a+CmziKGoeAqus77FSwlILdDEBHxx4+Oj/CWPu9TIDAYNWZKxaij/PNT7Rg2yR0sahliJuvLU/VO4UfwNbR3GqyD3+IA/AQkTwATYYu5t8E06soCZze0gXcrNxd6Y8brJ6wM3ga7eHhY7zMMGvVpnD8FpYyI/ARBakjcqXx5mi2nqLfumJbYcCpmj6BzVXmo5O1JRogF2+T4/dkIpBLJVSKAzaQSSJ2/qUkbHxaXA77kgUeZ/G2HN9tfPz8yt1FlZ81P5ttAxYaz7w==
XewEX0x+ibWodRT81w4E4qWNAjnSB4wbAwld4GKIaHRNZ04JtTJKV+CvWIfKe8Y1uZVGEJj6UYBb4aQGRZentvgbuf0qbkpmRyt2yfWKAT8iwXDFVIn2higEL/lVisChluz4A1TR5vtQfJV1vP9/8LPp0QHJyMzCakzuYDDUN+jMU0MyVVOAiVxL1dDgULwvUYtZdYbwlZ4b0Iyg1RMb9jn1FvWagq4PXFhifCC+LEucnhcJQpxP77h5Qt4GEQO6rlXzu0XPg/7BZSQphZMwfV7aQ1Y8v9wxfwO5MWpNLnx/GzHkR9/1a+CmziKGoeAqus77FSwlILdDEBHxx4+Oj/CWPu9TIDAYNWZKxaij/PNT7Rg2yR0sahliJuvLU/VO4UfwNbR3GqyD3+IA/AQkTwATYYu5t8E06soCZze0gXcrNxd6Y8brJ6wM3ga7eHhY7zMMGvVpnD8FpYyI/ARBakjcqXx5mi2nqLfumJbYcCpmj6BzVXmo5O1JRogF2+T4/dkIpBLJVSKAzaQSSJ2/qUkbHxaXA77kgUeZ/G2HN9tfPz8yt1FlZ81P5ttAxYaz7w==
6tTLG1a+ToTe9HiFjVrG7WZpaBfsBcHszdhQXqfsvWJp33xXjWP65qBMrWZFJeXdQNfeajbBLYvxfgVI8HoAblXfMfJc5HxllmnodWB932abYgcFFMyE4sUbYr0AyxawIy1aU+lwJUU3WX8EivKMINh4NtghiBqfBerjP2Y52sdjSAb86u8Hp79tsPyTrv28uniT382Wr3mQbSzuSL8alFQkxpI6S4qy8VF0UAlfXhX0RoCdldp4mbVjc6NlzsdpEjFjv2a9CHalzoozWoGZbw/pLIH4HGkXN/xxsxNbpmp4emANdqosYh1Nmulmh6V8J+nBg5jvJlp4N+VM1qiz6vxdTg+qMwXB/i7/ESpa/w4QM42fIy53y3atAhv8HMUT1FgaKDJPFj+H0497h4QMprT/sTgXF/37UaJVqg0XqgDoHl1ULpi5n+qCQ+Uaj+PJOlC6yJcKXtCvZE/2y5fue1jAcHTmqvAjRivjte7UCyVwkAPX8pgrFU58pKWzkgZBEoquMelpHzf5DqEPuNRnK68kK0vhu8mzuaoBPYPXi4PQg6bpkLP5
hSlQYqXwAooHnwFJHww6K+70EOfQdPtXu1bJdeGOn6KlhkEOr48o9h+VbnXggupWk2+BvHmekdxe6mHNiQP9u+RQwedkM3bdz/tlrOaqog5sSUa40AiWiEcA8Urm9Cyqz9/yu8LU6uG4tOUhFtJTLYeGC1nc4waoOoO6VACO0Myvu+krPBlqyWpdua1fEqM5fI6HM3x6Oa0Ill+VeEXjVAqzcwGW589miVIN8lpweU+cQimM6LLFn0vUmYIOgFtEr57RYz8PN/+zlA==
AYOamUHdhq4UbGUUkdb7AYZkHMNMgG59Ilp4dreVI2DrjMT9v8KghVlKQZ2zrqWmISGvVmJESXSUh1X7wCEr8DLFm1d8+eIaHfg+iPQkmA1DFSCrOIGe6DGbR7Lx5r/3LF9r+nof0XAkRHe3fE9er7/zZwufxLR21xvpCN+XNYuJAn16ddeysEB+pcTmmPEPkmLrVQLPG5kS8OI434oW4HcEp6ZzV/aLMOBI5C6qOLN+C4tF9hSzdZjw2+e6GGPlFtyM9UvSHvG6atahoWnXpwFuCb+gFB/7h4TzOyg7AYPhSmntO5eT8zijnnnYs7E=
Yhcauz+hc9VvN3rwdhCENoZkHMNMgG59Ilp4dreVI2DrjMT9v8KghVlKQZ2zrqWmISGvVmJESXSThVX7wCEr8DLFmld8+eIaHfg+iPQkmA1DFSCrOIGe6DGbR7Lx5r/3LF9r+nof0XAkRHe3fE9er7/zZwufxLR21xvpCN+XNYuJAn16ddeysEB+pcTmmPEPkmLrVQLPG5kS8OI434oW4HcEp6ZzV/aLMOBI5C6qOLN+C4tF9hSzdZjw2+e6GGPlFtyM9UvSHvG6atahoWnXpwFuCb+gFB/7h4TzOyg7AYPhSmntO5eT8zijnnnYs7E=
MVBrAUpng0AHg0xhUZrXNoZkHMNMgG59Ilp4dreVI2DrjMT9v8KghVlKQZ2zrqWmISGvVmJESXSUh1X7wCEr8DLFlVd8+eIaHfg+iPQkmA1DFSCrOIGe6DGbR7Lx5r/3LF9r+nof0XAkRHe3fE9er7/zZwufxLR21xvpCN+XNYuJAn16ddeysEB+pcTmmPEPkmLrVQLPG5kS8OI434oW4HcEp6ZzV/aLMOBI5C6qOLN+C4tF9hSzdZjw2+e6GGPlFtyM9UvSHvG6atahoWnXpwFuCb+gFB/7h4TzOyg7AYPhSmntO5eT8zijnnnYs7E=
swaiAGsxGvKC7LCVqPd8VIZkHMNMgG59Ilp4dreVI2DrjMT9v8KghVlKQZ2zrqWmISGvVmJESXSThVX7wCEr8DLFlFd8+eIaHfg+iPQkmA1DFSCrOIGe6DGbR7Lx5r/3LF9r+nof0XAkRHe3fE9er7/zZwufxLR21xvpCN+XNYuJAn16ddeysEB+pcTmmPEPkmLrVQLPG5kS8OI434oW4HcEp6ZzV/aLMOBI5C6qOLN+C4tF9hSzdZjw2+e6GGPlFtyM9UvSHvG6atahoWnXpwFuCb+gFB/7h4TzOyg7AYPhSmntO5eT8zijnnnYs7E=
JJ3WpnOSf+4rAt4m8aYKyoZkHMNMgG59Ilp4dreVI2DrjMT9v8KghVlKQZ2zrqWmISGvVmJESXSUh1X7wCEr8DLFl1d8+eIaHfg+iPQkmA1DFSCrOIGe6DGbR7Lx5r/3LF9r+nof0XAkRHe3fE9er7/zZwufxLR21xvpCN+XNYuJAn16ddeysEB+pcTmmPEPkmLrVQLPG5kS8OI434oW4HcEp6ZzV/aLMOBI5C6qOLN+C4tF9hSzdZjw2+e6GGPlFtyM9UvSHvG6atahoWnXpwFuCb+gFB/7h4TzOyg7AYPhSmntO5eT8zijnnnYs7E=
ZbrzeKanjLPKCNFvU8N+5oZkHMNMgG59Ilp4dreVI2DrjMT9v8KghVlKQZ2zrqWmISGvVmJESXSThVX7wCEr8DLFlld8+eIaHfg+iPQkmA1DFSCrOIGe6DGbR7Lx5r/3LF9r+nof0XAkRHe3fE9er7/zZwufxLR21xvpCN+XNYuJAn16ddeysEB+pcTmmPEPkmLrVQLPG5kS8OI434oW4HcEp6ZzV/aLMOBI5C6qOLN+C4tF9hSzdZjw2+e6GGPlFtyM9UvSHvG6atahoWnXpwFuCb+gFB/7h4TzOyg7AYPhSmntO5eT8zijnnnYs7E=
zGqd3ZUQ7GjqtgFtzdnc6oZkHMNMgG59Ilp4dreVI2DrjMT9v8KghVlKQZ2zrqWmISGvVmJESXSUh1X7wCEr8DLFkVd8+eIaHfg+iPQkmA1DFSCrOIGe6DGbR7Lx5r/3LF9r+nof0XAkRHe3fE9er7/zZwufxLR21xvpCN+XNYuJAn16ddeysEB+pcTmmPEPkmLrVQLPG5kS8OI434oW4HcEp6ZzV/aLMOBI5C6qOLN+C4tF9hSzdZjw2+e6GGPlFtyM9UvSHvG6atahoWnXpwFuCb+gFB/7h4TzOyg7AYPhSmntO5eT8zijnnnYs7E=
y8gKRKkaPYMQYV52n3owGYZkHMNMgG59Ilp4dreVI2DrjMT9v8KghVlKQZ2zrqWmISGvVmJESXSThVX7wCEr8DLFkFd8+eIaHfg+iPQkmA1DFSCrOIGe6DGbR7Lx5r/3LF9r+nof0XAkRHe3fE9er7/zZwufxLR21xvpCN+XNYuJAn16ddeysEB+pcTmmPEPkmLrVQLPG5kS8OI434oW4HcEp6ZzV/aLMOBI5C6qOLN+C4tF9hSzdZjw2+e6GGPlFtyM9UvSHvG6atahoWnXpwFuCb+gFB/7h4TzOyg7AYPhSmntO5eT8zijnnnYs7E=
3CKKtKd5hLLVSFi/emtNmIZkHMNMgG59Ilp4dreVI2DrjMT9v8KghVlKQZ2zrqWmISGvVmJESXSUh1X7wCEr8DLFk1d8+eIaHfg+iPQkmA1DFSCrOIGe6DGbR7Lx5r/3LF9r+nof0XAkRHe3fE9er7/zZwufxLR21xvpCN+XNYuJAn16ddeysEB+pcTmmPEPkmLrVQLPG5kS8OI434oW4HcEp6ZzV/aLMOBI5C6qOLN+C4tF9hSzdZjw2+e6GGPlFtyM9UvSHvG6atahoWnXpwFuCb+gFB/7h4TzOyg7AYPhSmntO5eT8zijnnnYs7E=
6xvHwkTdYhSN8pSCS3EjP4ZkHMNMgG59Ilp4dreVI2DrjMT9v8KghVlKQZ2zrqWmISGvVmJESXSThVX7wCEr8DLFkld8+eIaHfg+iPQkmA1DFSCrOIGe6DGbR7Lx5r/3LF9r+nof0XAkRHe3fE9er7/zZwufxLR21xvpCN+XNYuJAn16ddeysEB+pcTmmPEPkmLrVQLPG5kS8OI434oW4HcEp6ZzV/aLMOBI5C6qOLN+C4tF9hSzdZjw2+e6GGPlFtyM9UvSHvG6atahoWnXpwFuCb+gFB/7h4TzOyg7AYPhSmntO5eT8zijnnnYs7E=
cfvWmC0ue8MdvTDy/EEyG4ZkHMNMgG59Ilp4dreVI2DrjMT9v8KghVlKQZ2zrqWmISGvVmJESXSUh1X7wCEr8DLFm1Z8+eIaHfg+iPQkmA1DFSCrOIGe6DGbR7Lx5r/3LF9r+nof0XAkRHe3fE9er7/zZwufxLR21xvpCN+XNYuJAn16ddeysEB+pcTmmPEPkmLrVQLPG5kS8OI434oW4HcEp6ZzV/aLMOBI5C6qOLN+C4tF9hSzdZjw2+e6GGPlFtyM9UvSHvG6atahoWnXpwFuCb+gFB/7h4TzOyg7AYPhSmntO5eT8zijnnnYs7E=
5mErVjBNJZcKRekZ7kERd4ZkHMNMgG59Ilp4dreVI2DrjMT9v8KghVlKQZ2zrqWmISGvVmJESXSThVX7wCEr8DLFmlZ8+eIaHfg+iPQkmA1DFSCrOIGe6DGbR7Lx5r/3LF9r+nof0XAkRHe3fE9er7/zZwufxLR21xvpCN+XNYuJAn16ddeysEB+pcTmmPEPkmLrVQLPG5kS8OI434oW4HcEp6ZzV/aLMOBI5C6qOLN+C4tF9hSzdZjw2+e6GGPlFtyM9UvSHvG6atahoWnXpwFuCb+gFB/7h4TzOyg7AYPhSmntO5eT8zijnnnYs7E=
E75+zNJvl8QV2XASMC8HLoZkHMNMgG59Ilp4dreVI2DrjMT9v8KghVlKQZ2zrqWmISGvVmJESXSUh1X7wCEr8DLFlVZ8+eIaHfg+iPQkmA1DFSCrOIGe6DGbR7Lx5r/3LF9r+nof0XAkRHe3fE9er7/zZwufxLR21xvpCN+XNYuJAn16ddeysEB+pcTmmPEPkmLrVQLPG5kS8OI434oW4HcEp6ZzV/aLMOBI5C6qOLN+C4tF9hSzdZjw2+e6GGPlFtyM9UvSHvG6atahoWnXpwFuCb+gFB/7h4TzOyg7AYPhSmntO5eT8zijnnnYs7E=
8DeAge26P3nRL2v0souMCIZkHMNMgG59Ilp4dreVI2DrjMT9v8KghVlKQZ2zrqWmISGvVmJESXSThVX7wCEr8DLFlFZ8+eIaHfg+iPQkmA1DFSCrOIGe6DGbR7Lx5r/3LF9r+nof0XAkRHe3fE9er7/zZwufxLR21xvpCN+XNYuJAn16ddeysEB+pcTmmPEPkmLrVQLPG5kS8OI434oW4HcEp6ZzV/aLMOBI5C6qOLN+C4tF9hSzdZjw2+e6GGPlFtyM9UvSHvG6atahoWnXpwFuCb+gFB/7h4TzOyg7AYPhSmntO5eT8zijnnnYs7E=
Wo4Qw3DI4AShTeFDfs+sCIZkHMNMgG59Ilp4dreVI2DrjMT9v8KghVlKQZ2zrqWmISGvVmJESXSUh1X7wCEr8DLFl1Z8+eIaHfg+iPQkmA1DFSCrOIGe6DGbR7Lx5r/3LF9r+nof0XAkRHe3fE9er7/zZwufxLR21xvpCN+XNYuJAn16ddeysEB+pcTmmPEPkmLrVQLPG5kS8OI434oW4HcEp6ZzV/aLMOBI5C6qOLN+C4tF9hSzdZjw2+e6GGPlFtyM9UvSHvG6atahoWnXpwFuCb+gFB/7h4TzOyg7AYPhSmntO5eT8zijnnnYs7E=
STlvfnnCFshxHyf1hzDeD4ZkHMNMgG59Ilp4dreVI2DrjMT9v8KghVlKQZ2zrqWmISGvVmJESXSThVX7wCEr8DLFllZ8+eIaHfg+iPQkmA1DFSCrOIGe6DGbR7Lx5r/3LF9r+nof0XAkRHe3fE9er7/zZwufxLR21xvpCN+XNYuJAn16ddeysEB+pcTmmPEPkmLrVQLPG5kS8OI434oW4HcEp6ZzV/aLMOBI5C6qOLN+C4tF9hSzdZjw2+e6GGPlFtyM9UvSHvG6atahoWnXpwFuCb+gFB/7h4TzOyg7AYPhSmntO5eT8zijnnnYs7E=
NSIA0S1Bog9eciVqsbSdo4ZkHMNMgG59Ilp4dreVI2DrjMT9v8KghVlKQZ2zrqWmISGvVmJESXSUh1X7wCEr8DLFkVZ8+eIaHfg+iPQkmA1DFSCrOIGe6DGbR7Lx5r/3LF9r+nof0XAkRHe3fE9er7/zZwufxLR21xvpCN+XNYuJAn16ddeysEB+pcTmmPEPkmLrVQLPG5kS8OI434oW4HcEp6ZzV/aLMOBI5C6qOLN+C4tF9hSzdZjw2+e6GGPlFtyM9UvSHvG6atahoWnXpwFuCb+gFB/7h4TzOyg7AYPhSmntO5eT8zijnnnYs7E=
b2MjEEGd+Hyedy+hwCVv1IZkHMNMgG59Ilp4dreVI2DrjMT9v8KghVlKQZ2zrqWmISGvVmJESXSThVX7wCEr8DLFkFZ8+eIaHfg+iPQkmA1DFSCrOIGe6DGbR7Lx5r/3LF9r+nof0XAkRHe3fE9er7/zZwufxLR21xvpCN+XNYuJAn16ddeysEB+pcTmmPEPkmLrVQLPG5kS8OI434oW4HcEp6ZzV/aLMOBI5C6qOLN+C4tF9hSzdZjw2+e6GGPlFtyM9UvSHvG6atahoWnXpwFuCb+gFB/7h4TzOyg7AYPhSmntO5eT8zijnnnYs7E=
ZyNuPjH+YQUbGj/OPoHpPIZkHMNMgG59Ilp4dreVI2DrjMT9v8KghVlKQZ2zrqWmISGvVmJESXSUh1X7wCEr8DLFk1Z8+eIaHfg+iPQkmA1DFSCrOIGe6DGbR7Lx5r/3LF9r+nof0XAkRHe3fE9er7/zZwufxLR21xvpCN+XNYuJAn16ddeysEB+pcTmmPEPkmLrVQLPG5kS8OI434oW4HcEp6ZzV/aLMOBI5C6qOLN+C4tF9hSzdZjw2+e6GGPlFtyM9UvSHvG6atahoWnXpwFuCb+gFB/7h4TzOyg7AYPhSmntO5eT8zijnnnYs7E=
1BVu5gaaZIVYzT7JuHdvGIZkHMNMgG59Ilp4dreVI2DrjMT9v8KghVlKQZ2zrqWmISGvVmJESXSThVX7wCEr8DLFklZ8+eIaHfg+iPQkmA1DFSCrOIGe6DGbR7Lx5r/3LF9r+nof0XAkRHe3fE9er7/zZwufxLR21xvpCN+XNYuJAn16ddeysEB+pcTmmPEPkmLrVQLPG5kS8OI434oW4HcEp6ZzV/aLMOBI5C6qOLN+C4tF9hSzdZjw2+e6GGPlFtyM9UvSHvG6atahoWnXpwFuCb+gFB/7h4TzOyg7AYPhSmntO5eT8zijnnnYs7E=
3ZKeHaCQyUON8AlkITtPiCE13XfftWZ+kZmaINRvSXesfw+EqIdO8VZ+PWRNpCojpPZcMsulhum3gm07mltAKkNgv0nADjB2PzTeOvVuGp66cwLqmFISx4FihXjeMjbaFRwZa0G5NKKzA78j6W4/BrHrAmclphRvX+yK/Llrkk+wc3FK3ZgPtNojmCPHFNF3+1cnuvPmG6f87G5Gq9gIWB+THNpFCUy/dYUcyMzkEWqYfNm86fodJ/iXHtiGOMAq1m+wM6VZ+GTdKdZIdXs0+K05OOSC6SWiUK0U0lg9T6k5uw9WJ+PuZHFnCTxd5+bbD5/PciexVecdb5YbUKU2s18=
+OnaCd48i41+tsTI5Us1i4ZkHMNMgG59Ilp4dreVI2DrjMT9v8KghVlKQZ2zrqWmISGvVmJESXSThVX7wCEr8DLFm1l8+eIaHfg+iPQkmA1DFSCrOIGe6DGbR7Lx5r/3LF9r+nof0XAkRHe3fE9er7/zZwufxLR21xvpCN+XNYuJAn16ddeysEB+pcTmmPEPkmLrVQLPG5kS8OI434oW4HcEp6ZzV/aLMOBI5C6qOLN+C4tF9hSzdZjw2+e6GGPlFtyM9UvSHvG6atahoWnXpwFuCb+gFB/7h4TzOyg7AYPhSmntO5eT8zijnnnYs7E=
12yUbazOi9mJ2IkY1+N8aKyZ0/0lcOvSjxi5N1z2oJlRmsczePbMOqKO7ZiwIi3cdnl0q4Vmzl723o/go7BenmMIzIRbCfiN/P02JtZe4B3fyQAmFiZfYOd/6s5hKL9g2Jy2dDHtg9SoD3dy3s2w4A3hz8UZLh6cpiScxyFv3y7CEqde7ag+Yohg37G+SWqS3ht4ylnjLqSXxzfIJ0uUhZJyGp1m9pjYNMb/FWWZVB+ec+rjRa8npCeTDIBrYfTc7bdoSMP3IFPHHppdv3O+IXscyawxsOKGPSWsjIUeIFTRxetKxaAWVj/Of7DdUdeJQ8Wzqg==
3ZKeHaCQyUON8AlkITtPiCE13XfftWZ+kZmaINRvSXesfw+EqIdO8VZ+PWRNpCojpPZcMsulhum3gm07mltAKkNgv0nADjB2PzTeOvVuGp66cwLqmFISx4FihXjeMjbaFRwZa0G5NKKzA78j6W4/BrHrAmclphRvX+yK/Llrkk+wc3FK3ZgPtNojmCPHFNF3+1cnuvPmG6f87G5Gq9gIWB+THNpFCUy/dYUcyMzkEWqYfNm86fodJ/iXHtiGOMAq1m+wM6VZ+GTdKdZIdXs0+K05OOSC6SWiUK0U0lg9T6k5uw9WJ+PuZHFnCTxd5+bbD5/PciexVecdb5YbUKU2s18=
12yUbazOi9mJ2IkY1+N8aKyZ0/0lcOvSjxi5N1z2oJlRmsczePbMOqKO7ZiwIi3cdnl0q4Vmzl723o/go7BenmMIzIRbCfiN/P02JtZe4B3fyQAmFiZfYOd/6s5hKL9g2Jy2dDHtg9SoD3dy3s2w4A3hz8UZLh6cpiScxyFv3y7CEqde7ag+Yohg37G+SWqS3ht4ylnjLqSXxzfIJ0uUhZJyGp1m9pjYNMb/FWWZVB+ec+rjRa8npCeTDIBrYfTc7bdoSMP3IFPHHppdv3O+IXscyawxsOKGPSWsjIUeIFTRxetKxaAWVj/Of7DdUdeJQ8Wzqg==
3ZKeHaCQyUON8AlkITtPiCE13XfftWZ+kZmaINRvSXesfw+EqIdO8VZ+PWRNpCojpPZcMsulhum3gm07mltAKkNgv0nADjB2PzTeOvVuGp66cwLqmFISx4FihXjeMjbaFRwZa0G5NKKzA78j6W4/BrHrAmclphRvX+yK/Llrkk+wc3FK3ZgPtNojmCPHFNF3+1cnuvPmG6f87G5Gq9gIWB+THNpFCUy/dYUcyMzkEWqYfNm86fodJ/iXHtiGOMAq1m+wM6VZ+GTdKdZIdXs0+K05OOSC6SWiUK0U0lg9T6k5uw9WJ+PuZHFnCTxd5+bbD5/PciexVecdb5YbUKU2s18=
12yUbazOi9mJ2IkY1+N8aKyZ0/0lcOvSjxi5N1z2oJlRmsczePbMOqKO7ZiwIi3cdnl0q4Vmzl723o/go7BenmMIzIRbCfiN/P02JtZe4B3fyQAmFiZfYOd/6s5hKL9g2Jy2dDHtg9SoD3dy3s2w4A3hz8UZLh6cpiScxyFv3y7CEqde7ag+Yohg37G+SWqS3ht4ylnjLqSXxzfIJ0uUhZJyGp1m9pjYNMb/FWWZVB+ec+rjRa8npCeTDIBrYfTc7bdoSMP3IFPHHppdv3O+IXscyawxsOKGPSWsjIUeIFTRxetKxaAWVj/Of7DdUdeJQ8Wzqg==
3ZKeHaCQyUON8AlkITtPiCE13XfftWZ+kZmaINRvSXesfw+EqIdO8VZ+PWRNpCojpPZcMsulhum3gm07mltAKkNgv0nADjB2PzTeOvVuGp66cwLqmFISx4FihXjeMjbaFRwZa0G5NKKzA78j6W4/BrHrAmclphRvX+yK/Llrkk+wc3FK3ZgPtNojmCPHFNF3+1cnuvPmG6f87G5Gq9gIWB+THNpFCUy/dYUcyMzkEWqYfNm86fodJ/iXHtiGOMAq1m+wM6VZ+GTdKdZIdXs0+K05OOSC6SWiUK0U0lg9T6k5uw9WJ+PuZHFnCTxd5+bbD5/PciexVecdb5YbUKU2s18=
12yUbazOi9mJ2IkY1+N8aKyZ0/0lcOvSjxi5N1z2oJlRmsczePbMOqKO7ZiwIi3cdnl0q4Vmzl723o/go7BenmMIzIRbCfiN/P02JtZe4B3fyQAmFiZfYOd/6s5hKL9g2Jy2dDHtg9SoD3dy3s2w4A3hz8UZLh6cpiScxyFv3y7CEqde7ag+Yohg37G+SWqS3ht4ylnjLqSXxzfIJ0uUhZJyGp1m9pjYNMb/FWWZVB+ec+rjRa8npCeTDIBrYfTc7bdoSMP3IFPHHppdv3O+IXscyawxsOKGPSWsjIUeIFTRxetKxaAWVj/Of7DdUdeJQ8Wzqg==
3ZKeHaCQyUON8AlkITtPiCE13XfftWZ+kZmaINRvSXesfw+EqIdO8VZ+PWRNpCojpPZcMsulhum3gm07mltAKkNgv0nADjB2PzTeOvVuGp66cwLqmFISx4FihXjeMjbaFRwZa0G5NKKzA78j6W4/BrHrAmclphRvX+yK/Llrkk+wc3FK3ZgPtNojmCPHFNF3+1cnuvPmG6f87G5Gq9gIWB+THNpFCUy/dYUcyMzkEWqYfNm86fodJ/iXHtiGOMAq1m+wM6VZ+GTdKdZIdXs0+K05OOSC6SWiUK0U0lg9T6k5uw9WJ+PuZHFnCTxd5+bbD5/PciexVecdb5YbUKU2s18=
12yUbazOi9mJ2IkY1+N8aKyZ0/0lcOvSjxi5N1z2oJlRmsczePbMOqKO7ZiwIi3cdnl0q4Vmzl723o/go7BenmMIzIRbCfiN/P02JtZe4B3fyQAmFiZfYOd/6s5hKL9g2Jy2dDHtg9SoD3dy3s2w4A3hz8UZLh6cpiScxyFv3y7CEqde7ag+Yohg37G+SWqS3ht4ylnjLqSXxzfIJ0uUhZJyGp1m9pjYNMb/FWWZVB+ec+rjRa8npCeTDIBrYfTc7bdoSMP3IFPHHppdv3O+IXscyawxsOKGPSWsjIUeIFTRxetKxaAWVj/Of7DdUdeJQ8Wzqg==
3ZKeHaCQyUON8AlkITtPiCE13XfftWZ+kZmaINRvSXesfw+EqIdO8VZ+PWRNpCojpPZcMsulhum3gm07mltAKkNgv0nADjB2PzTeOvVuGp66cwLqmFISx4FihXjeMjbaFRwZa0G5NKKzA78j6W4/BrHrAmclphRvX+yK/Llrkk+wc3FK3ZgPtNojmCPHFNF3+1cnuvPmG6f87G5Gq9gIWB+THNpFCUy/dYUcyMzkEWqYfNm86fodJ/iXHtiGOMAq1m+wM6VZ+GTdKdZIdXs0+K05OOSC6SWiUK0U0lg9T6k5uw9WJ+PuZHFnCTxd5+bbD5/PciexVecdb5YbUKU2s18=
12yUbazOi9mJ2IkY1+N8aKyZ0/0lcOvSjxi5N1z2oJlRmsczePbMOqKO7ZiwIi3cdnl0q4Vmzl723o/go7BenmMIzIRbCfiN/P02JtZe4B3fyQAmFiZfYOd/6s5hKL9g2Jy2dDHtg9SoD3dy3s2w4A3hz8UZLh6cpiScxyFv3y7CEqde7ag+Yohg37G+SWqS3ht4ylnjLqSXxzfIJ0uUhZJyGp1m9pjYNMb/FWWZVB+ec+rjRa8npCeTDIBrYfTc7bdoSMP3IFPHHppdv3O+IXscyawxsOKGPSWsjIUeIFTRxetKxaAWVj/Of7DdUdeJQ8Wzqg==
3ZKeHaCQyUON8AlkITtPiCE13XfftWZ+kZmaINRvSXesfw+EqIdO8VZ+PWRNpCojpPZcMsulhum3gm07mltAKkNgv0nADjB2PzTeOvVuGp66cwLqmFISx4FihXjeMjbaFRwZa0G5NKKzA78j6W4/BrHrAmclphRvX+yK/Llrkk+wc3FK3ZgPtNojmCPHFNF3+1cnuvPmG6f87G5Gq9gIWB+THNpFCUy/dYUcyMzkEWqYfNm86fodJ/iXHtiGOMAq1m+wM6VZ+GTdKdZIdXs0+K05OOSC6SWiUK0U0lg9T6k5uw9WJ+PuZHFnCTxd5+bbD5/PciexVecdb5YbUKU2s18=
12yUbazOi9mJ2IkY1+N8aKyZ0/0lcOvSjxi5N1z2oJlRmsczePbMOqKO7ZiwIi3cdnl0q4Vmzl723o/go7BenmMIzIRbCfiN/P02JtZe4B3fyQAmFiZfYOd/6s5hKL9g2Jy2dDHtg9SoD3dy3s2w4A3hz8UZLh6cpiScxyFv3y7CEqde7ag+Yohg37G+SWqS3ht4ylnjLqSXxzfIJ0uUhZJyGp1m9pjYNMb/FWWZVB+ec+rjRa8npCeTDIBrYfTc7bdoSMP3IFPHHppdv3O+IXscyawxsOKGPSWsjIUeIFTRxetKxaAWVj/Of7DdUdeJQ8Wzqg==
3ZKeHaCQyUON8AlkITtPiCE13XfftWZ+kZmaINRvSXesfw+EqIdO8VZ+PWRNpCojpPZcMsulhum3gm07mltAKkNgv0nADjB2PzTeOvVuGp66cwLqmFISx4FihXjeMjbaFRwZa0G5NKKzA78j6W4/BrHrAmclphRvX+yK/Llrkk+wc3FK3ZgPtNojmCPHFNF3+1cnuvPmG6f87G5Gq9gIWB+THNpFCUy/dYUcyMzkEWqYfNm86fodJ/iXHtiGOMAq1m+wM6VZ+GTdKdZIdXs0+K05OOSC6SWiUK0U0lg9T6k5uw9WJ+PuZHFnCTxd5+bbD5/PciexVecdb5YbUKU2s18=
12yUbazOi9mJ2IkY1+N8aKyZ0/0lcOvSjxi5N1z2oJlRmsczePbMOqKO7ZiwIi3cdnl0q4Vmzl723o/go7BenmMIzIRbCfiN/P02JtZe4B3fyQAmFiZfYOd/6s5hKL9g2Jy2dDHtg9SoD3dy3s2w4A3hz8UZLh6cpiScxyFv3y7CEqde7ag+Yohg37G+SWqS3ht4ylnjLqSXxzfIJ0uUhZJyGp1m9pjYNMb/FWWZVB+ec+rjRa8npCeTDIBrYfTc7bdoSMP3IFPHHppdv3O+IXscyawxsOKGPSWsjIUeIFTRxetKxaAWVj/Of7DdUdeJQ8Wzqg==
3ZKeHaCQyUON8AlkITtPiCE13XfftWZ+kZmaINRvSXesfw+EqIdO8VZ+PWRNpCojpPZcMsulhum3gm07mltAKkNgv0nADjB2PzTeOvVuGp66cwLqmFISx4FihXjeMjbaFRwZa0G5NKKzA78j6W4/BrHrAmclphRvX+yK/Llrkk+wc3FK3ZgPtNojmCPHFNF3+1cnuvPmG6f87G5Gq9gIWB+THNpFCUy/dYUcyMzkEWqYfNm86fodJ/iXHtiGOMAq1m+wM6VZ+GTdKdZIdXs0+K05OOSC6SWiUK0U0lg9T6k5uw9WJ+PuZHFnCTxd5+bbD5/PciexVecdb5YbUKU2s18=
12yUbazOi9mJ2IkY1+N8aKyZ0/0lcOvSjxi5N1z2oJlRmsczePbMOqKO7ZiwIi3cdnl0q4Vmzl723o/go7BenmMIzIRbCfiN/P02JtZe4B3fyQAmFiZfYOd/6s5hKL9g2Jy2dDHtg9SoD3dy3s2w4A3hz8UZLh6cpiScxyFv3y7CEqde7ag+Yohg37G+SWqS3ht4ylnjLqSXxzfIJ0uUhZJyGp1m9pjYNMb/FWWZVB+ec+rjRa8npCeTDIBrYfTc7bdoSMP3IFPHHppdv3O+IXscyawxsOKGPSWsjIUeIFTRxetKxaAWVj/Of7DdUdeJQ8Wzqg==
