u43huGaT7ha4V/kAIPA6XVaqxbT+5oRj+Ze6stFbIx+00f6rovxyydR8wawLwEpgtNTZuznl5D1mfN0xZ9qzhaw/vjT6n4KIcFLokE8n0TdMhdKVagEBMS8Om6Wc0r/vDKYBscgK50kImVsI6q/Lneb79zoJDjXuKuzBU3wekVCYbn0Kj8ikW35dYRhLAul/T5OPqaPM
WNRfIE5cqn3Q+zKVy/kKY81T7/sBH7NKCn8zW3ks4YK3FVT1XC6kQPvlVDb6tqFHPRM0atQuk8+6ib8zqs7aue7aSIwsWh9RjZWka2YP6oeNw7ew/88sBEMtROhViyjsy1twh18C+pnX/87VA+BJSHlc8hJl+QyILdIQ4OlwL25IicYDJVKb9DVdJ/27s6PK
mVHTPdabtlldEc65olxIegDMGXeWwH8TBFOMeIzDnxdsI8KUk56zNBLNAwJ4s7RFzIHizMC6NOlIF9Vd/fOJNFPVpZBW3RHhRPLExBMpJAIHDyPj9T8kvgyyMwuShY/HErIaXea2mBi0Bv9V5dlU3x4z6qPFbyfkp9MMQOuh9Jxtd2iIQ7cgk0femh0/M77h+1zJ7LFw4sa9ZaxMBd4gFFEM74pA5RaXvQ578F0R10nDj6Pu
2r5QBrJ1H9Unnfqbkw8FLBElJB5eNMTxqeYDIph6EXyxMSboY53VAP6vmLD3YoH7ruA6c/ZUGeqQjKFcgSpF50CntvgeKEgqXn8oEw1pQKSF+b6oDYs8eKWJAESquf3iqN38ssAtx6mxq5e2TxOWpCm3IZxlV+dfB+oyEs7jjaOlXz47yLW0o9M=
osMI3ssVepcRdIcBgnyO8gUUHjo8Ds1vGtw9SLOjqpBTKXg9VSMrE5xyPVxd+eJYB+xIgGJXfACzKu3bgug+Y9IMZaosVEXMBaIph+xvcgg6EFQqQkcM48mh7MTpcTo46VOAONnRJFSusdHCxJW4AiTVWykt0/MGi9t6hAW/JYxBjxufu7JWgkprYUMJF3pL7I2oo88=
OKDyzaXBSkrrYmX4a7zU7AUUHjo8Ds1vGtw9SLOjqpBTOHAzUywqQZxyPVxd+eJYB+1IgGJXfACzKu3bgug+Y9IMZaosVEXMBaIph+xvcgg6EFQqQkcM48mh7MTpcTo46VOAONnRJFSusdHCxJW4AiTVWykt0/MGi9t6hAW/JYxBjxufu7JWgkprYUMJF3pL7I2oo88=
B/IWeQ+6hf+e5fyW3Tdff5aNYA5p1FndVdiVkUE2zXvWEs8hQWwiOgB2iZ+6RL/uf++FghYgabTd9frReDpxfFHxhmjDVjQAnu84MFci4ftOIFrzVpQ56vBMQdwhamXnYOfWeP7oaCp+v8iTbSlgpKW5HijtS1x4hUmgxMp5HeLInVwyYG2nqVFrNzbv03akSffBHMUXx1/nqlKSbiOto4Wf3ruo9ZSj8w==
E4KcdwLKfrBCLOHhULkKjdio4uyDTuufWLTSbjQYApSX6eSw/w31AYSSxCRTSaSiQS8gw7WfpN5MUjNrUmUPZ9KSGn0mFhj4dGb/taW51H9eE+qDhc+nhOczDCArQXQ8rVdoqIMXoHOHvpr9f1M+Qbt8yczx0GKm/YWsLMU+oLSRLO+qgEWWd31uexAdcVfpg6+jzg==
JZwcoWHYmsaPNPFmIfHoJycvI/V0FH0iOF+5Xw0pBz3pj0QQS1E35oieKhEomuH8IVF2qLNwxADuz8hwJ4IRe96AirMGtCnq4KyRnHGK9WfQB2Y4zghYKk5f+NPdydAkNVlOaD2rTHiVafCEGtmNYjg9LHKQTdepoUtH9h9zBiTZV5HcFTfXX/fKAlK+Qz0jNf9ue5iVpKPD
RBwT09I6hLpY2zRv3A4GOgu5z6Ti7ocw45WkosIcPzy03P7ExJIb091r2KQ09mcH/JiL6WCB8SFsFPAEY9mGi7c9vjT6n4KIcFLokE8n0TdMhdKVagEBMS8Om6Wc0r/vDKYBscgK50kImVsI6q/Lneb79zoJDjXuKuzBU3wekVCYbn0Kj8ikW35dYRhLAul/T5OPqaPM
ue8x9zxPHgwigvSVVzdIBjBPwX8l2d99kd/s8Mzr8TRFJbKxQMpZPPlhHsiLYswA5t/wkM+ySTtmUGITnsShamgcCfzZWg2niHdOGDYYUCpGTwDz9bmI5M2J5gilG8T4HRloJPIJNSJgDcSSqF3fqalbf5Z3Q97kYQf5fI3HX99/epqyFhNFY+0PRlvghayjyw==
DB+PO77+ofT9F5uw2Rx1eiJ6APihBX8KLH8pfQjH9Fk0SgT8YxHEunA2INuFh8SGfIrzs+I9b/9iCprllo54oMS+P22V4bRnbgvqm7XXx9zX68z4mxkUpB3P6DAzj8ArN2ZaJU8LXlmLZMnUwcgC/s1dbPR1ZsAsIbRvMjDd9i/NtrvILSk38bO3o9Y=
Ddx9vapczdS6BaTb57aCMpCOo90TUNKuOFBkf38D9xLgDHpDUhIkcTub77WJHdahRMJFHIUp2jgv+EGAakdU4It6tRt6WGYDevztKqTkrWxd0pFHND8KKNIAXCpKV+TDsfE0BFEBYpgB4wi4USGMNPYBKQKcxYDiDMVTKSXD22azC6LEfQ/9bOn/kx8zAj4ikpvZA1HHgmuEnaCjxw==
2gH/24Erod57km/1U+3Ti9Sp7uGaD6LXR6OLY3hHXsaV8KWw/w31AYSSxCRTSaSiRi4gw7WfpN5MUjNrUmUPZ9KSGn0mFhj4dGb/taW51H9eE+qDhc+nhOczDCArQXQ8rVdoqIMXoHOHvpr9f1M+Qbt8yczx0GKm/YWsLMU+oLSRLO+qgEWWd31uexAdcVfpg6+jzg==
VMiV+LlC7YC/+9OlWqfv/Tlchw5KU7TZxV9CqbkSyhxxSyQVnStODO0J/ulz/nsSJwL1i02URqdmjUUjOyhg5wn8acSQAqaXXviFjPiu8zsnc3BCIeQY6e+5HTOaOT4Xr6J1Ec0SJoxBWoKQAceASFQafytM1JCk4c3pbdw46OgDNd4nBzFmuDqTWgRAfrB8L8tJm3zJStlqTZl9H6IDSfw+58M8Ktm9CIY/Rbg1A+SKQ9OxVrfvdolCLaKawNm/HPLJ/ChipYZPxHzXTnE59CvucdN/3xflo4A=
/yQp56RaCCc7pDDw0GA1AdgtIfvaxIohOxikTx4jNiNDat/q3TkcrmkuJP+phKVxEQTNHZBqKbxpga6I20w9AZb/IFB/0tm7lvAyU64ksWp4PPk8iTq9JxjXPljm+GAqdq/Qs4UZGGR96bbIVTvU+A35WGSiqcWi8G10Unh9r6lZey/Wx6NOZBGnKby9p0/fb1rq8sbz9eN9r7absOWco/s=
jFOvG9AIEWcAf+Xc9F+07bWuA7/LpuLgmzrbi7KGoFYBxcz636ttKGns910sdmSIK900XsOpoU8taxRCJPbTh+oxX9saVloxfiLoJFwC35ldrcQDVhfqj527l5gPF2xME5WkAOUTqGRbo9AvL1o6UQfHrr0z+ElAaSTSOpUhTMB9avAIWeiv5thxZqtVCls85WVHlYuro8I=
P1A4sclF4YiPiH+bkACqvn11ehWZHWHPIWqi16PY8QVHV2IV3f2qHmtsizXUAEGhiE6kGzpYBeY7a9SEiLs0oMPKivijVLPOvzd648SQvJzSqsTLint/LXp0fx2MoA//Jlh/fcKMGN2HchJZDlpimZ3p65+1Xr0XrLRT0xNUp6M9/52esJp8B3dzHxtMU+qBrqPJ
pysbdtKBj2QsE2WGxnGp915oA203DWdpdGm2Jn8M/21o0K1KHM4wc1YIuT7Pi8C8lMtYiPcKfhAP5C+2K5fOOzhAkLTGqtDjpquD9c7U62UQEKMX0phLVa78BOWTkuaBsgoO8Qlpf3dZjgFP2NRH6w+kS4sJv+n2HCrg/+PTq0MwA8apuqPd
0su6kiz08sK6v1ivP+2RDPSWyoeL6vsDHdu41LRGx/c8SK3/bpHR8azkULTjqeY7d+1eJPqP4tgw4ghgz5dxRwzV8oVqESFhb347FRwiX19M9mGhyBoHmcgpO3hqH2ttJivXKgkeFT7qHGHj/G7x4Fi+nRqP2MQLPu2B6MuySQ8Pw6+5o9w=
yjnXHQNibTTcUw9hYA4ZhlxoA3w1G2NpdGm2Jn8M/21o0K1MHM4wc1YIuT7Pi8C8lMtYiPcKfhAP5C+2K5fOOzhAkLTGqtDjpquD9c7U62UQEKMX0phLVa78BOWTkuaBsgoO8Qlpf3dZjgFP2NRH6w+kS4sJv+n2HCrg/+PTq0MwA8apuqPd
2GkIL9PhW6Nlhi46jDx2KPSWzJGX9/sDHdu41LRGx/c8SKv/bpHR8azkULTjqeY7d+1eJPqP4tgw4ghgz5dxRwzV8oVqESFhb347FRwiX19M9mGhyBoHmcgpO3hqH2ttJivXKgkeFT7qHGHj/G7x4Fi+nRqP2MQLPu2B6MuySQ8Pw6+5o9w=
UbN5wEyu1V0LgksOuaJFtfSWzYeF8vsDHdu41LRGx/c8SKj/bpHR8azkULTjqeY7d+1eJPqP4tgw4ghgz5dxRwzV8oVqESFhb347FRwiX19M9mGhyBoHmcgpO3hqH2ttJivXKgkeFT7qHGHj/G7x4Fi+nRqP2MQLPu2B6MuySQ8Pw6+5o9w=
E5ypjSMRnY7JqJ7fBaWluRYDqJuixQ1blL0nXyVlLhDqC/cPa14fRxZIgquahix27tmuFhdMV/2QcOU7A88og56owa5nSyiMjKsQWA+KxkBHxDdGA9emq4CgWITeqsjTbks7ZaaUw5UIMOtHahizheacHNV7Uk4RyqrGARFpZwcRLvnfcJQv2xdEg9txP1Em1Ar4j8sTQ9OIY46ZoqPF
AlVTIyLX2wUeFdVW2lRZ2SnEcpbFB2Cr2aCs6YFilXPYqMZJztuFtEszcSBnNQWqV4iqaL6b25EFfWSzltuJd58efQ2Cja8PQhqa9bZ+uBCkLr/9dVH0F04b6ouVp4dsN3tMaPup1FQ93+ggE38Am1f22rWvux4pq3TJxOG4Qk4tzexkFdYA3AGlbyIQLTafrSY7WM2Zd4GTp6PG
APpqUNIsXT9sU3ez3OtmPCnEcpbFB2Cr2aCs6YFilXPYqMZJztuFtEszcSBnNQWqV4iqaL6b25EFfWSzltuJd58efQ2Cja8PQhqa9bZ+uBCkLr/9dVH0F04b6ouVp4dsN3tMaPup1FQ93+ggE38Am1f22rWvux4pq3TJxOG4Qk4tzexkFdYA3AGoaiITKDaYryY6WM2Zd4GTtq7F
BGQctLt594UA1lFoMQd71zOQLk4wZWgb8X0KNAlZ0pmQKGQIODKN4F4g0l7Hs1mg39ixf1iZRIaawoFzag9zaWoQauiHCk4w/ySfFlsXXpvogECU1qrAw3ZrU1VeVJvFoNBTN+KYOzWePPQFIxJ24eLK3hEZaW8XCc7Rr0hU94t/5Htr+LnZ1WlqV10TUjvjYEOWibuuzg==
