WIZ8xYAbIQPZ5lrrgrH6MFaqxbT+5oRj+Ze6stFbIx+00f6rovxyydR8wawLwEpgtNTZuznl5D1mfN0xZ9qzhaw/vjT6n4KIcFLokE8n0TdMhdKVagEBMS8Om6Wc0r/vDKYBscgK50kImVsI6q/Lneb79zoJDjXuKuzBU3wekVCYbn0FisiiX35aYhhIAul/T5OPuafI
z1AMlrn6c5lkSzEpJt8eEc1T7/sBH7NKCn8zW3ks4YK3FVT1XC6kQPvlVDb6tqFHPRM0atQuk8+6ib8zqs7aue7aSIwsWh9RjZWka2YP6oeNw7ew/88sBEMtROhViyjsy1twh18C+pnX/87VA+BJSHlc8hJl+QyILdIQ4Ol/Km5OjcYEJlKY9DVdJ/27o6fO
ceMGe9OryxZgEGD+NUmItQDMGXeWwH8TBFOMeIzDnxdsI8KUk56zNBLNAwJ4s7RFzIHizMC6NOlIF9Vd/fOJNFPVpZBW3RHhRPLExBMpJAIHDyPj9T8kvgyyMwuShY/HErIaXea2mBi0Bv9V5dlU3x4z6qPFbyfkp9MMQOuh9Jxtd2iIQ7cgk0femh0/M77h+1zJ7LFw4sa9ZaxMBd4gFFED6opG4RaQvg548F0R10nDn6fq
9onLe1Jwf7PR8z0iRPbxZBElJB5eNMTxqeYDIph6EXyxMSboY53VAP6vmLD3YoH7ruA6c/ZUGeqQjKFcgSpF50CntvgeKEgqXn8oEw1pQKSF+b6oDYs8eKWJAESquf3iqN38ssAtx6mxq5e2TxOWpCm3IZxlV+haB+w2EsngjaClXz47yLWkp9c=
JStoWLs87nl4sU3Y9mHGswUUHjo8Ds1vGtw9SLOjqpBTKXg9VSMrE5xyPVxd+eJYB+xIgGJXfACzKu3bgug+Y9IMZaosVEXMBaIph+xvcgg6EFQqQkcM48mh7MTpcTo46VOAONnRJFSusdHCxJW4AiTVWykt0/MGi9t6hAW/JYxBjxSau7RSgk1oYUAJF3pL7I24p8s=
j7qooqJNfWvhJvombikb0AUUHjo8Ds1vGtw9SLOjqpBTOHAzUywqQZxyPVxd+eJYB+1IgGJXfACzKu3bgug+Y9IMZaosVEXMBaIph+xvcgg6EFQqQkcM48mh7MTpcTo46VOAONnRJFSusdHCxJW4AiTVWykt0/MGi9t6hAW/JYxBjxSau7RSgk1oYUAJF3pL7I24p8s=
/gGdfSEpfa6hjcMqBa+6ZpaNYA5p1FndVdiVkUE2zXvWEs8hQWwiOgB2iZ+6RL/uf++FghYgabTd9frReDpxfFHxhmjDVjQAnu84MFci4ftOIFrzVpQ56vBMQdwhamXnYOfWeP7oaCp+v8iTbSlgpKW5HijtS1x4hUmgxMp5HeLInVwyYG2nqVFrNzbv03akSffBHMUXyFrnrFaSaSCtoIWf3ruo9YSn9w==
PLHswVpjWiBy8jVzBSQZ9Nio4uyDTuufWLTSbjQYApSX6eSw/w31AYSSxCRTSaSiQS8gw7WfpN5MUjNrUmUPZ9KSGn0mFhj4dGb/taW51H9eE+qDhc+nhOczDCArQXQ8rVdoqIMXoHOHvpr9f1M+Qbt8yczx0GKm/YWsLMU+oLSRI+qqhkGWcH5ueBAdcVfpg7+nyg==
+/1FwK7wPq+N0VHNSg0TeycvI/V0FH0iOF+5Xw0pBz3pj0QQS1E35oieKhEomuH8IVF2qLNwxADuz8hwJ4IRe96AirMGtCnq4KyRnHGK9WfQB2Y4zghYKk5f+NPdydAkNVlOaD2rTHiVafCEGtmNYjg9LHKQTdepoUtH9h9zBiTZV5HcFTfYWvfMBlK5QD0gNf9ue5iVtKfH
yGg79xXyzMYmpJVWJiLsmwu5z6Ti7ocw45WkosIcPzy03P7ExJIb091r2KQ09mcH/JiL6WCB8SFsFPAEY9mGi7c9vjT6n4KIcFLokE8n0TdMhdKVagEBMS8Om6Wc0r/vDKYBscgK50kImVsI6q/Lneb79zoJDjXuKuzBU3wekVCYbn0FisiiX35aYhhIAul/T5OPuafI
ixVqoT8Srqz1E2WOa3F/8TBPwX8l2d99kd/s8Mzr8TRFJbKxQMpZPPlhHsiLYswA5t/wkM+ySTtmUGITnsShamgcCfzZWg2niHdOGDYYUCpGTwDz9bmI5M2J5gilG8T4HRloJPIJNSJgDcSSqF3fqalbf5Z3Q97kYQf5fI3HUNp/fJ6yERBFYO0PRlvghbynzw==
2dhzlB0V5qQ5NJQF52tGWSJ6APihBX8KLH8pfQjH9Fk0SgT8YxHEunA2INuFh8SGfIrzs+I9b/9iCprllo54oMS+P22V4bRnbgvqm7XXx9zX68z4mxkUpB3P6DAzj8ArN2ZaJU8LXlmLZMnUwcgC/s1dbPR1ZsAsIbtqMjbZ9ijOtrjILSk38bOnp9I=
JucEcHLhxRQbG3XZ6Rkzu5COo90TUNKuOFBkf38D9xLgDHpDUhIkcTub77WJHdahRMJFHIUp2jgv+EGAakdU4It6tRt6WGYDevztKqTkrWxd0pFHND8KKNIAXCpKV+TDsfE0BFEBYpgB4wi4USGMNPYBKQKcxYDiDMVTKSXD22azC6LEfQ/9bOn/nBozBDoilZjZAFHHgmuEnbCnww==
DmpiyOZm7VlZ8nOaHPaZVtSp7uGaD6LXR6OLY3hHXsaV8KWw/w31AYSSxCRTSaSiRi4gw7WfpN5MUjNrUmUPZ9KSGn0mFhj4dGb/taW51H9eE+qDhc+nhOczDCArQXQ8rVdoqIMXoHOHvpr9f1M+Qbt8yczx0GKm/YWsLMU+oLSRI+qqhkGWcH5ueBAdcVfpg7+nyg==
5SYWaVNy0JZKTVDVyXs+nzlchw5KU7TZxV9CqbkSyhxxSyQVnStODO0J/ulz/nsSJwL1i02URqdmjUUjOyhg5wn8acSQAqaXXviFjPiu8zsnc3BCIeQY6e+5HTOaOT4Xr6J1Ec0SJoxBWoKQAceASFQafytM1JCk4c3pbdw46OgDNd4nBzFmuDqTWgRAfrB8L8tJm3zJStlqTZl9H6IDSfw+58M8Ktm9CIY/Rbg1A+SKQ9OxVrfvdolCLaKawNm/HPLJ/ChipYlKxHrTTnY69CjucdN/3xf1p4Q=
zZ2WT1oqVCbqeFemOI/OwdgtIfvaxIohOxikTx4jNiNDat/q3TkcrmkuJP+phKVxEQTNHZBqKbxpga6I20w9AZb/IFB/0tm7lvAyU64ksWp4PPk8iTq9JxjXPljm+GAqdq/Qs4UZGGR96bbIVTvU+A35WGSiqcWi8G10Unh9r6lZey/Wx6NOZBGnKby9p0Dab1zu8sHw9eB9r7absOWMp/8=
0S8YHBnLBCfJQsNSClHwMLWuA7/LpuLgmzrbi7KGoFYBxcz636ttKGns910sdmSIK900XsOpoU8taxRCJPbTh+oxX9saVloxfiLoJFwC35ldrcQDVhfqj527l5gPF2xME5WkAOUTqGRbo9AvL1o6UQfHrr0z+ElAaSTSOpUhTMB9avAIWeeq5t51ZqxWClg85WVHlYu7p8Y=
wQTwvCV05t+ip5sz7Kwt/n11ehWZHWHPIWqi16PY8QVHV2IV3f2qHmtsizXUAEGhiE6kGzpYBeY7a9SEiLs0oMPKivijVLPOvzd648SQvJzSqsTLint/LXp0fx2MoA//Jlh/fcKMGN2HchJZDlpimZ3p65+1Xr0XrLRT0xNUp6My+p2YtJp7BHdwHxtMU+qBvqfN
OVK1u4oqTQjBOTCF6tj2FF5oA203DWdpdGm2Jn8M/21o0K1KHM4wc1YIuT7Pi8C8lMtYiPcKfhAP5C+2K5fOOzhAkLTGqtDjpquD9c7U62UQEKMX0phLVa78BOWTkuaBsgoO8Qlpf3dZjgFP2NRH6w+kS4sGuunwGCrn/OPQq0MwA8apqqfZ
Qj0nTEmx+NG2rl9cYkiIcPSWyoeL6vsDHdu41LRGx/c8SK3/bpHR8azkULTjqeY7d+1eJPqP4tgw4ghgz5dxRwzV8oVqESFhb347FRwiX19M9mGhyBoHmcgpO3hqH2ttJivXKgkeFT7qHGHj/G7x4Fi+nRWK2MIPPuqC6MiySQ8Pw6+pp9g=
ltegjFmYF2IztD78iFfGiFxoA3w1G2NpdGm2Jn8M/21o0K1MHM4wc1YIuT7Pi8C8lMtYiPcKfhAP5C+2K5fOOzhAkLTGqtDjpquD9c7U62UQEKMX0phLVa78BOWTkuaBsgoO8Qlpf3dZjgFP2NRH6w+kS4sGuunwGCrn/OPQq0MwA8apqqfZ
xLb3ZtdSOYJxdnOUSK8ILfSWzJGX9/sDHdu41LRGx/c8SKv/bpHR8azkULTjqeY7d+1eJPqP4tgw4ghgz5dxRwzV8oVqESFhb347FRwiX19M9mGhyBoHmcgpO3hqH2ttJivXKgkeFT7qHGHj/G7x4Fi+nRWK2MIPPuqC6MiySQ8Pw6+pp9g=
5r2BhXqfyKg9MvX/bvvqzvSWzYeF8vsDHdu41LRGx/c8SKj/bpHR8azkULTjqeY7d+1eJPqP4tgw4ghgz5dxRwzV8oVqESFhb347FRwiX19M9mGhyBoHmcgpO3hqH2ttJivXKgkeFT7qHGHj/G7x4Fi+nRWK2MIPPuqC6MiySQ8Pw6+pp9g=
6wMeFB1DhAQsdVOs+XOkqhYDqJuixQ1blL0nXyVlLhDqC/cPa14fRxZIgquahix27tmuFhdMV/2QcOU7A88og56owa5nSyiMjKsQWA+KxkBHxDdGA9emq4CgWITeqsjTbks7ZaaUw5UIMOtHahizheacHNV7Uk4RyqrGARFpZwcRLvnfcJQv2xdEg9t+OlEg0Ar/jMsQQ9OIY46ZsqfB
O0PG4XtFMdpLuRYhPT7szSnEcpbFB2Cr2aCs6YFilXPYqMZJztuFtEszcSBnNQWqV4iqaL6b25EFfWSzltuJd58efQ2Cja8PQhqa9bZ+uBCkLr/9dVH0F04b6ouVp4dsN3tMaPup1FQ93+ggE38Am1f22rWvux4pq3TJxOG4Qk4tzexkFdYA3AGlaiIWKTaYriY4WM2Zd4GTt6fC
